#
# A fatal error has been detected by the Java Runtime Environment:
#
#  EXCEPTION_ILLEGAL_INSTRUCTION (0xc000001d) at pc=0x000007fee97a5c01, pid=3784, tid=6364
#
# JRE version: Java(TM) SE Runtime Environment (8.0_77-b03) (build 1.8.0_77-b03)
# Java VM: Java HotSpot(TM) 64-Bit Server VM (25.77-b03 mixed mode windows-amd64 compressed oops)
# Problematic frame:
# C  [msvcr120.dll+0x95c01]
#
# Failed to write core dump. Minidumps are not enabled by default on client versions of Windows
#
# If you would like to submit a bug report, please visit:
#   http://bugreport.java.com/bugreport/crash.jsp
# The crash happened outside the Java Virtual Machine in native code.
# See problematic frame for where to report the bug.
#

---------------  T H R E A D  ---------------

Current thread (0x0000000007c24800):  JavaThread "QuantumRenderer-0" daemon [_thread_in_native, id=6364, stack(0x00000000082b0000,0x00000000083b0000)]

siginfo: ExceptionCode=0xc000001d

Registers:
RAX=0x3fa0000000000000, RBX=0x0000000000000004, RCX=0x3fa0e05e721abad0, RDX=0x7ff0000000000000
RSP=0x00000000083ab800, RBP=0x00000000083ac030, RSI=0x00000000083ac030, RDI=0x0000000000000004
R8 =0x8000000000000000, R9 =0x000000000714d1f0, R10=0x000000000000000c, R11=0x0000000000000006
R12=0x000000000714d1f0, R13=0x000000000714d050, R14=0x00000000ec219bfc, R15=0x0000000000000004
RIP=0x000007fee97a5c01, EFLAGS=0x0000000000010202

Top of Stack: (sp=0x00000000083ab800)
0x00000000083ab800:   00000000083abb01 0000000000080230
0x00000000083ab810:   0000000000080230 0000000009bedb50
0x00000000083ab820:   0000000000087e00 0000000000000010
0x00000000083ab830:   0000000009bcdad0 0000000000080158
0x00000000083ab840:   0000000077487288 0000000000084550
0x00000000083ab850:   0000000000000060 00000000020b0000
0x00000000083ab860:   0000000000000001 0000000009b30000
0x00000000083ab870:   00000000083abb01 0000000000080230
0x00000000083ab880:   3fc73d280bfc767b 0000000000000000
0x00000000083ab890:   bee05c8a4573aff8 0000000000000000
0x00000000083ab8a0:   000000000015ba90 0000000000080230
0x00000000083ab8b0:   000000080000013a 000000000000001d
0x00000000083ab8c0:   000000000714c3f0 0000000007143318
0x00000000083ab8d0:   3fa0e05e721abad0 3fa0e05e721abad0
0x00000000083ab8e0:   3fc73d280bfc767b 0000000009c275c0
0x00000000083ab8f0:   0000000000000000 0000000000000046 

Instructions: (pc=0x000007fee97a5c01)
0x000007fee97a5be1:   0f 10 d0 f2 0f 10 44 24 10 f2 0f 10 4c 24 20 44
0x000007fee97a5bf1:   8b 0d 15 26 02 00 e8 34 c7 00 00 e9 72 f8 ff ff
0x000007fee97a5c01:   c5 fb 11 44 24 10 c5 fb 11 4c 24 20 48 8b 54 24
0x000007fee97a5c11:   10 4c 8b 44 24 20 4c 8b 15 4a 26 02 00 4d 23 d0 


Register to memory mapping:

RAX=0x3fa0000000000000 is an unknown value
RBX=0x0000000000000004 is an unknown value
RCX=0x3fa0e05e721abad0 is an unknown value
RDX=0x7ff0000000000000 is an unknown value
RSP=0x00000000083ab800 is pointing into the stack for thread: 0x0000000007c24800
RBP=0x00000000083ac030 is pointing into the stack for thread: 0x0000000007c24800
RSI=0x00000000083ac030 is pointing into the stack for thread: 0x0000000007c24800
RDI=0x0000000000000004 is an unknown value
R8 =0x8000000000000000 is an unknown value
R9 =0x000000000714d1f0 is an unknown value
R10=0x000000000000000c is an unknown value
R11=0x0000000000000006 is an unknown value
R12=0x000000000714d1f0 is an unknown value
R13=0x000000000714d050 is an unknown value
R14=0x00000000ec219bfc is an unknown value
R15=0x0000000000000004 is an unknown value


Stack: [0x00000000082b0000,0x00000000083b0000],  sp=0x00000000083ab800,  free space=1006k
Native frames: (J=compiled Java code, j=interpreted, Vv=VM code, C=native code)
C  [msvcr120.dll+0x95c01]
C  [prism_common.dll+0x3318]
C  [prism_common.dll+0x1abc]
C  [prism_common.dll+0x1128]
C  [prism_common.dll+0x8b7e]
C  [prism_common.dll+0x669e]
C  [prism_common.dll+0x49af]
C  [prism_common.dll+0x4649]
C  0x000000000f025854

Java frames: (J=compiled Java code, j=interpreted, Vv=VM code)
j  com.sun.prism.impl.shape.NativePiscesRasterizer.produceStrokeAlphas([F[BIFIIF[FFDDDDDD[I[B)V+0
j  com.sun.prism.impl.shape.NativePiscesRasterizer.getMaskData(Lcom/sun/javafx/geom/Shape;Lcom/sun/prism/BasicStroke;Lcom/sun/javafx/geom/RectBounds;Lcom/sun/javafx/geom/transform/BaseTransform;ZZ)Lcom/sun/prism/impl/shape/MaskData;+487
j  com.sun.prism.impl.shape.ShapeUtil.rasterizeShape(Lcom/sun/javafx/geom/Shape;Lcom/sun/prism/BasicStroke;Lcom/sun/javafx/geom/RectBounds;Lcom/sun/javafx/geom/transform/BaseTransform;ZZ)Lcom/sun/prism/impl/shape/MaskData;+11
j  com.sun.prism.impl.ps.BaseShaderGraphics.renderShape(Lcom/sun/javafx/geom/Shape;Lcom/sun/prism/BasicStroke;FFFF)V+40
j  com.sun.prism.impl.BaseGraphics.draw(Lcom/sun/javafx/geom/Shape;)V+136
j  com.sun.javafx.sg.prism.NGRegion.renderBorderRectangle(Lcom/sun/prism/Graphics;)V+1320
j  com.sun.javafx.sg.prism.NGRegion.renderAsRectangle(Lcom/sun/prism/Graphics;)V+27
j  com.sun.javafx.sg.prism.NGRegion.renderContent(Lcom/sun/prism/Graphics;)V+106
J 2177 C1 com.sun.javafx.sg.prism.NGNode.doRender(Lcom/sun/prism/Graphics;)V (473 bytes) @ 0x000000000f6d4be4 [0x000000000f6d2da0+0x1e44]
j  com.sun.javafx.sg.prism.NGNode.render(Lcom/sun/prism/Graphics;)V+34
j  com.sun.javafx.sg.prism.NGGroup.renderContent(Lcom/sun/prism/Graphics;)V+160
j  com.sun.javafx.sg.prism.NGRegion.renderContent(Lcom/sun/prism/Graphics;)V+111
J 2177 C1 com.sun.javafx.sg.prism.NGNode.doRender(Lcom/sun/prism/Graphics;)V (473 bytes) @ 0x000000000f6d4be4 [0x000000000f6d2da0+0x1e44]
j  com.sun.javafx.sg.prism.NGNode.render(Lcom/sun/prism/Graphics;)V+34
j  com.sun.javafx.sg.prism.NGGroup.renderContent(Lcom/sun/prism/Graphics;)V+160
j  com.sun.javafx.sg.prism.NGRegion.renderContent(Lcom/sun/prism/Graphics;)V+111
J 2177 C1 com.sun.javafx.sg.prism.NGNode.doRender(Lcom/sun/prism/Graphics;)V (473 bytes) @ 0x000000000f6d4be4 [0x000000000f6d2da0+0x1e44]
j  com.sun.javafx.sg.prism.NGNode.render(Lcom/sun/prism/Graphics;)V+34
j  com.sun.javafx.sg.prism.NGGroup.renderContent(Lcom/sun/prism/Graphics;)V+160
j  com.sun.javafx.sg.prism.NGRegion.renderContent(Lcom/sun/prism/Graphics;)V+111
j  com.sun.javafx.sg.prism.NGNode.renderForClip(Lcom/sun/prism/Graphics;)V+17
j  com.sun.javafx.sg.prism.NGNode.renderRectClip(Lcom/sun/prism/Graphics;Lcom/sun/javafx/sg/prism/NGRectangle;)V+106
j  com.sun.javafx.sg.prism.NGNode.renderClip(Lcom/sun/prism/Graphics;)V+83
j  com.sun.javafx.sg.prism.CacheFilter.impl_renderNodeToCache(Lcom/sun/scenario/effect/ImageData;Lcom/sun/javafx/geom/Rectangle;Lcom/sun/javafx/geom/transform/BaseTransform;Lcom/sun/javafx/geom/Rectangle;)V+150
j  com.sun.javafx.sg.prism.CacheFilter.render(Lcom/sun/prism/Graphics;)V+344
j  com.sun.javafx.sg.prism.NGNode.renderCached(Lcom/sun/prism/Graphics;)V+31
J 2177 C1 com.sun.javafx.sg.prism.NGNode.doRender(Lcom/sun/prism/Graphics;)V (473 bytes) @ 0x000000000f6d4634 [0x000000000f6d2da0+0x1894]
j  com.sun.javafx.sg.prism.NGNode.render(Lcom/sun/prism/Graphics;)V+34
j  com.sun.javafx.sg.prism.NGGroup.renderContent(Lcom/sun/prism/Graphics;)V+160
j  com.sun.javafx.sg.prism.NGRegion.renderContent(Lcom/sun/prism/Graphics;)V+111
J 2177 C1 com.sun.javafx.sg.prism.NGNode.doRender(Lcom/sun/prism/Graphics;)V (473 bytes) @ 0x000000000f6d4be4 [0x000000000f6d2da0+0x1e44]
j  com.sun.javafx.sg.prism.NGNode.render(Lcom/sun/prism/Graphics;)V+34
j  com.sun.javafx.sg.prism.NGGroup.renderContent(Lcom/sun/prism/Graphics;)V+160
j  com.sun.javafx.sg.prism.NGRegion.renderContent(Lcom/sun/prism/Graphics;)V+111
j  com.sun.javafx.sg.prism.NGNode.renderForClip(Lcom/sun/prism/Graphics;)V+17
j  com.sun.javafx.sg.prism.NGNode.renderRectClip(Lcom/sun/prism/Graphics;Lcom/sun/javafx/sg/prism/NGRectangle;)V+106
j  com.sun.javafx.sg.prism.NGNode.renderClip(Lcom/sun/prism/Graphics;)V+83
J 2177 C1 com.sun.javafx.sg.prism.NGNode.doRender(Lcom/sun/prism/Graphics;)V (473 bytes) @ 0x000000000f6d489c [0x000000000f6d2da0+0x1afc]
j  com.sun.javafx.sg.prism.NGNode.render(Lcom/sun/prism/Graphics;)V+34
j  com.sun.javafx.sg.prism.NGGroup.renderContent(Lcom/sun/prism/Graphics;)V+160
j  com.sun.javafx.sg.prism.NGRegion.renderContent(Lcom/sun/prism/Graphics;)V+111
j  com.sun.javafx.sg.prism.NGNode.renderForClip(Lcom/sun/prism/Graphics;)V+17
j  com.sun.javafx.sg.prism.NGNode.renderRectClip(Lcom/sun/prism/Graphics;Lcom/sun/javafx/sg/prism/NGRectangle;)V+106
j  com.sun.javafx.sg.prism.NGNode.renderClip(Lcom/sun/prism/Graphics;)V+83
J 2177 C1 com.sun.javafx.sg.prism.NGNode.doRender(Lcom/sun/prism/Graphics;)V (473 bytes) @ 0x000000000f6d489c [0x000000000f6d2da0+0x1afc]
j  com.sun.javafx.sg.prism.NGNode.render(Lcom/sun/prism/Graphics;)V+34
j  com.sun.javafx.sg.prism.NGGroup.renderContent(Lcom/sun/prism/Graphics;)V+160
j  com.sun.javafx.sg.prism.NGRegion.renderContent(Lcom/sun/prism/Graphics;)V+111
J 2177 C1 com.sun.javafx.sg.prism.NGNode.doRender(Lcom/sun/prism/Graphics;)V (473 bytes) @ 0x000000000f6d4be4 [0x000000000f6d2da0+0x1e44]
j  com.sun.javafx.sg.prism.NGNode.render(Lcom/sun/prism/Graphics;)V+34
j  com.sun.javafx.tk.quantum.ViewPainter.doPaint(Lcom/sun/prism/Graphics;Lcom/sun/javafx/sg/prism/NodePath;)V+201
j  com.sun.javafx.tk.quantum.ViewPainter.paintImpl(Lcom/sun/prism/Graphics;)V+953
j  com.sun.javafx.tk.quantum.PresentingPainter.run()V+326
j  java.util.concurrent.Executors$RunnableAdapter.call()Ljava/lang/Object;+4
j  java.util.concurrent.FutureTask.runAndReset()Z+47
j  com.sun.javafx.tk.RenderJob.run()V+1
j  java.util.concurrent.ThreadPoolExecutor.runWorker(Ljava/util/concurrent/ThreadPoolExecutor$Worker;)V+95
j  java.util.concurrent.ThreadPoolExecutor$Worker.run()V+5
j  com.sun.javafx.tk.quantum.QuantumRenderer$PipelineRunnable.run()V+8
j  java.lang.Thread.run()V+11
v  ~StubRoutines::call_stub

---------------  P R O C E S S  ---------------

Java Threads: ( => current thread )
  0x000000005e8ed000 JavaThread "Prism Font Disposer" daemon [_thread_blocked, id=5796, stack(0x000000000e950000,0x000000000ea50000)]
  0x0000000007ce2000 JavaThread "JavaFX-Launcher" [_thread_blocked, id=6532, stack(0x000000000ab40000,0x000000000ac40000)]
  0x0000000009f64000 JavaThread "Thread-2" daemon [_thread_in_native, id=2536, stack(0x000000000a800000,0x000000000a900000)]
  0x0000000007caa800 JavaThread "JavaFX Application Thread" [_thread_in_native, id=1216, stack(0x0000000008420000,0x0000000008520000)]
  0x0000000007ca5000 JavaThread "Thread-1" daemon [_thread_blocked, id=6460, stack(0x0000000008770000,0x0000000008870000)]
=>0x0000000007c24800 JavaThread "QuantumRenderer-0" daemon [_thread_in_native, id=6364, stack(0x00000000082b0000,0x00000000083b0000)]
  0x0000000007968000 JavaThread "Service Thread" daemon [_thread_blocked, id=2448, stack(0x0000000007430000,0x0000000007530000)]
  0x00000000078f3000 JavaThread "C1 CompilerThread2" daemon [_thread_blocked, id=6852, stack(0x0000000007ed0000,0x0000000007fd0000)]
  0x00000000078f2000 JavaThread "C2 CompilerThread1" daemon [_thread_blocked, id=3064, stack(0x0000000007d50000,0x0000000007e50000)]
  0x0000000005dcf800 JavaThread "C2 CompilerThread0" daemon [_thread_blocked, id=1040, stack(0x00000000077f0000,0x00000000078f0000)]
  0x0000000005ddd800 JavaThread "Attach Listener" daemon [_thread_blocked, id=4396, stack(0x00000000075d0000,0x00000000076d0000)]
  0x0000000005ddc000 JavaThread "Signal Dispatcher" daemon [_thread_blocked, id=2368, stack(0x0000000007310000,0x0000000007410000)]
  0x0000000005db8800 JavaThread "Finalizer" daemon [_thread_blocked, id=6696, stack(0x0000000007170000,0x0000000007270000)]
  0x0000000005d71800 JavaThread "Reference Handler" daemon [_thread_blocked, id=6880, stack(0x0000000006fc0000,0x00000000070c0000)]
  0x00000000020bd800 JavaThread "main" [_thread_blocked, id=980, stack(0x00000000023d0000,0x00000000024d0000)]

Other Threads:
  0x0000000005d6a000 VMThread [stack: 0x0000000006ec0000,0x0000000006fc0000] [id=1972]
  0x0000000007979000 WatcherThread [stack: 0x00000000080a0000,0x00000000081a0000] [id=4988]

VM state:not at safepoint (normal execution)

VM Mutex/Monitor currently owned by a thread: None

Heap:
 PSYoungGen      total 18944K, used 18233K [0x00000000eb380000, 0x00000000ed880000, 0x0000000100000000)
  eden space 16384K, 95% used [0x00000000eb380000,0x00000000ec2d0140,0x00000000ec380000)
  from space 2560K, 99% used [0x00000000ec380000,0x00000000ec5fe2f0,0x00000000ec600000)
  to   space 2560K, 0% used [0x00000000ed600000,0x00000000ed600000,0x00000000ed880000)
 ParOldGen       total 44032K, used 8215K [0x00000000c1a00000, 0x00000000c4500000, 0x00000000eb380000)
  object space 44032K, 18% used [0x00000000c1a00000,0x00000000c2205fd8,0x00000000c4500000)
 Metaspace       used 17682K, capacity 18838K, committed 19072K, reserved 1064960K
  class space    used 2660K, capacity 2891K, committed 2944K, reserved 1048576K

Card table byte_map: [0x0000000002b60000,0x0000000002d60000] byte_map_base: 0x0000000002553000

Marking Bits: (ParMarkBitMap*) 0x0000000063cd0600
 Begin Bits: [0x00000000032b0000, 0x0000000004248000)
 End Bits:   [0x0000000004248000, 0x00000000051e0000)

Polling page: 0x0000000001e50000

CodeCache: size=245760Kb used=6981Kb max_used=6981Kb free=238778Kb
 bounds [0x000000000f010000, 0x000000000f6f0000, 0x000000001e010000]
 total_blobs=2857 nmethods=2197 adapters=573
 compilation: enabled

Compilation events (10 events):
Event: 4.026 Thread 0x00000000078f3000 nmethod 2199 0x000000000f6dcc90 code [0x000000000f6dce00, 0x000000000f6dd170]
Event: 4.026 Thread 0x00000000078f3000 2200       3       javafx.scene.Node::getTransformedBounds (248 bytes)
Event: 4.028 Thread 0x00000000078f3000 nmethod 2200 0x000000000f6ddb50 code [0x000000000f6ddec0, 0x000000000f6dfd08]
Event: 4.028 Thread 0x00000000078f3000 2201       3       javafx.scene.Node::updateTxBounds (33 bytes)
Event: 4.029 Thread 0x00000000078f3000 nmethod 2201 0x000000000f6dc710 code [0x000000000f6dc880, 0x000000000f6dcbb8]
Event: 4.029 Thread 0x00000000078f3000 2197       3       java.lang.Enum::equals (11 bytes)
Event: 4.029 Thread 0x00000000078f3000 nmethod 2197 0x000000000f6dc390 code [0x000000000f6dc4e0, 0x000000000f6dc690]
Event: 4.029 Thread 0x00000000078f3000 2198       3       javafx.scene.CssStyleHelper::deriveFont (83 bytes)
Event: 4.030 Thread 0x00000000078f3000 nmethod 2198 0x000000000f6daad0 code [0x000000000f6dad20, 0x000000000f6dbc58]
Event: 4.030 Thread 0x00000000078f3000 2204       3       com.sun.javafx.geom.transform.Identity::transform (17 bytes)

GC Heap History (6 events):
Event: 1.133 GC heap before
{Heap before GC invocations=1 (full 0):
 PSYoungGen      total 18944K, used 16279K [0x00000000eb380000, 0x00000000ec880000, 0x0000000100000000)
  eden space 16384K, 99% used [0x00000000eb380000,0x00000000ec365fe0,0x00000000ec380000)
  from space 2560K, 0% used [0x00000000ec600000,0x00000000ec600000,0x00000000ec880000)
  to   space 2560K, 0% used [0x00000000ec380000,0x00000000ec380000,0x00000000ec600000)
 ParOldGen       total 44032K, used 0K [0x00000000c1a00000, 0x00000000c4500000, 0x00000000eb380000)
  object space 44032K, 0% used [0x00000000c1a00000,0x00000000c1a00000,0x00000000c4500000)
 Metaspace       used 9553K, capacity 10002K, committed 10240K, reserved 1058816K
  class space    used 1330K, capacity 1459K, committed 1536K, reserved 1048576K
Event: 1.142 GC heap after
Heap after GC invocations=1 (full 0):
 PSYoungGen      total 18944K, used 2546K [0x00000000eb380000, 0x00000000ec880000, 0x0000000100000000)
  eden space 16384K, 0% used [0x00000000eb380000,0x00000000eb380000,0x00000000ec380000)
  from space 2560K, 99% used [0x00000000ec380000,0x00000000ec5fc8d0,0x00000000ec600000)
  to   space 2560K, 0% used [0x00000000ec600000,0x00000000ec600000,0x00000000ec880000)
 ParOldGen       total 44032K, used 80K [0x00000000c1a00000, 0x00000000c4500000, 0x00000000eb380000)
  object space 44032K, 0% used [0x00000000c1a00000,0x00000000c1a14000,0x00000000c4500000)
 Metaspace       used 9553K, capacity 10002K, committed 10240K, reserved 1058816K
  class space    used 1330K, capacity 1459K, committed 1536K, reserved 1048576K
}
Event: 2.117 GC heap before
{Heap before GC invocations=2 (full 0):
 PSYoungGen      total 18944K, used 18930K [0x00000000eb380000, 0x00000000ec880000, 0x0000000100000000)
  eden space 16384K, 100% used [0x00000000eb380000,0x00000000ec380000,0x00000000ec380000)
  from space 2560K, 99% used [0x00000000ec380000,0x00000000ec5fc8d0,0x00000000ec600000)
  to   space 2560K, 0% used [0x00000000ec600000,0x00000000ec600000,0x00000000ec880000)
 ParOldGen       total 44032K, used 80K [0x00000000c1a00000, 0x00000000c4500000, 0x00000000eb380000)
  object space 44032K, 0% used [0x00000000c1a00000,0x00000000c1a14000,0x00000000c4500000)
 Metaspace       used 13797K, capacity 14546K, committed 14720K, reserved 1062912K
  class space    used 1995K, capacity 2173K, committed 2176K, reserved 1048576K
Event: 2.131 GC heap after
Heap after GC invocations=2 (full 0):
 PSYoungGen      total 18944K, used 2538K [0x00000000eb380000, 0x00000000ed880000, 0x0000000100000000)
  eden space 16384K, 0% used [0x00000000eb380000,0x00000000eb380000,0x00000000ec380000)
  from space 2560K, 99% used [0x00000000ec600000,0x00000000ec87abc0,0x00000000ec880000)
  to   space 2560K, 0% used [0x00000000ec380000,0x00000000ec380000,0x00000000ec600000)
 ParOldGen       total 44032K, used 2051K [0x00000000c1a00000, 0x00000000c4500000, 0x00000000eb380000)
  object space 44032K, 4% used [0x00000000c1a00000,0x00000000c1c00e90,0x00000000c4500000)
 Metaspace       used 13797K, capacity 14546K, committed 14720K, reserved 1062912K
  class space    used 1995K, capacity 2173K, committed 2176K, reserved 1048576K
}
Event: 2.802 GC heap before
{Heap before GC invocations=3 (full 0):
 PSYoungGen      total 18944K, used 18299K [0x00000000eb380000, 0x00000000ed880000, 0x0000000100000000)
  eden space 16384K, 96% used [0x00000000eb380000,0x00000000ec2e4130,0x00000000ec380000)
  from space 2560K, 99% used [0x00000000ec600000,0x00000000ec87abc0,0x00000000ec880000)
  to   space 2560K, 0% used [0x00000000ec380000,0x00000000ec380000,0x00000000ec600000)
 ParOldGen       total 44032K, used 2051K [0x00000000c1a00000, 0x00000000c4500000, 0x00000000eb380000)
  object space 44032K, 4% used [0x00000000c1a00000,0x00000000c1c00e90,0x00000000c4500000)
 Metaspace       used 16135K, capacity 17172K, committed 17280K, reserved 1064960K
  class space    used 2481K, capacity 2682K, committed 2688K, reserved 1048576K
Event: 2.815 GC heap after
Heap after GC invocations=3 (full 0):
 PSYoungGen      total 18944K, used 2552K [0x00000000eb380000, 0x00000000ed880000, 0x0000000100000000)
  eden space 16384K, 0% used [0x00000000eb380000,0x00000000eb380000,0x00000000ec380000)
  from space 2560K, 99% used [0x00000000ec380000,0x00000000ec5fe2f0,0x00000000ec600000)
  to   space 2560K, 0% used [0x00000000ed600000,0x00000000ed600000,0x00000000ed880000)
 ParOldGen       total 44032K, used 8215K [0x00000000c1a00000, 0x00000000c4500000, 0x00000000eb380000)
  object space 44032K, 18% used [0x00000000c1a00000,0x00000000c2205fd8,0x00000000c4500000)
 Metaspace       used 16135K, capacity 17172K, committed 17280K, reserved 1064960K
  class space    used 2481K, capacity 2682K, committed 2688K, reserved 1048576K
}

Deoptimization events (10 events):
Event: 2.380 Thread 0x0000000007caa800 Uncommon trap: reason=class_check action=maybe_recompile pc=0x000000000f3f9ec4 method=com.sun.javafx.css.parser.CSSLexer.readChar()I @ 4
Event: 2.518 Thread 0x0000000007caa800 Uncommon trap: reason=array_check action=maybe_recompile pc=0x000000000f516f2c method=com.sun.javafx.css.CompoundSelector.applies(Ljavafx/css/Styleable;[Ljava/util/Set;I)Z @ 128
Event: 2.518 Thread 0x0000000007caa800 Uncommon trap: reason=array_check action=maybe_recompile pc=0x000000000f516f2c method=com.sun.javafx.css.CompoundSelector.applies(Ljavafx/css/Styleable;[Ljava/util/Set;I)Z @ 128
Event: 2.518 Thread 0x0000000007caa800 Uncommon trap: reason=array_check action=maybe_recompile pc=0x000000000f516f2c method=com.sun.javafx.css.CompoundSelector.applies(Ljavafx/css/Styleable;[Ljava/util/Set;I)Z @ 128
Event: 2.518 Thread 0x0000000007caa800 Uncommon trap: reason=array_check action=maybe_recompile pc=0x000000000f516f2c method=com.sun.javafx.css.CompoundSelector.applies(Ljavafx/css/Styleable;[Ljava/util/Set;I)Z @ 128
Event: 2.551 Thread 0x0000000007caa800 Uncommon trap: reason=unstable_if action=reinterpret pc=0x000000000f44e3b8 method=com.sun.javafx.css.BitSet.add(Ljava/lang/Object;)Z @ 91
Event: 2.997 Thread 0x0000000007caa800 Uncommon trap: reason=unstable_if action=reinterpret pc=0x000000000f34570c method=sun.misc.URLClassPath$JarLoader.ensureOpen()V @ 4
Event: 3.195 Thread 0x0000000007caa800 Uncommon trap: reason=unstable_if action=reinterpret pc=0x000000000f56a6c0 method=javafx.scene.CssStyleHelper.canReuseStyleHelper(Ljavafx/scene/Node;Lcom/sun/javafx/css/StyleMap;)Z @ 178
Event: 3.823 Thread 0x0000000007caa800 Uncommon trap: reason=unstable_if action=reinterpret pc=0x000000000f627e9c method=com.sun.javafx.css.BitSet.retainAll(Ljava/util/Collection;)Z @ 89
Event: 3.824 Thread 0x0000000007caa800 Uncommon trap: reason=unstable_if action=reinterpret pc=0x000000000f63eb6c method=javafx.scene.Node.impl_isDirty(Lcom/sun/javafx/scene/DirtyBits;)Z @ 12

Internal exceptions (10 events):
Event: 1.540 Thread 0x0000000007caa800 Implicit null exception at 0x000000000f3141ab to 0x000000000f314519
Event: 1.704 Thread 0x0000000007caa800 Exception <a 'java/io/FileNotFoundException'> (0x00000000ebc6b1b8) thrown at [D:\re\workspace\8-2-build-windows-amd64-cygwin\jdk8u77\6540\hotspot\src\share\vm\prims\jni.cpp, line 709]
Event: 1.953 Thread 0x0000000007caa800 Exception <a 'java/io/FileNotFoundException'> (0x00000000ec02c558) thrown at [D:\re\workspace\8-2-build-windows-amd64-cygwin\jdk8u77\6540\hotspot\src\share\vm\prims\jni.cpp, line 709]
Event: 1.958 Thread 0x0000000007caa800 Implicit null exception at 0x000000000f383b41 to 0x000000000f384149
Event: 1.965 Thread 0x0000000007caa800 Exception <a 'java/io/FileNotFoundException'> (0x00000000ec059e88) thrown at [D:\re\workspace\8-2-build-windows-amd64-cygwin\jdk8u77\6540\hotspot\src\share\vm\prims\jni.cpp, line 709]
Event: 1.968 Thread 0x0000000007caa800 Implicit null exception at 0x000000000f380cba to 0x000000000f380f7d
Event: 1.970 Thread 0x0000000007caa800 Exception <a 'java/io/FileNotFoundException'> (0x00000000ec06dd98) thrown at [D:\re\workspace\8-2-build-windows-amd64-cygwin\jdk8u77\6540\hotspot\src\share\vm\prims\jni.cpp, line 709]
Event: 1.976 Thread 0x0000000007caa800 Implicit null exception at 0x000000000f387a85 to 0x000000000f387d25
Event: 2.159 Thread 0x0000000007caa800 Implicit null exception at 0x000000000f408216 to 0x000000000f4082a5
Event: 2.997 Thread 0x0000000007caa800 Implicit null exception at 0x000000000f34464a to 0x000000000f3456e5

Events (10 events):
Event: 4.016 loading class com/sun/scenario/animation/AnimationPulse$PulseData
Event: 4.016 loading class com/sun/scenario/animation/AnimationPulse$PulseData done
Event: 4.016 loading class com/sun/scenario/animation/AnimationPulse$PulseData$Accessor
Event: 4.016 loading class com/sun/scenario/animation/AnimationPulse$PulseData$Accessor done
Event: 4.016 loading class javafx/animation/Animation$1
Event: 4.016 loading class javafx/animation/Animation$1 done
Event: 4.025 loading class com/sun/javafx/geom/transform/TransformHelper
Event: 4.025 loading class com/sun/javafx/geom/transform/TransformHelper done
Event: 4.027 loading class com/sun/javafx/sg/prism/NGNode$RenderRootResult
Event: 4.027 loading class com/sun/javafx/sg/prism/NGNode$RenderRootResult done


Dynamic libraries:
0x000000013fd60000 - 0x000000013fd97000 	C:\Program Files\Java\jdk1.8.0_77\bin\java.exe
0x0000000077370000 - 0x000000007751b000 	C:\Windows\SYSTEM32\ntdll.dll
0x0000000077150000 - 0x000000007726f000 	C:\Windows\system32\kernel32.dll
0x000007fefd530000 - 0x000007fefd59b000 	C:\Windows\system32\KERNELBASE.dll
0x000007fefdca0000 - 0x000007fefdd7b000 	C:\Windows\system32\ADVAPI32.dll
0x000007fefd890000 - 0x000007fefd92f000 	C:\Windows\system32\msvcrt.dll
0x000007fefd740000 - 0x000007fefd75f000 	C:\Windows\SYSTEM32\sechost.dll
0x000007feff540000 - 0x000007feff66e000 	C:\Windows\system32\RPCRT4.dll
0x0000000077270000 - 0x000000007736a000 	C:\Windows\system32\USER32.dll
0x000007feff4d0000 - 0x000007feff537000 	C:\Windows\system32\GDI32.dll
0x000007feff670000 - 0x000007feff67e000 	C:\Windows\system32\LPK.dll
0x000007feff280000 - 0x000007feff34a000 	C:\Windows\system32\USP10.dll
0x000007fefba50000 - 0x000007fefbc44000 	C:\Windows\WinSxS\amd64_microsoft.windows.common-controls_6595b64144ccf1df_6.0.7600.16385_none_fa645303170382f6\COMCTL32.dll
0x000007fefd930000 - 0x000007fefd9a1000 	C:\Windows\system32\SHLWAPI.dll
0x000007feff250000 - 0x000007feff27e000 	C:\Windows\system32\IMM32.DLL
0x000007fefed80000 - 0x000007fefee89000 	C:\Windows\system32\MSCTF.dll
0x000007fefd290000 - 0x000007fefd2c1000 	C:\Windows\system32\nvinitx.dll
0x000000000f000000 - 0x000000000f006000 	C:\Program Files\NVIDIA Corporation\CoProcManager\_etoured.dll
0x000007fefaa70000 - 0x000007fefaacf000 	C:\Program Files\NVIDIA Corporation\CoProcManager\nvd3d9wrapx.dll
0x000007fefdac0000 - 0x000007fefdc97000 	C:\Windows\system32\SETUPAPI.dll
0x000007fefd660000 - 0x000007fefd696000 	C:\Windows\system32\CFGMGR32.dll
0x000007fefee90000 - 0x000007fefef67000 	C:\Windows\system32\OLEAUT32.dll
0x000007fefdd80000 - 0x000007fefdf81000 	C:\Windows\system32\ole32.dll
0x000007fefd5a0000 - 0x000007fefd5ba000 	C:\Windows\system32\DEVOBJ.dll
0x000007fefa900000 - 0x000007fefa946000 	C:\Program Files\NVIDIA Corporation\CoProcManager\nvdxgiwrapx.dll
0x00000000700c0000 - 0x0000000070192000 	C:\Program Files\Java\jdk1.8.0_77\jre\bin\msvcr100.dll
0x00000000634c0000 - 0x0000000063d50000 	C:\Program Files\Java\jdk1.8.0_77\jre\bin\server\jvm.dll
0x000007fef30c0000 - 0x000007fef30c9000 	C:\Windows\system32\WSOCK32.dll
0x000007fefdf90000 - 0x000007fefdfdd000 	C:\Windows\system32\WS2_32.dll
0x000007fefed70000 - 0x000007fefed78000 	C:\Windows\system32\NSI.dll
0x000007fefaae0000 - 0x000007fefab1b000 	C:\Windows\system32\WINMM.dll
0x000007fefc570000 - 0x000007fefc57c000 	C:\Windows\system32\VERSION.dll
0x0000000077530000 - 0x0000000077537000 	C:\Windows\system32\PSAPI.DLL
0x0000000070390000 - 0x000000007039f000 	C:\Program Files\Java\jdk1.8.0_77\jre\bin\verify.dll
0x0000000070360000 - 0x0000000070389000 	C:\Program Files\Java\jdk1.8.0_77\jre\bin\java.dll
0x0000000069010000 - 0x0000000069026000 	C:\Program Files\Java\jdk1.8.0_77\jre\bin\zip.dll
0x000007fefdfe0000 - 0x000007fefed66000 	C:\Windows\system32\SHELL32.dll
0x000007fefd2d0000 - 0x000007fefd2df000 	C:\Windows\system32\profapi.dll
0x000007fee9710000 - 0x000007fee97ff000 	C:\Program Files\Java\jdk1.8.0_77\jre\bin\msvcr120.dll
0x000007fee9180000 - 0x000007fee9226000 	C:\Program Files\Java\jdk1.8.0_77\jre\bin\msvcp120.dll
0x00000000718c0000 - 0x00000000718e3000 	C:\Program Files\Java\jdk1.8.0_77\jre\bin\prism_d3d.dll
0x000007fee7dc0000 - 0x000007fee7fbf000 	C:\Windows\system32\d3d9.dll
0x000007fefbd80000 - 0x000007fefbd87000 	C:\Windows\system32\d3d8thk.dll
0x000007fefb530000 - 0x000007fefb548000 	C:\Windows\system32\dwmapi.dll
0x000007fefb9a0000 - 0x000007fefb9f6000 	C:\Windows\system32\uxtheme.dll
0x000007fefa140000 - 0x000007fefa2ad000 	C:\Windows\system32\nvumdshimx.dll
0x000007fee5260000 - 0x000007fee6b41000 	C:\Windows\system32\igdumdim64.dll
0x000007fef7da0000 - 0x000007fef8200000 	C:\Windows\system32\igdusc64.dll
0x0000000071870000 - 0x00000000718b3000 	C:\Program Files\Java\jdk1.8.0_77\jre\bin\glass.dll
0x000007fefd6a0000 - 0x000007fefd738000 	C:\Windows\system32\COMDLG32.dll
0x000007fefd1c0000 - 0x000007fefd1cf000 	C:\Windows\system32\CRYPTBASE.dll
0x000007feef450000 - 0x000007feef461000 	C:\Program Files (x86)\MPC Cleaner\MpcSafeDll64.dll
0x0000000071900000 - 0x0000000071914000 	C:\Program Files\Java\jdk1.8.0_77\jre\bin\javafx_font.dll
0x000007fee8040000 - 0x000007fee81bb000 	C:\Windows\system32\dwrite.dll
0x000007fefd9d0000 - 0x000007fefda69000 	C:\Windows\system32\CLBCatQ.DLL
0x000007fefb3c0000 - 0x000007fefb4ea000 	C:\Windows\system32\WindowsCodecs.dll
0x000007fefd160000 - 0x000007fefd1b7000 	C:\Windows\system32\apphelp.dll
0x000007fef7d00000 - 0x000007fef7d40000 	C:\Program Files (x86)\Dropbox\Client\DropboxExt64.34.dll
0x0000000072f40000 - 0x0000000072ff6000 	C:\Program Files\AVAST Software\Avast\ashShA64.dll
0x000007fef79e0000 - 0x000007fef7cf6000 	C:\Windows\system32\msi.dll
0x000007fef79a0000 - 0x000007fef79d5000 	C:\Windows\system32\EhStorShell.dll
0x000007fefbd90000 - 0x000007fefbebc000 	C:\Windows\system32\PROPSYS.dll
0x000007fef7320000 - 0x000007fef7992000 	C:\PROGRA~1\MICROS~2\Office14\GROOVEEX.DLL
0x0000000072ea0000 - 0x0000000072f3d000 	C:\Windows\WinSxS\amd64_microsoft.vc90.crt_1fc8b3b9a1e18e3b_9.0.30729.4926_none_08e1a05ba83fe554\MSVCR90.dll
0x0000000072dc0000 - 0x0000000072e93000 	C:\Windows\WinSxS\amd64_microsoft.vc90.crt_1fc8b3b9a1e18e3b_9.0.30729.4926_none_08e1a05ba83fe554\MSVCP90.dll
0x0000000072d90000 - 0x0000000072dbf000 	C:\Windows\WinSxS\amd64_microsoft.vc90.atl_1fc8b3b9a1e18e3b_9.0.30729.4148_none_0a1d2fcba76b3f00\ATL90.DLL
0x000007fef6f10000 - 0x000007fef731f000 	C:\PROGRA~1\COMMON~1\MICROS~1\OFFICE14\Cultures\office.odf
0x000007fef66a0000 - 0x000007fef6f04000 	C:\PROGRA~1\MICROS~2\Office14\1033\GrooveIntlResource.dll
0x000007fefb260000 - 0x000007fefb269000 	C:\Program Files (x86)\Internet Download Manager\IDMShellExt64.dll
0x000007fef3290000 - 0x000007fef3310000 	C:\Windows\system32\ntshrui.dll
0x000007fefcee0000 - 0x000007fefcf03000 	C:\Windows\system32\srvcli.dll
0x000007fef3bf0000 - 0x000007fef3bff000 	C:\Windows\system32\cscapi.dll
0x000007fefb240000 - 0x000007fefb24b000 	C:\Windows\system32\slc.dll
0x000007fef4170000 - 0x000007fef419d000 	C:\Program Files\Common Files\Microsoft Shared\Ink\rtscom.dll
0x0000000007140000 - 0x0000000007151000 	C:\Program Files\Java\jdk1.8.0_77\jre\bin\prism_common.dll
0x000007feec460000 - 0x000007feec585000 	C:\Windows\system32\dbghelp.dll

VM Arguments:
jvm_args: -Dfile.encoding=UTF-8 
java_command: ProgramTiketing.MainTampilan
java_class_path (initial): C:\Users\U53R\Documents\NetBeansProjects\Projkt\build\classes
Launcher Type: SUN_STANDARD

Environment Variables:
PATH=C:\ProgramData\Oracle\Java\javapath;C:\Windows\system32;C:\Windows;C:\Windows\System32\Wbem;C:\Windows\System32\WindowsPowerShell\v1.0\;C:\Program Files (x86)\Java\jre7\bin
USERNAME=U53R
OS=Windows_NT
PROCESSOR_IDENTIFIER=Intel64 Family 6 Model 69 Stepping 1, GenuineIntel



---------------  S Y S T E M  ---------------

OS: Windows 7 , 64 bit Build 7600 (6.1.7600.16385)

CPU:total 4 (2 cores per cpu, 2 threads per core) family 6 model 69 stepping 1, cmov, cx8, fxsr, mmx, sse, sse2, sse3, ssse3, sse4.1, sse4.2, popcnt, aes, clmul, erms, lzcnt, ht, tsc, tscinvbit, bmi1, bmi2

Memory: 4k page, physical 4080780k(1200172k free), swap 8159664k(4569244k free)

vm_info: Java HotSpot(TM) 64-Bit Server VM (25.77-b03) for windows-amd64 JRE (1.8.0_77-b03), built on Mar 20 2016 22:01:33 by "java_re" with MS VC++ 10.0 (VS2010)

time: Thu Jun 09 21:19:47 2016
elapsed time: 4 seconds (0d 0h 0m 4s)

