#
# A fatal error has been detected by the Java Runtime Environment:
#
#  EXCEPTION_ILLEGAL_INSTRUCTION (0xc000001d) at pc=0x000007fee6f65c01, pid=3300, tid=6700
#
# JRE version: Java(TM) SE Runtime Environment (8.0_77-b03) (build 1.8.0_77-b03)
# Java VM: Java HotSpot(TM) 64-Bit Server VM (25.77-b03 mixed mode windows-amd64 compressed oops)
# Problematic frame:
# C  [msvcr120.dll+0x95c01]
#
# Failed to write core dump. Minidumps are not enabled by default on client versions of Windows
#
# If you would like to submit a bug report, please visit:
#   http://bugreport.java.com/bugreport/crash.jsp
# The crash happened outside the Java Virtual Machine in native code.
# See problematic frame for where to report the bug.
#

---------------  T H R E A D  ---------------

Current thread (0x0000000007b1c000):  JavaThread "QuantumRenderer-0" daemon [_thread_in_native, id=6700, stack(0x0000000008880000,0x0000000008980000)]

siginfo: ExceptionCode=0xc000001d

Registers:
RAX=0x3fa0000000000000, RBX=0x0000000000000004, RCX=0x3fa0e05e721abad0, RDX=0x7ff0000000000000
RSP=0x000000000897ba00, RBP=0x000000000897c230, RSI=0x000000000897c230, RDI=0x0000000000000004
R8 =0x8000000000000000, R9 =0x00000000527bd1f0, R10=0x000000000000000c, R11=0x000000000a627740
R12=0x00000000527bd1f0, R13=0x00000000527bd050, R14=0x00000000eb48379c, R15=0x0000000000000004
RIP=0x000007fee6f65c01, EFLAGS=0x0000000000010202

Top of Stack: (sp=0x000000000897ba00)
0x000000000897ba00:   000000000000000d 0000000000414550
0x000000000897ba10:   0000000000414550 000000000a676050
0x000000000897ba20:   000000000a636082 0000000000410230
0x000000000897ba30:   0000000000000000 0000000000410158
0x000000000897ba40:   0000000077157288 0000000000414550
0x000000000897ba50:   0000000000000060 0000000002100000
0x000000000897ba60:   0000000000000001 000000000a590000
0x000000000897ba70:   000000000897bd01 0000000000410230
0x000000000897ba80:   3fc73d280bfc767b 0000000000000000
0x000000000897ba90:   bee05c8a4573aff8 0000000000000000
0x000000000897baa0:   00000000004eba80 0000000000414550
0x000000000897bab0:   00000000089d7e00 00000000000003ff
0x000000000897bac0:   00000000527bc3f0 00000000527b3318
0x000000000897bad0:   3fa0e05e721abad0 3fa0e05e721abad0
0x000000000897bae0:   3fc73d280bfc767b 000000000a625cf0
0x000000000897baf0:   0000000000000000 00000000000003ff 

Instructions: (pc=0x000007fee6f65c01)
0x000007fee6f65be1:   0f 10 d0 f2 0f 10 44 24 10 f2 0f 10 4c 24 20 44
0x000007fee6f65bf1:   8b 0d 15 26 02 00 e8 34 c7 00 00 e9 72 f8 ff ff
0x000007fee6f65c01:   c5 fb 11 44 24 10 c5 fb 11 4c 24 20 48 8b 54 24
0x000007fee6f65c11:   10 4c 8b 44 24 20 4c 8b 15 4a 26 02 00 4d 23 d0 


Register to memory mapping:

RAX=0x3fa0000000000000 is an unknown value
RBX=0x0000000000000004 is an unknown value
RCX=0x3fa0e05e721abad0 is an unknown value
RDX=0x7ff0000000000000 is an unknown value
RSP=0x000000000897ba00 is pointing into the stack for thread: 0x0000000007b1c000
RBP=0x000000000897c230 is pointing into the stack for thread: 0x0000000007b1c000
RSI=0x000000000897c230 is pointing into the stack for thread: 0x0000000007b1c000
RDI=0x0000000000000004 is an unknown value
R8 =0x8000000000000000 is an unknown value
R9 =0x00000000527bd1f0 is an unknown value
R10=0x000000000000000c is an unknown value
R11=0x000000000a627740 is an unknown value
R12=0x00000000527bd1f0 is an unknown value
R13=0x00000000527bd050 is an unknown value
R14=0x00000000eb48379c is an unknown value
R15=0x0000000000000004 is an unknown value


Stack: [0x0000000008880000,0x0000000008980000],  sp=0x000000000897ba00,  free space=1006k
Native frames: (J=compiled Java code, j=interpreted, Vv=VM code, C=native code)
C  [msvcr120.dll+0x95c01]
C  [prism_common.dll+0x3318]
C  [prism_common.dll+0x1abc]
C  [prism_common.dll+0x1128]
C  [prism_common.dll+0x8b7e]
C  [prism_common.dll+0x669e]
C  [prism_common.dll+0x49af]
C  [prism_common.dll+0x4649]
C  0x000000000f025854

Java frames: (J=compiled Java code, j=interpreted, Vv=VM code)
j  com.sun.prism.impl.shape.NativePiscesRasterizer.produceStrokeAlphas([F[BIFIIF[FFDDDDDD[I[B)V+0
j  com.sun.prism.impl.shape.NativePiscesRasterizer.getMaskData(Lcom/sun/javafx/geom/Shape;Lcom/sun/prism/BasicStroke;Lcom/sun/javafx/geom/RectBounds;Lcom/sun/javafx/geom/transform/BaseTransform;ZZ)Lcom/sun/prism/impl/shape/MaskData;+487
j  com.sun.prism.impl.shape.ShapeUtil.rasterizeShape(Lcom/sun/javafx/geom/Shape;Lcom/sun/prism/BasicStroke;Lcom/sun/javafx/geom/RectBounds;Lcom/sun/javafx/geom/transform/BaseTransform;ZZ)Lcom/sun/prism/impl/shape/MaskData;+11
j  com.sun.prism.impl.ps.BaseShaderGraphics.renderShape(Lcom/sun/javafx/geom/Shape;Lcom/sun/prism/BasicStroke;FFFF)V+40
j  com.sun.prism.impl.BaseGraphics.draw(Lcom/sun/javafx/geom/Shape;)V+136
j  com.sun.javafx.sg.prism.NGRegion.renderBorderRectangle(Lcom/sun/prism/Graphics;)V+1320
J 2415 C1 com.sun.javafx.sg.prism.NGRegion.renderAsRectangle(Lcom/sun/prism/Graphics;)V (31 bytes) @ 0x000000000f78a3b4 [0x000000000f789d20+0x694]
j  com.sun.javafx.sg.prism.NGRegion.renderContent(Lcom/sun/prism/Graphics;)V+106
J 2355 C1 com.sun.javafx.sg.prism.NGNode.doRender(Lcom/sun/prism/Graphics;)V (473 bytes) @ 0x000000000f7660cc [0x000000000f764300+0x1dcc]
J 2189 C1 com.sun.javafx.sg.prism.NGNode.render(Lcom/sun/prism/Graphics;)V (38 bytes) @ 0x000000000f701a74 [0x000000000f701800+0x274]
j  com.sun.javafx.sg.prism.NGGroup.renderContent(Lcom/sun/prism/Graphics;)V+160
j  com.sun.javafx.sg.prism.NGRegion.renderContent(Lcom/sun/prism/Graphics;)V+111
J 2355 C1 com.sun.javafx.sg.prism.NGNode.doRender(Lcom/sun/prism/Graphics;)V (473 bytes) @ 0x000000000f7660cc [0x000000000f764300+0x1dcc]
J 2189 C1 com.sun.javafx.sg.prism.NGNode.render(Lcom/sun/prism/Graphics;)V (38 bytes) @ 0x000000000f701a74 [0x000000000f701800+0x274]
j  com.sun.javafx.sg.prism.NGGroup.renderContent(Lcom/sun/prism/Graphics;)V+160
j  com.sun.javafx.sg.prism.NGRegion.renderContent(Lcom/sun/prism/Graphics;)V+111
J 2355 C1 com.sun.javafx.sg.prism.NGNode.doRender(Lcom/sun/prism/Graphics;)V (473 bytes) @ 0x000000000f7660cc [0x000000000f764300+0x1dcc]
J 2189 C1 com.sun.javafx.sg.prism.NGNode.render(Lcom/sun/prism/Graphics;)V (38 bytes) @ 0x000000000f701a74 [0x000000000f701800+0x274]
j  com.sun.javafx.sg.prism.NGGroup.renderContent(Lcom/sun/prism/Graphics;)V+160
j  com.sun.javafx.sg.prism.NGRegion.renderContent(Lcom/sun/prism/Graphics;)V+111
j  com.sun.javafx.sg.prism.NGNode.renderForClip(Lcom/sun/prism/Graphics;)V+17
j  com.sun.javafx.sg.prism.NGNode.renderRectClip(Lcom/sun/prism/Graphics;Lcom/sun/javafx/sg/prism/NGRectangle;)V+106
j  com.sun.javafx.sg.prism.NGNode.renderClip(Lcom/sun/prism/Graphics;)V+83
j  com.sun.javafx.sg.prism.CacheFilter.impl_renderNodeToCache(Lcom/sun/scenario/effect/ImageData;Lcom/sun/javafx/geom/Rectangle;Lcom/sun/javafx/geom/transform/BaseTransform;Lcom/sun/javafx/geom/Rectangle;)V+150
j  com.sun.javafx.sg.prism.CacheFilter.render(Lcom/sun/prism/Graphics;)V+344
j  com.sun.javafx.sg.prism.NGNode.renderCached(Lcom/sun/prism/Graphics;)V+31
J 2355 C1 com.sun.javafx.sg.prism.NGNode.doRender(Lcom/sun/prism/Graphics;)V (473 bytes) @ 0x000000000f765b1c [0x000000000f764300+0x181c]
J 2189 C1 com.sun.javafx.sg.prism.NGNode.render(Lcom/sun/prism/Graphics;)V (38 bytes) @ 0x000000000f701a74 [0x000000000f701800+0x274]
j  com.sun.javafx.sg.prism.NGGroup.renderContent(Lcom/sun/prism/Graphics;)V+160
j  com.sun.javafx.sg.prism.NGRegion.renderContent(Lcom/sun/prism/Graphics;)V+111
J 2355 C1 com.sun.javafx.sg.prism.NGNode.doRender(Lcom/sun/prism/Graphics;)V (473 bytes) @ 0x000000000f7660cc [0x000000000f764300+0x1dcc]
J 2189 C1 com.sun.javafx.sg.prism.NGNode.render(Lcom/sun/prism/Graphics;)V (38 bytes) @ 0x000000000f701a74 [0x000000000f701800+0x274]
j  com.sun.javafx.sg.prism.NGGroup.renderContent(Lcom/sun/prism/Graphics;)V+160
j  com.sun.javafx.sg.prism.NGRegion.renderContent(Lcom/sun/prism/Graphics;)V+111
j  com.sun.javafx.sg.prism.NGNode.renderForClip(Lcom/sun/prism/Graphics;)V+17
j  com.sun.javafx.sg.prism.NGNode.renderRectClip(Lcom/sun/prism/Graphics;Lcom/sun/javafx/sg/prism/NGRectangle;)V+106
j  com.sun.javafx.sg.prism.NGNode.renderClip(Lcom/sun/prism/Graphics;)V+83
J 2355 C1 com.sun.javafx.sg.prism.NGNode.doRender(Lcom/sun/prism/Graphics;)V (473 bytes) @ 0x000000000f765d84 [0x000000000f764300+0x1a84]
J 2189 C1 com.sun.javafx.sg.prism.NGNode.render(Lcom/sun/prism/Graphics;)V (38 bytes) @ 0x000000000f701a74 [0x000000000f701800+0x274]
j  com.sun.javafx.sg.prism.NGGroup.renderContent(Lcom/sun/prism/Graphics;)V+160
j  com.sun.javafx.sg.prism.NGRegion.renderContent(Lcom/sun/prism/Graphics;)V+111
j  com.sun.javafx.sg.prism.NGNode.renderForClip(Lcom/sun/prism/Graphics;)V+17
j  com.sun.javafx.sg.prism.NGNode.renderRectClip(Lcom/sun/prism/Graphics;Lcom/sun/javafx/sg/prism/NGRectangle;)V+106
j  com.sun.javafx.sg.prism.NGNode.renderClip(Lcom/sun/prism/Graphics;)V+83
J 2355 C1 com.sun.javafx.sg.prism.NGNode.doRender(Lcom/sun/prism/Graphics;)V (473 bytes) @ 0x000000000f765d84 [0x000000000f764300+0x1a84]
J 2189 C1 com.sun.javafx.sg.prism.NGNode.render(Lcom/sun/prism/Graphics;)V (38 bytes) @ 0x000000000f701a74 [0x000000000f701800+0x274]
j  com.sun.javafx.sg.prism.NGGroup.renderContent(Lcom/sun/prism/Graphics;)V+160
j  com.sun.javafx.sg.prism.NGRegion.renderContent(Lcom/sun/prism/Graphics;)V+111
J 2355 C1 com.sun.javafx.sg.prism.NGNode.doRender(Lcom/sun/prism/Graphics;)V (473 bytes) @ 0x000000000f7660cc [0x000000000f764300+0x1dcc]
J 2189 C1 com.sun.javafx.sg.prism.NGNode.render(Lcom/sun/prism/Graphics;)V (38 bytes) @ 0x000000000f701a74 [0x000000000f701800+0x274]
j  com.sun.javafx.tk.quantum.ViewPainter.doPaint(Lcom/sun/prism/Graphics;Lcom/sun/javafx/sg/prism/NodePath;)V+201
j  com.sun.javafx.tk.quantum.ViewPainter.paintImpl(Lcom/sun/prism/Graphics;)V+953
j  com.sun.javafx.tk.quantum.PresentingPainter.run()V+326
j  java.util.concurrent.Executors$RunnableAdapter.call()Ljava/lang/Object;+4
j  java.util.concurrent.FutureTask.runAndReset()Z+47
j  com.sun.javafx.tk.RenderJob.run()V+1
j  java.util.concurrent.ThreadPoolExecutor.runWorker(Ljava/util/concurrent/ThreadPoolExecutor$Worker;)V+95
j  java.util.concurrent.ThreadPoolExecutor$Worker.run()V+5
j  com.sun.javafx.tk.quantum.QuantumRenderer$PipelineRunnable.run()V+8
j  java.lang.Thread.run()V+11
v  ~StubRoutines::call_stub

---------------  P R O C E S S  ---------------

Java Threads: ( => current thread )
  0x000000001e9be000 JavaThread "Prism Font Disposer" daemon [_thread_blocked, id=5764, stack(0x000000000ed30000,0x000000000ee30000)]
  0x0000000007f1e800 JavaThread "Thread-3" daemon [_thread_in_native, id=6676, stack(0x000000000a760000,0x000000000a860000)]
  0x0000000007f24800 JavaThread "JavaFX-Launcher" [_thread_blocked, id=1368, stack(0x000000000ab30000,0x000000000ac30000)]
  0x0000000007b33000 JavaThread "JavaFX Application Thread" [_thread_in_native, id=6940, stack(0x0000000008c60000,0x0000000008d60000)]
  0x0000000007b30800 JavaThread "Thread-1" daemon [_thread_blocked, id=4888, stack(0x0000000008710000,0x0000000008810000)]
=>0x0000000007b1c000 JavaThread "QuantumRenderer-0" daemon [_thread_in_native, id=6700, stack(0x0000000008880000,0x0000000008980000)]
  0x00000000077ca800 JavaThread "Service Thread" daemon [_thread_blocked, id=2388, stack(0x0000000006f00000,0x0000000007000000)]
  0x0000000005d66000 JavaThread "C1 CompilerThread2" daemon [_thread_blocked, id=3764, stack(0x0000000007c30000,0x0000000007d30000)]
  0x0000000005d65000 JavaThread "C2 CompilerThread1" daemon [_thread_blocked, id=5324, stack(0x0000000007640000,0x0000000007740000)]
  0x0000000005d5f800 JavaThread "C2 CompilerThread0" daemon [_thread_blocked, id=2744, stack(0x0000000007540000,0x0000000007640000)]
  0x0000000005d6d800 JavaThread "Attach Listener" daemon [_thread_blocked, id=5868, stack(0x0000000007420000,0x0000000007520000)]
  0x0000000005d6c000 JavaThread "Signal Dispatcher" daemon [_thread_blocked, id=3640, stack(0x0000000007260000,0x0000000007360000)]
  0x0000000005d48800 JavaThread "Finalizer" daemon [_thread_blocked, id=6604, stack(0x0000000007120000,0x0000000007220000)]
  0x0000000005d01800 JavaThread "Reference Handler" daemon [_thread_blocked, id=6920, stack(0x0000000007010000,0x0000000007110000)]
  0x000000000210d800 JavaThread "main" [_thread_blocked, id=5348, stack(0x00000000022d0000,0x00000000023d0000)]

Other Threads:
  0x0000000005cfa000 VMThread [stack: 0x0000000006d60000,0x0000000006e60000] [id=4640]
  0x00000000077e6000 WatcherThread [stack: 0x0000000007d90000,0x0000000007e90000] [id=2088]

VM state:not at safepoint (normal execution)

VM Mutex/Monitor currently owned by a thread: None

Heap:
 PSYoungGen      total 35328K, used 3757K [0x00000000eb380000, 0x00000000ef880000, 0x0000000100000000)
  eden space 32768K, 3% used [0x00000000eb380000,0x00000000eb4ad168,0x00000000ed380000)
  from space 2560K, 99% used [0x00000000ed380000,0x00000000ed5fe300,0x00000000ed600000)
  to   space 2560K, 0% used [0x00000000ef600000,0x00000000ef600000,0x00000000ef880000)
 ParOldGen       total 44032K, used 18745K [0x00000000c1a00000, 0x00000000c4500000, 0x00000000eb380000)
  object space 44032K, 42% used [0x00000000c1a00000,0x00000000c2c4e738,0x00000000c4500000)
 Metaspace       used 17763K, capacity 18882K, committed 19072K, reserved 1064960K
  class space    used 2649K, capacity 2883K, committed 2944K, reserved 1048576K

Card table byte_map: [0x0000000002a60000,0x0000000002c60000] byte_map_base: 0x0000000002453000

Marking Bits: (ParMarkBitMap*) 0x0000000051bc0600
 Begin Bits: [0x0000000003240000, 0x00000000041d8000)
 End Bits:   [0x00000000041d8000, 0x0000000005170000)

Polling page: 0x0000000000130000

CodeCache: size=245760Kb used=7837Kb max_used=7837Kb free=237922Kb
 bounds [0x000000000f010000, 0x000000000f7c0000, 0x000000001e010000]
 total_blobs=3138 nmethods=2481 adapters=570
 compilation: enabled

Compilation events (10 events):
Event: 6.472 Thread 0x0000000005d66000 nmethod 2467 0x000000000f7b4fd0 code [0x000000000f7b5160, 0x000000000f7b5610]
Event: 6.472 Thread 0x0000000005d66000 2468       3       javafx.scene.Node::relocate (90 bytes)
Event: 6.474 Thread 0x0000000005d66000 nmethod 2468 0x000000000f7b5950 code [0x000000000f7b5d00, 0x000000000f7b8008]
Event: 6.474 Thread 0x0000000005d66000 2474       3       java.lang.Math::floor (5 bytes)
Event: 6.475 Thread 0x0000000005d66000 nmethod 2474 0x000000000f7b9210 code [0x000000000f7b93a0, 0x000000000f7b9568]
Event: 6.475 Thread 0x0000000005d66000 2475       3       java.lang.StrictMath::floor (12 bytes)
Event: 6.475 Thread 0x0000000005d66000 nmethod 2475 0x000000000f7b02d0 code [0x000000000f7b0460, 0x000000000f7b05e8]
Event: 6.487 Thread 0x0000000005d66000 2477       3       java.nio.Bits::byteOrder (20 bytes)
Event: 6.488 Thread 0x0000000005d66000 nmethod 2477 0x000000000f7b99d0 code [0x000000000f7b9b20, 0x000000000f7b9c70]
Event: 6.490 Thread 0x0000000005d66000 2478       3       com.sun.prism.impl.ps.BaseShaderGraphics::setPaint (47 bytes)

GC Heap History (6 events):
Event: 0.813 GC heap before
{Heap before GC invocations=1 (full 0):
 PSYoungGen      total 18944K, used 16296K [0x00000000eb380000, 0x00000000ec880000, 0x0000000100000000)
  eden space 16384K, 99% used [0x00000000eb380000,0x00000000ec36a120,0x00000000ec380000)
  from space 2560K, 0% used [0x00000000ec600000,0x00000000ec600000,0x00000000ec880000)
  to   space 2560K, 0% used [0x00000000ec380000,0x00000000ec380000,0x00000000ec600000)
 ParOldGen       total 44032K, used 0K [0x00000000c1a00000, 0x00000000c4500000, 0x00000000eb380000)
  object space 44032K, 0% used [0x00000000c1a00000,0x00000000c1a00000,0x00000000c4500000)
 Metaspace       used 9521K, capacity 10002K, committed 10240K, reserved 1058816K
  class space    used 1327K, capacity 1455K, committed 1536K, reserved 1048576K
Event: 0.822 GC heap after
Heap after GC invocations=1 (full 0):
 PSYoungGen      total 18944K, used 2544K [0x00000000eb380000, 0x00000000ed880000, 0x0000000100000000)
  eden space 16384K, 0% used [0x00000000eb380000,0x00000000eb380000,0x00000000ec380000)
  from space 2560K, 99% used [0x00000000ec380000,0x00000000ec5fc030,0x00000000ec600000)
  to   space 2560K, 0% used [0x00000000ed600000,0x00000000ed600000,0x00000000ed880000)
 ParOldGen       total 44032K, used 114K [0x00000000c1a00000, 0x00000000c4500000, 0x00000000eb380000)
  object space 44032K, 0% used [0x00000000c1a00000,0x00000000c1a1c8b0,0x00000000c4500000)
 Metaspace       used 9521K, capacity 10002K, committed 10240K, reserved 1058816K
  class space    used 1327K, capacity 1455K, committed 1536K, reserved 1048576K
}
Event: 1.709 GC heap before
{Heap before GC invocations=2 (full 0):
 PSYoungGen      total 18944K, used 18928K [0x00000000eb380000, 0x00000000ed880000, 0x0000000100000000)
  eden space 16384K, 100% used [0x00000000eb380000,0x00000000ec380000,0x00000000ec380000)
  from space 2560K, 99% used [0x00000000ec380000,0x00000000ec5fc030,0x00000000ec600000)
  to   space 2560K, 0% used [0x00000000ed600000,0x00000000ed600000,0x00000000ed880000)
 ParOldGen       total 44032K, used 114K [0x00000000c1a00000, 0x00000000c4500000, 0x00000000eb380000)
  object space 44032K, 0% used [0x00000000c1a00000,0x00000000c1a1c8b0,0x00000000c4500000)
 Metaspace       used 13797K, capacity 14478K, committed 14720K, reserved 1062912K
  class space    used 1992K, capacity 2169K, committed 2176K, reserved 1048576K
Event: 1.722 GC heap after
Heap after GC invocations=2 (full 0):
 PSYoungGen      total 35328K, used 2544K [0x00000000eb380000, 0x00000000ed880000, 0x0000000100000000)
  eden space 32768K, 0% used [0x00000000eb380000,0x00000000eb380000,0x00000000ed380000)
  from space 2560K, 99% used [0x00000000ed600000,0x00000000ed87c180,0x00000000ed880000)
  to   space 2560K, 0% used [0x00000000ed380000,0x00000000ed380000,0x00000000ed600000)
 ParOldGen       total 44032K, used 2104K [0x00000000c1a00000, 0x00000000c4500000, 0x00000000eb380000)
  object space 44032K, 4% used [0x00000000c1a00000,0x00000000c1c0e110,0x00000000c4500000)
 Metaspace       used 13797K, capacity 14478K, committed 14720K, reserved 1062912K
  class space    used 1992K, capacity 2169K, committed 2176K, reserved 1048576K
}
Event: 4.444 GC heap before
{Heap before GC invocations=3 (full 0):
 PSYoungGen      total 35328K, used 35312K [0x00000000eb380000, 0x00000000ed880000, 0x0000000100000000)
  eden space 32768K, 100% used [0x00000000eb380000,0x00000000ed380000,0x00000000ed380000)
  from space 2560K, 99% used [0x00000000ed600000,0x00000000ed87c180,0x00000000ed880000)
  to   space 2560K, 0% used [0x00000000ed380000,0x00000000ed380000,0x00000000ed600000)
 ParOldGen       total 44032K, used 2104K [0x00000000c1a00000, 0x00000000c4500000, 0x00000000eb380000)
  object space 44032K, 4% used [0x00000000c1a00000,0x00000000c1c0e110,0x00000000c4500000)
 Metaspace       used 17432K, capacity 18542K, committed 18816K, reserved 1064960K
  class space    used 2609K, capacity 2831K, committed 2944K, reserved 1048576K
Event: 4.466 GC heap after
Heap after GC invocations=3 (full 0):
 PSYoungGen      total 35328K, used 2552K [0x00000000eb380000, 0x00000000ef880000, 0x0000000100000000)
  eden space 32768K, 0% used [0x00000000eb380000,0x00000000eb380000,0x00000000ed380000)
  from space 2560K, 99% used [0x00000000ed380000,0x00000000ed5fe300,0x00000000ed600000)
  to   space 2560K, 0% used [0x00000000ef600000,0x00000000ef600000,0x00000000ef880000)
 ParOldGen       total 44032K, used 18745K [0x00000000c1a00000, 0x00000000c4500000, 0x00000000eb380000)
  object space 44032K, 42% used [0x00000000c1a00000,0x00000000c2c4e738,0x00000000c4500000)
 Metaspace       used 17432K, capacity 18542K, committed 18816K, reserved 1064960K
  class space    used 2609K, capacity 2831K, committed 2944K, reserved 1048576K
}

Deoptimization events (10 events):
Event: 3.402 Thread 0x0000000007b33000 Uncommon trap: reason=unstable_if action=reinterpret pc=0x000000000f6b73ac method=javafx.scene.Node.impl_isDirty(Lcom/sun/javafx/scene/DirtyBits;)Z @ 12
Event: 6.446 Thread 0x0000000007b33000 Uncommon trap: reason=bimorphic action=maybe_recompile pc=0x000000000f64507c method=javafx.scene.Node.impl_geomChanged()V @ 33
Event: 6.447 Thread 0x0000000007b33000 Uncommon trap: reason=unstable_if action=reinterpret pc=0x000000000f6439e0 method=javafx.scene.Node.transformedBoundsChanged()V @ 4
Event: 6.447 Thread 0x0000000007b33000 Uncommon trap: reason=bimorphic action=maybe_recompile pc=0x000000000f64507c method=javafx.scene.Node.impl_geomChanged()V @ 33
Event: 6.447 Thread 0x0000000007b33000 Uncommon trap: reason=unstable_if action=reinterpret pc=0x000000000f6450d0 method=javafx.scene.Node.impl_isDirtyEmpty()Z @ 4
Event: 6.460 Thread 0x0000000007b33000 Uncommon trap: reason=unstable_if action=reinterpret pc=0x000000000f4381e8 method=jdk.internal.org.objectweb.asm.Type.getArgumentsAndReturnSizes(Ljava/lang/String;)I @ 47
Event: 6.471 Thread 0x0000000007b33000 Uncommon trap: reason=class_check action=maybe_recompile pc=0x000000000f7521f4 method=javafx.scene.Node.updateLocalToParentTransform()V @ 11
Event: 6.471 Thread 0x0000000007b33000 Uncommon trap: reason=class_check action=maybe_recompile pc=0x000000000f7521f4 method=javafx.scene.Node.updateLocalToParentTransform()V @ 11
Event: 6.471 Thread 0x0000000007b33000 Uncommon trap: reason=class_check action=maybe_recompile pc=0x000000000f7521f4 method=javafx.scene.Node.updateLocalToParentTransform()V @ 11
Event: 6.472 Thread 0x0000000007b33000 Uncommon trap: reason=class_check action=maybe_recompile pc=0x000000000f7521f4 method=javafx.scene.Node.updateLocalToParentTransform()V @ 11

Internal exceptions (10 events):
Event: 1.301 Thread 0x0000000007b33000 Exception <a 'java/io/FileNotFoundException'> (0x00000000ebc7d310) thrown at [D:\re\workspace\8-2-build-windows-amd64-cygwin\jdk8u77\6540\hotspot\src\share\vm\prims\jni.cpp, line 709]
Event: 1.542 Thread 0x0000000007b33000 Exception <a 'java/io/FileNotFoundException'> (0x00000000ec03e5c8) thrown at [D:\re\workspace\8-2-build-windows-amd64-cygwin\jdk8u77\6540\hotspot\src\share\vm\prims\jni.cpp, line 709]
Event: 1.547 Thread 0x0000000007b33000 Implicit null exception at 0x000000000f38cac1 to 0x000000000f38d0c9
Event: 1.559 Thread 0x0000000007b33000 Exception <a 'java/io/FileNotFoundException'> (0x00000000ec075928) thrown at [D:\re\workspace\8-2-build-windows-amd64-cygwin\jdk8u77\6540\hotspot\src\share\vm\prims\jni.cpp, line 709]
Event: 1.564 Thread 0x0000000007b33000 Implicit null exception at 0x000000000f3a27fa to 0x000000000f3a2abd
Event: 1.567 Thread 0x0000000007b33000 Exception <a 'java/io/FileNotFoundException'> (0x00000000ec094b40) thrown at [D:\re\workspace\8-2-build-windows-amd64-cygwin\jdk8u77\6540\hotspot\src\share\vm\prims\jni.cpp, line 709]
Event: 1.569 Thread 0x0000000007b33000 Implicit null exception at 0x000000000f39f905 to 0x000000000f39fba5
Event: 1.742 Thread 0x0000000007b33000 Implicit null exception at 0x000000000f3fb316 to 0x000000000f3fb35d
Event: 1.792 Thread 0x0000000007b33000 Implicit null exception at 0x000000000f43aee1 to 0x000000000f43b3f9
Event: 2.516 Thread 0x0000000007b33000 Implicit null exception at 0x000000000f471fde to 0x000000000f47301d

Events (10 events):
Event: 6.480 loading class com/sun/scenario/effect/impl/ImagePool
Event: 6.480 loading class com/sun/scenario/effect/impl/ImagePool done
Event: 6.481 loading class com/sun/scenario/effect/impl/ImagePool$1
Event: 6.481 loading class com/sun/scenario/effect/impl/ImagePool$1 done
Event: 6.482 loading class com/sun/scenario/effect/impl/prism/ps/PPSRenderer$1
Event: 6.482 loading class com/sun/scenario/effect/impl/prism/ps/PPSRenderer$1 done
Event: 6.483 loading class com/sun/scenario/effect/ImageData$1
Event: 6.483 loading class com/sun/scenario/effect/ImageData$1 done
Event: 6.484 loading class com/sun/javafx/geom/transform/AffineBase$1
Event: 6.484 loading class com/sun/javafx/geom/transform/AffineBase$1 done


Dynamic libraries:
0x000000013fb30000 - 0x000000013fb67000 	C:\Program Files\Java\jdk1.8.0_77\bin\java.exe
0x0000000077040000 - 0x00000000771eb000 	C:\Windows\SYSTEM32\ntdll.dll
0x0000000076e20000 - 0x0000000076f3f000 	C:\Windows\system32\kernel32.dll
0x000007fefd300000 - 0x000007fefd36b000 	C:\Windows\system32\KERNELBASE.dll
0x000007fefd510000 - 0x000007fefd5eb000 	C:\Windows\system32\ADVAPI32.dll
0x000007fefec10000 - 0x000007fefecaf000 	C:\Windows\system32\msvcrt.dll
0x000007fefecb0000 - 0x000007fefeccf000 	C:\Windows\SYSTEM32\sechost.dll
0x000007fefef50000 - 0x000007feff07e000 	C:\Windows\system32\RPCRT4.dll
0x0000000076f40000 - 0x000000007703a000 	C:\Windows\system32\USER32.dll
0x000007fefecd0000 - 0x000007fefed37000 	C:\Windows\system32\GDI32.dll
0x000007fefd870000 - 0x000007fefd87e000 	C:\Windows\system32\LPK.dll
0x000007fefd370000 - 0x000007fefd43a000 	C:\Windows\system32\USP10.dll
0x000007fefb8e0000 - 0x000007fefbad4000 	C:\Windows\WinSxS\amd64_microsoft.windows.common-controls_6595b64144ccf1df_6.0.7600.16385_none_fa645303170382f6\COMCTL32.dll
0x000007fefd490000 - 0x000007fefd501000 	C:\Windows\system32\SHLWAPI.dll
0x000007feff210000 - 0x000007feff23e000 	C:\Windows\system32\IMM32.DLL
0x000007feff240000 - 0x000007feff349000 	C:\Windows\system32\MSCTF.dll
0x000007fefcf60000 - 0x000007fefcf91000 	C:\Windows\system32\nvinitx.dll
0x000000000f000000 - 0x000000000f006000 	C:\Program Files\NVIDIA Corporation\CoProcManager\_etoured.dll
0x000007fefaa80000 - 0x000007fefaadf000 	C:\Program Files\NVIDIA Corporation\CoProcManager\nvd3d9wrapx.dll
0x000007fefea30000 - 0x000007fefec07000 	C:\Windows\system32\SETUPAPI.dll
0x000007fefd1c0000 - 0x000007fefd1f6000 	C:\Windows\system32\CFGMGR32.dll
0x000007fefe950000 - 0x000007fefea27000 	C:\Windows\system32\OLEAUT32.dll
0x000007fefed40000 - 0x000007fefef41000 	C:\Windows\system32\ole32.dll
0x000007fefd200000 - 0x000007fefd21a000 	C:\Windows\system32\DEVOBJ.dll
0x000007fefaa30000 - 0x000007fefaa76000 	C:\Program Files\NVIDIA Corporation\CoProcManager\nvdxgiwrapx.dll
0x000000005c130000 - 0x000000005c202000 	C:\Program Files\Java\jdk1.8.0_77\jre\bin\msvcr100.dll
0x00000000513b0000 - 0x0000000051c40000 	C:\Program Files\Java\jdk1.8.0_77\jre\bin\server\jvm.dll
0x000007fefad10000 - 0x000007fefad19000 	C:\Windows\system32\WSOCK32.dll
0x000007fefd440000 - 0x000007fefd48d000 	C:\Windows\system32\WS2_32.dll
0x000007feff200000 - 0x000007feff208000 	C:\Windows\system32\NSI.dll
0x000007fefa5a0000 - 0x000007fefa5db000 	C:\Windows\system32\WINMM.dll
0x000007fefc240000 - 0x000007fefc24c000 	C:\Windows\system32\VERSION.dll
0x0000000077210000 - 0x0000000077217000 	C:\Windows\system32\PSAPI.DLL
0x000000006c010000 - 0x000000006c01f000 	C:\Program Files\Java\jdk1.8.0_77\jre\bin\verify.dll
0x0000000060ae0000 - 0x0000000060b09000 	C:\Program Files\Java\jdk1.8.0_77\jre\bin\java.dll
0x0000000069440000 - 0x0000000069456000 	C:\Program Files\Java\jdk1.8.0_77\jre\bin\zip.dll
0x000007fefd880000 - 0x000007fefe606000 	C:\Windows\system32\SHELL32.dll
0x000007fefcfa0000 - 0x000007fefcfaf000 	C:\Windows\system32\profapi.dll
0x000007fee6ed0000 - 0x000007fee6fbf000 	C:\Program Files\Java\jdk1.8.0_77\jre\bin\msvcr120.dll
0x000007fee7b20000 - 0x000007fee7bc6000 	C:\Program Files\Java\jdk1.8.0_77\jre\bin\msvcp120.dll
0x000000005ba20000 - 0x000000005ba43000 	C:\Program Files\Java\jdk1.8.0_77\jre\bin\prism_d3d.dll
0x000007fee6cd0000 - 0x000007fee6ecf000 	C:\Windows\system32\d3d9.dll
0x000007fefb730000 - 0x000007fefb737000 	C:\Windows\system32\d3d8thk.dll
0x000007fefb2d0000 - 0x000007fefb2e8000 	C:\Windows\system32\dwmapi.dll
0x000007fefb6b0000 - 0x000007fefb706000 	C:\Windows\system32\uxtheme.dll
0x000007fef9e10000 - 0x000007fef9f7d000 	C:\Windows\system32\nvumdshimx.dll
0x000007fee2ce0000 - 0x000007fee45c1000 	C:\Windows\system32\igdumdim64.dll
0x000007fef7a30000 - 0x000007fef7e90000 	C:\Windows\system32\igdusc64.dll
0x0000000052730000 - 0x0000000052773000 	C:\Program Files\Java\jdk1.8.0_77\jre\bin\glass.dll
0x000007fefe610000 - 0x000007fefe6a8000 	C:\Windows\system32\COMDLG32.dll
0x000007fefce90000 - 0x000007fefce9f000 	C:\Windows\system32\CRYPTBASE.dll
0x000007fef31a0000 - 0x000007fef31b1000 	C:\Program Files (x86)\MPC Cleaner\MpcSafeDll64.dll
0x000000005ba00000 - 0x000000005ba14000 	C:\Program Files\Java\jdk1.8.0_77\jre\bin\javafx_font.dll
0x000007fee6b50000 - 0x000007fee6ccb000 	C:\Windows\system32\dwrite.dll
0x000007fefe700000 - 0x000007fefe799000 	C:\Windows\system32\CLBCatQ.DLL
0x000007fefb160000 - 0x000007fefb28a000 	C:\Windows\system32\WindowsCodecs.dll
0x000007fefce30000 - 0x000007fefce87000 	C:\Windows\system32\apphelp.dll
0x000007fef7e90000 - 0x000007fef7ed0000 	C:\Program Files (x86)\Dropbox\Client\DropboxExt64.34.dll
0x0000000072a60000 - 0x0000000072b16000 	C:\Program Files\AVAST Software\Avast\ashShA64.dll
0x000007fef76b0000 - 0x000007fef79c6000 	C:\Windows\system32\msi.dll
0x000007fef7670000 - 0x000007fef76a5000 	C:\Windows\system32\EhStorShell.dll
0x000007fefb760000 - 0x000007fefb88c000 	C:\Windows\system32\PROPSYS.dll
0x000007fef6ff0000 - 0x000007fef7662000 	C:\PROGRA~1\MICROS~2\Office14\GROOVEEX.DLL
0x00000000729c0000 - 0x0000000072a5d000 	C:\Windows\WinSxS\amd64_microsoft.vc90.crt_1fc8b3b9a1e18e3b_9.0.30729.4926_none_08e1a05ba83fe554\MSVCR90.dll
0x00000000728e0000 - 0x00000000729b3000 	C:\Windows\WinSxS\amd64_microsoft.vc90.crt_1fc8b3b9a1e18e3b_9.0.30729.4926_none_08e1a05ba83fe554\MSVCP90.dll
0x00000000728b0000 - 0x00000000728df000 	C:\Windows\WinSxS\amd64_microsoft.vc90.atl_1fc8b3b9a1e18e3b_9.0.30729.4148_none_0a1d2fcba76b3f00\ATL90.DLL
0x000007fef6be0000 - 0x000007fef6fef000 	C:\PROGRA~1\COMMON~1\MICROS~1\OFFICE14\Cultures\office.odf
0x000007fef6370000 - 0x000007fef6bd4000 	C:\PROGRA~1\MICROS~2\Office14\1033\GrooveIntlResource.dll
0x000007fef2ce0000 - 0x000007fef2ce9000 	C:\Program Files (x86)\Internet Download Manager\IDMShellExt64.dll
0x000007fef2d20000 - 0x000007fef2da0000 	C:\Windows\system32\ntshrui.dll
0x000007fefcad0000 - 0x000007fefcaf3000 	C:\Windows\system32\srvcli.dll
0x000007fef31c0000 - 0x000007fef31cf000 	C:\Windows\system32\cscapi.dll
0x000007fefaf10000 - 0x000007fefaf1b000 	C:\Windows\system32\slc.dll
0x000007feecb50000 - 0x000007feecb7d000 	C:\Program Files\Common Files\Microsoft Shared\Ink\rtscom.dll
0x00000000527b0000 - 0x00000000527c1000 	C:\Program Files\Java\jdk1.8.0_77\jre\bin\prism_common.dll
0x000007feeb740000 - 0x000007feeb865000 	C:\Windows\system32\dbghelp.dll

VM Arguments:
jvm_args: -Dfile.encoding=UTF-8 
java_command: ProgramTiketing.MainTampilan
java_class_path (initial): C:\Users\U53R\Documents\NetBeansProjects\Projkt\build\classes
Launcher Type: SUN_STANDARD

Environment Variables:
PATH=C:\ProgramData\Oracle\Java\javapath;C:\Windows\system32;C:\Windows;C:\Windows\System32\Wbem;C:\Windows\System32\WindowsPowerShell\v1.0\;C:\Program Files (x86)\Java\jre7\bin
USERNAME=U53R
OS=Windows_NT
PROCESSOR_IDENTIFIER=Intel64 Family 6 Model 69 Stepping 1, GenuineIntel



---------------  S Y S T E M  ---------------

OS: Windows 7 , 64 bit Build 7600 (6.1.7600.16385)

CPU:total 4 (2 cores per cpu, 2 threads per core) family 6 model 69 stepping 1, cmov, cx8, fxsr, mmx, sse, sse2, sse3, ssse3, sse4.1, sse4.2, popcnt, aes, clmul, erms, lzcnt, ht, tsc, tscinvbit, bmi1, bmi2

Memory: 4k page, physical 4080780k(555996k free), swap 8159664k(2538464k free)

vm_info: Java HotSpot(TM) 64-Bit Server VM (25.77-b03) for windows-amd64 JRE (1.8.0_77-b03), built on Mar 20 2016 22:01:33 by "java_re" with MS VC++ 10.0 (VS2010)

time: Tue Jun 07 13:52:56 2016
elapsed time: 6 seconds (0d 0h 0m 6s)

