#
# A fatal error has been detected by the Java Runtime Environment:
#
#  EXCEPTION_ILLEGAL_INSTRUCTION (0xc000001d) at pc=0x000007fee9275c01, pid=2996, tid=5728
#
# JRE version: Java(TM) SE Runtime Environment (8.0_77-b03) (build 1.8.0_77-b03)
# Java VM: Java HotSpot(TM) 64-Bit Server VM (25.77-b03 mixed mode windows-amd64 compressed oops)
# Problematic frame:
# C  [msvcr120.dll+0x95c01]
#
# Failed to write core dump. Minidumps are not enabled by default on client versions of Windows
#
# If you would like to submit a bug report, please visit:
#   http://bugreport.java.com/bugreport/crash.jsp
# The crash happened outside the Java Virtual Machine in native code.
# See problematic frame for where to report the bug.
#

---------------  T H R E A D  ---------------

Current thread (0x0000000008419000):  JavaThread "QuantumRenderer-0" daemon [_thread_in_native, id=5728, stack(0x0000000008b30000,0x0000000008c30000)]

siginfo: ExceptionCode=0xc000001d

Registers:
RAX=0x3fa0000000000000, RBX=0x0000000000000004, RCX=0x3fa0e05e721abad0, RDX=0x7ff0000000000000
RSP=0x0000000008c2b000, RBP=0x0000000008c2b830, RSI=0x0000000008c2b830, RDI=0x0000000000000004
R8 =0x8000000000000000, R9 =0x0000000068eed1f0, R10=0x000000000000000c, R11=0x0000000000000000
R12=0x0000000068eed1f0, R13=0x0000000068eed050, R14=0x00000000eb47403c, R15=0x0000000000000004
RIP=0x000007fee9275c01, EFLAGS=0x0000000000010202

Top of Stack: (sp=0x0000000008c2b000)
0x0000000008c2b000:   0000000007dae760 0000000000194550
0x0000000008c2b010:   0000000000194550 000000005fe50080
0x0000000008c2b020:   0000000008e5fa52 0000000000000010
0x0000000008c2b030:   0000000000000000 0000000000190158
0x0000000008c2b040:   0000000077787288 0000000000194550
0x0000000008c2b050:   0000000000000060 0000000002120000
0x0000000008c2b060:   0000000000000001 0000000008db0000
0x0000000008c2b070:   0000000008c2b301 0000000000190230
0x0000000008c2b080:   3fc73d280bfc767b 0000000000000000
0x0000000008c2b090:   bee05c8a4573aff8 0000000000000000
0x0000000008c2b0a0:   000000000026ebf0 0000000000194550
0x0000000008c2b0b0:   0000000100000000 00000000000000d8
0x0000000008c2b0c0:   0000000068eec3f0 0000000068ee3318
0x0000000008c2b0d0:   3fa0e05e721abad0 3fa0e05e721abad0
0x0000000008c2b0e0:   3fc73d280bfc767b 0000000008ea23d0
0x0000000008c2b0f0:   0000000000000000 0000000000000101 

Instructions: (pc=0x000007fee9275c01)
0x000007fee9275be1:   0f 10 d0 f2 0f 10 44 24 10 f2 0f 10 4c 24 20 44
0x000007fee9275bf1:   8b 0d 15 26 02 00 e8 34 c7 00 00 e9 72 f8 ff ff
0x000007fee9275c01:   c5 fb 11 44 24 10 c5 fb 11 4c 24 20 48 8b 54 24
0x000007fee9275c11:   10 4c 8b 44 24 20 4c 8b 15 4a 26 02 00 4d 23 d0 


Register to memory mapping:

RAX=0x3fa0000000000000 is an unknown value
RBX=0x0000000000000004 is an unknown value
RCX=0x3fa0e05e721abad0 is an unknown value
RDX=0x7ff0000000000000 is an unknown value
RSP=0x0000000008c2b000 is pointing into the stack for thread: 0x0000000008419000
RBP=0x0000000008c2b830 is pointing into the stack for thread: 0x0000000008419000
RSI=0x0000000008c2b830 is pointing into the stack for thread: 0x0000000008419000
RDI=0x0000000000000004 is an unknown value
R8 =0x8000000000000000 is an unknown value
R9 =0x0000000068eed1f0 is an unknown value
R10=0x000000000000000c is an unknown value
R11=0x0000000000000000 is an unknown value
R12=0x0000000068eed1f0 is an unknown value
R13=0x0000000068eed050 is an unknown value
R14=0x00000000eb47403c is an unknown value
R15=0x0000000000000004 is an unknown value


Stack: [0x0000000008b30000,0x0000000008c30000],  sp=0x0000000008c2b000,  free space=1004k
Native frames: (J=compiled Java code, j=interpreted, Vv=VM code, C=native code)
C  [msvcr120.dll+0x95c01]
C  [prism_common.dll+0x3318]
C  [prism_common.dll+0x1abc]
C  [prism_common.dll+0x1128]
C  [prism_common.dll+0x8b7e]
C  [prism_common.dll+0x669e]
C  [prism_common.dll+0x49af]
C  [prism_common.dll+0x4649]
C  0x000000000f025854

Java frames: (J=compiled Java code, j=interpreted, Vv=VM code)
j  com.sun.prism.impl.shape.NativePiscesRasterizer.produceStrokeAlphas([F[BIFIIF[FFDDDDDD[I[B)V+0
j  com.sun.prism.impl.shape.NativePiscesRasterizer.getMaskData(Lcom/sun/javafx/geom/Shape;Lcom/sun/prism/BasicStroke;Lcom/sun/javafx/geom/RectBounds;Lcom/sun/javafx/geom/transform/BaseTransform;ZZ)Lcom/sun/prism/impl/shape/MaskData;+487
j  com.sun.prism.impl.shape.ShapeUtil.rasterizeShape(Lcom/sun/javafx/geom/Shape;Lcom/sun/prism/BasicStroke;Lcom/sun/javafx/geom/RectBounds;Lcom/sun/javafx/geom/transform/BaseTransform;ZZ)Lcom/sun/prism/impl/shape/MaskData;+11
j  com.sun.prism.impl.ps.BaseShaderGraphics.renderShape(Lcom/sun/javafx/geom/Shape;Lcom/sun/prism/BasicStroke;FFFF)V+40
j  com.sun.prism.impl.BaseGraphics.draw(Lcom/sun/javafx/geom/Shape;)V+136
j  com.sun.javafx.sg.prism.NGRegion.renderBorderRectangle(Lcom/sun/prism/Graphics;)V+1320
J 2342 C1 com.sun.javafx.sg.prism.NGRegion.renderContent(Lcom/sun/prism/Graphics;)V (115 bytes) @ 0x000000000f744cb4 [0x000000000f7440c0+0xbf4]
J 2180 C1 com.sun.javafx.sg.prism.NGNode.doRender(Lcom/sun/prism/Graphics;)V (473 bytes) @ 0x000000000f6d9ae4 [0x000000000f6d7ca0+0x1e44]
J 2127 C1 com.sun.javafx.sg.prism.NGNode.render(Lcom/sun/prism/Graphics;)V (38 bytes) @ 0x000000000f6b9df4 [0x000000000f6b9b80+0x274]
J 2262 C1 com.sun.javafx.sg.prism.NGGroup.renderContent(Lcom/sun/prism/Graphics;)V (436 bytes) @ 0x000000000f70cd8c [0x000000000f70ba00+0x138c]
J 2342 C1 com.sun.javafx.sg.prism.NGRegion.renderContent(Lcom/sun/prism/Graphics;)V (115 bytes) @ 0x000000000f7455fc [0x000000000f7440c0+0x153c]
J 2180 C1 com.sun.javafx.sg.prism.NGNode.doRender(Lcom/sun/prism/Graphics;)V (473 bytes) @ 0x000000000f6d9ae4 [0x000000000f6d7ca0+0x1e44]
J 2127 C1 com.sun.javafx.sg.prism.NGNode.render(Lcom/sun/prism/Graphics;)V (38 bytes) @ 0x000000000f6b9df4 [0x000000000f6b9b80+0x274]
J 2262 C1 com.sun.javafx.sg.prism.NGGroup.renderContent(Lcom/sun/prism/Graphics;)V (436 bytes) @ 0x000000000f70cd8c [0x000000000f70ba00+0x138c]
J 2342 C1 com.sun.javafx.sg.prism.NGRegion.renderContent(Lcom/sun/prism/Graphics;)V (115 bytes) @ 0x000000000f7455fc [0x000000000f7440c0+0x153c]
J 2180 C1 com.sun.javafx.sg.prism.NGNode.doRender(Lcom/sun/prism/Graphics;)V (473 bytes) @ 0x000000000f6d9ae4 [0x000000000f6d7ca0+0x1e44]
J 2127 C1 com.sun.javafx.sg.prism.NGNode.render(Lcom/sun/prism/Graphics;)V (38 bytes) @ 0x000000000f6b9df4 [0x000000000f6b9b80+0x274]
J 2262 C1 com.sun.javafx.sg.prism.NGGroup.renderContent(Lcom/sun/prism/Graphics;)V (436 bytes) @ 0x000000000f70cd8c [0x000000000f70ba00+0x138c]
J 2342 C1 com.sun.javafx.sg.prism.NGRegion.renderContent(Lcom/sun/prism/Graphics;)V (115 bytes) @ 0x000000000f7455fc [0x000000000f7440c0+0x153c]
j  com.sun.javafx.sg.prism.NGNode.renderForClip(Lcom/sun/prism/Graphics;)V+17
j  com.sun.javafx.sg.prism.NGNode.renderRectClip(Lcom/sun/prism/Graphics;Lcom/sun/javafx/sg/prism/NGRectangle;)V+106
j  com.sun.javafx.sg.prism.NGNode.renderClip(Lcom/sun/prism/Graphics;)V+83
j  com.sun.javafx.sg.prism.CacheFilter.impl_renderNodeToCache(Lcom/sun/scenario/effect/ImageData;Lcom/sun/javafx/geom/Rectangle;Lcom/sun/javafx/geom/transform/BaseTransform;Lcom/sun/javafx/geom/Rectangle;)V+150
j  com.sun.javafx.sg.prism.CacheFilter.render(Lcom/sun/prism/Graphics;)V+344
j  com.sun.javafx.sg.prism.NGNode.renderCached(Lcom/sun/prism/Graphics;)V+31
J 2180 C1 com.sun.javafx.sg.prism.NGNode.doRender(Lcom/sun/prism/Graphics;)V (473 bytes) @ 0x000000000f6d9534 [0x000000000f6d7ca0+0x1894]
J 2127 C1 com.sun.javafx.sg.prism.NGNode.render(Lcom/sun/prism/Graphics;)V (38 bytes) @ 0x000000000f6b9df4 [0x000000000f6b9b80+0x274]
J 2262 C1 com.sun.javafx.sg.prism.NGGroup.renderContent(Lcom/sun/prism/Graphics;)V (436 bytes) @ 0x000000000f70cd8c [0x000000000f70ba00+0x138c]
J 2342 C1 com.sun.javafx.sg.prism.NGRegion.renderContent(Lcom/sun/prism/Graphics;)V (115 bytes) @ 0x000000000f7455fc [0x000000000f7440c0+0x153c]
J 2180 C1 com.sun.javafx.sg.prism.NGNode.doRender(Lcom/sun/prism/Graphics;)V (473 bytes) @ 0x000000000f6d9ae4 [0x000000000f6d7ca0+0x1e44]
J 2127 C1 com.sun.javafx.sg.prism.NGNode.render(Lcom/sun/prism/Graphics;)V (38 bytes) @ 0x000000000f6b9df4 [0x000000000f6b9b80+0x274]
J 2262 C1 com.sun.javafx.sg.prism.NGGroup.renderContent(Lcom/sun/prism/Graphics;)V (436 bytes) @ 0x000000000f70cd8c [0x000000000f70ba00+0x138c]
J 2342 C1 com.sun.javafx.sg.prism.NGRegion.renderContent(Lcom/sun/prism/Graphics;)V (115 bytes) @ 0x000000000f7455fc [0x000000000f7440c0+0x153c]
j  com.sun.javafx.sg.prism.NGNode.renderForClip(Lcom/sun/prism/Graphics;)V+17
j  com.sun.javafx.sg.prism.NGNode.renderRectClip(Lcom/sun/prism/Graphics;Lcom/sun/javafx/sg/prism/NGRectangle;)V+106
j  com.sun.javafx.sg.prism.NGNode.renderClip(Lcom/sun/prism/Graphics;)V+83
J 2180 C1 com.sun.javafx.sg.prism.NGNode.doRender(Lcom/sun/prism/Graphics;)V (473 bytes) @ 0x000000000f6d979c [0x000000000f6d7ca0+0x1afc]
J 2127 C1 com.sun.javafx.sg.prism.NGNode.render(Lcom/sun/prism/Graphics;)V (38 bytes) @ 0x000000000f6b9df4 [0x000000000f6b9b80+0x274]
J 2262 C1 com.sun.javafx.sg.prism.NGGroup.renderContent(Lcom/sun/prism/Graphics;)V (436 bytes) @ 0x000000000f70cd8c [0x000000000f70ba00+0x138c]
J 2342 C1 com.sun.javafx.sg.prism.NGRegion.renderContent(Lcom/sun/prism/Graphics;)V (115 bytes) @ 0x000000000f7455fc [0x000000000f7440c0+0x153c]
j  com.sun.javafx.sg.prism.NGNode.renderForClip(Lcom/sun/prism/Graphics;)V+17
j  com.sun.javafx.sg.prism.NGNode.renderRectClip(Lcom/sun/prism/Graphics;Lcom/sun/javafx/sg/prism/NGRectangle;)V+106
j  com.sun.javafx.sg.prism.NGNode.renderClip(Lcom/sun/prism/Graphics;)V+83
J 2180 C1 com.sun.javafx.sg.prism.NGNode.doRender(Lcom/sun/prism/Graphics;)V (473 bytes) @ 0x000000000f6d979c [0x000000000f6d7ca0+0x1afc]
J 2127 C1 com.sun.javafx.sg.prism.NGNode.render(Lcom/sun/prism/Graphics;)V (38 bytes) @ 0x000000000f6b9df4 [0x000000000f6b9b80+0x274]
J 2262 C1 com.sun.javafx.sg.prism.NGGroup.renderContent(Lcom/sun/prism/Graphics;)V (436 bytes) @ 0x000000000f70cd8c [0x000000000f70ba00+0x138c]
J 2342 C1 com.sun.javafx.sg.prism.NGRegion.renderContent(Lcom/sun/prism/Graphics;)V (115 bytes) @ 0x000000000f7455fc [0x000000000f7440c0+0x153c]
J 2180 C1 com.sun.javafx.sg.prism.NGNode.doRender(Lcom/sun/prism/Graphics;)V (473 bytes) @ 0x000000000f6d9ae4 [0x000000000f6d7ca0+0x1e44]
J 2127 C1 com.sun.javafx.sg.prism.NGNode.render(Lcom/sun/prism/Graphics;)V (38 bytes) @ 0x000000000f6b9df4 [0x000000000f6b9b80+0x274]
j  com.sun.javafx.tk.quantum.ViewPainter.doPaint(Lcom/sun/prism/Graphics;Lcom/sun/javafx/sg/prism/NodePath;)V+201
j  com.sun.javafx.tk.quantum.ViewPainter.paintImpl(Lcom/sun/prism/Graphics;)V+953
j  com.sun.javafx.tk.quantum.PresentingPainter.run()V+326
j  java.util.concurrent.Executors$RunnableAdapter.call()Ljava/lang/Object;+4
j  java.util.concurrent.FutureTask.runAndReset()Z+47
j  com.sun.javafx.tk.RenderJob.run()V+1
j  java.util.concurrent.ThreadPoolExecutor.runWorker(Ljava/util/concurrent/ThreadPoolExecutor$Worker;)V+95
j  java.util.concurrent.ThreadPoolExecutor$Worker.run()V+5
j  com.sun.javafx.tk.quantum.QuantumRenderer$PipelineRunnable.run()V+8
j  java.lang.Thread.run()V+11
v  ~StubRoutines::call_stub

---------------  P R O C E S S  ---------------

Java Threads: ( => current thread )
  0x000000005ec24800 JavaThread "Prism Font Disposer" daemon [_thread_blocked, id=6076, stack(0x000000005fb50000,0x000000005fc50000)]
  0x000000000a467800 JavaThread "Thread-3" daemon [_thread_in_native, id=3480, stack(0x000000000ae20000,0x000000000af20000)]
  0x0000000008485800 JavaThread "JavaFX-Launcher" [_thread_blocked, id=6624, stack(0x000000000b030000,0x000000000b130000)]
  0x0000000008445000 JavaThread "JavaFX Application Thread" [_thread_in_native, id=7088, stack(0x00000000085b0000,0x00000000086b0000)]
  0x0000000008444800 JavaThread "Thread-1" daemon [_thread_blocked, id=6200, stack(0x0000000008eb0000,0x0000000008fb0000)]
=>0x0000000008419000 JavaThread "QuantumRenderer-0" daemon [_thread_in_native, id=5728, stack(0x0000000008b30000,0x0000000008c30000)]
  0x000000000812d000 JavaThread "Service Thread" daemon [_thread_blocked, id=1408, stack(0x0000000008840000,0x0000000008940000)]
  0x00000000080a1800 JavaThread "C1 CompilerThread2" daemon [_thread_blocked, id=4132, stack(0x00000000086c0000,0x00000000087c0000)]
  0x00000000080a0800 JavaThread "C2 CompilerThread1" daemon [_thread_blocked, id=2572, stack(0x00000000084b0000,0x00000000085b0000)]
  0x00000000067ea800 JavaThread "C2 CompilerThread0" daemon [_thread_blocked, id=2560, stack(0x00000000076f0000,0x00000000077f0000)]
  0x00000000067e4800 JavaThread "Attach Listener" daemon [_thread_blocked, id=1084, stack(0x0000000007fa0000,0x00000000080a0000)]
  0x00000000067e3800 JavaThread "Signal Dispatcher" daemon [_thread_blocked, id=5868, stack(0x0000000007e10000,0x0000000007f10000)]
  0x00000000067cc000 JavaThread "Finalizer" daemon [_thread_blocked, id=1628, stack(0x0000000007c00000,0x0000000007d00000)]
  0x0000000006785000 JavaThread "Reference Handler" daemon [_thread_blocked, id=5032, stack(0x0000000007a60000,0x0000000007b60000)]
  0x000000000212d800 JavaThread "main" [_thread_blocked, id=6428, stack(0x00000000029d0000,0x0000000002ad0000)]

Other Threads:
  0x000000000677d800 VMThread [stack: 0x0000000007800000,0x0000000007900000] [id=336]
  0x0000000008144000 WatcherThread [stack: 0x00000000089f0000,0x0000000008af0000] [id=2156]

VM state:not at safepoint (normal execution)

VM Mutex/Monitor currently owned by a thread: None

Heap:
 PSYoungGen      total 35328K, used 4310K [0x00000000eb380000, 0x00000000ed880000, 0x0000000100000000)
  eden space 32768K, 5% used [0x00000000eb380000,0x00000000eb53a340,0x00000000ed380000)
  from space 2560K, 99% used [0x00000000ed600000,0x00000000ed87b510,0x00000000ed880000)
  to   space 2560K, 0% used [0x00000000ed380000,0x00000000ed380000,0x00000000ed600000)
 ParOldGen       total 44032K, used 18827K [0x00000000c1a00000, 0x00000000c4500000, 0x00000000eb380000)
  object space 44032K, 42% used [0x00000000c1a00000,0x00000000c2c62dd8,0x00000000c4500000)
 Metaspace       used 17783K, capacity 18886K, committed 19072K, reserved 1064960K
  class space    used 2652K, capacity 2887K, committed 2944K, reserved 1048576K

Card table byte_map: [0x0000000003160000,0x0000000003360000] byte_map_base: 0x0000000002b53000

Marking Bits: (ParMarkBitMap*) 0x0000000002940600
 Begin Bits: [0x0000000003cc0000, 0x0000000004c58000)
 End Bits:   [0x0000000004c58000, 0x0000000005bf0000)

Polling page: 0x0000000000330000

CodeCache: size=245760Kb used=7623Kb max_used=7628Kb free=238136Kb
 bounds [0x000000000f010000, 0x000000000f790000, 0x000000001e010000]
 total_blobs=3113 nmethods=2456 adapters=570
 compilation: enabled

Compilation events (10 events):
Event: 5.066 Thread 0x00000000080a1800 nmethod 2433 0x000000000f782590 code [0x000000000f7826e0, 0x000000000f7827f0]
Event: 5.066 Thread 0x00000000080a1800 2435       1       java.lang.invoke.SimpleMethodHandle::fieldCount (2 bytes)
Event: 5.066 Thread 0x00000000080a1800 nmethod 2435 0x000000000f782850 code [0x000000000f7829a0, 0x000000000f782ab0]
Event: 5.067 Thread 0x00000000080a1800 2454       3       java.nio.Bits::byteOrder (20 bytes)
Event: 5.067 Thread 0x00000000080a1800 nmethod 2454 0x000000000f784010 code [0x000000000f784160, 0x000000000f7842b0]
Event: 5.067 Thread 0x00000000080a1800 2455       3       com.sun.prism.d3d.D3DTexture::getContext (17 bytes)
Event: 5.067 Thread 0x00000000080a1800 nmethod 2455 0x000000000f784310 code [0x000000000f7844a0, 0x000000000f784b08]
Event: 5.068 Thread 0x00000000080a1800 2456       3       java.nio.Buffer::remaining (10 bytes)
Event: 5.068 Thread 0x00000000080a1800 nmethod 2456 0x000000000f784d50 code [0x000000000f784ea0, 0x000000000f784ff0]
Event: 5.069 Thread 0x00000000080a0800 nmethod 2444 0x000000000f786890 code [0x000000000f7869e0, 0x000000000f786af8]

GC Heap History (8 events):
Event: 0.577 GC heap before
{Heap before GC invocations=1 (full 0):
 PSYoungGen      total 18944K, used 16294K [0x00000000eb380000, 0x00000000ec880000, 0x0000000100000000)
  eden space 16384K, 99% used [0x00000000eb380000,0x00000000ec369af8,0x00000000ec380000)
  from space 2560K, 0% used [0x00000000ec600000,0x00000000ec600000,0x00000000ec880000)
  to   space 2560K, 0% used [0x00000000ec380000,0x00000000ec380000,0x00000000ec600000)
 ParOldGen       total 44032K, used 0K [0x00000000c1a00000, 0x00000000c4500000, 0x00000000eb380000)
  object space 44032K, 0% used [0x00000000c1a00000,0x00000000c1a00000,0x00000000c4500000)
 Metaspace       used 9528K, capacity 9998K, committed 10240K, reserved 1058816K
  class space    used 1328K, capacity 1459K, committed 1536K, reserved 1048576K
Event: 0.582 GC heap after
Heap after GC invocations=1 (full 0):
 PSYoungGen      total 18944K, used 2530K [0x00000000eb380000, 0x00000000ec880000, 0x0000000100000000)
  eden space 16384K, 0% used [0x00000000eb380000,0x00000000eb380000,0x00000000ec380000)
  from space 2560K, 98% used [0x00000000ec380000,0x00000000ec5f88e0,0x00000000ec600000)
  to   space 2560K, 0% used [0x00000000ec600000,0x00000000ec600000,0x00000000ec880000)
 ParOldGen       total 44032K, used 96K [0x00000000c1a00000, 0x00000000c4500000, 0x00000000eb380000)
  object space 44032K, 0% used [0x00000000c1a00000,0x00000000c1a18000,0x00000000c4500000)
 Metaspace       used 9528K, capacity 9998K, committed 10240K, reserved 1058816K
  class space    used 1328K, capacity 1459K, committed 1536K, reserved 1048576K
}
Event: 1.155 GC heap before
{Heap before GC invocations=2 (full 0):
 PSYoungGen      total 18944K, used 18914K [0x00000000eb380000, 0x00000000ec880000, 0x0000000100000000)
  eden space 16384K, 100% used [0x00000000eb380000,0x00000000ec380000,0x00000000ec380000)
  from space 2560K, 98% used [0x00000000ec380000,0x00000000ec5f88e0,0x00000000ec600000)
  to   space 2560K, 0% used [0x00000000ec600000,0x00000000ec600000,0x00000000ec880000)
 ParOldGen       total 44032K, used 96K [0x00000000c1a00000, 0x00000000c4500000, 0x00000000eb380000)
  object space 44032K, 0% used [0x00000000c1a00000,0x00000000c1a18000,0x00000000c4500000)
 Metaspace       used 13627K, capacity 14354K, committed 14464K, reserved 1060864K
  class space    used 1987K, capacity 2173K, committed 2176K, reserved 1048576K
Event: 1.163 GC heap after
Heap after GC invocations=2 (full 0):
 PSYoungGen      total 18944K, used 2530K [0x00000000eb380000, 0x00000000ed880000, 0x0000000100000000)
  eden space 16384K, 0% used [0x00000000eb380000,0x00000000eb380000,0x00000000ec380000)
  from space 2560K, 98% used [0x00000000ec600000,0x00000000ec878a10,0x00000000ec880000)
  to   space 2560K, 0% used [0x00000000ec380000,0x00000000ec380000,0x00000000ec600000)
 ParOldGen       total 44032K, used 2098K [0x00000000c1a00000, 0x00000000c4500000, 0x00000000eb380000)
  object space 44032K, 4% used [0x00000000c1a00000,0x00000000c1c0c860,0x00000000c4500000)
 Metaspace       used 13627K, capacity 14354K, committed 14464K, reserved 1060864K
  class space    used 1987K, capacity 2173K, committed 2176K, reserved 1048576K
}
Event: 1.666 GC heap before
{Heap before GC invocations=3 (full 0):
 PSYoungGen      total 18944K, used 18415K [0x00000000eb380000, 0x00000000ed880000, 0x0000000100000000)
  eden space 16384K, 96% used [0x00000000eb380000,0x00000000ec303420,0x00000000ec380000)
  from space 2560K, 98% used [0x00000000ec600000,0x00000000ec878a10,0x00000000ec880000)
  to   space 2560K, 0% used [0x00000000ec380000,0x00000000ec380000,0x00000000ec600000)
 ParOldGen       total 44032K, used 2098K [0x00000000c1a00000, 0x00000000c4500000, 0x00000000eb380000)
  object space 44032K, 4% used [0x00000000c1a00000,0x00000000c1c0c860,0x00000000c4500000)
 Metaspace       used 16122K, capacity 17172K, committed 17280K, reserved 1064960K
  class space    used 2480K, capacity 2682K, committed 2688K, reserved 1048576K
Event: 1.678 GC heap after
Heap after GC invocations=3 (full 0):
 PSYoungGen      total 18944K, used 2530K [0x00000000eb380000, 0x00000000ed880000, 0x0000000100000000)
  eden space 16384K, 0% used [0x00000000eb380000,0x00000000eb380000,0x00000000ec380000)
  from space 2560K, 98% used [0x00000000ec380000,0x00000000ec5f8a10,0x00000000ec600000)
  to   space 2560K, 0% used [0x00000000ed600000,0x00000000ed600000,0x00000000ed880000)
 ParOldGen       total 44032K, used 7135K [0x00000000c1a00000, 0x00000000c4500000, 0x00000000eb380000)
  object space 44032K, 16% used [0x00000000c1a00000,0x00000000c20f7ec8,0x00000000c4500000)
 Metaspace       used 16122K, capacity 17172K, committed 17280K, reserved 1064960K
  class space    used 2480K, capacity 2682K, committed 2688K, reserved 1048576K
}
Event: 2.828 GC heap before
{Heap before GC invocations=4 (full 0):
 PSYoungGen      total 18944K, used 18914K [0x00000000eb380000, 0x00000000ed880000, 0x0000000100000000)
  eden space 16384K, 100% used [0x00000000eb380000,0x00000000ec380000,0x00000000ec380000)
  from space 2560K, 98% used [0x00000000ec380000,0x00000000ec5f8a10,0x00000000ec600000)
  to   space 2560K, 0% used [0x00000000ed600000,0x00000000ed600000,0x00000000ed880000)
 ParOldGen       total 44032K, used 7135K [0x00000000c1a00000, 0x00000000c4500000, 0x00000000eb380000)
  object space 44032K, 16% used [0x00000000c1a00000,0x00000000c20f7ec8,0x00000000c4500000)
 Metaspace       used 17345K, capacity 18484K, committed 18816K, reserved 1064960K
  class space    used 2615K, capacity 2836K, committed 2944K, reserved 1048576K
Event: 2.846 GC heap after
Heap after GC invocations=4 (full 0):
 PSYoungGen      total 35328K, used 2541K [0x00000000eb380000, 0x00000000ed880000, 0x0000000100000000)
  eden space 32768K, 0% used [0x00000000eb380000,0x00000000eb380000,0x00000000ed380000)
  from space 2560K, 99% used [0x00000000ed600000,0x00000000ed87b510,0x00000000ed880000)
  to   space 2560K, 0% used [0x00000000ed380000,0x00000000ed380000,0x00000000ed600000)
 ParOldGen       total 44032K, used 18827K [0x00000000c1a00000, 0x00000000c4500000, 0x00000000eb380000)
  object space 44032K, 42% used [0x00000000c1a00000,0x00000000c2c62dd8,0x00000000c4500000)
 Metaspace       used 17345K, capacity 18484K, committed 18816K, reserved 1064960K
  class space    used 2615K, capacity 2836K, committed 2944K, reserved 1048576K
}

Deoptimization events (10 events):
Event: 2.816 Thread 0x0000000008445000 Uncommon trap: reason=unstable_if action=reinterpret pc=0x000000000f604ea0 method=javafx.scene.Node.transformedBoundsChanged()V @ 4
Event: 2.816 Thread 0x0000000008445000 Uncommon trap: reason=bimorphic action=maybe_recompile pc=0x000000000f6006fc method=javafx.scene.Node.impl_geomChanged()V @ 33
Event: 2.816 Thread 0x0000000008445000 Uncommon trap: reason=bimorphic action=maybe_recompile pc=0x000000000f6006fc method=javafx.scene.Node.impl_geomChanged()V @ 33
Event: 2.816 Thread 0x0000000008445000 Uncommon trap: reason=bimorphic action=maybe_recompile pc=0x000000000f6006fc method=javafx.scene.Node.impl_geomChanged()V @ 33
Event: 2.817 Thread 0x0000000008445000 Uncommon trap: reason=bimorphic action=maybe_recompile pc=0x000000000f6006fc method=javafx.scene.Node.impl_geomChanged()V @ 33
Event: 5.057 Thread 0x0000000008445000 Uncommon trap: reason=unstable_if action=reinterpret pc=0x000000000f39b2a8 method=jdk.internal.org.objectweb.asm.Type.getArgumentsAndReturnSizes(Ljava/lang/String;)I @ 47
Event: 5.062 Thread 0x0000000008445000 Uncommon trap: reason=class_check action=maybe_recompile pc=0x000000000f73e874 method=javafx.scene.Node.updateLocalToParentTransform()V @ 11
Event: 5.062 Thread 0x0000000008445000 Uncommon trap: reason=class_check action=maybe_recompile pc=0x000000000f73e874 method=javafx.scene.Node.updateLocalToParentTransform()V @ 11
Event: 5.062 Thread 0x0000000008445000 Uncommon trap: reason=class_check action=maybe_recompile pc=0x000000000f73e874 method=javafx.scene.Node.updateLocalToParentTransform()V @ 11
Event: 5.062 Thread 0x0000000008445000 Uncommon trap: reason=class_check action=maybe_recompile pc=0x000000000f73e874 method=javafx.scene.Node.updateLocalToParentTransform()V @ 11

Internal exceptions (10 events):
Event: 0.911 Thread 0x0000000008445000 Exception <a 'java/io/FileNotFoundException'> (0x00000000ebc7dda0) thrown at [D:\re\workspace\8-2-build-windows-amd64-cygwin\jdk8u77\6540\hotspot\src\share\vm\prims\jni.cpp, line 709]
Event: 1.047 Thread 0x0000000008445000 Exception <a 'java/io/FileNotFoundException'> (0x00000000ec03f7c8) thrown at [D:\re\workspace\8-2-build-windows-amd64-cygwin\jdk8u77\6540\hotspot\src\share\vm\prims\jni.cpp, line 709]
Event: 1.052 Thread 0x0000000008445000 Implicit null exception at 0x000000000f35a601 to 0x000000000f35ac09
Event: 1.058 Thread 0x0000000008445000 Exception <a 'java/io/FileNotFoundException'> (0x00000000ec076a50) thrown at [D:\re\workspace\8-2-build-windows-amd64-cygwin\jdk8u77\6540\hotspot\src\share\vm\prims\jni.cpp, line 709]
Event: 1.061 Thread 0x0000000008445000 Implicit null exception at 0x000000000f35747a to 0x000000000f35773d
Event: 1.063 Thread 0x0000000008445000 Exception <a 'java/io/FileNotFoundException'> (0x00000000ec095c68) thrown at [D:\re\workspace\8-2-build-windows-amd64-cygwin\jdk8u77\6540\hotspot\src\share\vm\prims\jni.cpp, line 709]
Event: 1.065 Thread 0x0000000008445000 Implicit null exception at 0x000000000f35cb05 to 0x000000000f35cda5
Event: 1.199 Thread 0x0000000008445000 Implicit null exception at 0x000000000f398216 to 0x000000000f39825d
Event: 1.788 Thread 0x0000000008445000 Implicit null exception at 0x000000000f325e0a to 0x000000000f326e55
Event: 2.800 Thread 0x0000000008445000 Implicit null exception at 0x000000000f5413de to 0x000000000f5419d5

Events (10 events):
Event: 5.062 Thread 0x0000000008445000 DEOPT PACKING pc=0x000000000f73e874 sp=0x00000000086ad9e0
Event: 5.062 Thread 0x0000000008445000 DEOPT UNPACKING pc=0x000000000f05582a sp=0x00000000086ad978 mode 2
Event: 5.062 Thread 0x0000000008445000 Uncommon trap: trap_request=0xffffffde fr.pc=0x000000000f73e874
Event: 5.062 Thread 0x0000000008445000 DEOPT PACKING pc=0x000000000f73e874 sp=0x00000000086ad9e0
Event: 5.062 Thread 0x0000000008445000 DEOPT UNPACKING pc=0x000000000f05582a sp=0x00000000086ad978 mode 2
Event: 5.062 Thread 0x0000000008445000 Uncommon trap: trap_request=0xffffffde fr.pc=0x000000000f73e874
Event: 5.062 Thread 0x0000000008445000 DEOPT PACKING pc=0x000000000f73e874 sp=0x00000000086ad9e0
Event: 5.062 Thread 0x0000000008445000 DEOPT UNPACKING pc=0x000000000f05582a sp=0x00000000086ad978 mode 2
Event: 5.065 loading class com/sun/scenario/effect/ImageData$1
Event: 5.065 loading class com/sun/scenario/effect/ImageData$1 done


Dynamic libraries:
0x000000013f3b0000 - 0x000000013f3e7000 	C:\Program Files\Java\jdk1.8.0_77\bin\java.exe
0x0000000077670000 - 0x000000007781b000 	C:\Windows\SYSTEM32\ntdll.dll
0x0000000077450000 - 0x000000007756f000 	C:\Windows\system32\kernel32.dll
0x000007fefd930000 - 0x000007fefd99b000 	C:\Windows\system32\KERNELBASE.dll
0x000007feff300000 - 0x000007feff3db000 	C:\Windows\system32\ADVAPI32.dll
0x000007fefeed0000 - 0x000007fefef6f000 	C:\Windows\system32\msvcrt.dll
0x000007fefef70000 - 0x000007fefef8f000 	C:\Windows\SYSTEM32\sechost.dll
0x000007fefefa0000 - 0x000007feff0ce000 	C:\Windows\system32\RPCRT4.dll
0x0000000077570000 - 0x000000007766a000 	C:\Windows\system32\USER32.dll
0x000007fefee60000 - 0x000007fefeec7000 	C:\Windows\system32\GDI32.dll
0x000007fefef90000 - 0x000007fefef9e000 	C:\Windows\system32\LPK.dll
0x000007fefd9f0000 - 0x000007fefdaba000 	C:\Windows\system32\USP10.dll
0x000007fefbdc0000 - 0x000007fefbfb4000 	C:\Windows\WinSxS\amd64_microsoft.windows.common-controls_6595b64144ccf1df_6.0.7600.16385_none_fa645303170382f6\COMCTL32.dll
0x000007feff430000 - 0x000007feff4a1000 	C:\Windows\system32\SHLWAPI.dll
0x000007feff8b0000 - 0x000007feff8de000 	C:\Windows\system32\IMM32.DLL
0x000007fefe8f0000 - 0x000007fefe9f9000 	C:\Windows\system32\MSCTF.dll
0x000007fefd590000 - 0x000007fefd5c1000 	C:\Windows\system32\nvinitx.dll
0x000000000f000000 - 0x000000000f006000 	C:\Program Files\NVIDIA Corporation\CoProcManager\_etoured.dll
0x000007fefad40000 - 0x000007fefad9f000 	C:\Program Files\NVIDIA Corporation\CoProcManager\nvd3d9wrapx.dll
0x000007feff6c0000 - 0x000007feff897000 	C:\Windows\system32\SETUPAPI.dll
0x000007fefd680000 - 0x000007fefd6b6000 	C:\Windows\system32\CFGMGR32.dll
0x000007feff5e0000 - 0x000007feff6b7000 	C:\Windows\system32\OLEAUT32.dll
0x000007feff0d0000 - 0x000007feff2d1000 	C:\Windows\system32\ole32.dll
0x000007fefd870000 - 0x000007fefd88a000 	C:\Windows\system32\DEVOBJ.dll
0x000007fefacf0000 - 0x000007fefad36000 	C:\Program Files\NVIDIA Corporation\CoProcManager\nvdxgiwrapx.dll
0x0000000069060000 - 0x0000000069132000 	C:\Program Files\Java\jdk1.8.0_77\jre\bin\msvcr100.dll
0x0000000002130000 - 0x00000000029c0000 	C:\Program Files\Java\jdk1.8.0_77\jre\bin\server\jvm.dll
0x000007fefc520000 - 0x000007fefc529000 	C:\Windows\system32\WSOCK32.dll
0x000007feff3e0000 - 0x000007feff42d000 	C:\Windows\system32\WS2_32.dll
0x000007feff8a0000 - 0x000007feff8a8000 	C:\Windows\system32\NSI.dll
0x000007fefac10000 - 0x000007fefac4b000 	C:\Windows\system32\WINMM.dll
0x000007fefc870000 - 0x000007fefc87c000 	C:\Windows\system32\VERSION.dll
0x0000000077830000 - 0x0000000077837000 	C:\Windows\system32\PSAPI.DLL
0x0000000073e10000 - 0x0000000073e1f000 	C:\Program Files\Java\jdk1.8.0_77\jre\bin\verify.dll
0x00000000693d0000 - 0x00000000693f9000 	C:\Program Files\Java\jdk1.8.0_77\jre\bin\java.dll
0x0000000070cc0000 - 0x0000000070cd6000 	C:\Program Files\Java\jdk1.8.0_77\jre\bin\zip.dll
0x000007fefdac0000 - 0x000007fefe846000 	C:\Windows\system32\SHELL32.dll
0x000007fefd5d0000 - 0x000007fefd5df000 	C:\Windows\system32\profapi.dll
0x000007fee91e0000 - 0x000007fee92cf000 	C:\Program Files\Java\jdk1.8.0_77\jre\bin\msvcr120.dll
0x000007feec3a0000 - 0x000007feec446000 	C:\Program Files\Java\jdk1.8.0_77\jre\bin\msvcp120.dll
0x0000000068f90000 - 0x0000000068fb3000 	C:\Program Files\Java\jdk1.8.0_77\jre\bin\prism_d3d.dll
0x000007fee8fe0000 - 0x000007fee91df000 	C:\Windows\system32\d3d9.dll
0x000007fefb290000 - 0x000007fefb297000 	C:\Windows\system32\d3d8thk.dll
0x000007fefb6e0000 - 0x000007fefb6f8000 	C:\Windows\system32\dwmapi.dll
0x000007fefbbd0000 - 0x000007fefbc26000 	C:\Windows\system32\uxtheme.dll
0x000007fefa6c0000 - 0x000007fefa82d000 	C:\Windows\system32\nvumdshimx.dll
0x000007fee3a30000 - 0x000007fee5311000 	C:\Windows\system32\igdumdim64.dll
0x000007fee6c10000 - 0x000007fee7070000 	C:\Windows\system32\igdusc64.dll
0x0000000069210000 - 0x0000000069253000 	C:\Program Files\Java\jdk1.8.0_77\jre\bin\glass.dll
0x000007feff8e0000 - 0x000007feff978000 	C:\Windows\system32\COMDLG32.dll
0x000007fefd560000 - 0x000007fefd56f000 	C:\Windows\system32\CRYPTBASE.dll
0x000007fef04c0000 - 0x000007fef04d1000 	C:\Program Files (x86)\MPC Cleaner\MpcSafeDll64.dll
0x0000000068f00000 - 0x0000000068f14000 	C:\Program Files\Java\jdk1.8.0_77\jre\bin\javafx_font.dll
0x000007fee8c40000 - 0x000007fee8dbb000 	C:\Windows\system32\dwrite.dll
0x000007fefe850000 - 0x000007fefe8e9000 	C:\Windows\system32\CLBCatQ.DLL
0x000007fefb520000 - 0x000007fefb64a000 	C:\Windows\system32\WindowsCodecs.dll
0x000007fefd420000 - 0x000007fefd477000 	C:\Windows\system32\apphelp.dll
0x000007fef7ff0000 - 0x000007fef8030000 	C:\Program Files (x86)\Dropbox\Client\DropboxExt64.34.dll
0x0000000073060000 - 0x0000000073116000 	C:\Program Files\AVAST Software\Avast\ashShA64.dll
0x000007fef77e0000 - 0x000007fef7af6000 	C:\Windows\system32\msi.dll
0x000007fef75b0000 - 0x000007fef75e5000 	C:\Windows\system32\EhStorShell.dll
0x000007fefbfc0000 - 0x000007fefc0ec000 	C:\Windows\system32\PROPSYS.dll
0x000007fef6ed0000 - 0x000007fef7542000 	C:\PROGRA~1\MICROS~2\Office14\GROOVEEX.DLL
0x0000000072fc0000 - 0x000000007305d000 	C:\Windows\WinSxS\amd64_microsoft.vc90.crt_1fc8b3b9a1e18e3b_9.0.30729.4926_none_08e1a05ba83fe554\MSVCR90.dll
0x0000000072ee0000 - 0x0000000072fb3000 	C:\Windows\WinSxS\amd64_microsoft.vc90.crt_1fc8b3b9a1e18e3b_9.0.30729.4926_none_08e1a05ba83fe554\MSVCP90.dll
0x0000000072eb0000 - 0x0000000072edf000 	C:\Windows\WinSxS\amd64_microsoft.vc90.atl_1fc8b3b9a1e18e3b_9.0.30729.4148_none_0a1d2fcba76b3f00\ATL90.DLL
0x000007fef6ac0000 - 0x000007fef6ecf000 	C:\PROGRA~1\COMMON~1\MICROS~1\OFFICE14\Cultures\office.odf
0x000007fef6250000 - 0x000007fef6ab4000 	C:\PROGRA~1\MICROS~2\Office14\1033\GrooveIntlResource.dll
0x000007fefb260000 - 0x000007fefb269000 	C:\Program Files (x86)\Internet Download Manager\IDMShellExt64.dll
0x000007fef3840000 - 0x000007fef38c0000 	C:\Windows\system32\ntshrui.dll
0x000007fefd0c0000 - 0x000007fefd0e3000 	C:\Windows\system32\srvcli.dll
0x000007fef3c40000 - 0x000007fef3c4f000 	C:\Windows\system32\cscapi.dll
0x000007fefb720000 - 0x000007fefb72b000 	C:\Windows\system32\slc.dll
0x000007fef7f60000 - 0x000007fef7f8d000 	C:\Program Files\Common Files\Microsoft Shared\Ink\rtscom.dll
0x0000000068ee0000 - 0x0000000068ef1000 	C:\Program Files\Java\jdk1.8.0_77\jre\bin\prism_common.dll
0x000007feeb630000 - 0x000007feeb755000 	C:\Windows\system32\dbghelp.dll

VM Arguments:
jvm_args: -Dfile.encoding=UTF-8 
java_command: ProgramTiketing.MainTampilan
java_class_path (initial): C:\Users\U53R\Documents\NetBeansProjects\Projkt\build\classes
Launcher Type: SUN_STANDARD

Environment Variables:
PATH=C:\ProgramData\Oracle\Java\javapath;C:\Windows\system32;C:\Windows;C:\Windows\System32\Wbem;C:\Windows\System32\WindowsPowerShell\v1.0\;C:\Program Files (x86)\Java\jre7\bin
USERNAME=U53R
OS=Windows_NT
PROCESSOR_IDENTIFIER=Intel64 Family 6 Model 69 Stepping 1, GenuineIntel



---------------  S Y S T E M  ---------------

OS: Windows 7 , 64 bit Build 7600 (6.1.7600.16385)

CPU:total 4 (2 cores per cpu, 2 threads per core) family 6 model 69 stepping 1, cmov, cx8, fxsr, mmx, sse, sse2, sse3, ssse3, sse4.1, sse4.2, popcnt, aes, clmul, erms, lzcnt, ht, tsc, tscinvbit, bmi1, bmi2

Memory: 4k page, physical 4080780k(1204400k free), swap 8159664k(3360572k free)

vm_info: Java HotSpot(TM) 64-Bit Server VM (25.77-b03) for windows-amd64 JRE (1.8.0_77-b03), built on Mar 20 2016 22:01:33 by "java_re" with MS VC++ 10.0 (VS2010)

time: Wed Jun 08 14:42:05 2016
elapsed time: 5 seconds (0d 0h 0m 5s)

