#
# A fatal error has been detected by the Java Runtime Environment:
#
#  EXCEPTION_ILLEGAL_INSTRUCTION (0xc000001d) at pc=0x000007fee97a5c01, pid=2592, tid=5412
#
# JRE version: Java(TM) SE Runtime Environment (8.0_77-b03) (build 1.8.0_77-b03)
# Java VM: Java HotSpot(TM) 64-Bit Server VM (25.77-b03 mixed mode windows-amd64 compressed oops)
# Problematic frame:
# C  [msvcr120.dll+0x95c01]
#
# Failed to write core dump. Minidumps are not enabled by default on client versions of Windows
#
# If you would like to submit a bug report, please visit:
#   http://bugreport.java.com/bugreport/crash.jsp
# The crash happened outside the Java Virtual Machine in native code.
# See problematic frame for where to report the bug.
#

---------------  T H R E A D  ---------------

Current thread (0x0000000007c2f800):  JavaThread "QuantumRenderer-0" daemon [_thread_in_native, id=5412, stack(0x0000000007ca0000,0x0000000007da0000)]

siginfo: ExceptionCode=0xc000001d

Registers:
RAX=0x3fa0000000000000, RBX=0x0000000000000004, RCX=0x3fa0e05e721abad0, RDX=0x7ff0000000000000
RSP=0x0000000007d9c210, RBP=0x0000000007d9ca40, RSI=0x0000000007d9ca40, RDI=0x0000000000000004
R8 =0x8000000000000000, R9 =0x0000000002f8d1f0, R10=0x000000000000000c, R11=0x0000000000000000
R12=0x0000000002f8d1f0, R13=0x0000000002f8d050, R14=0x00000000ec232ec4, R15=0x0000000000000004
RIP=0x000007fee97a5c01, EFLAGS=0x0000000000010202

Top of Stack: (sp=0x0000000007d9c210)
0x0000000007d9c210:   000000000f2e8790 0000000000344550
0x0000000007d9c220:   0000000000344550 000000000a2631e0
0x0000000007d9c230:   000000000a2afbb2 0000000000000010
0x0000000007d9c240:   0000000000000029 0000000000340158
0x0000000007d9c250:   0000000077487288 0000000000344550
0x0000000007d9c260:   0000000000000060 0000000000340230
0x0000000007d9c270:   0000000000000001 000000000a1c0000
0x0000000007d9c280:   0000000007d9c501 0000000000340230
0x0000000007d9c290:   3fc73d280bfc767b 0000000000000000
0x0000000007d9c2a0:   bee05c8a4573aff8 0000000000000000
0x0000000007d9c2b0:   000000000041bb80 0000000000344550
0x0000000007d9c2c0:   0000000007c0da00 00000000000002a7
0x0000000007d9c2d0:   0000000002f8c3f0 0000000002f83318
0x0000000007d9c2e0:   3fa0e05e721abad0 3fa0e05e721abad0
0x0000000007d9c2f0:   3fc73d280bfc767b 000000000a2baac0
0x0000000007d9c300:   0000000000000000 00000000000003ff 

Instructions: (pc=0x000007fee97a5c01)
0x000007fee97a5be1:   0f 10 d0 f2 0f 10 44 24 10 f2 0f 10 4c 24 20 44
0x000007fee97a5bf1:   8b 0d 15 26 02 00 e8 34 c7 00 00 e9 72 f8 ff ff
0x000007fee97a5c01:   c5 fb 11 44 24 10 c5 fb 11 4c 24 20 48 8b 54 24
0x000007fee97a5c11:   10 4c 8b 44 24 20 4c 8b 15 4a 26 02 00 4d 23 d0 


Register to memory mapping:

RAX=0x3fa0000000000000 is an unknown value
RBX=0x0000000000000004 is an unknown value
RCX=0x3fa0e05e721abad0 is an unknown value
RDX=0x7ff0000000000000 is an unknown value
RSP=0x0000000007d9c210 is pointing into the stack for thread: 0x0000000007c2f800
RBP=0x0000000007d9ca40 is pointing into the stack for thread: 0x0000000007c2f800
RSI=0x0000000007d9ca40 is pointing into the stack for thread: 0x0000000007c2f800
RDI=0x0000000000000004 is an unknown value
R8 =0x8000000000000000 is an unknown value
R9 =0x0000000002f8d1f0 is an unknown value
R10=0x000000000000000c is an unknown value
R11=0x0000000000000000 is an unknown value
R12=0x0000000002f8d1f0 is an unknown value
R13=0x0000000002f8d050 is an unknown value
R14=0x00000000ec232ec4 is an unknown value
R15=0x0000000000000004 is an unknown value


Stack: [0x0000000007ca0000,0x0000000007da0000],  sp=0x0000000007d9c210,  free space=1008k
Native frames: (J=compiled Java code, j=interpreted, Vv=VM code, C=native code)
C  [msvcr120.dll+0x95c01]
C  [prism_common.dll+0x3318]
C  [prism_common.dll+0x1abc]
C  [prism_common.dll+0x1128]
C  [prism_common.dll+0x8b7e]
C  [prism_common.dll+0x669e]
C  [prism_common.dll+0x49af]
C  [prism_common.dll+0x4649]
C  0x000000000f025854

Java frames: (J=compiled Java code, j=interpreted, Vv=VM code)
j  com.sun.prism.impl.shape.NativePiscesRasterizer.produceStrokeAlphas([F[BIFIIF[FFDDDDDD[I[B)V+0
j  com.sun.prism.impl.shape.NativePiscesRasterizer.getMaskData(Lcom/sun/javafx/geom/Shape;Lcom/sun/prism/BasicStroke;Lcom/sun/javafx/geom/RectBounds;Lcom/sun/javafx/geom/transform/BaseTransform;ZZ)Lcom/sun/prism/impl/shape/MaskData;+487
j  com.sun.prism.impl.shape.ShapeUtil.rasterizeShape(Lcom/sun/javafx/geom/Shape;Lcom/sun/prism/BasicStroke;Lcom/sun/javafx/geom/RectBounds;Lcom/sun/javafx/geom/transform/BaseTransform;ZZ)Lcom/sun/prism/impl/shape/MaskData;+11
j  com.sun.prism.impl.ps.BaseShaderGraphics.renderShape(Lcom/sun/javafx/geom/Shape;Lcom/sun/prism/BasicStroke;FFFF)V+40
j  com.sun.prism.impl.BaseGraphics.draw(Lcom/sun/javafx/geom/Shape;)V+136
j  com.sun.javafx.sg.prism.NGRegion.renderBorderRectangle(Lcom/sun/prism/Graphics;)V+1320
j  com.sun.javafx.sg.prism.NGRegion.renderAsRectangle(Lcom/sun/prism/Graphics;)V+27
j  com.sun.javafx.sg.prism.NGRegion.renderContent(Lcom/sun/prism/Graphics;)V+106
j  com.sun.javafx.sg.prism.NGNode.doRender(Lcom/sun/prism/Graphics;)V+330
j  com.sun.javafx.sg.prism.NGNode.render(Lcom/sun/prism/Graphics;)V+34
j  com.sun.javafx.sg.prism.NGGroup.renderContent(Lcom/sun/prism/Graphics;)V+160
j  com.sun.javafx.sg.prism.NGRegion.renderContent(Lcom/sun/prism/Graphics;)V+111
j  com.sun.javafx.sg.prism.NGNode.doRender(Lcom/sun/prism/Graphics;)V+330
j  com.sun.javafx.sg.prism.NGNode.render(Lcom/sun/prism/Graphics;)V+34
j  com.sun.javafx.sg.prism.NGGroup.renderContent(Lcom/sun/prism/Graphics;)V+160
j  com.sun.javafx.sg.prism.NGRegion.renderContent(Lcom/sun/prism/Graphics;)V+111
j  com.sun.javafx.sg.prism.NGNode.doRender(Lcom/sun/prism/Graphics;)V+330
j  com.sun.javafx.sg.prism.NGNode.render(Lcom/sun/prism/Graphics;)V+34
j  com.sun.javafx.sg.prism.NGGroup.renderContent(Lcom/sun/prism/Graphics;)V+160
j  com.sun.javafx.sg.prism.NGRegion.renderContent(Lcom/sun/prism/Graphics;)V+111
j  com.sun.javafx.sg.prism.NGNode.renderForClip(Lcom/sun/prism/Graphics;)V+17
j  com.sun.javafx.sg.prism.NGNode.renderRectClip(Lcom/sun/prism/Graphics;Lcom/sun/javafx/sg/prism/NGRectangle;)V+106
j  com.sun.javafx.sg.prism.NGNode.renderClip(Lcom/sun/prism/Graphics;)V+83
j  com.sun.javafx.sg.prism.CacheFilter.impl_renderNodeToCache(Lcom/sun/scenario/effect/ImageData;Lcom/sun/javafx/geom/Rectangle;Lcom/sun/javafx/geom/transform/BaseTransform;Lcom/sun/javafx/geom/Rectangle;)V+150
j  com.sun.javafx.sg.prism.CacheFilter.render(Lcom/sun/prism/Graphics;)V+344
j  com.sun.javafx.sg.prism.NGNode.renderCached(Lcom/sun/prism/Graphics;)V+31
j  com.sun.javafx.sg.prism.NGNode.doRender(Lcom/sun/prism/Graphics;)V+260
j  com.sun.javafx.sg.prism.NGNode.render(Lcom/sun/prism/Graphics;)V+34
j  com.sun.javafx.sg.prism.NGGroup.renderContent(Lcom/sun/prism/Graphics;)V+160
j  com.sun.javafx.sg.prism.NGRegion.renderContent(Lcom/sun/prism/Graphics;)V+111
j  com.sun.javafx.sg.prism.NGNode.doRender(Lcom/sun/prism/Graphics;)V+330
j  com.sun.javafx.sg.prism.NGNode.render(Lcom/sun/prism/Graphics;)V+34
j  com.sun.javafx.sg.prism.NGGroup.renderContent(Lcom/sun/prism/Graphics;)V+160
j  com.sun.javafx.sg.prism.NGRegion.renderContent(Lcom/sun/prism/Graphics;)V+111
j  com.sun.javafx.sg.prism.NGNode.renderForClip(Lcom/sun/prism/Graphics;)V+17
j  com.sun.javafx.sg.prism.NGNode.renderRectClip(Lcom/sun/prism/Graphics;Lcom/sun/javafx/sg/prism/NGRectangle;)V+106
j  com.sun.javafx.sg.prism.NGNode.renderClip(Lcom/sun/prism/Graphics;)V+83
j  com.sun.javafx.sg.prism.NGNode.doRender(Lcom/sun/prism/Graphics;)V+285
j  com.sun.javafx.sg.prism.NGNode.render(Lcom/sun/prism/Graphics;)V+34
j  com.sun.javafx.sg.prism.NGGroup.renderContent(Lcom/sun/prism/Graphics;)V+160
j  com.sun.javafx.sg.prism.NGRegion.renderContent(Lcom/sun/prism/Graphics;)V+111
j  com.sun.javafx.sg.prism.NGNode.renderForClip(Lcom/sun/prism/Graphics;)V+17
j  com.sun.javafx.sg.prism.NGNode.renderRectClip(Lcom/sun/prism/Graphics;Lcom/sun/javafx/sg/prism/NGRectangle;)V+106
j  com.sun.javafx.sg.prism.NGNode.renderClip(Lcom/sun/prism/Graphics;)V+83
j  com.sun.javafx.sg.prism.NGNode.doRender(Lcom/sun/prism/Graphics;)V+285
j  com.sun.javafx.sg.prism.NGNode.render(Lcom/sun/prism/Graphics;)V+34
j  com.sun.javafx.sg.prism.NGGroup.renderContent(Lcom/sun/prism/Graphics;)V+160
j  com.sun.javafx.sg.prism.NGRegion.renderContent(Lcom/sun/prism/Graphics;)V+111
j  com.sun.javafx.sg.prism.NGNode.doRender(Lcom/sun/prism/Graphics;)V+330
j  com.sun.javafx.sg.prism.NGNode.render(Lcom/sun/prism/Graphics;)V+34
j  com.sun.javafx.tk.quantum.ViewPainter.doPaint(Lcom/sun/prism/Graphics;Lcom/sun/javafx/sg/prism/NodePath;)V+201
j  com.sun.javafx.tk.quantum.ViewPainter.paintImpl(Lcom/sun/prism/Graphics;)V+982
j  com.sun.javafx.tk.quantum.PresentingPainter.run()V+326
j  java.util.concurrent.Executors$RunnableAdapter.call()Ljava/lang/Object;+4
j  java.util.concurrent.FutureTask.runAndReset()Z+47
j  com.sun.javafx.tk.RenderJob.run()V+1
j  java.util.concurrent.ThreadPoolExecutor.runWorker(Ljava/util/concurrent/ThreadPoolExecutor$Worker;)V+95
j  java.util.concurrent.ThreadPoolExecutor$Worker.run()V+5
j  com.sun.javafx.tk.quantum.QuantumRenderer$PipelineRunnable.run()V+8
j  java.lang.Thread.run()V+11
v  ~StubRoutines::call_stub

---------------  P R O C E S S  ---------------

Java Threads: ( => current thread )
  0x000000005e3be000 JavaThread "Prism Font Disposer" daemon [_thread_blocked, id=6576, stack(0x000000005f240000,0x000000005f340000)]
  0x000000000820b000 JavaThread "JavaFX-Launcher" [_thread_blocked, id=4368, stack(0x000000000a9e0000,0x000000000aae0000)]
  0x00000000081f7800 JavaThread "Thread-2" daemon [_thread_in_native, id=2536, stack(0x000000000a8e0000,0x000000000a9e0000)]
  0x00000000081c8000 JavaThread "JavaFX Application Thread" [_thread_blocked, id=3616, stack(0x0000000008e30000,0x0000000008f30000)]
  0x00000000081c7800 JavaThread "Thread-1" daemon [_thread_blocked, id=6448, stack(0x0000000008bd0000,0x0000000008cd0000)]
=>0x0000000007c2f800 JavaThread "QuantumRenderer-0" daemon [_thread_in_native, id=5412, stack(0x0000000007ca0000,0x0000000007da0000)]
  0x00000000078bc800 JavaThread "Service Thread" daemon [_thread_blocked, id=220, stack(0x0000000007f00000,0x0000000008000000)]
  0x0000000005e46000 JavaThread "C1 CompilerThread2" daemon [_thread_blocked, id=6844, stack(0x0000000007df0000,0x0000000007ef0000)]
  0x0000000005e44800 JavaThread "C2 CompilerThread1" daemon [_thread_blocked, id=6256, stack(0x0000000007730000,0x0000000007830000)]
  0x0000000005e3f800 JavaThread "C2 CompilerThread0" daemon [_thread_blocked, id=6292, stack(0x0000000007620000,0x0000000007720000)]
  0x0000000005e4d800 JavaThread "Attach Listener" daemon [_thread_blocked, id=1848, stack(0x0000000007330000,0x0000000007430000)]
  0x0000000005e4c000 JavaThread "Signal Dispatcher" daemon [_thread_blocked, id=4540, stack(0x0000000007430000,0x0000000007530000)]
  0x0000000005e28800 JavaThread "Finalizer" daemon [_thread_blocked, id=6616, stack(0x0000000007160000,0x0000000007260000)]
  0x0000000005de1800 JavaThread "Reference Handler" daemon [_thread_blocked, id=3532, stack(0x0000000006eb0000,0x0000000006fb0000)]
  0x0000000001f5d800 JavaThread "main" [_thread_blocked, id=2300, stack(0x00000000024b0000,0x00000000025b0000)]

Other Threads:
  0x0000000005dda000 VMThread [stack: 0x0000000006db0000,0x0000000006eb0000] [id=6568]
  0x00000000078e4000 WatcherThread [stack: 0x00000000080c0000,0x00000000081c0000] [id=4108]

VM state:not at safepoint (normal execution)

VM Mutex/Monitor currently owned by a thread: None

Heap:
 PSYoungGen      total 18944K, used 17648K [0x00000000eb380000, 0x00000000ed880000, 0x0000000100000000)
  eden space 16384K, 92% used [0x00000000eb380000,0x00000000ec243a90,0x00000000ec380000)
  from space 2560K, 98% used [0x00000000ec380000,0x00000000ec5f88c0,0x00000000ec600000)
  to   space 2560K, 0% used [0x00000000ed600000,0x00000000ed600000,0x00000000ed880000)
 ParOldGen       total 44032K, used 7823K [0x00000000c1a00000, 0x00000000c4500000, 0x00000000eb380000)
  object space 44032K, 17% used [0x00000000c1a00000,0x00000000c21a3d98,0x00000000c4500000)
 Metaspace       used 17350K, capacity 18418K, committed 18560K, reserved 1064960K
  class space    used 2620K, capacity 2837K, committed 2944K, reserved 1048576K

Card table byte_map: [0x0000000002c40000,0x0000000002e40000] byte_map_base: 0x0000000002633000

Marking Bits: (ParMarkBitMap*) 0x0000000063cd0600
 Begin Bits: [0x0000000003320000, 0x00000000042b8000)
 End Bits:   [0x00000000042b8000, 0x0000000005250000)

Polling page: 0x0000000000330000

CodeCache: size=245760Kb used=6799Kb max_used=6799Kb free=238960Kb
 bounds [0x000000000f010000, 0x000000000f6c0000, 0x000000001e010000]
 total_blobs=2738 nmethods=2086 adapters=564
 compilation: enabled

Compilation events (10 events):
Event: 3.155 Thread 0x0000000005e46000 nmethod 2080 0x000000000f6b5bd0 code [0x000000000f6b5d20, 0x000000000f6b5e30]
Event: 3.155 Thread 0x0000000005e46000 2081       1       com.sun.prism.impl.GlyphCache$GlyphData::getOriginY (5 bytes)
Event: 3.156 Thread 0x0000000005e46000 nmethod 2081 0x000000000f6b5e90 code [0x000000000f6b5fe0, 0x000000000f6b60f0]
Event: 3.156 Thread 0x0000000005e46000 2082       1       com.sun.javafx.font.PrismFontStrike::getFontResource (5 bytes)
Event: 3.156 Thread 0x0000000005e46000 nmethod 2082 0x000000000f6b6150 code [0x000000000f6b62a0, 0x000000000f6b63b0]
Event: 3.156 Thread 0x0000000005e46000 2083       3       com.sun.prism.impl.ManagedResource::getResource (9 bytes)
Event: 3.156 Thread 0x0000000005e46000 nmethod 2083 0x000000000f6b6410 code [0x000000000f6b6580, 0x000000000f6b68c8]
Event: 3.157 Thread 0x0000000005e46000 2084       3       com.sun.prism.d3d.D3DContext::validate (58 bytes)
Event: 3.157 Thread 0x0000000005e46000 nmethod 2084 0x000000000f6b6a10 code [0x000000000f6b6b60, 0x000000000f6b6cb0]
Event: 3.157 Thread 0x0000000005e46000 2085       3       com.sun.javafx.font.CompositeStrike::getStrikeSlot (165 bytes)

GC Heap History (6 events):
Event: 0.945 GC heap before
{Heap before GC invocations=1 (full 0):
 PSYoungGen      total 18944K, used 16161K [0x00000000eb380000, 0x00000000ec880000, 0x0000000100000000)
  eden space 16384K, 98% used [0x00000000eb380000,0x00000000ec3484c0,0x00000000ec380000)
  from space 2560K, 0% used [0x00000000ec600000,0x00000000ec600000,0x00000000ec880000)
  to   space 2560K, 0% used [0x00000000ec380000,0x00000000ec380000,0x00000000ec600000)
 ParOldGen       total 44032K, used 0K [0x00000000c1a00000, 0x00000000c4500000, 0x00000000eb380000)
  object space 44032K, 0% used [0x00000000c1a00000,0x00000000c1a00000,0x00000000c4500000)
 Metaspace       used 9534K, capacity 10006K, committed 10240K, reserved 1058816K
  class space    used 1328K, capacity 1459K, committed 1536K, reserved 1048576K
Event: 0.952 GC heap after
Heap after GC invocations=1 (full 0):
 PSYoungGen      total 18944K, used 2530K [0x00000000eb380000, 0x00000000ec880000, 0x0000000100000000)
  eden space 16384K, 0% used [0x00000000eb380000,0x00000000eb380000,0x00000000ec380000)
  from space 2560K, 98% used [0x00000000ec380000,0x00000000ec5f88c0,0x00000000ec600000)
  to   space 2560K, 0% used [0x00000000ec600000,0x00000000ec600000,0x00000000ec880000)
 ParOldGen       total 44032K, used 128K [0x00000000c1a00000, 0x00000000c4500000, 0x00000000eb380000)
  object space 44032K, 0% used [0x00000000c1a00000,0x00000000c1a20000,0x00000000c4500000)
 Metaspace       used 9534K, capacity 10006K, committed 10240K, reserved 1058816K
  class space    used 1328K, capacity 1459K, committed 1536K, reserved 1048576K
}
Event: 1.895 GC heap before
{Heap before GC invocations=2 (full 0):
 PSYoungGen      total 18944K, used 18914K [0x00000000eb380000, 0x00000000ec880000, 0x0000000100000000)
  eden space 16384K, 100% used [0x00000000eb380000,0x00000000ec380000,0x00000000ec380000)
  from space 2560K, 98% used [0x00000000ec380000,0x00000000ec5f88c0,0x00000000ec600000)
  to   space 2560K, 0% used [0x00000000ec600000,0x00000000ec600000,0x00000000ec880000)
 ParOldGen       total 44032K, used 128K [0x00000000c1a00000, 0x00000000c4500000, 0x00000000eb380000)
  object space 44032K, 0% used [0x00000000c1a00000,0x00000000c1a20000,0x00000000c4500000)
 Metaspace       used 13826K, capacity 14552K, committed 14720K, reserved 1062912K
  class space    used 1996K, capacity 2174K, committed 2176K, reserved 1048576K
Event: 1.915 GC heap after
Heap after GC invocations=2 (full 0):
 PSYoungGen      total 18944K, used 2554K [0x00000000eb380000, 0x00000000ed880000, 0x0000000100000000)
  eden space 16384K, 0% used [0x00000000eb380000,0x00000000eb380000,0x00000000ec380000)
  from space 2560K, 99% used [0x00000000ec600000,0x00000000ec87eb90,0x00000000ec880000)
  to   space 2560K, 0% used [0x00000000ec380000,0x00000000ec380000,0x00000000ec600000)
 ParOldGen       total 44032K, used 2099K [0x00000000c1a00000, 0x00000000c4500000, 0x00000000eb380000)
  object space 44032K, 4% used [0x00000000c1a00000,0x00000000c1c0cee0,0x00000000c4500000)
 Metaspace       used 13826K, capacity 14552K, committed 14720K, reserved 1062912K
  class space    used 1996K, capacity 2174K, committed 2176K, reserved 1048576K
}
Event: 2.572 GC heap before
{Heap before GC invocations=3 (full 0):
 PSYoungGen      total 18944K, used 18938K [0x00000000eb380000, 0x00000000ed880000, 0x0000000100000000)
  eden space 16384K, 100% used [0x00000000eb380000,0x00000000ec380000,0x00000000ec380000)
  from space 2560K, 99% used [0x00000000ec600000,0x00000000ec87eb90,0x00000000ec880000)
  to   space 2560K, 0% used [0x00000000ec380000,0x00000000ec380000,0x00000000ec600000)
 ParOldGen       total 44032K, used 2099K [0x00000000c1a00000, 0x00000000c4500000, 0x00000000eb380000)
  object space 44032K, 4% used [0x00000000c1a00000,0x00000000c1c0cee0,0x00000000c4500000)
 Metaspace       used 16143K, capacity 17172K, committed 17280K, reserved 1064960K
  class space    used 2480K, capacity 2682K, committed 2688K, reserved 1048576K
Event: 2.582 GC heap after
Heap after GC invocations=3 (full 0):
 PSYoungGen      total 18944K, used 2530K [0x00000000eb380000, 0x00000000ed880000, 0x0000000100000000)
  eden space 16384K, 0% used [0x00000000eb380000,0x00000000eb380000,0x00000000ec380000)
  from space 2560K, 98% used [0x00000000ec380000,0x00000000ec5f88c0,0x00000000ec600000)
  to   space 2560K, 0% used [0x00000000ed600000,0x00000000ed600000,0x00000000ed880000)
 ParOldGen       total 44032K, used 7823K [0x00000000c1a00000, 0x00000000c4500000, 0x00000000eb380000)
  object space 44032K, 17% used [0x00000000c1a00000,0x00000000c21a3d98,0x00000000c4500000)
 Metaspace       used 16143K, capacity 17172K, committed 17280K, reserved 1064960K
  class space    used 2480K, capacity 2682K, committed 2688K, reserved 1048576K
}

Deoptimization events (10 events):
Event: 2.122 Thread 0x00000000081c8000 Uncommon trap: reason=array_check action=maybe_recompile pc=0x000000000f4c6220 method=com.sun.javafx.css.CompoundSelector.applies(Ljavafx/css/Styleable;[Ljava/util/Set;I)Z @ 128
Event: 2.243 Thread 0x00000000081c8000 Uncommon trap: reason=unstable_if action=reinterpret pc=0x000000000f2f505c method=sun.net.www.ParseUtil.encodePath(Ljava/lang/String;Z)Ljava/lang/String; @ 109
Event: 2.293 Thread 0x00000000081c8000 Uncommon trap: reason=bimorphic action=maybe_recompile pc=0x000000000f475cec method=java.util.HashMap.putVal(ILjava/lang/Object;Ljava/lang/Object;ZZ)Ljava/lang/Object; @ 203
Event: 2.358 Thread 0x00000000081c8000 Uncommon trap: reason=unstable_if action=reinterpret pc=0x000000000f431c50 method=com.sun.javafx.css.BitSet.add(Ljava/lang/Object;)Z @ 91
Event: 2.412 Thread 0x00000000081c8000 Uncommon trap: reason=unstable_if action=reinterpret pc=0x000000000f45be00 method=java.io.ByteArrayInputStream.read()I @ 8
Event: 2.728 Thread 0x00000000081c8000 Uncommon trap: reason=unstable_if action=reinterpret pc=0x000000000f544984 method=java.util.WeakHashMap.expungeStaleEntries()V @ 9
Event: 2.741 Thread 0x00000000081c8000 Uncommon trap: reason=unstable_if action=reinterpret pc=0x000000000f3301bc method=sun.misc.URLClassPath$JarLoader.ensureOpen()V @ 4
Event: 2.962 Thread 0x00000000081c8000 Uncommon trap: reason=unstable_if action=reinterpret pc=0x000000000f64e758 method=javafx.scene.CssStyleHelper.canReuseStyleHelper(Ljavafx/scene/Node;Lcom/sun/javafx/css/StyleMap;)Z @ 178
Event: 3.037 Thread 0x00000000081c8000 Uncommon trap: reason=unstable_if action=reinterpret pc=0x000000000f56bb3c method=jdk.internal.org.objectweb.asm.Item.isEqualTo(Ljdk/internal/org/objectweb/asm/Item;)Z @ 331
Event: 3.063 Thread 0x0000000007c2f800 Uncommon trap: reason=unstable_if action=reinterpret pc=0x000000000f5d4b2c method=java.io.BufferedInputStream.read1([BII)I @ 60

Internal exceptions (10 events):
Event: 1.308 Thread 0x00000000081c8000 Implicit null exception at 0x000000000f2fdeeb to 0x000000000f2fe259
Event: 1.468 Thread 0x00000000081c8000 Exception <a 'java/io/FileNotFoundException'> (0x00000000ebc7bf78) thrown at [D:\re\workspace\8-2-build-windows-amd64-cygwin\jdk8u77\6540\hotspot\src\share\vm\prims\jni.cpp, line 709]
Event: 1.730 Thread 0x00000000081c8000 Exception <a 'java/io/FileNotFoundException'> (0x00000000ec03e1a8) thrown at [D:\re\workspace\8-2-build-windows-amd64-cygwin\jdk8u77\6540\hotspot\src\share\vm\prims\jni.cpp, line 709]
Event: 1.733 Thread 0x00000000081c8000 Implicit null exception at 0x000000000f381c86 to 0x000000000f382295
Event: 1.740 Thread 0x00000000081c8000 Exception <a 'java/io/FileNotFoundException'> (0x00000000ec063f80) thrown at [D:\re\workspace\8-2-build-windows-amd64-cygwin\jdk8u77\6540\hotspot\src\share\vm\prims\jni.cpp, line 709]
Event: 1.744 Thread 0x00000000081c8000 Implicit null exception at 0x000000000f37903a to 0x000000000f3792fd
Event: 1.748 Thread 0x00000000081c8000 Exception <a 'java/io/FileNotFoundException'> (0x00000000ec083198) thrown at [D:\re\workspace\8-2-build-windows-amd64-cygwin\jdk8u77\6540\hotspot\src\share\vm\prims\jni.cpp, line 709]
Event: 1.750 Thread 0x00000000081c8000 Implicit null exception at 0x000000000f38e9c5 to 0x000000000f38ec65
Event: 1.939 Thread 0x00000000081c8000 Implicit null exception at 0x000000000f424ad6 to 0x000000000f424b65
Event: 2.741 Thread 0x00000000081c8000 Implicit null exception at 0x000000000f32f14a to 0x000000000f330195

Events (10 events):
Event: 3.119 loading class com/sun/javafx/image/impl/ByteGray
Event: 3.119 loading class com/sun/javafx/image/impl/ByteGray done
Event: 3.119 loading class com/sun/javafx/image/impl/ByteGray$Accessor
Event: 3.119 loading class com/sun/javafx/image/impl/ByteGray$Accessor done
Event: 3.119 loading class com/sun/javafx/image/impl/BaseByteToByteConverter$ByteAnyToSameConverter
Event: 3.119 loading class com/sun/javafx/image/impl/BaseByteToByteConverter$ByteAnyToSameConverter done
Event: 3.123 loading class com/sun/prism/MultiTexture
Event: 3.123 loading class com/sun/prism/MultiTexture done
Event: 3.124 loading class com/sun/prism/shader/Solid_TextureRGB_Loader
Event: 3.124 loading class com/sun/prism/shader/Solid_TextureRGB_Loader done


Dynamic libraries:
0x000000013f320000 - 0x000000013f357000 	C:\Program Files\Java\jdk1.8.0_77\bin\java.exe
0x0000000077370000 - 0x000000007751b000 	C:\Windows\SYSTEM32\ntdll.dll
0x0000000077150000 - 0x000000007726f000 	C:\Windows\system32\kernel32.dll
0x000007fefd530000 - 0x000007fefd59b000 	C:\Windows\system32\KERNELBASE.dll
0x000007fefdca0000 - 0x000007fefdd7b000 	C:\Windows\system32\ADVAPI32.dll
0x000007fefd890000 - 0x000007fefd92f000 	C:\Windows\system32\msvcrt.dll
0x000007fefd740000 - 0x000007fefd75f000 	C:\Windows\SYSTEM32\sechost.dll
0x000007feff540000 - 0x000007feff66e000 	C:\Windows\system32\RPCRT4.dll
0x0000000077270000 - 0x000000007736a000 	C:\Windows\system32\USER32.dll
0x000007feff4d0000 - 0x000007feff537000 	C:\Windows\system32\GDI32.dll
0x000007feff670000 - 0x000007feff67e000 	C:\Windows\system32\LPK.dll
0x000007feff280000 - 0x000007feff34a000 	C:\Windows\system32\USP10.dll
0x000007fefba50000 - 0x000007fefbc44000 	C:\Windows\WinSxS\amd64_microsoft.windows.common-controls_6595b64144ccf1df_6.0.7600.16385_none_fa645303170382f6\COMCTL32.dll
0x000007fefd930000 - 0x000007fefd9a1000 	C:\Windows\system32\SHLWAPI.dll
0x000007feff250000 - 0x000007feff27e000 	C:\Windows\system32\IMM32.DLL
0x000007fefed80000 - 0x000007fefee89000 	C:\Windows\system32\MSCTF.dll
0x000007fefd290000 - 0x000007fefd2c1000 	C:\Windows\system32\nvinitx.dll
0x000000000f000000 - 0x000000000f006000 	C:\Program Files\NVIDIA Corporation\CoProcManager\_etoured.dll
0x000007fefaa70000 - 0x000007fefaacf000 	C:\Program Files\NVIDIA Corporation\CoProcManager\nvd3d9wrapx.dll
0x000007fefdac0000 - 0x000007fefdc97000 	C:\Windows\system32\SETUPAPI.dll
0x000007fefd660000 - 0x000007fefd696000 	C:\Windows\system32\CFGMGR32.dll
0x000007fefee90000 - 0x000007fefef67000 	C:\Windows\system32\OLEAUT32.dll
0x000007fefdd80000 - 0x000007fefdf81000 	C:\Windows\system32\ole32.dll
0x000007fefd5a0000 - 0x000007fefd5ba000 	C:\Windows\system32\DEVOBJ.dll
0x000007fefa900000 - 0x000007fefa946000 	C:\Program Files\NVIDIA Corporation\CoProcManager\nvdxgiwrapx.dll
0x00000000700c0000 - 0x0000000070192000 	C:\Program Files\Java\jdk1.8.0_77\jre\bin\msvcr100.dll
0x00000000634c0000 - 0x0000000063d50000 	C:\Program Files\Java\jdk1.8.0_77\jre\bin\server\jvm.dll
0x000007fef30c0000 - 0x000007fef30c9000 	C:\Windows\system32\WSOCK32.dll
0x000007fefdf90000 - 0x000007fefdfdd000 	C:\Windows\system32\WS2_32.dll
0x000007fefed70000 - 0x000007fefed78000 	C:\Windows\system32\NSI.dll
0x000007fefaae0000 - 0x000007fefab1b000 	C:\Windows\system32\WINMM.dll
0x000007fefc570000 - 0x000007fefc57c000 	C:\Windows\system32\VERSION.dll
0x0000000077530000 - 0x0000000077537000 	C:\Windows\system32\PSAPI.DLL
0x0000000070390000 - 0x000000007039f000 	C:\Program Files\Java\jdk1.8.0_77\jre\bin\verify.dll
0x0000000070360000 - 0x0000000070389000 	C:\Program Files\Java\jdk1.8.0_77\jre\bin\java.dll
0x0000000069010000 - 0x0000000069026000 	C:\Program Files\Java\jdk1.8.0_77\jre\bin\zip.dll
0x000007fefdfe0000 - 0x000007fefed66000 	C:\Windows\system32\SHELL32.dll
0x000007fefd2d0000 - 0x000007fefd2df000 	C:\Windows\system32\profapi.dll
0x000007fee9710000 - 0x000007fee97ff000 	C:\Program Files\Java\jdk1.8.0_77\jre\bin\msvcr120.dll
0x000007fee9180000 - 0x000007fee9226000 	C:\Program Files\Java\jdk1.8.0_77\jre\bin\msvcp120.dll
0x0000000001eb0000 - 0x0000000001ed3000 	C:\Program Files\Java\jdk1.8.0_77\jre\bin\prism_d3d.dll
0x000007fee7fc0000 - 0x000007fee81bf000 	C:\Windows\system32\d3d9.dll
0x000007fef41c0000 - 0x000007fef41c7000 	C:\Windows\system32\d3d8thk.dll
0x000007fefb530000 - 0x000007fefb548000 	C:\Windows\system32\dwmapi.dll
0x000007fefb9a0000 - 0x000007fefb9f6000 	C:\Windows\system32\uxtheme.dll
0x000007fefa140000 - 0x000007fefa2ad000 	C:\Windows\system32\nvumdshimx.dll
0x000007fee3970000 - 0x000007fee5251000 	C:\Windows\system32\igdumdim64.dll
0x000007fef7da0000 - 0x000007fef8200000 	C:\Windows\system32\igdusc64.dll
0x0000000001ee0000 - 0x0000000001f23000 	C:\Program Files\Java\jdk1.8.0_77\jre\bin\glass.dll
0x000007fefd6a0000 - 0x000007fefd738000 	C:\Windows\system32\COMDLG32.dll
0x000007fefd1c0000 - 0x000007fefd1cf000 	C:\Windows\system32\CRYPTBASE.dll
0x000007feef450000 - 0x000007feef461000 	C:\Program Files (x86)\MPC Cleaner\MpcSafeDll64.dll
0x0000000071660000 - 0x0000000071674000 	C:\Program Files\Java\jdk1.8.0_77\jre\bin\javafx_font.dll
0x000007fee8320000 - 0x000007fee849b000 	C:\Windows\system32\dwrite.dll
0x000007fefd9d0000 - 0x000007fefda69000 	C:\Windows\system32\CLBCatQ.DLL
0x000007fefb3c0000 - 0x000007fefb4ea000 	C:\Windows\system32\WindowsCodecs.dll
0x000007fefd160000 - 0x000007fefd1b7000 	C:\Windows\system32\apphelp.dll
0x000007fef7d00000 - 0x000007fef7d40000 	C:\Program Files (x86)\Dropbox\Client\DropboxExt64.34.dll
0x0000000072f40000 - 0x0000000072ff6000 	C:\Program Files\AVAST Software\Avast\ashShA64.dll
0x000007fef79e0000 - 0x000007fef7cf6000 	C:\Windows\system32\msi.dll
0x000007fef79a0000 - 0x000007fef79d5000 	C:\Windows\system32\EhStorShell.dll
0x000007fefbd90000 - 0x000007fefbebc000 	C:\Windows\system32\PROPSYS.dll
0x000007fef7320000 - 0x000007fef7992000 	C:\PROGRA~1\MICROS~2\Office14\GROOVEEX.DLL
0x0000000072ea0000 - 0x0000000072f3d000 	C:\Windows\WinSxS\amd64_microsoft.vc90.crt_1fc8b3b9a1e18e3b_9.0.30729.4926_none_08e1a05ba83fe554\MSVCR90.dll
0x0000000072dc0000 - 0x0000000072e93000 	C:\Windows\WinSxS\amd64_microsoft.vc90.crt_1fc8b3b9a1e18e3b_9.0.30729.4926_none_08e1a05ba83fe554\MSVCP90.dll
0x0000000072d90000 - 0x0000000072dbf000 	C:\Windows\WinSxS\amd64_microsoft.vc90.atl_1fc8b3b9a1e18e3b_9.0.30729.4148_none_0a1d2fcba76b3f00\ATL90.DLL
0x000007fef6f10000 - 0x000007fef731f000 	C:\PROGRA~1\COMMON~1\MICROS~1\OFFICE14\Cultures\office.odf
0x000007fef66a0000 - 0x000007fef6f04000 	C:\PROGRA~1\MICROS~2\Office14\1033\GrooveIntlResource.dll
0x000007fefb260000 - 0x000007fefb269000 	C:\Program Files (x86)\Internet Download Manager\IDMShellExt64.dll
0x000007fef3290000 - 0x000007fef3310000 	C:\Windows\system32\ntshrui.dll
0x000007fefcee0000 - 0x000007fefcf03000 	C:\Windows\system32\srvcli.dll
0x000007fef3bf0000 - 0x000007fef3bff000 	C:\Windows\system32\cscapi.dll
0x000007fefb240000 - 0x000007fefb24b000 	C:\Windows\system32\slc.dll
0x000007feed9a0000 - 0x000007feed9cd000 	C:\Program Files\Common Files\Microsoft Shared\Ink\rtscom.dll
0x0000000002f80000 - 0x0000000002f91000 	C:\Program Files\Java\jdk1.8.0_77\jre\bin\prism_common.dll
0x000007feec460000 - 0x000007feec585000 	C:\Windows\system32\dbghelp.dll

VM Arguments:
jvm_args: -Dfile.encoding=UTF-8 
java_command: ProgramTiketing.MainTampilan
java_class_path (initial): C:\Users\U53R\Documents\NetBeansProjects\Projkt\build\classes
Launcher Type: SUN_STANDARD

Environment Variables:
PATH=C:\ProgramData\Oracle\Java\javapath;C:\Windows\system32;C:\Windows;C:\Windows\System32\Wbem;C:\Windows\System32\WindowsPowerShell\v1.0\;C:\Program Files (x86)\Java\jre7\bin
USERNAME=U53R
OS=Windows_NT
PROCESSOR_IDENTIFIER=Intel64 Family 6 Model 69 Stepping 1, GenuineIntel



---------------  S Y S T E M  ---------------

OS: Windows 7 , 64 bit Build 7600 (6.1.7600.16385)

CPU:total 4 (2 cores per cpu, 2 threads per core) family 6 model 69 stepping 1, cmov, cx8, fxsr, mmx, sse, sse2, sse3, ssse3, sse4.1, sse4.2, popcnt, aes, clmul, erms, lzcnt, ht, tsc, tscinvbit, bmi1, bmi2

Memory: 4k page, physical 4080780k(1130460k free), swap 8159664k(4448292k free)

vm_info: Java HotSpot(TM) 64-Bit Server VM (25.77-b03) for windows-amd64 JRE (1.8.0_77-b03), built on Mar 20 2016 22:01:33 by "java_re" with MS VC++ 10.0 (VS2010)

time: Thu Jun 09 21:34:19 2016
elapsed time: 3 seconds (0d 0h 0m 3s)

