#
# A fatal error has been detected by the Java Runtime Environment:
#
#  EXCEPTION_ILLEGAL_INSTRUCTION (0xc000001d) at pc=0x000007fef3075c01, pid=6408, tid=5684
#
# JRE version: Java(TM) SE Runtime Environment (8.0_77-b03) (build 1.8.0_77-b03)
# Java VM: Java HotSpot(TM) 64-Bit Server VM (25.77-b03 mixed mode windows-amd64 compressed oops)
# Problematic frame:
# C  [msvcr120.dll+0x95c01]
#
# Failed to write core dump. Minidumps are not enabled by default on client versions of Windows
#
# If you would like to submit a bug report, please visit:
#   http://bugreport.java.com/bugreport/crash.jsp
# The crash happened outside the Java Virtual Machine in native code.
# See problematic frame for where to report the bug.
#

---------------  T H R E A D  ---------------

Current thread (0x00000000076fc000):  JavaThread "QuantumRenderer-0" daemon [_thread_in_native, id=5684, stack(0x00000000088e0000,0x00000000089e0000)]

siginfo: ExceptionCode=0xc000001d

Registers:
RAX=0x3fa0000000000000, RBX=0x0000000000000004, RCX=0x3fa0e05e721abad0, RDX=0x7ff0000000000000
RSP=0x00000000089dabb0, RBP=0x00000000089db3e0, RSI=0x00000000089db3e0, RDI=0x0000000000000004
R8 =0x8000000000000000, R9 =0x000000000707d1f0, R10=0x000000000000000c, R11=0x0000000000000000
R12=0x000000000707d1f0, R13=0x000000000707d050, R14=0x00000000ec358a64, R15=0x0000000000000004
RIP=0x000007fef3075c01, EFLAGS=0x0000000000010202

Top of Stack: (sp=0x00000000089dabb0)
0x00000000089dabb0:   00000000089dac00 00000000002b0230
0x00000000089dabc0:   00000000002b0230 000000005f7e0080
0x00000000089dabd0:   000000000a4f06a2 0000000000000010
0x00000000089dabe0:   0000000000000000 00000000002b0158
0x00000000089dabf0:   0000000076e87288 00000000002b4550
0x00000000089dac00:   0000000000000060 0000000002160000
0x00000000089dac10:   0000000000000001 000000000a420000
0x00000000089dac20:   00000000089dae01 00000000002b0230
0x00000000089dac30:   3fc73d280bfc767b 0000000000000000
0x00000000089dac40:   bee05c8a4573aff8 0000000000000000
0x00000000089dac50:   000000000038bb80 00000000002b0230
0x00000000089dac60:   0000000000000000 0000000000000004
0x00000000089dac70:   000000000707c3f0 0000000007073318
0x00000000089dac80:   3fa0e05e721abad0 3fa0e05e721abad0
0x00000000089dac90:   3fc73d280bfc767b 000000000a50df50
0x00000000089daca0:   0000000000000000 000000000000002d 

Instructions: (pc=0x000007fef3075c01)
0x000007fef3075be1:   0f 10 d0 f2 0f 10 44 24 10 f2 0f 10 4c 24 20 44
0x000007fef3075bf1:   8b 0d 15 26 02 00 e8 34 c7 00 00 e9 72 f8 ff ff
0x000007fef3075c01:   c5 fb 11 44 24 10 c5 fb 11 4c 24 20 48 8b 54 24
0x000007fef3075c11:   10 4c 8b 44 24 20 4c 8b 15 4a 26 02 00 4d 23 d0 


Register to memory mapping:

RAX=0x3fa0000000000000 is an unknown value
RBX=0x0000000000000004 is an unknown value
RCX=0x3fa0e05e721abad0 is an unknown value
RDX=0x7ff0000000000000 is an unknown value
RSP=0x00000000089dabb0 is pointing into the stack for thread: 0x00000000076fc000
RBP=0x00000000089db3e0 is pointing into the stack for thread: 0x00000000076fc000
RSI=0x00000000089db3e0 is pointing into the stack for thread: 0x00000000076fc000
RDI=0x0000000000000004 is an unknown value
R8 =0x8000000000000000 is an unknown value
R9 =0x000000000707d1f0 is an unknown value
R10=0x000000000000000c is an unknown value
R11=0x0000000000000000 is an unknown value
R12=0x000000000707d1f0 is an unknown value
R13=0x000000000707d050 is an unknown value
R14=0x00000000ec358a64 is an unknown value
R15=0x0000000000000004 is an unknown value


Stack: [0x00000000088e0000,0x00000000089e0000],  sp=0x00000000089dabb0,  free space=1002k
Native frames: (J=compiled Java code, j=interpreted, Vv=VM code, C=native code)
C  [msvcr120.dll+0x95c01]
C  [prism_common.dll+0x3318]
C  [prism_common.dll+0x1abc]
C  [prism_common.dll+0x1128]
C  [prism_common.dll+0x8b7e]
C  [prism_common.dll+0x669e]
C  [prism_common.dll+0x49af]
C  [prism_common.dll+0x4649]
C  0x000000000f025854

Java frames: (J=compiled Java code, j=interpreted, Vv=VM code)
j  com.sun.prism.impl.shape.NativePiscesRasterizer.produceStrokeAlphas([F[BIFIIF[FFDDDDDD[I[B)V+0
j  com.sun.prism.impl.shape.NativePiscesRasterizer.getMaskData(Lcom/sun/javafx/geom/Shape;Lcom/sun/prism/BasicStroke;Lcom/sun/javafx/geom/RectBounds;Lcom/sun/javafx/geom/transform/BaseTransform;ZZ)Lcom/sun/prism/impl/shape/MaskData;+487
j  com.sun.prism.impl.shape.ShapeUtil.rasterizeShape(Lcom/sun/javafx/geom/Shape;Lcom/sun/prism/BasicStroke;Lcom/sun/javafx/geom/RectBounds;Lcom/sun/javafx/geom/transform/BaseTransform;ZZ)Lcom/sun/prism/impl/shape/MaskData;+11
j  com.sun.prism.impl.ps.BaseShaderGraphics.renderShape(Lcom/sun/javafx/geom/Shape;Lcom/sun/prism/BasicStroke;FFFF)V+40
j  com.sun.prism.impl.BaseGraphics.draw(Lcom/sun/javafx/geom/Shape;)V+136
j  com.sun.javafx.sg.prism.NGRegion.renderBorderRectangle(Lcom/sun/prism/Graphics;)V+1320
J 2274 C1 com.sun.javafx.sg.prism.NGRegion.renderContent(Lcom/sun/prism/Graphics;)V (115 bytes) @ 0x000000000f767d34 [0x000000000f767140+0xbf4]
J 2301 C1 com.sun.javafx.sg.prism.NGNode.doRender(Lcom/sun/prism/Graphics;)V (473 bytes) @ 0x000000000f77928c [0x000000000f7774c0+0x1dcc]
J 2157 C1 com.sun.javafx.sg.prism.NGNode.render(Lcom/sun/prism/Graphics;)V (38 bytes) @ 0x000000000f7084b4 [0x000000000f708240+0x274]
J 2273 C1 com.sun.javafx.sg.prism.NGGroup.renderContent(Lcom/sun/prism/Graphics;)V (436 bytes) @ 0x000000000f7631e4 [0x000000000f762440+0xda4]
J 2274 C1 com.sun.javafx.sg.prism.NGRegion.renderContent(Lcom/sun/prism/Graphics;)V (115 bytes) @ 0x000000000f76867c [0x000000000f767140+0x153c]
J 2301 C1 com.sun.javafx.sg.prism.NGNode.doRender(Lcom/sun/prism/Graphics;)V (473 bytes) @ 0x000000000f77928c [0x000000000f7774c0+0x1dcc]
J 2157 C1 com.sun.javafx.sg.prism.NGNode.render(Lcom/sun/prism/Graphics;)V (38 bytes) @ 0x000000000f7084b4 [0x000000000f708240+0x274]
J 2273 C1 com.sun.javafx.sg.prism.NGGroup.renderContent(Lcom/sun/prism/Graphics;)V (436 bytes) @ 0x000000000f7631e4 [0x000000000f762440+0xda4]
J 2274 C1 com.sun.javafx.sg.prism.NGRegion.renderContent(Lcom/sun/prism/Graphics;)V (115 bytes) @ 0x000000000f76867c [0x000000000f767140+0x153c]
J 2301 C1 com.sun.javafx.sg.prism.NGNode.doRender(Lcom/sun/prism/Graphics;)V (473 bytes) @ 0x000000000f77928c [0x000000000f7774c0+0x1dcc]
J 2157 C1 com.sun.javafx.sg.prism.NGNode.render(Lcom/sun/prism/Graphics;)V (38 bytes) @ 0x000000000f7084b4 [0x000000000f708240+0x274]
J 2273 C1 com.sun.javafx.sg.prism.NGGroup.renderContent(Lcom/sun/prism/Graphics;)V (436 bytes) @ 0x000000000f7631e4 [0x000000000f762440+0xda4]
J 2274 C1 com.sun.javafx.sg.prism.NGRegion.renderContent(Lcom/sun/prism/Graphics;)V (115 bytes) @ 0x000000000f76867c [0x000000000f767140+0x153c]
j  com.sun.javafx.sg.prism.NGNode.renderForClip(Lcom/sun/prism/Graphics;)V+17
j  com.sun.javafx.sg.prism.NGNode.renderRectClip(Lcom/sun/prism/Graphics;Lcom/sun/javafx/sg/prism/NGRectangle;)V+106
j  com.sun.javafx.sg.prism.NGNode.renderClip(Lcom/sun/prism/Graphics;)V+83
j  com.sun.javafx.sg.prism.CacheFilter.impl_renderNodeToCache(Lcom/sun/scenario/effect/ImageData;Lcom/sun/javafx/geom/Rectangle;Lcom/sun/javafx/geom/transform/BaseTransform;Lcom/sun/javafx/geom/Rectangle;)V+150
j  com.sun.javafx.sg.prism.CacheFilter.render(Lcom/sun/prism/Graphics;)V+344
j  com.sun.javafx.sg.prism.NGNode.renderCached(Lcom/sun/prism/Graphics;)V+31
J 2301 C1 com.sun.javafx.sg.prism.NGNode.doRender(Lcom/sun/prism/Graphics;)V (473 bytes) @ 0x000000000f778cdc [0x000000000f7774c0+0x181c]
J 2157 C1 com.sun.javafx.sg.prism.NGNode.render(Lcom/sun/prism/Graphics;)V (38 bytes) @ 0x000000000f7084b4 [0x000000000f708240+0x274]
J 2273 C1 com.sun.javafx.sg.prism.NGGroup.renderContent(Lcom/sun/prism/Graphics;)V (436 bytes) @ 0x000000000f7631e4 [0x000000000f762440+0xda4]
J 2274 C1 com.sun.javafx.sg.prism.NGRegion.renderContent(Lcom/sun/prism/Graphics;)V (115 bytes) @ 0x000000000f76867c [0x000000000f767140+0x153c]
J 2301 C1 com.sun.javafx.sg.prism.NGNode.doRender(Lcom/sun/prism/Graphics;)V (473 bytes) @ 0x000000000f77928c [0x000000000f7774c0+0x1dcc]
J 2157 C1 com.sun.javafx.sg.prism.NGNode.render(Lcom/sun/prism/Graphics;)V (38 bytes) @ 0x000000000f7084b4 [0x000000000f708240+0x274]
J 2273 C1 com.sun.javafx.sg.prism.NGGroup.renderContent(Lcom/sun/prism/Graphics;)V (436 bytes) @ 0x000000000f7631e4 [0x000000000f762440+0xda4]
J 2274 C1 com.sun.javafx.sg.prism.NGRegion.renderContent(Lcom/sun/prism/Graphics;)V (115 bytes) @ 0x000000000f76867c [0x000000000f767140+0x153c]
j  com.sun.javafx.sg.prism.NGNode.renderForClip(Lcom/sun/prism/Graphics;)V+17
j  com.sun.javafx.sg.prism.NGNode.renderRectClip(Lcom/sun/prism/Graphics;Lcom/sun/javafx/sg/prism/NGRectangle;)V+106
j  com.sun.javafx.sg.prism.NGNode.renderClip(Lcom/sun/prism/Graphics;)V+83
J 2301 C1 com.sun.javafx.sg.prism.NGNode.doRender(Lcom/sun/prism/Graphics;)V (473 bytes) @ 0x000000000f778f44 [0x000000000f7774c0+0x1a84]
J 2157 C1 com.sun.javafx.sg.prism.NGNode.render(Lcom/sun/prism/Graphics;)V (38 bytes) @ 0x000000000f7084b4 [0x000000000f708240+0x274]
J 2273 C1 com.sun.javafx.sg.prism.NGGroup.renderContent(Lcom/sun/prism/Graphics;)V (436 bytes) @ 0x000000000f7631e4 [0x000000000f762440+0xda4]
J 2274 C1 com.sun.javafx.sg.prism.NGRegion.renderContent(Lcom/sun/prism/Graphics;)V (115 bytes) @ 0x000000000f76867c [0x000000000f767140+0x153c]
j  com.sun.javafx.sg.prism.NGNode.renderForClip(Lcom/sun/prism/Graphics;)V+17
j  com.sun.javafx.sg.prism.NGNode.renderRectClip(Lcom/sun/prism/Graphics;Lcom/sun/javafx/sg/prism/NGRectangle;)V+106
j  com.sun.javafx.sg.prism.NGNode.renderClip(Lcom/sun/prism/Graphics;)V+83
J 2301 C1 com.sun.javafx.sg.prism.NGNode.doRender(Lcom/sun/prism/Graphics;)V (473 bytes) @ 0x000000000f778f44 [0x000000000f7774c0+0x1a84]
J 2157 C1 com.sun.javafx.sg.prism.NGNode.render(Lcom/sun/prism/Graphics;)V (38 bytes) @ 0x000000000f7084b4 [0x000000000f708240+0x274]
J 2273 C1 com.sun.javafx.sg.prism.NGGroup.renderContent(Lcom/sun/prism/Graphics;)V (436 bytes) @ 0x000000000f7631e4 [0x000000000f762440+0xda4]
J 2274 C1 com.sun.javafx.sg.prism.NGRegion.renderContent(Lcom/sun/prism/Graphics;)V (115 bytes) @ 0x000000000f76867c [0x000000000f767140+0x153c]
J 2301 C1 com.sun.javafx.sg.prism.NGNode.doRender(Lcom/sun/prism/Graphics;)V (473 bytes) @ 0x000000000f77928c [0x000000000f7774c0+0x1dcc]
J 2157 C1 com.sun.javafx.sg.prism.NGNode.render(Lcom/sun/prism/Graphics;)V (38 bytes) @ 0x000000000f7084b4 [0x000000000f708240+0x274]
j  com.sun.javafx.tk.quantum.ViewPainter.doPaint(Lcom/sun/prism/Graphics;Lcom/sun/javafx/sg/prism/NodePath;)V+201
j  com.sun.javafx.tk.quantum.ViewPainter.paintImpl(Lcom/sun/prism/Graphics;)V+953
j  com.sun.javafx.tk.quantum.PresentingPainter.run()V+326
j  java.util.concurrent.Executors$RunnableAdapter.call()Ljava/lang/Object;+4
j  java.util.concurrent.FutureTask.runAndReset()Z+47
j  com.sun.javafx.tk.RenderJob.run()V+1
j  java.util.concurrent.ThreadPoolExecutor.runWorker(Ljava/util/concurrent/ThreadPoolExecutor$Worker;)V+95
j  java.util.concurrent.ThreadPoolExecutor$Worker.run()V+5
j  com.sun.javafx.tk.quantum.QuantumRenderer$PipelineRunnable.run()V+8
j  java.lang.Thread.run()V+11
v  ~StubRoutines::call_stub

---------------  P R O C E S S  ---------------

Java Threads: ( => current thread )
  0x0000000008493800 JavaThread "Prism Font Disposer" daemon [_thread_blocked, id=6288, stack(0x000000000eba0000,0x000000000eca0000)]
  0x000000000813e800 JavaThread "JavaFX-Launcher" [_thread_blocked, id=5264, stack(0x000000000aac0000,0x000000000abc0000)]
  0x000000000813d800 JavaThread "Thread-2" daemon [_thread_in_native, id=6276, stack(0x000000000a840000,0x000000000a940000)]
  0x00000000080f1000 JavaThread "JavaFX Application Thread" [_thread_in_native, id=6552, stack(0x0000000008da0000,0x0000000008ea0000)]
  0x00000000080e5800 JavaThread "Thread-1" daemon [_thread_blocked, id=7084, stack(0x00000000089f0000,0x0000000008af0000)]
=>0x00000000076fc000 JavaThread "QuantumRenderer-0" daemon [_thread_in_native, id=5684, stack(0x00000000088e0000,0x00000000089e0000)]
  0x000000000738f000 JavaThread "Service Thread" daemon [_thread_blocked, id=2288, stack(0x0000000007df0000,0x0000000007ef0000)]
  0x000000000730c000 JavaThread "C1 CompilerThread2" daemon [_thread_blocked, id=4124, stack(0x0000000007ac0000,0x0000000007bc0000)]
  0x000000000730b000 JavaThread "C2 CompilerThread1" daemon [_thread_blocked, id=5912, stack(0x0000000007be0000,0x0000000007ce0000)]
  0x0000000007305800 JavaThread "C2 CompilerThread0" daemon [_thread_blocked, id=3912, stack(0x00000000079c0000,0x0000000007ac0000)]
  0x0000000005f16000 JavaThread "Attach Listener" daemon [_thread_blocked, id=5136, stack(0x0000000007890000,0x0000000007990000)]
  0x0000000005f15000 JavaThread "Signal Dispatcher" daemon [_thread_blocked, id=5132, stack(0x0000000007770000,0x0000000007870000)]
  0x0000000005efc000 JavaThread "Finalizer" daemon [_thread_blocked, id=3924, stack(0x0000000007200000,0x0000000007300000)]
  0x0000000005eb5000 JavaThread "Reference Handler" daemon [_thread_blocked, id=4600, stack(0x0000000007090000,0x0000000007190000)]
  0x000000000216d800 JavaThread "main" [_thread_blocked, id=3712, stack(0x00000000023d0000,0x00000000024d0000)]

Other Threads:
  0x0000000005ead800 VMThread [stack: 0x0000000006f60000,0x0000000007060000] [id=3928]
  0x00000000073bb800 WatcherThread [stack: 0x0000000007fc0000,0x00000000080c0000] [id=1772]

VM state:not at safepoint (normal execution)

VM Mutex/Monitor currently owned by a thread: None

Heap:
 PSYoungGen      total 18944K, used 18811K [0x00000000eb380000, 0x00000000ed880000, 0x0000000100000000)
  eden space 16384K, 99% used [0x00000000eb380000,0x00000000ec3624c8,0x00000000ec380000)
  from space 2560K, 99% used [0x00000000ec380000,0x00000000ec5fcab0,0x00000000ec600000)
  to   space 2560K, 0% used [0x00000000ed600000,0x00000000ed600000,0x00000000ed880000)
 ParOldGen       total 44032K, used 7870K [0x00000000c1a00000, 0x00000000c4500000, 0x00000000eb380000)
  object space 44032K, 17% used [0x00000000c1a00000,0x00000000c21afb98,0x00000000c4500000)
 Metaspace       used 17770K, capacity 18882K, committed 19072K, reserved 1064960K
  class space    used 2649K, capacity 2883K, committed 2944K, reserved 1048576K

Card table byte_map: [0x0000000002b60000,0x0000000002d60000] byte_map_base: 0x0000000002553000

Marking Bits: (ParMarkBitMap*) 0x0000000064870600
 Begin Bits: [0x00000000033f0000, 0x0000000004388000)
 End Bits:   [0x0000000004388000, 0x0000000005320000)

Polling page: 0x0000000000240000

CodeCache: size=245760Kb used=7754Kb max_used=7754Kb free=238005Kb
 bounds [0x000000000f010000, 0x000000000f7b0000, 0x000000001e010000]
 total_blobs=3032 nmethods=2374 adapters=570
 compilation: enabled

Compilation events (10 events):
Event: 6.063 Thread 0x000000000730c000 2365       3       com.sun.javafx.font.PrismFontFile::getUnitsPerEm (6 bytes)
Event: 6.063 Thread 0x000000000730c000 nmethod 2365 0x000000000f7a0cd0 code [0x000000000f7a0e40, 0x000000000f7a0fb0]
Event: 6.063 Thread 0x000000000730c000 2366       3       java.nio.Bits::byteOrder (20 bytes)
Event: 6.064 Thread 0x000000000730c000 nmethod 2366 0x000000000f7a09d0 code [0x000000000f7a0b20, 0x000000000f7a0c70]
Event: 6.073 Thread 0x000000000730c000 2367       3       java.util.WeakHashMap$HashIterator::nextEntry (81 bytes)
Event: 6.073 Thread 0x000000000730c000 nmethod 2367 0x000000000f7a01d0 code [0x000000000f7a0360, 0x000000000f7a0808]
Event: 6.073 Thread 0x000000000730c000 2368       3       java.util.WeakHashMap$Entry::getKey (8 bytes)
Event: 6.074 Thread 0x000000000730c000 nmethod 2368 0x000000000f7a2b90 code [0x000000000f7a2d00, 0x000000000f7a2f90]
Event: 6.089 Thread 0x000000000730c000 2369       3       java.util.concurrent.locks.AbstractOwnableSynchronizer::setExclusiveOwnerThread (6 bytes)
Event: 6.089 Thread 0x000000000730c000 nmethod 2369 0x000000000f7a3050 code [0x000000000f7a31a0, 0x000000000f7a3310]

GC Heap History (6 events):
Event: 1.746 GC heap before
{Heap before GC invocations=1 (full 0):
 PSYoungGen      total 18944K, used 16288K [0x00000000eb380000, 0x00000000ec880000, 0x0000000100000000)
  eden space 16384K, 99% used [0x00000000eb380000,0x00000000ec368180,0x00000000ec380000)
  from space 2560K, 0% used [0x00000000ec600000,0x00000000ec600000,0x00000000ec880000)
  to   space 2560K, 0% used [0x00000000ec380000,0x00000000ec380000,0x00000000ec600000)
 ParOldGen       total 44032K, used 0K [0x00000000c1a00000, 0x00000000c4500000, 0x00000000eb380000)
  object space 44032K, 0% used [0x00000000c1a00000,0x00000000c1a00000,0x00000000c4500000)
 Metaspace       used 9531K, capacity 10002K, committed 10240K, reserved 1058816K
  class space    used 1327K, capacity 1455K, committed 1536K, reserved 1048576K
Event: 1.752 GC heap after
Heap after GC invocations=1 (full 0):
 PSYoungGen      total 18944K, used 2546K [0x00000000eb380000, 0x00000000ec880000, 0x0000000100000000)
  eden space 16384K, 0% used [0x00000000eb380000,0x00000000eb380000,0x00000000ec380000)
  from space 2560K, 99% used [0x00000000ec380000,0x00000000ec5fc8d0,0x00000000ec600000)
  to   space 2560K, 0% used [0x00000000ec600000,0x00000000ec600000,0x00000000ec880000)
 ParOldGen       total 44032K, used 80K [0x00000000c1a00000, 0x00000000c4500000, 0x00000000eb380000)
  object space 44032K, 0% used [0x00000000c1a00000,0x00000000c1a14000,0x00000000c4500000)
 Metaspace       used 9531K, capacity 10002K, committed 10240K, reserved 1058816K
  class space    used 1327K, capacity 1455K, committed 1536K, reserved 1048576K
}
Event: 2.721 GC heap before
{Heap before GC invocations=2 (full 0):
 PSYoungGen      total 18944K, used 18930K [0x00000000eb380000, 0x00000000ec880000, 0x0000000100000000)
  eden space 16384K, 100% used [0x00000000eb380000,0x00000000ec380000,0x00000000ec380000)
  from space 2560K, 99% used [0x00000000ec380000,0x00000000ec5fc8d0,0x00000000ec600000)
  to   space 2560K, 0% used [0x00000000ec600000,0x00000000ec600000,0x00000000ec880000)
 ParOldGen       total 44032K, used 80K [0x00000000c1a00000, 0x00000000c4500000, 0x00000000eb380000)
  object space 44032K, 0% used [0x00000000c1a00000,0x00000000c1a14000,0x00000000c4500000)
 Metaspace       used 13816K, capacity 14546K, committed 14720K, reserved 1062912K
  class space    used 1992K, capacity 2169K, committed 2176K, reserved 1048576K
Event: 2.732 GC heap after
Heap after GC invocations=2 (full 0):
 PSYoungGen      total 18944K, used 2530K [0x00000000eb380000, 0x00000000ec880000, 0x0000000100000000)
  eden space 16384K, 0% used [0x00000000eb380000,0x00000000eb380000,0x00000000ec380000)
  from space 2560K, 98% used [0x00000000ec600000,0x00000000ec8788e0,0x00000000ec880000)
  to   space 2560K, 0% used [0x00000000ec380000,0x00000000ec380000,0x00000000ec600000)
 ParOldGen       total 44032K, used 2144K [0x00000000c1a00000, 0x00000000c4500000, 0x00000000eb380000)
  object space 44032K, 4% used [0x00000000c1a00000,0x00000000c1c18170,0x00000000c4500000)
 Metaspace       used 13816K, capacity 14546K, committed 14720K, reserved 1062912K
  class space    used 1992K, capacity 2169K, committed 2176K, reserved 1048576K
}
Event: 3.379 GC heap before
{Heap before GC invocations=3 (full 0):
 PSYoungGen      total 18944K, used 18914K [0x00000000eb380000, 0x00000000ec880000, 0x0000000100000000)
  eden space 16384K, 100% used [0x00000000eb380000,0x00000000ec380000,0x00000000ec380000)
  from space 2560K, 98% used [0x00000000ec600000,0x00000000ec8788e0,0x00000000ec880000)
  to   space 2560K, 0% used [0x00000000ec380000,0x00000000ec380000,0x00000000ec600000)
 ParOldGen       total 44032K, used 2144K [0x00000000c1a00000, 0x00000000c4500000, 0x00000000eb380000)
  object space 44032K, 4% used [0x00000000c1a00000,0x00000000c1c18170,0x00000000c4500000)
 Metaspace       used 16152K, capacity 17168K, committed 17280K, reserved 1064960K
  class space    used 2477K, capacity 2678K, committed 2688K, reserved 1048576K
Event: 3.396 GC heap after
Heap after GC invocations=3 (full 0):
 PSYoungGen      total 18944K, used 2546K [0x00000000eb380000, 0x00000000ed880000, 0x0000000100000000)
  eden space 16384K, 0% used [0x00000000eb380000,0x00000000eb380000,0x00000000ec380000)
  from space 2560K, 99% used [0x00000000ec380000,0x00000000ec5fcab0,0x00000000ec600000)
  to   space 2560K, 0% used [0x00000000ed600000,0x00000000ed600000,0x00000000ed880000)
 ParOldGen       total 44032K, used 7870K [0x00000000c1a00000, 0x00000000c4500000, 0x00000000eb380000)
  object space 44032K, 17% used [0x00000000c1a00000,0x00000000c21afb98,0x00000000c4500000)
 Metaspace       used 16152K, capacity 17168K, committed 17280K, reserved 1064960K
  class space    used 2477K, capacity 2678K, committed 2688K, reserved 1048576K
}

Deoptimization events (10 events):
Event: 3.531 Thread 0x00000000080f1000 Uncommon trap: reason=array_check action=maybe_recompile pc=0x000000000f5ea70c method=com.sun.javafx.css.SimpleSelector.applies(Ljavafx/css/Styleable;[Ljava/util/Set;I)Z @ 37
Event: 3.861 Thread 0x00000000076fc000 Uncommon trap: reason=unstable_if action=reinterpret pc=0x000000000f610240 method=java.io.BufferedInputStream.read1([BII)I @ 60
Event: 5.097 Thread 0x00000000080f1000 Uncommon trap: reason=unstable_if action=reinterpret pc=0x000000000f689a5c method=com.sun.javafx.css.BitSet.retainAll(Ljava/util/Collection;)Z @ 89
Event: 5.097 Thread 0x00000000080f1000 Uncommon trap: reason=unstable_if action=reinterpret pc=0x000000000f663d6c method=com.sun.javafx.css.BitSet.retainAll(Ljava/util/Collection;)Z @ 89
Event: 5.983 Thread 0x00000000080f1000 Uncommon trap: reason=bimorphic action=maybe_recompile pc=0x000000000f65c22c method=javafx.scene.Node.impl_geomChanged()V @ 33
Event: 5.983 Thread 0x00000000080f1000 Uncommon trap: reason=unstable_if action=reinterpret pc=0x000000000f64b8e0 method=javafx.scene.Node.transformedBoundsChanged()V @ 4
Event: 5.983 Thread 0x00000000080f1000 Uncommon trap: reason=bimorphic action=maybe_recompile pc=0x000000000f65c22c method=javafx.scene.Node.impl_geomChanged()V @ 33
Event: 5.983 Thread 0x00000000080f1000 Uncommon trap: reason=unstable_if action=reinterpret pc=0x000000000f65c250 method=javafx.scene.Node.impl_isDirtyEmpty()Z @ 4
Event: 5.995 Thread 0x00000000080f1000 Uncommon trap: reason=unstable_if action=reinterpret pc=0x000000000f444168 method=jdk.internal.org.objectweb.asm.Type.getArgumentsAndReturnSizes(Ljava/lang/String;)I @ 47
Event: 6.003 Thread 0x00000000080f1000 Uncommon trap: reason=unstable_if action=reinterpret pc=0x000000000f6b742c method=javafx.scene.Node.impl_isDirty(Lcom/sun/javafx/scene/DirtyBits;)Z @ 12

Internal exceptions (10 events):
Event: 2.111 Thread 0x00000000080f1000 Implicit null exception at 0x000000000f247aa5 to 0x000000000f247c71
Event: 2.169 Thread 0x00000000080f1000 Implicit null exception at 0x000000000f30d2eb to 0x000000000f30d659
Event: 2.302 Thread 0x00000000080f1000 Exception <a 'java/io/FileNotFoundException'> (0x00000000ebc7bc50) thrown at [D:\re\workspace\8-2-build-windows-amd64-cygwin\jdk8u77\6540\hotspot\src\share\vm\prims\jni.cpp, line 709]
Event: 2.549 Thread 0x00000000080f1000 Exception <a 'java/io/FileNotFoundException'> (0x00000000ec03ca88) thrown at [D:\re\workspace\8-2-build-windows-amd64-cygwin\jdk8u77\6540\hotspot\src\share\vm\prims\jni.cpp, line 709]
Event: 2.556 Thread 0x00000000080f1000 Implicit null exception at 0x000000000f3855c1 to 0x000000000f385bc9
Event: 2.563 Thread 0x00000000080f1000 Exception <a 'java/io/FileNotFoundException'> (0x00000000ec073d08) thrown at [D:\re\workspace\8-2-build-windows-amd64-cygwin\jdk8u77\6540\hotspot\src\share\vm\prims\jni.cpp, line 709]
Event: 2.567 Thread 0x00000000080f1000 Implicit null exception at 0x000000000f3865ba to 0x000000000f38687d
Event: 2.571 Thread 0x00000000080f1000 Exception <a 'java/io/FileNotFoundException'> (0x00000000ec092f20) thrown at [D:\re\workspace\8-2-build-windows-amd64-cygwin\jdk8u77\6540\hotspot\src\share\vm\prims\jni.cpp, line 709]
Event: 2.574 Thread 0x00000000080f1000 Implicit null exception at 0x000000000f392b85 to 0x000000000f392e25
Event: 2.756 Thread 0x00000000080f1000 Implicit null exception at 0x000000000f3ec216 to 0x000000000f3ec25d

Events (10 events):
Event: 6.056 loading class com/sun/scenario/effect/impl/ImagePool
Event: 6.056 loading class com/sun/scenario/effect/impl/ImagePool done
Event: 6.057 loading class com/sun/scenario/effect/impl/ImagePool$1
Event: 6.057 loading class com/sun/scenario/effect/impl/ImagePool$1 done
Event: 6.057 loading class com/sun/scenario/effect/impl/prism/ps/PPSRenderer$1
Event: 6.057 loading class com/sun/scenario/effect/impl/prism/ps/PPSRenderer$1 done
Event: 6.058 loading class com/sun/scenario/effect/ImageData$1
Event: 6.058 loading class com/sun/scenario/effect/ImageData$1 done
Event: 6.059 loading class com/sun/javafx/geom/transform/AffineBase$1
Event: 6.059 loading class com/sun/javafx/geom/transform/AffineBase$1 done


Dynamic libraries:
0x000000013fac0000 - 0x000000013faf7000 	C:\Program Files\Java\jdk1.8.0_77\bin\java.exe
0x0000000076d70000 - 0x0000000076f1b000 	C:\Windows\SYSTEM32\ntdll.dll
0x0000000076c50000 - 0x0000000076d6f000 	C:\Windows\system32\kernel32.dll
0x000007fefcff0000 - 0x000007fefd05b000 	C:\Windows\system32\KERNELBASE.dll
0x000007fefdd20000 - 0x000007fefddfb000 	C:\Windows\system32\ADVAPI32.dll
0x000007fefde00000 - 0x000007fefde9f000 	C:\Windows\system32\msvcrt.dll
0x000007fefdf20000 - 0x000007fefdf3f000 	C:\Windows\SYSTEM32\sechost.dll
0x000007fefef50000 - 0x000007feff07e000 	C:\Windows\system32\RPCRT4.dll
0x0000000076b50000 - 0x0000000076c4a000 	C:\Windows\system32\USER32.dll
0x000007fefe0f0000 - 0x000007fefe157000 	C:\Windows\system32\GDI32.dll
0x000007fefe160000 - 0x000007fefe16e000 	C:\Windows\system32\LPK.dll
0x000007fefd700000 - 0x000007fefd7ca000 	C:\Windows\system32\USP10.dll
0x000007fefb490000 - 0x000007fefb684000 	C:\Windows\WinSxS\amd64_microsoft.windows.common-controls_6595b64144ccf1df_6.0.7600.16385_none_fa645303170382f6\COMCTL32.dll
0x000007fefdea0000 - 0x000007fefdf11000 	C:\Windows\system32\SHLWAPI.dll
0x000007fefd610000 - 0x000007fefd63e000 	C:\Windows\system32\IMM32.DLL
0x000007fefdf40000 - 0x000007fefe049000 	C:\Windows\system32\MSCTF.dll
0x000007fefcc90000 - 0x000007fefccc1000 	C:\Windows\system32\nvinitx.dll
0x000000000f000000 - 0x000000000f006000 	C:\Program Files\NVIDIA Corporation\CoProcManager\_etoured.dll
0x000007fefa440000 - 0x000007fefa49f000 	C:\Program Files\NVIDIA Corporation\CoProcManager\nvd3d9wrapx.dll
0x000007fefd7d0000 - 0x000007fefd9a7000 	C:\Windows\system32\SETUPAPI.dll
0x000007fefd060000 - 0x000007fefd096000 	C:\Windows\system32\CFGMGR32.dll
0x000007fefda30000 - 0x000007fefdb07000 	C:\Windows\system32\OLEAUT32.dll
0x000007fefdb10000 - 0x000007fefdd11000 	C:\Windows\system32\ole32.dll
0x000007fefcd80000 - 0x000007fefcd9a000 	C:\Windows\system32\DEVOBJ.dll
0x000007fefa3f0000 - 0x000007fefa436000 	C:\Program Files\NVIDIA Corporation\CoProcManager\nvdxgiwrapx.dll
0x0000000065120000 - 0x00000000651f2000 	C:\Program Files\Java\jdk1.8.0_77\jre\bin\msvcr100.dll
0x0000000064060000 - 0x00000000648f0000 	C:\Program Files\Java\jdk1.8.0_77\jre\bin\server\jvm.dll
0x000007fef3850000 - 0x000007fef3859000 	C:\Windows\system32\WSOCK32.dll
0x000007fefe170000 - 0x000007fefe1bd000 	C:\Windows\system32\WS2_32.dll
0x000007fefd0a0000 - 0x000007fefd0a8000 	C:\Windows\system32\NSI.dll
0x000007fefa310000 - 0x000007fefa34b000 	C:\Windows\system32\WINMM.dll
0x000007fefbf70000 - 0x000007fefbf7c000 	C:\Windows\system32\VERSION.dll
0x0000000076f30000 - 0x0000000076f37000 	C:\Windows\system32\PSAPI.DLL
0x0000000065300000 - 0x000000006530f000 	C:\Program Files\Java\jdk1.8.0_77\jre\bin\verify.dll
0x00000000652d0000 - 0x00000000652f9000 	C:\Program Files\Java\jdk1.8.0_77\jre\bin\java.dll
0x00000000652b0000 - 0x00000000652c6000 	C:\Program Files\Java\jdk1.8.0_77\jre\bin\zip.dll
0x000007fefe1c0000 - 0x000007fefef46000 	C:\Windows\system32\SHELL32.dll
0x000007fefccd0000 - 0x000007fefccdf000 	C:\Windows\system32\profapi.dll
0x000007fef2fe0000 - 0x000007fef30cf000 	C:\Program Files\Java\jdk1.8.0_77\jre\bin\msvcr120.dll
0x000007fef3110000 - 0x000007fef31b6000 	C:\Program Files\Java\jdk1.8.0_77\jre\bin\msvcp120.dll
0x00000000020e0000 - 0x0000000002103000 	C:\Program Files\Java\jdk1.8.0_77\jre\bin\prism_d3d.dll
0x000007fee7640000 - 0x000007fee783f000 	C:\Windows\system32\d3d9.dll
0x000007fef3100000 - 0x000007fef3107000 	C:\Windows\system32\d3d8thk.dll
0x000007fefb000000 - 0x000007fefb018000 	C:\Windows\system32\dwmapi.dll
0x000007fefb3a0000 - 0x000007fefb3f6000 	C:\Windows\system32\uxtheme.dll
0x000007fef9b40000 - 0x000007fef9cad000 	C:\Windows\system32\nvumdshimx.dll
0x000007fee5d50000 - 0x000007fee7631000 	C:\Windows\system32\igdumdim64.dll
0x000007fef77a0000 - 0x000007fef7c00000 	C:\Windows\system32\igdusc64.dll
0x000000006c810000 - 0x000000006c853000 	C:\Program Files\Java\jdk1.8.0_77\jre\bin\glass.dll
0x000007fefe050000 - 0x000007fefe0e8000 	C:\Windows\system32\COMDLG32.dll
0x000007fefcbc0000 - 0x000007fefcbcf000 	C:\Windows\system32\CRYPTBASE.dll
0x000007fef0e10000 - 0x000007fef0e21000 	C:\Program Files (x86)\MPC Cleaner\MpcSafeDll64.dll
0x000000005fb50000 - 0x000000005fb64000 	C:\Program Files\Java\jdk1.8.0_77\jre\bin\javafx_font.dll
0x000007fee7e50000 - 0x000007fee7fcb000 	C:\Windows\system32\dwrite.dll
0x000007fefd660000 - 0x000007fefd6f9000 	C:\Windows\system32\CLBCatQ.DLL
0x000007fefae90000 - 0x000007fefafba000 	C:\Windows\system32\WindowsCodecs.dll
0x000007fefcb60000 - 0x000007fefcbb7000 	C:\Windows\system32\apphelp.dll
0x000007fef7760000 - 0x000007fef77a0000 	C:\Program Files (x86)\Dropbox\Client\DropboxExt64.34.dll
0x0000000072940000 - 0x00000000729f6000 	C:\Program Files\AVAST Software\Avast\ashShA64.dll
0x000007fef73e0000 - 0x000007fef76f6000 	C:\Windows\system32\msi.dll
0x000007fef73a0000 - 0x000007fef73d5000 	C:\Windows\system32\EhStorShell.dll
0x000007fefb7a0000 - 0x000007fefb8cc000 	C:\Windows\system32\PROPSYS.dll
0x000007fef6d20000 - 0x000007fef7392000 	C:\PROGRA~1\MICROS~2\Office14\GROOVEEX.DLL
0x00000000728a0000 - 0x000000007293d000 	C:\Windows\WinSxS\amd64_microsoft.vc90.crt_1fc8b3b9a1e18e3b_9.0.30729.4926_none_08e1a05ba83fe554\MSVCR90.dll
0x00000000727c0000 - 0x0000000072893000 	C:\Windows\WinSxS\amd64_microsoft.vc90.crt_1fc8b3b9a1e18e3b_9.0.30729.4926_none_08e1a05ba83fe554\MSVCP90.dll
0x0000000072790000 - 0x00000000727bf000 	C:\Windows\WinSxS\amd64_microsoft.vc90.atl_1fc8b3b9a1e18e3b_9.0.30729.4148_none_0a1d2fcba76b3f00\ATL90.DLL
0x000007fef6910000 - 0x000007fef6d1f000 	C:\PROGRA~1\COMMON~1\MICROS~1\OFFICE14\Cultures\office.odf
0x000007fef60a0000 - 0x000007fef6904000 	C:\PROGRA~1\MICROS~2\Office14\1033\GrooveIntlResource.dll
0x000007fef9b20000 - 0x000007fef9b29000 	C:\Program Files (x86)\Internet Download Manager\IDMShellExt64.dll
0x000007fef3200000 - 0x000007fef3280000 	C:\Windows\system32\ntshrui.dll
0x000007fefc810000 - 0x000007fefc833000 	C:\Windows\system32\srvcli.dll
0x000007fef32b0000 - 0x000007fef32bf000 	C:\Windows\system32\cscapi.dll
0x000007fefac00000 - 0x000007fefac0b000 	C:\Windows\system32\slc.dll
0x000007fef30d0000 - 0x000007fef30fd000 	C:\Program Files\Common Files\Microsoft Shared\Ink\rtscom.dll
0x0000000007070000 - 0x0000000007081000 	C:\Program Files\Java\jdk1.8.0_77\jre\bin\prism_common.dll
0x000007feee7d0000 - 0x000007feee8f5000 	C:\Windows\system32\dbghelp.dll

VM Arguments:
jvm_args: -Dfile.encoding=UTF-8 
java_command: ProgramTiketing.MainTampilan
java_class_path (initial): C:\Users\U53R\Documents\NetBeansProjects\Projkt\build\classes
Launcher Type: SUN_STANDARD

Environment Variables:
PATH=C:\ProgramData\Oracle\Java\javapath;C:\Windows\system32;C:\Windows;C:\Windows\System32\Wbem;C:\Windows\System32\WindowsPowerShell\v1.0\;C:\Program Files (x86)\Java\jre7\bin
USERNAME=U53R
OS=Windows_NT
PROCESSOR_IDENTIFIER=Intel64 Family 6 Model 69 Stepping 1, GenuineIntel



---------------  S Y S T E M  ---------------

OS: Windows 7 , 64 bit Build 7600 (6.1.7600.16385)

CPU:total 4 (2 cores per cpu, 2 threads per core) family 6 model 69 stepping 1, cmov, cx8, fxsr, mmx, sse, sse2, sse3, ssse3, sse4.1, sse4.2, popcnt, aes, clmul, erms, lzcnt, ht, tsc, tscinvbit, bmi1, bmi2

Memory: 4k page, physical 4080780k(1162840k free), swap 8159664k(4816728k free)

vm_info: Java HotSpot(TM) 64-Bit Server VM (25.77-b03) for windows-amd64 JRE (1.8.0_77-b03), built on Mar 20 2016 22:01:33 by "java_re" with MS VC++ 10.0 (VS2010)

time: Tue Jun 07 21:07:27 2016
elapsed time: 6 seconds (0d 0h 0m 6s)

