#
# A fatal error has been detected by the Java Runtime Environment:
#
#  EXCEPTION_ILLEGAL_INSTRUCTION (0xc000001d) at pc=0x000007fee97a5c01, pid=980, tid=3516
#
# JRE version: Java(TM) SE Runtime Environment (8.0_77-b03) (build 1.8.0_77-b03)
# Java VM: Java HotSpot(TM) 64-Bit Server VM (25.77-b03 mixed mode windows-amd64 compressed oops)
# Problematic frame:
# C  [msvcr120.dll+0x95c01]
#
# Failed to write core dump. Minidumps are not enabled by default on client versions of Windows
#
# If you would like to submit a bug report, please visit:
#   http://bugreport.java.com/bugreport/crash.jsp
# The crash happened outside the Java Virtual Machine in native code.
# See problematic frame for where to report the bug.
#

---------------  T H R E A D  ---------------

Current thread (0x0000000007f1a000):  JavaThread "QuantumRenderer-0" daemon [_thread_in_native, id=3516, stack(0x0000000007840000,0x0000000007940000)]

siginfo: ExceptionCode=0xc000001d

Registers:
RAX=0x3fa0000000000000, RBX=0x0000000000000004, RCX=0x3fa0e05e721abad0, RDX=0x7ff0000000000000
RSP=0x000000000793c280, RBP=0x000000000793cab0, RSI=0x000000000793cab0, RDI=0x0000000000000004
R8 =0x8000000000000000, R9 =0x000000007166d1f0, R10=0x000000000000000c, R11=0x0000000000000000
R12=0x000000007166d1f0, R13=0x000000007166d050, R14=0x00000000ec295924, R15=0x0000000000000004
RIP=0x000007fee97a5c01, EFLAGS=0x0000000000010202

Top of Stack: (sp=0x000000000793c280)
0x000000000793c280:   000000000f3bf5c0 0000000000284550
0x000000000793c290:   0000000000284550 0000000009ab0300
0x000000000793c2a0:   0000000009aa0d12 0000000000000010
0x000000000793c2b0:   0000000000000029 0000000000280158
0x000000000793c2c0:   0000000077487288 0000000000284550
0x000000000793c2d0:   0000000000000060 0000000000280230
0x000000000793c2e0:   0000000000000001 00000000099f0000
0x000000000793c2f0:   000000000793c501 0000000000280230
0x000000000793c300:   3fc73d280bfc767b 0000000000000000
0x000000000793c310:   bee05c8a4573aff8 0000000000000000
0x000000000793c320:   000000000035bb80 0000000000284550
0x000000000793c330:   0000000007f0b500 0000000000000252
0x000000000793c340:   000000007166c3f0 0000000071663318
0x000000000793c350:   3fa0e05e721abad0 3fa0e05e721abad0
0x000000000793c360:   3fc73d280bfc767b 0000000009a73730
0x000000000793c370:   0000000000000000 00000000000003ff 

Instructions: (pc=0x000007fee97a5c01)
0x000007fee97a5be1:   0f 10 d0 f2 0f 10 44 24 10 f2 0f 10 4c 24 20 44
0x000007fee97a5bf1:   8b 0d 15 26 02 00 e8 34 c7 00 00 e9 72 f8 ff ff
0x000007fee97a5c01:   c5 fb 11 44 24 10 c5 fb 11 4c 24 20 48 8b 54 24
0x000007fee97a5c11:   10 4c 8b 44 24 20 4c 8b 15 4a 26 02 00 4d 23 d0 


Register to memory mapping:

RAX=0x3fa0000000000000 is an unknown value
RBX=0x0000000000000004 is an unknown value
RCX=0x3fa0e05e721abad0 is an unknown value
RDX=0x7ff0000000000000 is an unknown value
RSP=0x000000000793c280 is pointing into the stack for thread: 0x0000000007f1a000
RBP=0x000000000793cab0 is pointing into the stack for thread: 0x0000000007f1a000
RSI=0x000000000793cab0 is pointing into the stack for thread: 0x0000000007f1a000
RDI=0x0000000000000004 is an unknown value
R8 =0x8000000000000000 is an unknown value
R9 =0x000000007166d1f0 is an unknown value
R10=0x000000000000000c is an unknown value
R11=0x0000000000000000 is an unknown value
R12=0x000000007166d1f0 is an unknown value
R13=0x000000007166d050 is an unknown value
R14=0x00000000ec295924 is an unknown value
R15=0x0000000000000004 is an unknown value


Stack: [0x0000000007840000,0x0000000007940000],  sp=0x000000000793c280,  free space=1008k
Native frames: (J=compiled Java code, j=interpreted, Vv=VM code, C=native code)
C  [msvcr120.dll+0x95c01]
C  [prism_common.dll+0x3318]
C  [prism_common.dll+0x1abc]
C  [prism_common.dll+0x1128]
C  [prism_common.dll+0x8b7e]
C  [prism_common.dll+0x669e]
C  [prism_common.dll+0x49af]
C  [prism_common.dll+0x4649]
C  0x000000000f025854

Java frames: (J=compiled Java code, j=interpreted, Vv=VM code)
j  com.sun.prism.impl.shape.NativePiscesRasterizer.produceStrokeAlphas([F[BIFIIF[FFDDDDDD[I[B)V+0
j  com.sun.prism.impl.shape.NativePiscesRasterizer.getMaskData(Lcom/sun/javafx/geom/Shape;Lcom/sun/prism/BasicStroke;Lcom/sun/javafx/geom/RectBounds;Lcom/sun/javafx/geom/transform/BaseTransform;ZZ)Lcom/sun/prism/impl/shape/MaskData;+487
j  com.sun.prism.impl.shape.ShapeUtil.rasterizeShape(Lcom/sun/javafx/geom/Shape;Lcom/sun/prism/BasicStroke;Lcom/sun/javafx/geom/RectBounds;Lcom/sun/javafx/geom/transform/BaseTransform;ZZ)Lcom/sun/prism/impl/shape/MaskData;+11
j  com.sun.prism.impl.ps.BaseShaderGraphics.renderShape(Lcom/sun/javafx/geom/Shape;Lcom/sun/prism/BasicStroke;FFFF)V+40
j  com.sun.prism.impl.BaseGraphics.draw(Lcom/sun/javafx/geom/Shape;)V+136
j  com.sun.javafx.sg.prism.NGRegion.renderBorderRectangle(Lcom/sun/prism/Graphics;)V+1320
j  com.sun.javafx.sg.prism.NGRegion.renderAsRectangle(Lcom/sun/prism/Graphics;)V+27
j  com.sun.javafx.sg.prism.NGRegion.renderContent(Lcom/sun/prism/Graphics;)V+106
j  com.sun.javafx.sg.prism.NGNode.doRender(Lcom/sun/prism/Graphics;)V+330
j  com.sun.javafx.sg.prism.NGNode.render(Lcom/sun/prism/Graphics;)V+34
j  com.sun.javafx.sg.prism.NGGroup.renderContent(Lcom/sun/prism/Graphics;)V+160
j  com.sun.javafx.sg.prism.NGRegion.renderContent(Lcom/sun/prism/Graphics;)V+111
j  com.sun.javafx.sg.prism.NGNode.doRender(Lcom/sun/prism/Graphics;)V+330
j  com.sun.javafx.sg.prism.NGNode.render(Lcom/sun/prism/Graphics;)V+34
j  com.sun.javafx.sg.prism.NGGroup.renderContent(Lcom/sun/prism/Graphics;)V+160
j  com.sun.javafx.sg.prism.NGRegion.renderContent(Lcom/sun/prism/Graphics;)V+111
j  com.sun.javafx.sg.prism.NGNode.doRender(Lcom/sun/prism/Graphics;)V+330
j  com.sun.javafx.sg.prism.NGNode.render(Lcom/sun/prism/Graphics;)V+34
j  com.sun.javafx.sg.prism.NGGroup.renderContent(Lcom/sun/prism/Graphics;)V+160
j  com.sun.javafx.sg.prism.NGRegion.renderContent(Lcom/sun/prism/Graphics;)V+111
j  com.sun.javafx.sg.prism.NGNode.renderForClip(Lcom/sun/prism/Graphics;)V+17
j  com.sun.javafx.sg.prism.NGNode.renderRectClip(Lcom/sun/prism/Graphics;Lcom/sun/javafx/sg/prism/NGRectangle;)V+106
j  com.sun.javafx.sg.prism.NGNode.renderClip(Lcom/sun/prism/Graphics;)V+83
j  com.sun.javafx.sg.prism.CacheFilter.impl_renderNodeToCache(Lcom/sun/scenario/effect/ImageData;Lcom/sun/javafx/geom/Rectangle;Lcom/sun/javafx/geom/transform/BaseTransform;Lcom/sun/javafx/geom/Rectangle;)V+150
j  com.sun.javafx.sg.prism.CacheFilter.render(Lcom/sun/prism/Graphics;)V+344
j  com.sun.javafx.sg.prism.NGNode.renderCached(Lcom/sun/prism/Graphics;)V+31
j  com.sun.javafx.sg.prism.NGNode.doRender(Lcom/sun/prism/Graphics;)V+260
j  com.sun.javafx.sg.prism.NGNode.render(Lcom/sun/prism/Graphics;)V+34
j  com.sun.javafx.sg.prism.NGGroup.renderContent(Lcom/sun/prism/Graphics;)V+160
j  com.sun.javafx.sg.prism.NGRegion.renderContent(Lcom/sun/prism/Graphics;)V+111
j  com.sun.javafx.sg.prism.NGNode.doRender(Lcom/sun/prism/Graphics;)V+330
j  com.sun.javafx.sg.prism.NGNode.render(Lcom/sun/prism/Graphics;)V+34
j  com.sun.javafx.sg.prism.NGGroup.renderContent(Lcom/sun/prism/Graphics;)V+160
j  com.sun.javafx.sg.prism.NGRegion.renderContent(Lcom/sun/prism/Graphics;)V+111
j  com.sun.javafx.sg.prism.NGNode.renderForClip(Lcom/sun/prism/Graphics;)V+17
j  com.sun.javafx.sg.prism.NGNode.renderRectClip(Lcom/sun/prism/Graphics;Lcom/sun/javafx/sg/prism/NGRectangle;)V+106
j  com.sun.javafx.sg.prism.NGNode.renderClip(Lcom/sun/prism/Graphics;)V+83
j  com.sun.javafx.sg.prism.NGNode.doRender(Lcom/sun/prism/Graphics;)V+285
j  com.sun.javafx.sg.prism.NGNode.render(Lcom/sun/prism/Graphics;)V+34
j  com.sun.javafx.sg.prism.NGGroup.renderContent(Lcom/sun/prism/Graphics;)V+160
j  com.sun.javafx.sg.prism.NGRegion.renderContent(Lcom/sun/prism/Graphics;)V+111
j  com.sun.javafx.sg.prism.NGNode.renderForClip(Lcom/sun/prism/Graphics;)V+17
j  com.sun.javafx.sg.prism.NGNode.renderRectClip(Lcom/sun/prism/Graphics;Lcom/sun/javafx/sg/prism/NGRectangle;)V+106
j  com.sun.javafx.sg.prism.NGNode.renderClip(Lcom/sun/prism/Graphics;)V+83
j  com.sun.javafx.sg.prism.NGNode.doRender(Lcom/sun/prism/Graphics;)V+285
j  com.sun.javafx.sg.prism.NGNode.render(Lcom/sun/prism/Graphics;)V+34
j  com.sun.javafx.sg.prism.NGGroup.renderContent(Lcom/sun/prism/Graphics;)V+160
j  com.sun.javafx.sg.prism.NGRegion.renderContent(Lcom/sun/prism/Graphics;)V+111
j  com.sun.javafx.sg.prism.NGNode.doRender(Lcom/sun/prism/Graphics;)V+330
j  com.sun.javafx.sg.prism.NGNode.render(Lcom/sun/prism/Graphics;)V+34
j  com.sun.javafx.tk.quantum.ViewPainter.doPaint(Lcom/sun/prism/Graphics;Lcom/sun/javafx/sg/prism/NodePath;)V+201
j  com.sun.javafx.tk.quantum.ViewPainter.paintImpl(Lcom/sun/prism/Graphics;)V+982
j  com.sun.javafx.tk.quantum.PresentingPainter.run()V+326
j  java.util.concurrent.Executors$RunnableAdapter.call()Ljava/lang/Object;+4
j  java.util.concurrent.FutureTask.runAndReset()Z+47
j  com.sun.javafx.tk.RenderJob.run()V+1
j  java.util.concurrent.ThreadPoolExecutor.runWorker(Ljava/util/concurrent/ThreadPoolExecutor$Worker;)V+95
j  java.util.concurrent.ThreadPoolExecutor$Worker.run()V+5
j  com.sun.javafx.tk.quantum.QuantumRenderer$PipelineRunnable.run()V+8
j  java.lang.Thread.run()V+11
v  ~StubRoutines::call_stub

---------------  P R O C E S S  ---------------

Java Threads: ( => current thread )
  0x000000005e466800 JavaThread "Prism Font Disposer" daemon [_thread_blocked, id=6208, stack(0x000000005f370000,0x000000005f470000)]
  0x0000000007f81000 JavaThread "JavaFX-Launcher" [_thread_blocked, id=4920, stack(0x000000000a9e0000,0x000000000aae0000)]
  0x0000000007f64800 JavaThread "Thread-2" daemon [_thread_in_native, id=6212, stack(0x0000000009f60000,0x000000000a060000)]
  0x0000000007f44000 JavaThread "JavaFX Application Thread" [_thread_blocked, id=4780, stack(0x00000000081c0000,0x00000000082c0000)]
  0x0000000007f41800 JavaThread "Thread-1" daemon [_thread_blocked, id=6380, stack(0x00000000083b0000,0x00000000084b0000)]
=>0x0000000007f1a000 JavaThread "QuantumRenderer-0" daemon [_thread_in_native, id=3516, stack(0x0000000007840000,0x0000000007940000)]
  0x0000000007c12000 JavaThread "Service Thread" daemon [_thread_blocked, id=5968, stack(0x0000000007410000,0x0000000007510000)]
  0x0000000005fb8000 JavaThread "C1 CompilerThread2" daemon [_thread_blocked, id=6740, stack(0x0000000007a90000,0x0000000007b90000)]
  0x0000000005fb6800 JavaThread "C2 CompilerThread1" daemon [_thread_blocked, id=6880, stack(0x0000000007940000,0x0000000007a40000)]
  0x0000000005fb1800 JavaThread "C2 CompilerThread0" daemon [_thread_blocked, id=6180, stack(0x0000000007690000,0x0000000007790000)]
  0x0000000005fbd000 JavaThread "Attach Listener" daemon [_thread_blocked, id=2588, stack(0x0000000007510000,0x0000000007610000)]
  0x0000000005fbc000 JavaThread "Signal Dispatcher" daemon [_thread_blocked, id=2496, stack(0x00000000071e0000,0x00000000072e0000)]
  0x0000000005f98800 JavaThread "Finalizer" daemon [_thread_blocked, id=5024, stack(0x00000000072e0000,0x00000000073e0000)]
  0x0000000005f51800 JavaThread "Reference Handler" daemon [_thread_blocked, id=6228, stack(0x0000000006ef0000,0x0000000006ff0000)]
  0x00000000020ad800 JavaThread "main" [_thread_blocked, id=4016, stack(0x00000000022b0000,0x00000000023b0000)]

Other Threads:
  0x0000000005f4a000 VMThread [stack: 0x0000000007020000,0x0000000007120000] [id=5376]
  0x0000000007c20000 WatcherThread [stack: 0x00000000080b0000,0x00000000081b0000] [id=2600]

VM state:not at safepoint (normal execution)

VM Mutex/Monitor currently owned by a thread: None

Heap:
 PSYoungGen      total 18944K, used 18057K [0x00000000eb380000, 0x00000000ed880000, 0x0000000100000000)
  eden space 16384K, 94% used [0x00000000eb380000,0x00000000ec2a5cd0,0x00000000ec380000)
  from space 2560K, 99% used [0x00000000ec380000,0x00000000ec5fc8d0,0x00000000ec600000)
  to   space 2560K, 0% used [0x00000000ed600000,0x00000000ed600000,0x00000000ed880000)
 ParOldGen       total 44032K, used 7793K [0x00000000c1a00000, 0x00000000c4500000, 0x00000000eb380000)
  object space 44032K, 17% used [0x00000000c1a00000,0x00000000c219c578,0x00000000c4500000)
 Metaspace       used 17368K, capacity 18486K, committed 18816K, reserved 1064960K
  class space    used 2616K, capacity 2837K, committed 2944K, reserved 1048576K

Card table byte_map: [0x0000000002a40000,0x0000000002c40000] byte_map_base: 0x0000000002433000

Marking Bits: (ParMarkBitMap*) 0x0000000063cd0600
 Begin Bits: [0x0000000003490000, 0x0000000004428000)
 End Bits:   [0x0000000004428000, 0x00000000053c0000)

Polling page: 0x0000000000240000

CodeCache: size=245760Kb used=6667Kb max_used=6667Kb free=239092Kb
 bounds [0x000000000f010000, 0x000000000f6a0000, 0x000000001e010000]
 total_blobs=2783 nmethods=2131 adapters=564
 compilation: enabled

Compilation events (10 events):
Event: 3.504 Thread 0x0000000005fb8000 nmethod 2133 0x000000000f692f10 code [0x000000000f693060, 0x000000000f693170]
Event: 3.504 Thread 0x0000000005fb8000 2134       1       com.sun.prism.impl.GlyphCache$GlyphData::getOriginY (5 bytes)
Event: 3.504 Thread 0x0000000005fb8000 nmethod 2134 0x000000000f6931d0 code [0x000000000f693320, 0x000000000f693430]
Event: 3.504 Thread 0x0000000005fb8000 2135       1       com.sun.javafx.font.PrismFontStrike::getFontResource (5 bytes)
Event: 3.504 Thread 0x0000000005fb8000 nmethod 2135 0x000000000f693490 code [0x000000000f6935e0, 0x000000000f6936f0]
Event: 3.504 Thread 0x0000000005fb8000 2136       3       com.sun.prism.d3d.D3DContext::validate (58 bytes)
Event: 3.505 Thread 0x0000000005fb8000 nmethod 2136 0x000000000f693750 code [0x000000000f6938a0, 0x000000000f6939f0]
Event: 3.505 Thread 0x0000000005fb8000 2137       3       com.sun.javafx.geom.Point2D::setLocation (11 bytes)
Event: 3.505 Thread 0x0000000005fb8000 nmethod 2137 0x000000000f693a90 code [0x000000000f693be0, 0x000000000f693d30]
Event: 3.505 Thread 0x0000000005fb8000 2138       3       com.sun.javafx.font.CompositeStrike::getStrikeSlot (165 bytes)

GC Heap History (6 events):
Event: 1.077 GC heap before
{Heap before GC invocations=1 (full 0):
 PSYoungGen      total 18944K, used 16280K [0x00000000eb380000, 0x00000000ec880000, 0x0000000100000000)
  eden space 16384K, 99% used [0x00000000eb380000,0x00000000ec3662b0,0x00000000ec380000)
  from space 2560K, 0% used [0x00000000ec600000,0x00000000ec600000,0x00000000ec880000)
  to   space 2560K, 0% used [0x00000000ec380000,0x00000000ec380000,0x00000000ec600000)
 ParOldGen       total 44032K, used 0K [0x00000000c1a00000, 0x00000000c4500000, 0x00000000eb380000)
  object space 44032K, 0% used [0x00000000c1a00000,0x00000000c1a00000,0x00000000c4500000)
 Metaspace       used 9526K, capacity 10006K, committed 10240K, reserved 1058816K
  class space    used 1328K, capacity 1459K, committed 1536K, reserved 1048576K
Event: 1.085 GC heap after
Heap after GC invocations=1 (full 0):
 PSYoungGen      total 18944K, used 2530K [0x00000000eb380000, 0x00000000ec880000, 0x0000000100000000)
  eden space 16384K, 0% used [0x00000000eb380000,0x00000000eb380000,0x00000000ec380000)
  from space 2560K, 98% used [0x00000000ec380000,0x00000000ec5f88c0,0x00000000ec600000)
  to   space 2560K, 0% used [0x00000000ec600000,0x00000000ec600000,0x00000000ec880000)
 ParOldGen       total 44032K, used 112K [0x00000000c1a00000, 0x00000000c4500000, 0x00000000eb380000)
  object space 44032K, 0% used [0x00000000c1a00000,0x00000000c1a1c000,0x00000000c4500000)
 Metaspace       used 9526K, capacity 10006K, committed 10240K, reserved 1058816K
  class space    used 1328K, capacity 1459K, committed 1536K, reserved 1048576K
}
Event: 2.072 GC heap before
{Heap before GC invocations=2 (full 0):
 PSYoungGen      total 18944K, used 18914K [0x00000000eb380000, 0x00000000ec880000, 0x0000000100000000)
  eden space 16384K, 100% used [0x00000000eb380000,0x00000000ec380000,0x00000000ec380000)
  from space 2560K, 98% used [0x00000000ec380000,0x00000000ec5f88c0,0x00000000ec600000)
  to   space 2560K, 0% used [0x00000000ec600000,0x00000000ec600000,0x00000000ec880000)
 ParOldGen       total 44032K, used 112K [0x00000000c1a00000, 0x00000000c4500000, 0x00000000eb380000)
  object space 44032K, 0% used [0x00000000c1a00000,0x00000000c1a1c000,0x00000000c4500000)
 Metaspace       used 13711K, capacity 14386K, committed 14464K, reserved 1060864K
  class space    used 1982K, capacity 2141K, committed 2176K, reserved 1048576K
Event: 2.091 GC heap after
Heap after GC invocations=2 (full 0):
 PSYoungGen      total 18944K, used 2546K [0x00000000eb380000, 0x00000000ed880000, 0x0000000100000000)
  eden space 16384K, 0% used [0x00000000eb380000,0x00000000eb380000,0x00000000ec380000)
  from space 2560K, 99% used [0x00000000ec600000,0x00000000ec87ca20,0x00000000ec880000)
  to   space 2560K, 0% used [0x00000000ec380000,0x00000000ec380000,0x00000000ec600000)
 ParOldGen       total 44032K, used 2074K [0x00000000c1a00000, 0x00000000c4500000, 0x00000000eb380000)
  object space 44032K, 4% used [0x00000000c1a00000,0x00000000c1c06850,0x00000000c4500000)
 Metaspace       used 13711K, capacity 14386K, committed 14464K, reserved 1060864K
  class space    used 1982K, capacity 2141K, committed 2176K, reserved 1048576K
}
Event: 2.810 GC heap before
{Heap before GC invocations=3 (full 0):
 PSYoungGen      total 18944K, used 18795K [0x00000000eb380000, 0x00000000ed880000, 0x0000000100000000)
  eden space 16384K, 99% used [0x00000000eb380000,0x00000000ec35e5a8,0x00000000ec380000)
  from space 2560K, 99% used [0x00000000ec600000,0x00000000ec87ca20,0x00000000ec880000)
  to   space 2560K, 0% used [0x00000000ec380000,0x00000000ec380000,0x00000000ec600000)
 ParOldGen       total 44032K, used 2074K [0x00000000c1a00000, 0x00000000c4500000, 0x00000000eb380000)
  object space 44032K, 4% used [0x00000000c1a00000,0x00000000c1c06850,0x00000000c4500000)
 Metaspace       used 16133K, capacity 17176K, committed 17280K, reserved 1064960K
  class space    used 2476K, capacity 2682K, committed 2688K, reserved 1048576K
Event: 2.825 GC heap after
Heap after GC invocations=3 (full 0):
 PSYoungGen      total 18944K, used 2546K [0x00000000eb380000, 0x00000000ed880000, 0x0000000100000000)
  eden space 16384K, 0% used [0x00000000eb380000,0x00000000eb380000,0x00000000ec380000)
  from space 2560K, 99% used [0x00000000ec380000,0x00000000ec5fc8d0,0x00000000ec600000)
  to   space 2560K, 0% used [0x00000000ed600000,0x00000000ed600000,0x00000000ed880000)
 ParOldGen       total 44032K, used 7793K [0x00000000c1a00000, 0x00000000c4500000, 0x00000000eb380000)
  object space 44032K, 17% used [0x00000000c1a00000,0x00000000c219c578,0x00000000c4500000)
 Metaspace       used 16133K, capacity 17176K, committed 17280K, reserved 1064960K
  class space    used 2476K, capacity 2682K, committed 2688K, reserved 1048576K
}

Deoptimization events (10 events):
Event: 2.198 Thread 0x0000000007f44000 Uncommon trap: reason=array_check action=maybe_recompile pc=0x000000000f45e4bc method=com.sun.javafx.css.SimpleSelector.applies(Ljavafx/css/Styleable;[Ljava/util/Set;I)Z @ 37
Event: 2.198 Thread 0x0000000007f44000 Uncommon trap: reason=array_check action=maybe_recompile pc=0x000000000f45e4bc method=com.sun.javafx.css.SimpleSelector.applies(Ljavafx/css/Styleable;[Ljava/util/Set;I)Z @ 37
Event: 2.316 Thread 0x0000000007f44000 Uncommon trap: reason=unstable_if action=reinterpret pc=0x000000000f439d44 method=com.sun.javafx.css.SimpleSelector.applies(Ljavafx/css/Styleable;)Z @ 7
Event: 2.461 Thread 0x0000000007f44000 Uncommon trap: reason=unstable_if action=reinterpret pc=0x000000000f2f8f1c method=sun.net.www.ParseUtil.encodePath(Ljava/lang/String;Z)Ljava/lang/String; @ 109
Event: 2.521 Thread 0x0000000007f44000 Uncommon trap: reason=array_check action=maybe_recompile pc=0x000000000f4b8918 method=com.sun.javafx.css.CompoundSelector.applies(Ljavafx/css/Styleable;[Ljava/util/Set;I)Z @ 128
Event: 2.521 Thread 0x0000000007f44000 Uncommon trap: reason=array_check action=maybe_recompile pc=0x000000000f4b8918 method=com.sun.javafx.css.CompoundSelector.applies(Ljavafx/css/Styleable;[Ljava/util/Set;I)Z @ 128
Event: 2.521 Thread 0x0000000007f44000 Uncommon trap: reason=array_check action=maybe_recompile pc=0x000000000f4b8918 method=com.sun.javafx.css.CompoundSelector.applies(Ljavafx/css/Styleable;[Ljava/util/Set;I)Z @ 128
Event: 2.521 Thread 0x0000000007f44000 Uncommon trap: reason=array_check action=maybe_recompile pc=0x000000000f4b8918 method=com.sun.javafx.css.CompoundSelector.applies(Ljavafx/css/Styleable;[Ljava/util/Set;I)Z @ 128
Event: 3.034 Thread 0x0000000007f44000 Uncommon trap: reason=array_check action=maybe_recompile pc=0x000000000f57dda0 method=com.sun.javafx.css.SimpleSelector.applies(Ljavafx/css/Styleable;[Ljava/util/Set;I)Z @ 37
Event: 3.330 Thread 0x0000000007f44000 Uncommon trap: reason=unstable_if action=reinterpret pc=0x000000000f5f5974 method=javafx.scene.Node.markDirtyLayoutBranch()V @ 16

Internal exceptions (10 events):
Event: 1.389 Thread 0x0000000007f44000 Implicit null exception at 0x000000000f238225 to 0x000000000f2383f1
Event: 1.439 Thread 0x0000000007f44000 Implicit null exception at 0x000000000f30332b to 0x000000000f303699
Event: 1.593 Thread 0x0000000007f44000 Exception <a 'java/io/FileNotFoundException'> (0x00000000ebc7cf40) thrown at [D:\re\workspace\8-2-build-windows-amd64-cygwin\jdk8u77\6540\hotspot\src\share\vm\prims\jni.cpp, line 709]
Event: 1.855 Thread 0x0000000007f44000 Exception <a 'java/io/FileNotFoundException'> (0x00000000ec03de38) thrown at [D:\re\workspace\8-2-build-windows-amd64-cygwin\jdk8u77\6540\hotspot\src\share\vm\prims\jni.cpp, line 709]
Event: 1.859 Thread 0x0000000007f44000 Implicit null exception at 0x000000000f394ac6 to 0x000000000f3950d5
Event: 1.866 Thread 0x0000000007f44000 Exception <a 'java/io/FileNotFoundException'> (0x00000000ec063cf8) thrown at [D:\re\workspace\8-2-build-windows-amd64-cygwin\jdk8u77\6540\hotspot\src\share\vm\prims\jni.cpp, line 709]
Event: 1.879 Thread 0x0000000007f44000 Implicit null exception at 0x000000000f390c7a to 0x000000000f390f3d
Event: 1.884 Thread 0x0000000007f44000 Exception <a 'java/io/FileNotFoundException'> (0x00000000ec082f10) thrown at [D:\re\workspace\8-2-build-windows-amd64-cygwin\jdk8u77\6540\hotspot\src\share\vm\prims\jni.cpp, line 709]
Event: 1.886 Thread 0x0000000007f44000 Implicit null exception at 0x000000000f38ddc5 to 0x000000000f38e065
Event: 2.121 Thread 0x0000000007f44000 Implicit null exception at 0x000000000f3e8196 to 0x000000000f3e81dd

Events (10 events):
Event: 3.471 loading class com/sun/javafx/image/impl/ByteGray
Event: 3.471 loading class com/sun/javafx/image/impl/ByteGray done
Event: 3.472 loading class com/sun/javafx/image/impl/ByteGray$Accessor
Event: 3.472 loading class com/sun/javafx/image/impl/ByteGray$Accessor done
Event: 3.472 loading class com/sun/javafx/image/impl/BaseByteToByteConverter$ByteAnyToSameConverter
Event: 3.472 loading class com/sun/javafx/image/impl/BaseByteToByteConverter$ByteAnyToSameConverter done
Event: 3.478 loading class com/sun/prism/MultiTexture
Event: 3.478 loading class com/sun/prism/MultiTexture done
Event: 3.479 loading class com/sun/prism/shader/Solid_TextureRGB_Loader
Event: 3.479 loading class com/sun/prism/shader/Solid_TextureRGB_Loader done


Dynamic libraries:
0x000000013f9a0000 - 0x000000013f9d7000 	C:\Program Files\Java\jdk1.8.0_77\bin\java.exe
0x0000000077370000 - 0x000000007751b000 	C:\Windows\SYSTEM32\ntdll.dll
0x0000000077150000 - 0x000000007726f000 	C:\Windows\system32\kernel32.dll
0x000007fefd530000 - 0x000007fefd59b000 	C:\Windows\system32\KERNELBASE.dll
0x000007fefdca0000 - 0x000007fefdd7b000 	C:\Windows\system32\ADVAPI32.dll
0x000007fefd890000 - 0x000007fefd92f000 	C:\Windows\system32\msvcrt.dll
0x000007fefd740000 - 0x000007fefd75f000 	C:\Windows\SYSTEM32\sechost.dll
0x000007feff540000 - 0x000007feff66e000 	C:\Windows\system32\RPCRT4.dll
0x0000000077270000 - 0x000000007736a000 	C:\Windows\system32\USER32.dll
0x000007feff4d0000 - 0x000007feff537000 	C:\Windows\system32\GDI32.dll
0x000007feff670000 - 0x000007feff67e000 	C:\Windows\system32\LPK.dll
0x000007feff280000 - 0x000007feff34a000 	C:\Windows\system32\USP10.dll
0x000007fefba50000 - 0x000007fefbc44000 	C:\Windows\WinSxS\amd64_microsoft.windows.common-controls_6595b64144ccf1df_6.0.7600.16385_none_fa645303170382f6\COMCTL32.dll
0x000007fefd930000 - 0x000007fefd9a1000 	C:\Windows\system32\SHLWAPI.dll
0x000007feff250000 - 0x000007feff27e000 	C:\Windows\system32\IMM32.DLL
0x000007fefed80000 - 0x000007fefee89000 	C:\Windows\system32\MSCTF.dll
0x000007fefd290000 - 0x000007fefd2c1000 	C:\Windows\system32\nvinitx.dll
0x000000000f000000 - 0x000000000f006000 	C:\Program Files\NVIDIA Corporation\CoProcManager\_etoured.dll
0x000007fefaa70000 - 0x000007fefaacf000 	C:\Program Files\NVIDIA Corporation\CoProcManager\nvd3d9wrapx.dll
0x000007fefdac0000 - 0x000007fefdc97000 	C:\Windows\system32\SETUPAPI.dll
0x000007fefd660000 - 0x000007fefd696000 	C:\Windows\system32\CFGMGR32.dll
0x000007fefee90000 - 0x000007fefef67000 	C:\Windows\system32\OLEAUT32.dll
0x000007fefdd80000 - 0x000007fefdf81000 	C:\Windows\system32\ole32.dll
0x000007fefd5a0000 - 0x000007fefd5ba000 	C:\Windows\system32\DEVOBJ.dll
0x000007fefa900000 - 0x000007fefa946000 	C:\Program Files\NVIDIA Corporation\CoProcManager\nvdxgiwrapx.dll
0x00000000700c0000 - 0x0000000070192000 	C:\Program Files\Java\jdk1.8.0_77\jre\bin\msvcr100.dll
0x00000000634c0000 - 0x0000000063d50000 	C:\Program Files\Java\jdk1.8.0_77\jre\bin\server\jvm.dll
0x000007fef30c0000 - 0x000007fef30c9000 	C:\Windows\system32\WSOCK32.dll
0x000007fefdf90000 - 0x000007fefdfdd000 	C:\Windows\system32\WS2_32.dll
0x000007fefed70000 - 0x000007fefed78000 	C:\Windows\system32\NSI.dll
0x000007fefaae0000 - 0x000007fefab1b000 	C:\Windows\system32\WINMM.dll
0x000007fefc570000 - 0x000007fefc57c000 	C:\Windows\system32\VERSION.dll
0x0000000077530000 - 0x0000000077537000 	C:\Windows\system32\PSAPI.DLL
0x0000000070390000 - 0x000000007039f000 	C:\Program Files\Java\jdk1.8.0_77\jre\bin\verify.dll
0x0000000070360000 - 0x0000000070389000 	C:\Program Files\Java\jdk1.8.0_77\jre\bin\java.dll
0x0000000069010000 - 0x0000000069026000 	C:\Program Files\Java\jdk1.8.0_77\jre\bin\zip.dll
0x000007fefdfe0000 - 0x000007fefed66000 	C:\Windows\system32\SHELL32.dll
0x000007fefd2d0000 - 0x000007fefd2df000 	C:\Windows\system32\profapi.dll
0x000007fee9710000 - 0x000007fee97ff000 	C:\Program Files\Java\jdk1.8.0_77\jre\bin\msvcr120.dll
0x000007fee9180000 - 0x000007fee9226000 	C:\Program Files\Java\jdk1.8.0_77\jre\bin\msvcp120.dll
0x00000000718c0000 - 0x00000000718e3000 	C:\Program Files\Java\jdk1.8.0_77\jre\bin\prism_d3d.dll
0x000007fee82a0000 - 0x000007fee849f000 	C:\Windows\system32\d3d9.dll
0x000007fef41d0000 - 0x000007fef41d7000 	C:\Windows\system32\d3d8thk.dll
0x000007fefb530000 - 0x000007fefb548000 	C:\Windows\system32\dwmapi.dll
0x000007fefb9a0000 - 0x000007fefb9f6000 	C:\Windows\system32\uxtheme.dll
0x000007fefa140000 - 0x000007fefa2ad000 	C:\Windows\system32\nvumdshimx.dll
0x000007fee3970000 - 0x000007fee5251000 	C:\Windows\system32\igdumdim64.dll
0x000007fef7da0000 - 0x000007fef8200000 	C:\Windows\system32\igdusc64.dll
0x0000000071870000 - 0x00000000718b3000 	C:\Program Files\Java\jdk1.8.0_77\jre\bin\glass.dll
0x000007fefd6a0000 - 0x000007fefd738000 	C:\Windows\system32\COMDLG32.dll
0x000007fefd1c0000 - 0x000007fefd1cf000 	C:\Windows\system32\CRYPTBASE.dll
0x000007feef450000 - 0x000007feef461000 	C:\Program Files (x86)\MPC Cleaner\MpcSafeDll64.dll
0x0000000071900000 - 0x0000000071914000 	C:\Program Files\Java\jdk1.8.0_77\jre\bin\javafx_font.dll
0x000007fee8040000 - 0x000007fee81bb000 	C:\Windows\system32\dwrite.dll
0x000007fefd9d0000 - 0x000007fefda69000 	C:\Windows\system32\CLBCatQ.DLL
0x000007fefb3c0000 - 0x000007fefb4ea000 	C:\Windows\system32\WindowsCodecs.dll
0x000007fefd160000 - 0x000007fefd1b7000 	C:\Windows\system32\apphelp.dll
0x000007fef7d00000 - 0x000007fef7d40000 	C:\Program Files (x86)\Dropbox\Client\DropboxExt64.34.dll
0x0000000072f40000 - 0x0000000072ff6000 	C:\Program Files\AVAST Software\Avast\ashShA64.dll
0x000007fef79e0000 - 0x000007fef7cf6000 	C:\Windows\system32\msi.dll
0x000007fef79a0000 - 0x000007fef79d5000 	C:\Windows\system32\EhStorShell.dll
0x000007fefbd90000 - 0x000007fefbebc000 	C:\Windows\system32\PROPSYS.dll
0x000007fef7320000 - 0x000007fef7992000 	C:\PROGRA~1\MICROS~2\Office14\GROOVEEX.DLL
0x0000000072ea0000 - 0x0000000072f3d000 	C:\Windows\WinSxS\amd64_microsoft.vc90.crt_1fc8b3b9a1e18e3b_9.0.30729.4926_none_08e1a05ba83fe554\MSVCR90.dll
0x0000000072dc0000 - 0x0000000072e93000 	C:\Windows\WinSxS\amd64_microsoft.vc90.crt_1fc8b3b9a1e18e3b_9.0.30729.4926_none_08e1a05ba83fe554\MSVCP90.dll
0x0000000072d90000 - 0x0000000072dbf000 	C:\Windows\WinSxS\amd64_microsoft.vc90.atl_1fc8b3b9a1e18e3b_9.0.30729.4148_none_0a1d2fcba76b3f00\ATL90.DLL
0x000007fef6f10000 - 0x000007fef731f000 	C:\PROGRA~1\COMMON~1\MICROS~1\OFFICE14\Cultures\office.odf
0x000007fef66a0000 - 0x000007fef6f04000 	C:\PROGRA~1\MICROS~2\Office14\1033\GrooveIntlResource.dll
0x000007fefb260000 - 0x000007fefb269000 	C:\Program Files (x86)\Internet Download Manager\IDMShellExt64.dll
0x000007fef3290000 - 0x000007fef3310000 	C:\Windows\system32\ntshrui.dll
0x000007fefcee0000 - 0x000007fefcf03000 	C:\Windows\system32\srvcli.dll
0x000007fef3bf0000 - 0x000007fef3bff000 	C:\Windows\system32\cscapi.dll
0x000007fefb240000 - 0x000007fefb24b000 	C:\Windows\system32\slc.dll
0x000007fef4100000 - 0x000007fef412d000 	C:\Program Files\Common Files\Microsoft Shared\Ink\rtscom.dll
0x0000000071660000 - 0x0000000071671000 	C:\Program Files\Java\jdk1.8.0_77\jre\bin\prism_common.dll
0x000007feec460000 - 0x000007feec585000 	C:\Windows\system32\dbghelp.dll

VM Arguments:
jvm_args: -Dfile.encoding=UTF-8 
java_command: ProgramTiketing.MainTampilan
java_class_path (initial): C:\Users\U53R\Documents\NetBeansProjects\Projkt\build\classes
Launcher Type: SUN_STANDARD

Environment Variables:
PATH=C:\ProgramData\Oracle\Java\javapath;C:\Windows\system32;C:\Windows;C:\Windows\System32\Wbem;C:\Windows\System32\WindowsPowerShell\v1.0\;C:\Program Files (x86)\Java\jre7\bin
USERNAME=U53R
OS=Windows_NT
PROCESSOR_IDENTIFIER=Intel64 Family 6 Model 69 Stepping 1, GenuineIntel



---------------  S Y S T E M  ---------------

OS: Windows 7 , 64 bit Build 7600 (6.1.7600.16385)

CPU:total 4 (2 cores per cpu, 2 threads per core) family 6 model 69 stepping 1, cmov, cx8, fxsr, mmx, sse, sse2, sse3, ssse3, sse4.1, sse4.2, popcnt, aes, clmul, erms, lzcnt, ht, tsc, tscinvbit, bmi1, bmi2

Memory: 4k page, physical 4080780k(1167672k free), swap 8159664k(4481516k free)

vm_info: Java HotSpot(TM) 64-Bit Server VM (25.77-b03) for windows-amd64 JRE (1.8.0_77-b03), built on Mar 20 2016 22:01:33 by "java_re" with MS VC++ 10.0 (VS2010)

time: Thu Jun 09 21:29:58 2016
elapsed time: 3 seconds (0d 0h 0m 3s)

