#
# A fatal error has been detected by the Java Runtime Environment:
#
#  EXCEPTION_ILLEGAL_INSTRUCTION (0xc000001d) at pc=0x000007fef2005c01, pid=6552, tid=6488
#
# JRE version: Java(TM) SE Runtime Environment (8.0_77-b03) (build 1.8.0_77-b03)
# Java VM: Java HotSpot(TM) 64-Bit Server VM (25.77-b03 mixed mode windows-amd64 compressed oops)
# Problematic frame:
# C  [msvcr120.dll+0x95c01]
#
# Failed to write core dump. Minidumps are not enabled by default on client versions of Windows
#
# If you would like to submit a bug report, please visit:
#   http://bugreport.java.com/bugreport/crash.jsp
# The crash happened outside the Java Virtual Machine in native code.
# See problematic frame for where to report the bug.
#

---------------  T H R E A D  ---------------

Current thread (0x000000000808a800):  JavaThread "QuantumRenderer-0" daemon [_thread_in_native, id=6488, stack(0x0000000008cd0000,0x0000000008dd0000)]

siginfo: ExceptionCode=0xc000001d

Registers:
RAX=0x3fa0000000000000, RBX=0x0000000000000004, RCX=0x3fa0e05e721abad0, RDX=0x7ff0000000000000
RSP=0x0000000008dcbd70, RBP=0x0000000008dcc5a0, RSI=0x0000000008dcc5a0, RDI=0x0000000000000004
R8 =0x8000000000000000, R9 =0x000000006156d1f0, R10=0x000000000000000c, R11=0x0000000000000003
R12=0x000000006156d1f0, R13=0x000000006156d050, R14=0x00000000ece87af4, R15=0x0000000000000004
RIP=0x000007fef2005c01, EFLAGS=0x0000000000010202

Top of Stack: (sp=0x0000000008dcbd70)
0x0000000008dcbd70:   00000000ece8b318 00000000003b4550
0x0000000008dcbd80:   00000000003b4550 000000000a495350
0x0000000008dcbd90:   000000000a430352 0000000000000010
0x0000000008dcbda0:   0000000000000029 00000000003b0158
0x0000000008dcbdb0:   0000000076ed7288 00000000003b0230
0x0000000008dcbdc0:   0000000000000060 00000000003b0230
0x0000000008dcbdd0:   0000000000000001 000000000a3e0000
0x0000000008dcbde0:   0000000008dcc001 00000000003b0230
0x0000000008dcbdf0:   3fc73d280bfc767b 0000000000000000
0x0000000008dcbe00:   bee05c8a4573aff8 0000000000000000
0x0000000008dcbe10:   0000000000487cb0 00000000003b4550
0x0000000008dcbe20:   0000000008441b00 00000000000000c6
0x0000000008dcbe30:   000000006156c3f0 0000000061563318
0x0000000008dcbe40:   3fa0e05e721abad0 3fa0e05e721abad0
0x0000000008dcbe50:   3fc73d280bfc767b 000000000048bfb0
0x0000000008dcbe60:   0000000000000000 00000000000003ff 

Instructions: (pc=0x000007fef2005c01)
0x000007fef2005be1:   0f 10 d0 f2 0f 10 44 24 10 f2 0f 10 4c 24 20 44
0x000007fef2005bf1:   8b 0d 15 26 02 00 e8 34 c7 00 00 e9 72 f8 ff ff
0x000007fef2005c01:   c5 fb 11 44 24 10 c5 fb 11 4c 24 20 48 8b 54 24
0x000007fef2005c11:   10 4c 8b 44 24 20 4c 8b 15 4a 26 02 00 4d 23 d0 


Register to memory mapping:

RAX=0x3fa0000000000000 is an unknown value
RBX=0x0000000000000004 is an unknown value
RCX=0x3fa0e05e721abad0 is an unknown value
RDX=0x7ff0000000000000 is an unknown value
RSP=0x0000000008dcbd70 is pointing into the stack for thread: 0x000000000808a800
RBP=0x0000000008dcc5a0 is pointing into the stack for thread: 0x000000000808a800
RSI=0x0000000008dcc5a0 is pointing into the stack for thread: 0x000000000808a800
RDI=0x0000000000000004 is an unknown value
R8 =0x8000000000000000 is an unknown value
R9 =0x000000006156d1f0 is an unknown value
R10=0x000000000000000c is an unknown value
R11=0x0000000000000003 is an unknown value
R12=0x000000006156d1f0 is an unknown value
R13=0x000000006156d050 is an unknown value
R14=0x00000000ece87af4 is an unknown value
R15=0x0000000000000004 is an unknown value


Stack: [0x0000000008cd0000,0x0000000008dd0000],  sp=0x0000000008dcbd70,  free space=1007k
Native frames: (J=compiled Java code, j=interpreted, Vv=VM code, C=native code)
C  [msvcr120.dll+0x95c01]
C  [prism_common.dll+0x3318]
C  [prism_common.dll+0x1abc]
C  [prism_common.dll+0x1128]
C  [prism_common.dll+0x8b7e]
C  [prism_common.dll+0x669e]
C  [prism_common.dll+0x49af]
C  [prism_common.dll+0x4649]
C  0x000000000f025854

Java frames: (J=compiled Java code, j=interpreted, Vv=VM code)
j  com.sun.prism.impl.shape.NativePiscesRasterizer.produceStrokeAlphas([F[BIFIIF[FFDDDDDD[I[B)V+0
j  com.sun.prism.impl.shape.NativePiscesRasterizer.getMaskData(Lcom/sun/javafx/geom/Shape;Lcom/sun/prism/BasicStroke;Lcom/sun/javafx/geom/RectBounds;Lcom/sun/javafx/geom/transform/BaseTransform;ZZ)Lcom/sun/prism/impl/shape/MaskData;+487
j  com.sun.prism.impl.shape.ShapeUtil.rasterizeShape(Lcom/sun/javafx/geom/Shape;Lcom/sun/prism/BasicStroke;Lcom/sun/javafx/geom/RectBounds;Lcom/sun/javafx/geom/transform/BaseTransform;ZZ)Lcom/sun/prism/impl/shape/MaskData;+11
j  com.sun.prism.impl.ps.BaseShaderGraphics.renderShape(Lcom/sun/javafx/geom/Shape;Lcom/sun/prism/BasicStroke;FFFF)V+40
j  com.sun.prism.impl.BaseGraphics.draw(Lcom/sun/javafx/geom/Shape;)V+136
j  com.sun.javafx.sg.prism.NGRegion.renderBorderRectangle(Lcom/sun/prism/Graphics;)V+1320
j  com.sun.javafx.sg.prism.NGRegion.renderAsRectangle(Lcom/sun/prism/Graphics;)V+27
j  com.sun.javafx.sg.prism.NGRegion.renderContent(Lcom/sun/prism/Graphics;)V+106
j  com.sun.javafx.sg.prism.NGNode.doRender(Lcom/sun/prism/Graphics;)V+330
j  com.sun.javafx.sg.prism.NGNode.render(Lcom/sun/prism/Graphics;)V+34
j  com.sun.javafx.sg.prism.NGGroup.renderContent(Lcom/sun/prism/Graphics;)V+160
j  com.sun.javafx.sg.prism.NGRegion.renderContent(Lcom/sun/prism/Graphics;)V+111
j  com.sun.javafx.sg.prism.NGNode.doRender(Lcom/sun/prism/Graphics;)V+330
j  com.sun.javafx.sg.prism.NGNode.render(Lcom/sun/prism/Graphics;)V+34
j  com.sun.javafx.sg.prism.NGGroup.renderContent(Lcom/sun/prism/Graphics;)V+160
j  com.sun.javafx.sg.prism.NGRegion.renderContent(Lcom/sun/prism/Graphics;)V+111
j  com.sun.javafx.sg.prism.NGNode.doRender(Lcom/sun/prism/Graphics;)V+330
j  com.sun.javafx.sg.prism.NGNode.render(Lcom/sun/prism/Graphics;)V+34
j  com.sun.javafx.sg.prism.NGGroup.renderContent(Lcom/sun/prism/Graphics;)V+160
j  com.sun.javafx.sg.prism.NGRegion.renderContent(Lcom/sun/prism/Graphics;)V+111
j  com.sun.javafx.sg.prism.NGNode.renderForClip(Lcom/sun/prism/Graphics;)V+17
j  com.sun.javafx.sg.prism.NGNode.renderRectClip(Lcom/sun/prism/Graphics;Lcom/sun/javafx/sg/prism/NGRectangle;)V+106
j  com.sun.javafx.sg.prism.NGNode.renderClip(Lcom/sun/prism/Graphics;)V+83
j  com.sun.javafx.sg.prism.CacheFilter.impl_renderNodeToCache(Lcom/sun/scenario/effect/ImageData;Lcom/sun/javafx/geom/Rectangle;Lcom/sun/javafx/geom/transform/BaseTransform;Lcom/sun/javafx/geom/Rectangle;)V+150
j  com.sun.javafx.sg.prism.CacheFilter.render(Lcom/sun/prism/Graphics;)V+344
j  com.sun.javafx.sg.prism.NGNode.renderCached(Lcom/sun/prism/Graphics;)V+31
j  com.sun.javafx.sg.prism.NGNode.doRender(Lcom/sun/prism/Graphics;)V+260
j  com.sun.javafx.sg.prism.NGNode.render(Lcom/sun/prism/Graphics;)V+34
j  com.sun.javafx.sg.prism.NGGroup.renderContent(Lcom/sun/prism/Graphics;)V+160
j  com.sun.javafx.sg.prism.NGRegion.renderContent(Lcom/sun/prism/Graphics;)V+111
j  com.sun.javafx.sg.prism.NGNode.doRender(Lcom/sun/prism/Graphics;)V+330
j  com.sun.javafx.sg.prism.NGNode.render(Lcom/sun/prism/Graphics;)V+34
j  com.sun.javafx.sg.prism.NGGroup.renderContent(Lcom/sun/prism/Graphics;)V+160
j  com.sun.javafx.sg.prism.NGRegion.renderContent(Lcom/sun/prism/Graphics;)V+111
j  com.sun.javafx.sg.prism.NGNode.renderForClip(Lcom/sun/prism/Graphics;)V+17
j  com.sun.javafx.sg.prism.NGNode.renderRectClip(Lcom/sun/prism/Graphics;Lcom/sun/javafx/sg/prism/NGRectangle;)V+106
j  com.sun.javafx.sg.prism.NGNode.renderClip(Lcom/sun/prism/Graphics;)V+83
j  com.sun.javafx.sg.prism.NGNode.doRender(Lcom/sun/prism/Graphics;)V+285
j  com.sun.javafx.sg.prism.NGNode.render(Lcom/sun/prism/Graphics;)V+34
j  com.sun.javafx.sg.prism.NGGroup.renderContent(Lcom/sun/prism/Graphics;)V+160
j  com.sun.javafx.sg.prism.NGRegion.renderContent(Lcom/sun/prism/Graphics;)V+111
j  com.sun.javafx.sg.prism.NGNode.renderForClip(Lcom/sun/prism/Graphics;)V+17
j  com.sun.javafx.sg.prism.NGNode.renderRectClip(Lcom/sun/prism/Graphics;Lcom/sun/javafx/sg/prism/NGRectangle;)V+106
j  com.sun.javafx.sg.prism.NGNode.renderClip(Lcom/sun/prism/Graphics;)V+83
j  com.sun.javafx.sg.prism.NGNode.doRender(Lcom/sun/prism/Graphics;)V+285
j  com.sun.javafx.sg.prism.NGNode.render(Lcom/sun/prism/Graphics;)V+34
j  com.sun.javafx.sg.prism.NGGroup.renderContent(Lcom/sun/prism/Graphics;)V+160
j  com.sun.javafx.sg.prism.NGRegion.renderContent(Lcom/sun/prism/Graphics;)V+111
j  com.sun.javafx.sg.prism.NGNode.doRender(Lcom/sun/prism/Graphics;)V+330
j  com.sun.javafx.sg.prism.NGNode.render(Lcom/sun/prism/Graphics;)V+34
j  com.sun.javafx.tk.quantum.ViewPainter.doPaint(Lcom/sun/prism/Graphics;Lcom/sun/javafx/sg/prism/NodePath;)V+201
j  com.sun.javafx.tk.quantum.ViewPainter.paintImpl(Lcom/sun/prism/Graphics;)V+982
j  com.sun.javafx.tk.quantum.PresentingPainter.run()V+326
j  java.util.concurrent.Executors$RunnableAdapter.call()Ljava/lang/Object;+4
j  java.util.concurrent.FutureTask.runAndReset()Z+47
j  com.sun.javafx.tk.RenderJob.run()V+1
j  java.util.concurrent.ThreadPoolExecutor.runWorker(Ljava/util/concurrent/ThreadPoolExecutor$Worker;)V+95
j  java.util.concurrent.ThreadPoolExecutor$Worker.run()V+5
j  com.sun.javafx.tk.quantum.QuantumRenderer$PipelineRunnable.run()V+8
j  java.lang.Thread.run()V+11
v  ~StubRoutines::call_stub

---------------  P R O C E S S  ---------------

Java Threads: ( => current thread )
  0x0000000060759000 JavaThread "Prism Font Disposer" daemon [_thread_blocked, id=5668, stack(0x000000005f3e0000,0x000000005f4e0000)]
  0x0000000008489000 JavaThread "JavaFX-Launcher" [_thread_blocked, id=4364, stack(0x000000000ac60000,0x000000000ad60000)]
  0x0000000008475800 JavaThread "Thread-2" daemon [_thread_in_vm, id=6832, stack(0x000000000ab60000,0x000000000ac60000)]
  0x0000000008457000 JavaThread "JavaFX Application Thread" [_thread_blocked, id=4628, stack(0x0000000008fa0000,0x00000000090a0000)]
  0x0000000008455000 JavaThread "Thread-1" daemon [_thread_blocked, id=4316, stack(0x0000000008dd0000,0x0000000008ed0000)]
=>0x000000000808a800 JavaThread "QuantumRenderer-0" daemon [_thread_in_native, id=6488, stack(0x0000000008cd0000,0x0000000008dd0000)]
  0x0000000007d3b000 JavaThread "Service Thread" daemon [_thread_blocked, id=6512, stack(0x00000000081e0000,0x00000000082e0000)]
  0x00000000060e2000 JavaThread "C1 CompilerThread2" daemon [_thread_blocked, id=6880, stack(0x0000000007be0000,0x0000000007ce0000)]
  0x00000000060e1800 JavaThread "C2 CompilerThread1" daemon [_thread_blocked, id=2608, stack(0x0000000007610000,0x0000000007710000)]
  0x00000000060df800 JavaThread "C2 CompilerThread0" daemon [_thread_blocked, id=3444, stack(0x0000000007990000,0x0000000007a90000)]
  0x00000000060ed800 JavaThread "Attach Listener" daemon [_thread_blocked, id=1264, stack(0x0000000007870000,0x0000000007970000)]
  0x00000000060ec000 JavaThread "Signal Dispatcher" daemon [_thread_blocked, id=7132, stack(0x0000000007760000,0x0000000007860000)]
  0x00000000060c8800 JavaThread "Finalizer" daemon [_thread_blocked, id=1996, stack(0x0000000007480000,0x0000000007580000)]
  0x0000000006081800 JavaThread "Reference Handler" daemon [_thread_blocked, id=4712, stack(0x0000000007290000,0x0000000007390000)]
  0x000000000221d800 JavaThread "main" [_thread_blocked, id=3348, stack(0x0000000002540000,0x0000000002640000)]

Other Threads:
  0x000000000607a000 VMThread [stack: 0x00000000070c0000,0x00000000071c0000] [id=3700]
  0x0000000007d4c800 WatcherThread [stack: 0x0000000008320000,0x0000000008420000] [id=6468]

VM state:not at safepoint (normal execution)

VM Mutex/Monitor currently owned by a thread: None

Heap:
 PSYoungGen      total 35328K, used 30553K [0x00000000eb380000, 0x00000000ed880000, 0x0000000100000000)
  eden space 32768K, 85% used [0x00000000eb380000,0x00000000eceddd48,0x00000000ed380000)
  from space 2560K, 98% used [0x00000000ed600000,0x00000000ed8788c0,0x00000000ed880000)
  to   space 2560K, 0% used [0x00000000ed380000,0x00000000ed380000,0x00000000ed600000)
 ParOldGen       total 44032K, used 2148K [0x00000000c1a00000, 0x00000000c4500000, 0x00000000eb380000)
  object space 44032K, 4% used [0x00000000c1a00000,0x00000000c1c19180,0x00000000c4500000)
 Metaspace       used 17288K, capacity 18422K, committed 18560K, reserved 1064960K
  class space    used 2615K, capacity 2837K, committed 2944K, reserved 1048576K

Card table byte_map: [0x0000000002cd0000,0x0000000002ed0000] byte_map_base: 0x00000000026c3000

Marking Bits: (ParMarkBitMap*) 0x000000005f120600
 Begin Bits: [0x00000000035c0000, 0x0000000004558000)
 End Bits:   [0x0000000004558000, 0x00000000054f0000)

Polling page: 0x0000000000130000

CodeCache: size=245760Kb used=6728Kb max_used=6739Kb free=239031Kb
 bounds [0x000000000f010000, 0x000000000f6b0000, 0x000000001e010000]
 total_blobs=2712 nmethods=2064 adapters=561
 compilation: enabled

Compilation events (10 events):
Event: 3.191 Thread 0x00000000060e2000 2065       1       com.sun.prism.impl.BaseTexture::getContentY (5 bytes)
Event: 3.191 Thread 0x00000000060e2000 nmethod 2065 0x000000000f6a3350 code [0x000000000f6a34a0, 0x000000000f6a35b0]
Event: 3.191 Thread 0x00000000060e2000 2067       3       com.sun.javafx.font.directwrite.DWGlyph::checkBounds (161 bytes)
Event: 3.192 Thread 0x00000000060e2000 nmethod 2067 0x000000000f6a3610 code [0x000000000f6a37e0, 0x000000000f6a3f98]
Event: 3.192 Thread 0x00000000060e2000 2068       3       com.sun.javafx.font.CompositeStrike::getStrikeSlot (165 bytes)
Event: 3.192 Thread 0x00000000060e2000 nmethod 2068 0x000000000f6a4290 code [0x000000000f6a44e0, 0x000000000f6a53e8]
Event: 3.193 Thread 0x00000000060e2000 2069       1       com.sun.prism.impl.BaseGraphics::getTransformNoClone (5 bytes)
Event: 3.193 Thread 0x00000000060e2000 nmethod 2069 0x000000000f6a5a50 code [0x000000000f6a5ba0, 0x000000000f6a5cb0]
Event: 3.194 Thread 0x00000000060e1800 2070       4       java.lang.String::getChars (62 bytes)
Event: 3.195 Thread 0x00000000060e1800 nmethod 2070 0x000000000f6a8d50 code [0x000000000f6a8ea0, 0x000000000f6a8ff8]

GC Heap History (4 events):
Event: 1.233 GC heap before
{Heap before GC invocations=1 (full 0):
 PSYoungGen      total 18944K, used 16161K [0x00000000eb380000, 0x00000000ec880000, 0x0000000100000000)
  eden space 16384K, 98% used [0x00000000eb380000,0x00000000ec348468,0x00000000ec380000)
  from space 2560K, 0% used [0x00000000ec600000,0x00000000ec600000,0x00000000ec880000)
  to   space 2560K, 0% used [0x00000000ec380000,0x00000000ec380000,0x00000000ec600000)
 ParOldGen       total 44032K, used 0K [0x00000000c1a00000, 0x00000000c4500000, 0x00000000eb380000)
  object space 44032K, 0% used [0x00000000c1a00000,0x00000000c1a00000,0x00000000c4500000)
 Metaspace       used 9528K, capacity 9994K, committed 10240K, reserved 1058816K
  class space    used 1330K, capacity 1459K, committed 1536K, reserved 1048576K
Event: 1.249 GC heap after
Heap after GC invocations=1 (full 0):
 PSYoungGen      total 18944K, used 2530K [0x00000000eb380000, 0x00000000ed880000, 0x0000000100000000)
  eden space 16384K, 0% used [0x00000000eb380000,0x00000000eb380000,0x00000000ec380000)
  from space 2560K, 98% used [0x00000000ec380000,0x00000000ec5f88e0,0x00000000ec600000)
  to   space 2560K, 0% used [0x00000000ed600000,0x00000000ed600000,0x00000000ed880000)
 ParOldGen       total 44032K, used 88K [0x00000000c1a00000, 0x00000000c4500000, 0x00000000eb380000)
  object space 44032K, 0% used [0x00000000c1a00000,0x00000000c1a16000,0x00000000c4500000)
 Metaspace       used 9528K, capacity 9994K, committed 10240K, reserved 1058816K
  class space    used 1330K, capacity 1459K, committed 1536K, reserved 1048576K
}
Event: 2.174 GC heap before
{Heap before GC invocations=2 (full 0):
 PSYoungGen      total 18944K, used 18914K [0x00000000eb380000, 0x00000000ed880000, 0x0000000100000000)
  eden space 16384K, 100% used [0x00000000eb380000,0x00000000ec380000,0x00000000ec380000)
  from space 2560K, 98% used [0x00000000ec380000,0x00000000ec5f88e0,0x00000000ec600000)
  to   space 2560K, 0% used [0x00000000ed600000,0x00000000ed600000,0x00000000ed880000)
 ParOldGen       total 44032K, used 88K [0x00000000c1a00000, 0x00000000c4500000, 0x00000000eb380000)
  object space 44032K, 0% used [0x00000000c1a00000,0x00000000c1a16000,0x00000000c4500000)
 Metaspace       used 13827K, capacity 14556K, committed 14720K, reserved 1062912K
  class space    used 1995K, capacity 2174K, committed 2176K, reserved 1048576K
Event: 2.190 GC heap after
Heap after GC invocations=2 (full 0):
 PSYoungGen      total 35328K, used 2530K [0x00000000eb380000, 0x00000000ed880000, 0x0000000100000000)
  eden space 32768K, 0% used [0x00000000eb380000,0x00000000eb380000,0x00000000ed380000)
  from space 2560K, 98% used [0x00000000ed600000,0x00000000ed8788c0,0x00000000ed880000)
  to   space 2560K, 0% used [0x00000000ed380000,0x00000000ed380000,0x00000000ed600000)
 ParOldGen       total 44032K, used 2148K [0x00000000c1a00000, 0x00000000c4500000, 0x00000000eb380000)
  object space 44032K, 4% used [0x00000000c1a00000,0x00000000c1c19180,0x00000000c4500000)
 Metaspace       used 13827K, capacity 14556K, committed 14720K, reserved 1062912K
  class space    used 1995K, capacity 2174K, committed 2176K, reserved 1048576K
}

Deoptimization events (10 events):
Event: 2.159 Thread 0x0000000008457000 Uncommon trap: reason=unstable_if action=reinterpret pc=0x000000000f331d58 method=java.lang.String.regionMatches(ZILjava/lang/String;II)Z @ 123
Event: 2.266 Thread 0x0000000008457000 Uncommon trap: reason=array_check action=maybe_recompile pc=0x000000000f459434 method=com.sun.javafx.css.CompoundSelector.applies(Ljavafx/css/Styleable;[Ljava/util/Set;I)Z @ 128
Event: 2.266 Thread 0x0000000008457000 Uncommon trap: reason=array_check action=maybe_recompile pc=0x000000000f459434 method=com.sun.javafx.css.CompoundSelector.applies(Ljavafx/css/Styleable;[Ljava/util/Set;I)Z @ 128
Event: 2.267 Thread 0x0000000008457000 Uncommon trap: reason=array_check action=maybe_recompile pc=0x000000000f459434 method=com.sun.javafx.css.CompoundSelector.applies(Ljavafx/css/Styleable;[Ljava/util/Set;I)Z @ 128
Event: 2.267 Thread 0x0000000008457000 Uncommon trap: reason=array_check action=maybe_recompile pc=0x000000000f459434 method=com.sun.javafx.css.CompoundSelector.applies(Ljavafx/css/Styleable;[Ljava/util/Set;I)Z @ 128
Event: 2.415 Thread 0x0000000008457000 Uncommon trap: reason=unstable_if action=reinterpret pc=0x000000000f40ab40 method=com.sun.javafx.css.SimpleSelector.applies(Ljavafx/css/Styleable;)Z @ 7
Event: 2.548 Thread 0x0000000008457000 Uncommon trap: reason=unstable_if action=reinterpret pc=0x000000000f30e3dc method=sun.net.www.ParseUtil.encodePath(Ljava/lang/String;Z)Ljava/lang/String; @ 109
Event: 2.622 Thread 0x0000000008457000 Uncommon trap: reason=unstable_if action=reinterpret pc=0x000000000f405fb8 method=com.sun.javafx.css.BitSet.add(Ljava/lang/Object;)Z @ 91
Event: 2.914 Thread 0x0000000008457000 Uncommon trap: reason=array_check action=maybe_recompile pc=0x000000000f5a5584 method=com.sun.javafx.css.SimpleSelector.applies(Ljavafx/css/Styleable;[Ljava/util/Set;I)Z @ 37
Event: 3.133 Thread 0x000000000808a800 Uncommon trap: reason=unstable_if action=reinterpret pc=0x000000000f5d6c2c method=java.io.BufferedInputStream.read1([BII)I @ 60

Internal exceptions (10 events):
Event: 0.873 Thread 0x0000000008457000 Exception <a 'java/lang/NullPointerException'> (0x00000000ebd69e30) thrown at [D:\re\workspace\8-2-build-windows-amd64-cygwin\jdk8u77\6540\hotspot\src\share\vm\prims\jvm.cpp, line 1390]
Event: 1.557 Thread 0x0000000008457000 Implicit null exception at 0x000000000f24ee65 to 0x000000000f24f031
Event: 1.732 Thread 0x0000000008457000 Exception <a 'java/io/FileNotFoundException'> (0x00000000ebc83e38) thrown at [D:\re\workspace\8-2-build-windows-amd64-cygwin\jdk8u77\6540\hotspot\src\share\vm\prims\jni.cpp, line 709]
Event: 1.910 Thread 0x0000000008457000 Implicit null exception at 0x000000000f317d2b to 0x000000000f318099
Event: 1.968 Thread 0x0000000008457000 Exception <a 'java/io/FileNotFoundException'> (0x00000000ec045ad8) thrown at [D:\re\workspace\8-2-build-windows-amd64-cygwin\jdk8u77\6540\hotspot\src\share\vm\prims\jni.cpp, line 709]
Event: 1.984 Thread 0x0000000008457000 Implicit null exception at 0x000000000f37c8ba to 0x000000000f37cb79
Event: 1.992 Thread 0x0000000008457000 Exception <a 'java/io/FileNotFoundException'> (0x00000000ec07ccf0) thrown at [D:\re\workspace\8-2-build-windows-amd64-cygwin\jdk8u77\6540\hotspot\src\share\vm\prims\jni.cpp, line 709]
Event: 1.996 Thread 0x0000000008457000 Implicit null exception at 0x000000000f386945 to 0x000000000f386be9
Event: 1.998 Thread 0x0000000008457000 Exception <a 'java/io/FileNotFoundException'> (0x00000000ec09bf08) thrown at [D:\re\workspace\8-2-build-windows-amd64-cygwin\jdk8u77\6540\hotspot\src\share\vm\prims\jni.cpp, line 709]
Event: 2.129 Thread 0x0000000008457000 Implicit null exception at 0x000000000f42e661 to 0x000000000f42eb79

Events (10 events):
Event: 3.170 loading class com/sun/prism/shader/Solid_TextureRGB_Loader
Event: 3.170 loading class com/sun/prism/shader/Solid_TextureRGB_Loader done
Event: 3.192 loading class com/sun/javafx/geom/Path2D$CornerPrefix
Event: 3.192 loading class com/sun/javafx/geom/Path2D$CornerPrefix done
Event: 3.192 loading class com/sun/prism/impl/shape/ShapeUtil
Event: 3.192 loading class com/sun/prism/impl/shape/ShapeUtil done
Event: 3.193 loading class com/sun/prism/impl/shape/ShapeRasterizer
Event: 3.193 loading class com/sun/prism/impl/shape/ShapeRasterizer done
Event: 3.193 loading class com/sun/prism/impl/shape/NativePiscesRasterizer
Event: 3.193 loading class com/sun/prism/impl/shape/NativePiscesRasterizer done


Dynamic libraries:
0x000000013fb50000 - 0x000000013fb87000 	C:\Program Files\Java\jdk1.8.0_77\bin\java.exe
0x0000000076dc0000 - 0x0000000076f6b000 	C:\Windows\SYSTEM32\ntdll.dll
0x0000000076ba0000 - 0x0000000076cbf000 	C:\Windows\system32\kernel32.dll
0x000007fefd060000 - 0x000007fefd0cb000 	C:\Windows\system32\KERNELBASE.dll
0x000007fefdf50000 - 0x000007fefe02b000 	C:\Windows\system32\ADVAPI32.dll
0x000007feff030000 - 0x000007feff0cf000 	C:\Windows\system32\msvcrt.dll
0x000007fefee20000 - 0x000007fefee3f000 	C:\Windows\SYSTEM32\sechost.dll
0x000007fefe5e0000 - 0x000007fefe70e000 	C:\Windows\system32\RPCRT4.dll
0x0000000076cc0000 - 0x0000000076dba000 	C:\Windows\system32\USER32.dll
0x000007fefe710000 - 0x000007fefe777000 	C:\Windows\system32\GDI32.dll
0x000007fefee40000 - 0x000007fefee4e000 	C:\Windows\system32\LPK.dll
0x000007fefd0f0000 - 0x000007fefd1ba000 	C:\Windows\system32\USP10.dll
0x000007fefb4e0000 - 0x000007fefb6d4000 	C:\Windows\WinSxS\amd64_microsoft.windows.common-controls_6595b64144ccf1df_6.0.7600.16385_none_fa645303170382f6\COMCTL32.dll
0x000007fefe050000 - 0x000007fefe0c1000 	C:\Windows\system32\SHLWAPI.dll
0x000007fefedf0000 - 0x000007fefee1e000 	C:\Windows\system32\IMM32.DLL
0x000007fefe0d0000 - 0x000007fefe1d9000 	C:\Windows\system32\MSCTF.dll
0x000007fefcce0000 - 0x000007fefcd11000 	C:\Windows\system32\nvinitx.dll
0x000000000f000000 - 0x000000000f006000 	C:\Program Files\NVIDIA Corporation\CoProcManager\_etoured.dll
0x000007fefa8c0000 - 0x000007fefa91f000 	C:\Program Files\NVIDIA Corporation\CoProcManager\nvd3d9wrapx.dll
0x000007fefee50000 - 0x000007feff027000 	C:\Windows\system32\SETUPAPI.dll
0x000007fefceb0000 - 0x000007fefcee6000 	C:\Windows\system32\CFGMGR32.dll
0x000007fefe780000 - 0x000007fefe857000 	C:\Windows\system32\OLEAUT32.dll
0x000007fefebe0000 - 0x000007fefede1000 	C:\Windows\system32\ole32.dll
0x000007fefd0d0000 - 0x000007fefd0ea000 	C:\Windows\system32\DEVOBJ.dll
0x000007fefa870000 - 0x000007fefa8b6000 	C:\Program Files\NVIDIA Corporation\CoProcManager\nvdxgiwrapx.dll
0x000000005fce0000 - 0x000000005fdb2000 	C:\Program Files\Java\jdk1.8.0_77\jre\bin\msvcr100.dll
0x000000005e910000 - 0x000000005f1a0000 	C:\Program Files\Java\jdk1.8.0_77\jre\bin\server\jvm.dll
0x000007fefba90000 - 0x000007fefba99000 	C:\Windows\system32\WSOCK32.dll
0x000007fefe460000 - 0x000007fefe4ad000 	C:\Windows\system32\WS2_32.dll
0x000007fefe400000 - 0x000007fefe408000 	C:\Windows\system32\NSI.dll
0x000007fefa420000 - 0x000007fefa45b000 	C:\Windows\system32\WINMM.dll
0x000007fefbfc0000 - 0x000007fefbfcc000 	C:\Windows\system32\VERSION.dll
0x0000000076f80000 - 0x0000000076f87000 	C:\Windows\system32\PSAPI.DLL
0x000000006b040000 - 0x000000006b04f000 	C:\Program Files\Java\jdk1.8.0_77\jre\bin\verify.dll
0x00000000615b0000 - 0x00000000615d9000 	C:\Program Files\Java\jdk1.8.0_77\jre\bin\java.dll
0x0000000067850000 - 0x0000000067866000 	C:\Program Files\Java\jdk1.8.0_77\jre\bin\zip.dll
0x000007fefd1c0000 - 0x000007fefdf46000 	C:\Windows\system32\SHELL32.dll
0x000007fefcd20000 - 0x000007fefcd2f000 	C:\Windows\system32\profapi.dll
0x000007fef1f70000 - 0x000007fef205f000 	C:\Program Files\Java\jdk1.8.0_77\jre\bin\msvcr120.dll
0x000007fef1ec0000 - 0x000007fef1f66000 	C:\Program Files\Java\jdk1.8.0_77\jre\bin\msvcp120.dll
0x0000000061580000 - 0x00000000615a3000 	C:\Program Files\Java\jdk1.8.0_77\jre\bin\prism_d3d.dll
0x000007fee7880000 - 0x000007fee7a7f000 	C:\Windows\system32\d3d9.dll
0x000007fefb4c0000 - 0x000007fefb4c7000 	C:\Windows\system32\d3d8thk.dll
0x000007fefaef0000 - 0x000007fefaf08000 	C:\Windows\system32\dwmapi.dll
0x000007fefb430000 - 0x000007fefb486000 	C:\Windows\system32\uxtheme.dll
0x000007fef9b90000 - 0x000007fef9cfd000 	C:\Windows\system32\nvumdshimx.dll
0x000007fee3880000 - 0x000007fee5161000 	C:\Windows\system32\igdumdim64.dll
0x000007fef77f0000 - 0x000007fef7c50000 	C:\Windows\system32\igdusc64.dll
0x000000005fc20000 - 0x000000005fc63000 	C:\Program Files\Java\jdk1.8.0_77\jre\bin\glass.dll
0x000007fefeb40000 - 0x000007fefebd8000 	C:\Windows\system32\COMDLG32.dll
0x000007fefcc10000 - 0x000007fefcc1f000 	C:\Windows\system32\CRYPTBASE.dll
0x000007fef0cf0000 - 0x000007fef0d01000 	C:\Program Files (x86)\MPC Cleaner\MpcSafeDll64.dll
0x000000006a710000 - 0x000000006a724000 	C:\Program Files\Java\jdk1.8.0_77\jre\bin\javafx_font.dll
0x000007fee9680000 - 0x000007fee97fb000 	C:\Windows\system32\dwrite.dll
0x000007fefe1e0000 - 0x000007fefe279000 	C:\Windows\system32\CLBCatQ.DLL
0x000007fefacd0000 - 0x000007fefadfa000 	C:\Windows\system32\WindowsCodecs.dll
0x000007fefcbb0000 - 0x000007fefcc07000 	C:\Windows\system32\apphelp.dll
0x000007fef7750000 - 0x000007fef7790000 	C:\Program Files (x86)\Dropbox\Client\DropboxExt64.34.dll
0x00000000727e0000 - 0x0000000072896000 	C:\Program Files\AVAST Software\Avast\ashShA64.dll
0x000007fef7430000 - 0x000007fef7746000 	C:\Windows\system32\msi.dll
0x000007fef73f0000 - 0x000007fef7425000 	C:\Windows\system32\EhStorShell.dll
0x000007fefb7f0000 - 0x000007fefb91c000 	C:\Windows\system32\PROPSYS.dll
0x000007fef6d70000 - 0x000007fef73e2000 	C:\PROGRA~1\MICROS~2\Office14\GROOVEEX.DLL
0x0000000072740000 - 0x00000000727dd000 	C:\Windows\WinSxS\amd64_microsoft.vc90.crt_1fc8b3b9a1e18e3b_9.0.30729.4926_none_08e1a05ba83fe554\MSVCR90.dll
0x0000000072660000 - 0x0000000072733000 	C:\Windows\WinSxS\amd64_microsoft.vc90.crt_1fc8b3b9a1e18e3b_9.0.30729.4926_none_08e1a05ba83fe554\MSVCP90.dll
0x0000000072630000 - 0x000000007265f000 	C:\Windows\WinSxS\amd64_microsoft.vc90.atl_1fc8b3b9a1e18e3b_9.0.30729.4148_none_0a1d2fcba76b3f00\ATL90.DLL
0x000007fef6960000 - 0x000007fef6d6f000 	C:\PROGRA~1\COMMON~1\MICROS~1\OFFICE14\Cultures\office.odf
0x000007fef60f0000 - 0x000007fef6954000 	C:\PROGRA~1\MICROS~2\Office14\1033\GrooveIntlResource.dll
0x000007fefab90000 - 0x000007fefab99000 	C:\Program Files (x86)\Internet Download Manager\IDMShellExt64.dll
0x000007fef54a0000 - 0x000007fef5520000 	C:\Windows\system32\ntshrui.dll
0x000007fefc930000 - 0x000007fefc953000 	C:\Windows\system32\srvcli.dll
0x000007fefab80000 - 0x000007fefab8f000 	C:\Windows\system32\cscapi.dll
0x000007fefaed0000 - 0x000007fefaedb000 	C:\Windows\system32\slc.dll
0x000007fef3a20000 - 0x000007fef3a4d000 	C:\Program Files\Common Files\Microsoft Shared\Ink\rtscom.dll
0x0000000061560000 - 0x0000000061571000 	C:\Program Files\Java\jdk1.8.0_77\jre\bin\prism_common.dll
0x000007fee93e0000 - 0x000007fee9505000 	C:\Windows\system32\dbghelp.dll

VM Arguments:
jvm_args: -Dfile.encoding=UTF-8 
java_command: ProgramTiketing.MainTampilan
java_class_path (initial): C:\Users\U53R\Documents\NetBeansProjects\Projkt\build\classes
Launcher Type: SUN_STANDARD

Environment Variables:
PATH=C:\ProgramData\Oracle\Java\javapath;C:\Windows\system32;C:\Windows;C:\Windows\System32\Wbem;C:\Windows\System32\WindowsPowerShell\v1.0\;C:\Program Files (x86)\Java\jre7\bin
USERNAME=U53R
OS=Windows_NT
PROCESSOR_IDENTIFIER=Intel64 Family 6 Model 69 Stepping 1, GenuineIntel



---------------  S Y S T E M  ---------------

OS: Windows 7 , 64 bit Build 7600 (6.1.7600.16385)

CPU:total 4 (2 cores per cpu, 2 threads per core) family 6 model 69 stepping 1, cmov, cx8, fxsr, mmx, sse, sse2, sse3, ssse3, sse4.1, sse4.2, popcnt, aes, clmul, erms, lzcnt, ht, tsc, tscinvbit, bmi1, bmi2

Memory: 4k page, physical 4080780k(1949332k free), swap 8159664k(4898584k free)

vm_info: Java HotSpot(TM) 64-Bit Server VM (25.77-b03) for windows-amd64 JRE (1.8.0_77-b03), built on Mar 20 2016 22:01:33 by "java_re" with MS VC++ 10.0 (VS2010)

time: Sat Jun 11 15:04:26 2016
elapsed time: 3 seconds (0d 0h 0m 3s)

