#
# A fatal error has been detected by the Java Runtime Environment:
#
#  EXCEPTION_ILLEGAL_INSTRUCTION (0xc000001d) at pc=0x000007fee8445c01, pid=1372, tid=6292
#
# JRE version: Java(TM) SE Runtime Environment (8.0_77-b03) (build 1.8.0_77-b03)
# Java VM: Java HotSpot(TM) 64-Bit Server VM (25.77-b03 mixed mode windows-amd64 compressed oops)
# Problematic frame:
# C  [msvcr120.dll+0x95c01]
#
# Failed to write core dump. Minidumps are not enabled by default on client versions of Windows
#
# If you would like to submit a bug report, please visit:
#   http://bugreport.java.com/bugreport/crash.jsp
# The crash happened outside the Java Virtual Machine in native code.
# See problematic frame for where to report the bug.
#

---------------  T H R E A D  ---------------

Current thread (0x0000000007f48000):  JavaThread "QuantumRenderer-0" daemon [_thread_in_native, id=6292, stack(0x0000000008be0000,0x0000000008ce0000)]

siginfo: ExceptionCode=0xc000001d

Registers:
RAX=0x3fa0000000000000, RBX=0x0000000000000004, RCX=0x3fa0e05e721abad0, RDX=0x7ff0000000000000
RSP=0x0000000008cdc220, RBP=0x0000000008cdca50, RSI=0x0000000008cdca50, RDI=0x0000000000000004
R8 =0x8000000000000000, R9 =0x0000000002edd1f0, R10=0x000000000000000c, R11=0x000000000000001c
R12=0x0000000002edd1f0, R13=0x0000000002edd050, R14=0x00000000eb3ba06c, R15=0x0000000000000004
RIP=0x000007fee8445c01, EFLAGS=0x0000000000010202

Top of Stack: (sp=0x0000000008cdc220)
0x0000000008cdc220:   0000000000000000 00000000001b0230
0x0000000008cdc230:   00000000001b0230 000000000a6b6130
0x0000000008cdc240:   000000000a696282 0000000000000010
0x0000000008cdc250:   0000000000000000 00000000001b0158
0x0000000008cdc260:   0000000077487288 00000000001b4550
0x0000000008cdc270:   0000000000000060 0000000002100000
0x0000000008cdc280:   0000000000000001 0000000060b40000
0x0000000008cdc290:   0000000008cdc501 00000000001b0230
0x0000000008cdc2a0:   3fc73d280bfc767b 0000000000000000
0x0000000008cdc2b0:   bee05c8a4573aff8 0000000000000000
0x0000000008cdc2c0:   0000000000289ac0 00000000001b0230
0x0000000008cdc2d0:   0000000008a8c500 0000000000000002
0x0000000008cdc2e0:   0000000002edc3f0 0000000002ed3318
0x0000000008cdc2f0:   3fa0e05e721abad0 3fa0e05e721abad0
0x0000000008cdc300:   3fc73d280bfc767b 0000000060b53c70
0x0000000008cdc310:   0000000000000000 000000000000002b 

Instructions: (pc=0x000007fee8445c01)
0x000007fee8445be1:   0f 10 d0 f2 0f 10 44 24 10 f2 0f 10 4c 24 20 44
0x000007fee8445bf1:   8b 0d 15 26 02 00 e8 34 c7 00 00 e9 72 f8 ff ff
0x000007fee8445c01:   c5 fb 11 44 24 10 c5 fb 11 4c 24 20 48 8b 54 24
0x000007fee8445c11:   10 4c 8b 44 24 20 4c 8b 15 4a 26 02 00 4d 23 d0 


Register to memory mapping:

RAX=0x3fa0000000000000 is an unknown value
RBX=0x0000000000000004 is an unknown value
RCX=0x3fa0e05e721abad0 is an unknown value
RDX=0x7ff0000000000000 is an unknown value
RSP=0x0000000008cdc220 is pointing into the stack for thread: 0x0000000007f48000
RBP=0x0000000008cdca50 is pointing into the stack for thread: 0x0000000007f48000
RSI=0x0000000008cdca50 is pointing into the stack for thread: 0x0000000007f48000
RDI=0x0000000000000004 is an unknown value
R8 =0x8000000000000000 is an unknown value
R9 =0x0000000002edd1f0 is an unknown value
R10=0x000000000000000c is an unknown value
R11=0x000000000000001c is an unknown value
R12=0x0000000002edd1f0 is an unknown value
R13=0x0000000002edd050 is an unknown value
R14=0x00000000eb3ba06c is an unknown value
R15=0x0000000000000004 is an unknown value


Stack: [0x0000000008be0000,0x0000000008ce0000],  sp=0x0000000008cdc220,  free space=1008k
Native frames: (J=compiled Java code, j=interpreted, Vv=VM code, C=native code)
C  [msvcr120.dll+0x95c01]
C  [prism_common.dll+0x3318]
C  [prism_common.dll+0x1abc]
C  [prism_common.dll+0x1128]
C  [prism_common.dll+0x8b7e]
C  [prism_common.dll+0x669e]
C  [prism_common.dll+0x49af]
C  [prism_common.dll+0x4649]
C  0x000000000f025854

Java frames: (J=compiled Java code, j=interpreted, Vv=VM code)
j  com.sun.prism.impl.shape.NativePiscesRasterizer.produceStrokeAlphas([F[BIFIIF[FFDDDDDD[I[B)V+0
j  com.sun.prism.impl.shape.NativePiscesRasterizer.getMaskData(Lcom/sun/javafx/geom/Shape;Lcom/sun/prism/BasicStroke;Lcom/sun/javafx/geom/RectBounds;Lcom/sun/javafx/geom/transform/BaseTransform;ZZ)Lcom/sun/prism/impl/shape/MaskData;+487
j  com.sun.prism.impl.shape.ShapeUtil.rasterizeShape(Lcom/sun/javafx/geom/Shape;Lcom/sun/prism/BasicStroke;Lcom/sun/javafx/geom/RectBounds;Lcom/sun/javafx/geom/transform/BaseTransform;ZZ)Lcom/sun/prism/impl/shape/MaskData;+11
j  com.sun.prism.impl.ps.BaseShaderGraphics.renderShape(Lcom/sun/javafx/geom/Shape;Lcom/sun/prism/BasicStroke;FFFF)V+40
j  com.sun.prism.impl.BaseGraphics.draw(Lcom/sun/javafx/geom/Shape;)V+136
j  com.sun.javafx.sg.prism.NGRegion.renderBorderRectangle(Lcom/sun/prism/Graphics;)V+1320
j  com.sun.javafx.sg.prism.NGRegion.renderAsRectangle(Lcom/sun/prism/Graphics;)V+27
j  com.sun.javafx.sg.prism.NGRegion.renderContent(Lcom/sun/prism/Graphics;)V+106
j  com.sun.javafx.sg.prism.NGNode.doRender(Lcom/sun/prism/Graphics;)V+330
J 2117 C1 com.sun.javafx.sg.prism.NGNode.render(Lcom/sun/prism/Graphics;)V (38 bytes) @ 0x000000000f6cbd74 [0x000000000f6cbb00+0x274]
j  com.sun.javafx.sg.prism.NGGroup.renderContent(Lcom/sun/prism/Graphics;)V+160
j  com.sun.javafx.sg.prism.NGRegion.renderContent(Lcom/sun/prism/Graphics;)V+111
j  com.sun.javafx.sg.prism.NGNode.doRender(Lcom/sun/prism/Graphics;)V+330
J 2117 C1 com.sun.javafx.sg.prism.NGNode.render(Lcom/sun/prism/Graphics;)V (38 bytes) @ 0x000000000f6cbd74 [0x000000000f6cbb00+0x274]
j  com.sun.javafx.sg.prism.NGGroup.renderContent(Lcom/sun/prism/Graphics;)V+160
j  com.sun.javafx.sg.prism.NGRegion.renderContent(Lcom/sun/prism/Graphics;)V+111
j  com.sun.javafx.sg.prism.NGNode.doRender(Lcom/sun/prism/Graphics;)V+330
J 2117 C1 com.sun.javafx.sg.prism.NGNode.render(Lcom/sun/prism/Graphics;)V (38 bytes) @ 0x000000000f6cbd74 [0x000000000f6cbb00+0x274]
j  com.sun.javafx.sg.prism.NGGroup.renderContent(Lcom/sun/prism/Graphics;)V+160
j  com.sun.javafx.sg.prism.NGRegion.renderContent(Lcom/sun/prism/Graphics;)V+111
j  com.sun.javafx.sg.prism.NGNode.renderForClip(Lcom/sun/prism/Graphics;)V+17
j  com.sun.javafx.sg.prism.NGNode.renderRectClip(Lcom/sun/prism/Graphics;Lcom/sun/javafx/sg/prism/NGRectangle;)V+106
j  com.sun.javafx.sg.prism.NGNode.renderClip(Lcom/sun/prism/Graphics;)V+83
j  com.sun.javafx.sg.prism.CacheFilter.impl_renderNodeToCache(Lcom/sun/scenario/effect/ImageData;Lcom/sun/javafx/geom/Rectangle;Lcom/sun/javafx/geom/transform/BaseTransform;Lcom/sun/javafx/geom/Rectangle;)V+150
j  com.sun.javafx.sg.prism.CacheFilter.render(Lcom/sun/prism/Graphics;)V+344
j  com.sun.javafx.sg.prism.NGNode.renderCached(Lcom/sun/prism/Graphics;)V+31
j  com.sun.javafx.sg.prism.NGNode.doRender(Lcom/sun/prism/Graphics;)V+260
J 2117 C1 com.sun.javafx.sg.prism.NGNode.render(Lcom/sun/prism/Graphics;)V (38 bytes) @ 0x000000000f6cbd74 [0x000000000f6cbb00+0x274]
j  com.sun.javafx.sg.prism.NGGroup.renderContent(Lcom/sun/prism/Graphics;)V+160
j  com.sun.javafx.sg.prism.NGRegion.renderContent(Lcom/sun/prism/Graphics;)V+111
j  com.sun.javafx.sg.prism.NGNode.doRender(Lcom/sun/prism/Graphics;)V+330
J 2117 C1 com.sun.javafx.sg.prism.NGNode.render(Lcom/sun/prism/Graphics;)V (38 bytes) @ 0x000000000f6cbd74 [0x000000000f6cbb00+0x274]
j  com.sun.javafx.sg.prism.NGGroup.renderContent(Lcom/sun/prism/Graphics;)V+160
j  com.sun.javafx.sg.prism.NGRegion.renderContent(Lcom/sun/prism/Graphics;)V+111
j  com.sun.javafx.sg.prism.NGNode.renderForClip(Lcom/sun/prism/Graphics;)V+17
j  com.sun.javafx.sg.prism.NGNode.renderRectClip(Lcom/sun/prism/Graphics;Lcom/sun/javafx/sg/prism/NGRectangle;)V+106
j  com.sun.javafx.sg.prism.NGNode.renderClip(Lcom/sun/prism/Graphics;)V+83
j  com.sun.javafx.sg.prism.NGNode.doRender(Lcom/sun/prism/Graphics;)V+285
J 2117 C1 com.sun.javafx.sg.prism.NGNode.render(Lcom/sun/prism/Graphics;)V (38 bytes) @ 0x000000000f6cbd74 [0x000000000f6cbb00+0x274]
j  com.sun.javafx.sg.prism.NGGroup.renderContent(Lcom/sun/prism/Graphics;)V+160
j  com.sun.javafx.sg.prism.NGRegion.renderContent(Lcom/sun/prism/Graphics;)V+111
j  com.sun.javafx.sg.prism.NGNode.renderForClip(Lcom/sun/prism/Graphics;)V+17
j  com.sun.javafx.sg.prism.NGNode.renderRectClip(Lcom/sun/prism/Graphics;Lcom/sun/javafx/sg/prism/NGRectangle;)V+106
j  com.sun.javafx.sg.prism.NGNode.renderClip(Lcom/sun/prism/Graphics;)V+83
j  com.sun.javafx.sg.prism.NGNode.doRender(Lcom/sun/prism/Graphics;)V+285
J 2117 C1 com.sun.javafx.sg.prism.NGNode.render(Lcom/sun/prism/Graphics;)V (38 bytes) @ 0x000000000f6cbd74 [0x000000000f6cbb00+0x274]
j  com.sun.javafx.sg.prism.NGGroup.renderContent(Lcom/sun/prism/Graphics;)V+160
j  com.sun.javafx.sg.prism.NGRegion.renderContent(Lcom/sun/prism/Graphics;)V+111
j  com.sun.javafx.sg.prism.NGNode.doRender(Lcom/sun/prism/Graphics;)V+330
J 2117 C1 com.sun.javafx.sg.prism.NGNode.render(Lcom/sun/prism/Graphics;)V (38 bytes) @ 0x000000000f6cbd74 [0x000000000f6cbb00+0x274]
j  com.sun.javafx.tk.quantum.ViewPainter.doPaint(Lcom/sun/prism/Graphics;Lcom/sun/javafx/sg/prism/NodePath;)V+201
j  com.sun.javafx.tk.quantum.ViewPainter.paintImpl(Lcom/sun/prism/Graphics;)V+953
j  com.sun.javafx.tk.quantum.PresentingPainter.run()V+326
j  java.util.concurrent.Executors$RunnableAdapter.call()Ljava/lang/Object;+4
j  java.util.concurrent.FutureTask.runAndReset()Z+47
j  com.sun.javafx.tk.RenderJob.run()V+1
j  java.util.concurrent.ThreadPoolExecutor.runWorker(Ljava/util/concurrent/ThreadPoolExecutor$Worker;)V+95
j  java.util.concurrent.ThreadPoolExecutor$Worker.run()V+5
j  com.sun.javafx.tk.quantum.QuantumRenderer$PipelineRunnable.run()V+8
j  java.lang.Thread.run()V+11
v  ~StubRoutines::call_stub

---------------  P R O C E S S  ---------------

Java Threads: ( => current thread )
  0x000000005e8f9800 JavaThread "Prism Font Disposer" daemon [_thread_blocked, id=5876, stack(0x000000000eda0000,0x000000000eea0000)]
  0x0000000008270800 JavaThread "JavaFX-Launcher" [_thread_blocked, id=4320, stack(0x000000000aca0000,0x000000000ada0000)]
  0x000000000824b800 JavaThread "Thread-2" daemon [_thread_in_native, id=1432, stack(0x000000000a9f0000,0x000000000aaf0000)]
  0x0000000008215800 JavaThread "JavaFX Application Thread" [_thread_in_native, id=5804, stack(0x0000000009070000,0x0000000009170000)]
  0x0000000008213800 JavaThread "Thread-1" daemon [_thread_blocked, id=6300, stack(0x0000000008e30000,0x0000000008f30000)]
=>0x0000000007f48000 JavaThread "QuantumRenderer-0" daemon [_thread_in_native, id=6292, stack(0x0000000008be0000,0x0000000008ce0000)]
  0x0000000007be2800 JavaThread "Service Thread" daemon [_thread_blocked, id=6576, stack(0x0000000008100000,0x0000000008200000)]
  0x0000000006026000 JavaThread "C1 CompilerThread2" daemon [_thread_blocked, id=5956, stack(0x0000000007a60000,0x0000000007b60000)]
  0x0000000006025000 JavaThread "C2 CompilerThread1" daemon [_thread_blocked, id=6176, stack(0x00000000075d0000,0x00000000076d0000)]
  0x000000000601f800 JavaThread "C2 CompilerThread0" daemon [_thread_blocked, id=2588, stack(0x00000000078c0000,0x00000000079c0000)]
  0x000000000602d800 JavaThread "Attach Listener" daemon [_thread_blocked, id=6684, stack(0x00000000076f0000,0x00000000077f0000)]
  0x000000000602c000 JavaThread "Signal Dispatcher" daemon [_thread_blocked, id=3044, stack(0x0000000007410000,0x0000000007510000)]
  0x0000000006008800 JavaThread "Finalizer" daemon [_thread_blocked, id=6084, stack(0x0000000007300000,0x0000000007400000)]
  0x0000000005fc1800 JavaThread "Reference Handler" daemon [_thread_blocked, id=4920, stack(0x0000000007130000,0x0000000007230000)]
  0x000000000210d800 JavaThread "main" [_thread_blocked, id=1152, stack(0x00000000023f0000,0x00000000024f0000)]

Other Threads:
  0x0000000005fba000 VMThread [stack: 0x0000000006ff0000,0x00000000070f0000] [id=3308]
  0x0000000007bea800 WatcherThread [stack: 0x0000000007f60000,0x0000000008060000] [id=1936]

VM state:not at safepoint (normal execution)

VM Mutex/Monitor currently owned by a thread: None

Heap:
 PSYoungGen      total 35328K, used 3354K [0x00000000eb380000, 0x00000000ef880000, 0x0000000100000000)
  eden space 32768K, 2% used [0x00000000eb380000,0x00000000eb44b5e0,0x00000000ed380000)
  from space 2560K, 99% used [0x00000000ed380000,0x00000000ed5fb520,0x00000000ed600000)
  to   space 2560K, 0% used [0x00000000ef600000,0x00000000ef600000,0x00000000ef880000)
 ParOldGen       total 44032K, used 18780K [0x00000000c1a00000, 0x00000000c4500000, 0x00000000eb380000)
  object space 44032K, 42% used [0x00000000c1a00000,0x00000000c2c57088,0x00000000c4500000)
 Metaspace       used 17660K, capacity 18766K, committed 19072K, reserved 1064960K
  class space    used 2652K, capacity 2887K, committed 2944K, reserved 1048576K

Card table byte_map: [0x0000000002b80000,0x0000000002d80000] byte_map_base: 0x0000000002573000

Marking Bits: (ParMarkBitMap*) 0x0000000063cd0600
 Begin Bits: [0x0000000003500000, 0x0000000004498000)
 End Bits:   [0x0000000004498000, 0x0000000005430000)

Polling page: 0x0000000000430000

CodeCache: size=245760Kb used=7400Kb max_used=7406Kb free=238359Kb
 bounds [0x000000000f010000, 0x000000000f750000, 0x000000001e010000]
 total_blobs=2918 nmethods=2260 adapters=570
 compilation: enabled

Compilation events (10 events):
Event: 5.910 Thread 0x0000000006026000 2257       3       com.sun.prism.impl.BaseGraphics::isAlphaTestShader (26 bytes)
Event: 5.911 Thread 0x0000000006026000 nmethod 2257 0x000000000f749990 code [0x000000000f749b00, 0x000000000f749e10]
Event: 5.911 Thread 0x0000000006026000 2258       3       com.sun.prism.impl.BaseGraphics::getExtraAlpha (5 bytes)
Event: 5.911 Thread 0x0000000006026000 nmethod 2258 0x000000000f749650 code [0x000000000f7497a0, 0x000000000f7498f0]
Event: 5.911 Thread 0x0000000006026000 2259       3       com.sun.prism.impl.ps.BaseShaderContext::updatePerVertexColor (38 bytes)
Event: 5.912 Thread 0x0000000006026000 nmethod 2259 0x000000000f748cd0 code [0x000000000f748e80, 0x000000000f7494e8]
Event: 5.912 Thread 0x0000000006026000 2260       3       com.sun.javafx.geom.transform.GeneralTransform3D::updateState (196 bytes)
Event: 5.912 Thread 0x0000000006026000 nmethod 2260 0x000000000f74b4d0 code [0x000000000f74b6a0, 0x000000000f74c030]
Event: 5.913 Thread 0x0000000006026000 2261       3       java.nio.Bits::byteOrder (20 bytes)
Event: 5.913 Thread 0x0000000006026000 nmethod 2261 0x000000000f7489d0 code [0x000000000f748b20, 0x000000000f748c70]

GC Heap History (6 events):
Event: 1.422 GC heap before
{Heap before GC invocations=1 (full 0):
 PSYoungGen      total 18944K, used 16280K [0x00000000eb380000, 0x00000000ec880000, 0x0000000100000000)
  eden space 16384K, 99% used [0x00000000eb380000,0x00000000ec366240,0x00000000ec380000)
  from space 2560K, 0% used [0x00000000ec600000,0x00000000ec600000,0x00000000ec880000)
  to   space 2560K, 0% used [0x00000000ec380000,0x00000000ec380000,0x00000000ec600000)
 ParOldGen       total 44032K, used 0K [0x00000000c1a00000, 0x00000000c4500000, 0x00000000eb380000)
  object space 44032K, 0% used [0x00000000c1a00000,0x00000000c1a00000,0x00000000c4500000)
 Metaspace       used 9552K, capacity 10006K, committed 10240K, reserved 1058816K
  class space    used 1330K, capacity 1459K, committed 1536K, reserved 1048576K
Event: 1.449 GC heap after
Heap after GC invocations=1 (full 0):
 PSYoungGen      total 18944K, used 2546K [0x00000000eb380000, 0x00000000ed880000, 0x0000000100000000)
  eden space 16384K, 0% used [0x00000000eb380000,0x00000000eb380000,0x00000000ec380000)
  from space 2560K, 99% used [0x00000000ec380000,0x00000000ec5fc8d0,0x00000000ec600000)
  to   space 2560K, 0% used [0x00000000ed600000,0x00000000ed600000,0x00000000ed880000)
 ParOldGen       total 44032K, used 64K [0x00000000c1a00000, 0x00000000c4500000, 0x00000000eb380000)
  object space 44032K, 0% used [0x00000000c1a00000,0x00000000c1a10000,0x00000000c4500000)
 Metaspace       used 9552K, capacity 10006K, committed 10240K, reserved 1058816K
  class space    used 1330K, capacity 1459K, committed 1536K, reserved 1048576K
}
Event: 2.897 GC heap before
{Heap before GC invocations=2 (full 0):
 PSYoungGen      total 18944K, used 18930K [0x00000000eb380000, 0x00000000ed880000, 0x0000000100000000)
  eden space 16384K, 100% used [0x00000000eb380000,0x00000000ec380000,0x00000000ec380000)
  from space 2560K, 99% used [0x00000000ec380000,0x00000000ec5fc8d0,0x00000000ec600000)
  to   space 2560K, 0% used [0x00000000ed600000,0x00000000ed600000,0x00000000ed880000)
 ParOldGen       total 44032K, used 64K [0x00000000c1a00000, 0x00000000c4500000, 0x00000000eb380000)
  object space 44032K, 0% used [0x00000000c1a00000,0x00000000c1a10000,0x00000000c4500000)
 Metaspace       used 13841K, capacity 14552K, committed 14720K, reserved 1062912K
  class space    used 2004K, capacity 2174K, committed 2176K, reserved 1048576K
Event: 2.909 GC heap after
Heap after GC invocations=2 (full 0):
 PSYoungGen      total 35328K, used 2530K [0x00000000eb380000, 0x00000000ed880000, 0x0000000100000000)
  eden space 32768K, 0% used [0x00000000eb380000,0x00000000eb380000,0x00000000ed380000)
  from space 2560K, 98% used [0x00000000ed600000,0x00000000ed8788e0,0x00000000ed880000)
  to   space 2560K, 0% used [0x00000000ed380000,0x00000000ed380000,0x00000000ed600000)
 ParOldGen       total 44032K, used 2114K [0x00000000c1a00000, 0x00000000c4500000, 0x00000000eb380000)
  object space 44032K, 4% used [0x00000000c1a00000,0x00000000c1c109c0,0x00000000c4500000)
 Metaspace       used 13841K, capacity 14552K, committed 14720K, reserved 1062912K
  class space    used 2004K, capacity 2174K, committed 2176K, reserved 1048576K
}
Event: 5.878 GC heap before
{Heap before GC invocations=3 (full 0):
 PSYoungGen      total 35328K, used 35298K [0x00000000eb380000, 0x00000000ed880000, 0x0000000100000000)
  eden space 32768K, 100% used [0x00000000eb380000,0x00000000ed380000,0x00000000ed380000)
  from space 2560K, 98% used [0x00000000ed600000,0x00000000ed8788e0,0x00000000ed880000)
  to   space 2560K, 0% used [0x00000000ed380000,0x00000000ed380000,0x00000000ed600000)
 ParOldGen       total 44032K, used 2114K [0x00000000c1a00000, 0x00000000c4500000, 0x00000000eb380000)
  object space 44032K, 4% used [0x00000000c1a00000,0x00000000c1c109c0,0x00000000c4500000)
 Metaspace       used 17567K, capacity 18666K, committed 18816K, reserved 1064960K
  class space    used 2636K, capacity 2853K, committed 2944K, reserved 1048576K
Event: 5.902 GC heap after
Heap after GC invocations=3 (full 0):
 PSYoungGen      total 35328K, used 2541K [0x00000000eb380000, 0x00000000ef880000, 0x0000000100000000)
  eden space 32768K, 0% used [0x00000000eb380000,0x00000000eb380000,0x00000000ed380000)
  from space 2560K, 99% used [0x00000000ed380000,0x00000000ed5fb520,0x00000000ed600000)
  to   space 2560K, 0% used [0x00000000ef600000,0x00000000ef600000,0x00000000ef880000)
 ParOldGen       total 44032K, used 18780K [0x00000000c1a00000, 0x00000000c4500000, 0x00000000eb380000)
  object space 44032K, 42% used [0x00000000c1a00000,0x00000000c2c57088,0x00000000c4500000)
 Metaspace       used 17567K, capacity 18666K, committed 18816K, reserved 1064960K
  class space    used 2636K, capacity 2853K, committed 2944K, reserved 1048576K
}

Deoptimization events (10 events):
Event: 4.382 Thread 0x0000000008215800 Uncommon trap: reason=unstable_if action=reinterpret pc=0x000000000f5a8dfc method=jdk.internal.org.objectweb.asm.Item.isEqualTo(Ljdk/internal/org/objectweb/asm/Item;)Z @ 331
Event: 4.416 Thread 0x0000000007f48000 Uncommon trap: reason=unstable_if action=reinterpret pc=0x000000000f6074ac method=java.io.BufferedInputStream.read1([BII)I @ 60
Event: 5.496 Thread 0x0000000008215800 Uncommon trap: reason=unstable_if action=reinterpret pc=0x000000000f680db0 method=com.sun.javafx.css.BitSet.retainAll(Ljava/util/Collection;)Z @ 89
Event: 5.496 Thread 0x0000000008215800 Uncommon trap: reason=unstable_if action=reinterpret pc=0x000000000f687f5c method=com.sun.javafx.css.BitSet.retainAll(Ljava/util/Collection;)Z @ 89
Event: 5.498 Thread 0x0000000008215800 Uncommon trap: reason=unstable_if action=reinterpret pc=0x000000000f684e2c method=javafx.scene.Node.impl_isDirty(Lcom/sun/javafx/scene/DirtyBits;)Z @ 12
Event: 5.848 Thread 0x0000000008215800 Uncommon trap: reason=bimorphic action=maybe_recompile pc=0x000000000f650b6c method=javafx.scene.Node.impl_geomChanged()V @ 33
Event: 5.848 Thread 0x0000000008215800 Uncommon trap: reason=unstable_if action=reinterpret pc=0x000000000f640920 method=javafx.scene.Node.transformedBoundsChanged()V @ 4
Event: 5.848 Thread 0x0000000008215800 Uncommon trap: reason=bimorphic action=maybe_recompile pc=0x000000000f650b6c method=javafx.scene.Node.impl_geomChanged()V @ 33
Event: 5.848 Thread 0x0000000008215800 Uncommon trap: reason=unstable_if action=reinterpret pc=0x000000000f650b90 method=javafx.scene.Node.impl_isDirtyEmpty()Z @ 4
Event: 5.853 Thread 0x0000000008215800 Uncommon trap: reason=unstable_if action=reinterpret pc=0x000000000f410768 method=jdk.internal.org.objectweb.asm.Type.getArgumentsAndReturnSizes(Ljava/lang/String;)I @ 47

Internal exceptions (10 events):
Event: 0.951 Thread 0x0000000008215800 Exception <a 'java/lang/NullPointerException'> (0x00000000ebd691c0) thrown at [D:\re\workspace\8-2-build-windows-amd64-cygwin\jdk8u77\6540\hotspot\src\share\vm\interpreter\linkResolver.cpp, line 1178]
Event: 0.951 Thread 0x0000000008215800 Exception <a 'java/lang/NullPointerException'> (0x00000000ebd691c0) thrown at [D:\re\workspace\8-2-build-windows-amd64-cygwin\jdk8u77\6540\hotspot\src\share\vm\prims\jvm.cpp, line 1390]
Event: 1.895 Thread 0x0000000008215800 Implicit null exception at 0x000000000f255125 to 0x000000000f2552f1
Event: 1.959 Thread 0x0000000008215800 Implicit null exception at 0x000000000f318a2b to 0x000000000f318d99
Event: 2.148 Thread 0x0000000008215800 Exception <a 'java/io/FileNotFoundException'> (0x00000000ebc7ce48) thrown at [D:\re\workspace\8-2-build-windows-amd64-cygwin\jdk8u77\6540\hotspot\src\share\vm\prims\jni.cpp, line 709]
Event: 2.481 Thread 0x0000000008215800 Exception <a 'java/io/FileNotFoundException'> (0x00000000ec03dd10) thrown at [D:\re\workspace\8-2-build-windows-amd64-cygwin\jdk8u77\6540\hotspot\src\share\vm\prims\jni.cpp, line 709]
Event: 2.588 Thread 0x0000000008215800 Exception <a 'java/io/FileNotFoundException'> (0x00000000ec075168) thrown at [D:\re\workspace\8-2-build-windows-amd64-cygwin\jdk8u77\6540\hotspot\src\share\vm\prims\jni.cpp, line 709]
Event: 2.596 Thread 0x0000000008215800 Exception <a 'java/io/FileNotFoundException'> (0x00000000ec094380) thrown at [D:\re\workspace\8-2-build-windows-amd64-cygwin\jdk8u77\6540\hotspot\src\share\vm\prims\jni.cpp, line 709]
Event: 2.785 Thread 0x0000000008215800 Implicit null exception at 0x000000000f3fafe1 to 0x000000000f3fb4f9
Event: 2.932 Thread 0x0000000008215800 Implicit null exception at 0x000000000f3dde16 to 0x000000000f3dde5d

Events (10 events):
Event: 5.907 loading class com/sun/scenario/effect/impl/ImagePool
Event: 5.907 loading class com/sun/scenario/effect/impl/ImagePool done
Event: 5.907 loading class com/sun/scenario/effect/impl/ImagePool$1
Event: 5.908 loading class com/sun/scenario/effect/impl/ImagePool$1 done
Event: 5.908 loading class com/sun/scenario/effect/impl/prism/ps/PPSRenderer$1
Event: 5.908 loading class com/sun/scenario/effect/impl/prism/ps/PPSRenderer$1 done
Event: 5.909 loading class com/sun/scenario/effect/ImageData$1
Event: 5.909 loading class com/sun/scenario/effect/ImageData$1 done
Event: 5.910 loading class com/sun/javafx/geom/transform/AffineBase$1
Event: 5.910 loading class com/sun/javafx/geom/transform/AffineBase$1 done


Dynamic libraries:
0x000000013f0d0000 - 0x000000013f107000 	C:\Program Files\Java\jdk1.8.0_77\bin\java.exe
0x0000000077370000 - 0x000000007751b000 	C:\Windows\SYSTEM32\ntdll.dll
0x0000000077150000 - 0x000000007726f000 	C:\Windows\system32\kernel32.dll
0x000007fefd530000 - 0x000007fefd59b000 	C:\Windows\system32\KERNELBASE.dll
0x000007fefdca0000 - 0x000007fefdd7b000 	C:\Windows\system32\ADVAPI32.dll
0x000007fefd890000 - 0x000007fefd92f000 	C:\Windows\system32\msvcrt.dll
0x000007fefd740000 - 0x000007fefd75f000 	C:\Windows\SYSTEM32\sechost.dll
0x000007feff540000 - 0x000007feff66e000 	C:\Windows\system32\RPCRT4.dll
0x0000000077270000 - 0x000000007736a000 	C:\Windows\system32\USER32.dll
0x000007feff4d0000 - 0x000007feff537000 	C:\Windows\system32\GDI32.dll
0x000007feff670000 - 0x000007feff67e000 	C:\Windows\system32\LPK.dll
0x000007feff280000 - 0x000007feff34a000 	C:\Windows\system32\USP10.dll
0x000007fefba50000 - 0x000007fefbc44000 	C:\Windows\WinSxS\amd64_microsoft.windows.common-controls_6595b64144ccf1df_6.0.7600.16385_none_fa645303170382f6\COMCTL32.dll
0x000007fefd930000 - 0x000007fefd9a1000 	C:\Windows\system32\SHLWAPI.dll
0x000007feff250000 - 0x000007feff27e000 	C:\Windows\system32\IMM32.DLL
0x000007fefed80000 - 0x000007fefee89000 	C:\Windows\system32\MSCTF.dll
0x000007fefd290000 - 0x000007fefd2c1000 	C:\Windows\system32\nvinitx.dll
0x000000000f000000 - 0x000000000f006000 	C:\Program Files\NVIDIA Corporation\CoProcManager\_etoured.dll
0x000007fefaa70000 - 0x000007fefaacf000 	C:\Program Files\NVIDIA Corporation\CoProcManager\nvd3d9wrapx.dll
0x000007fefdac0000 - 0x000007fefdc97000 	C:\Windows\system32\SETUPAPI.dll
0x000007fefd660000 - 0x000007fefd696000 	C:\Windows\system32\CFGMGR32.dll
0x000007fefee90000 - 0x000007fefef67000 	C:\Windows\system32\OLEAUT32.dll
0x000007fefdd80000 - 0x000007fefdf81000 	C:\Windows\system32\ole32.dll
0x000007fefd5a0000 - 0x000007fefd5ba000 	C:\Windows\system32\DEVOBJ.dll
0x000007fefa900000 - 0x000007fefa946000 	C:\Program Files\NVIDIA Corporation\CoProcManager\nvdxgiwrapx.dll
0x00000000700c0000 - 0x0000000070192000 	C:\Program Files\Java\jdk1.8.0_77\jre\bin\msvcr100.dll
0x00000000634c0000 - 0x0000000063d50000 	C:\Program Files\Java\jdk1.8.0_77\jre\bin\server\jvm.dll
0x000007fef30c0000 - 0x000007fef30c9000 	C:\Windows\system32\WSOCK32.dll
0x000007fefdf90000 - 0x000007fefdfdd000 	C:\Windows\system32\WS2_32.dll
0x000007fefed70000 - 0x000007fefed78000 	C:\Windows\system32\NSI.dll
0x000007fefaae0000 - 0x000007fefab1b000 	C:\Windows\system32\WINMM.dll
0x000007fefc570000 - 0x000007fefc57c000 	C:\Windows\system32\VERSION.dll
0x0000000077530000 - 0x0000000077537000 	C:\Windows\system32\PSAPI.DLL
0x0000000070390000 - 0x000000007039f000 	C:\Program Files\Java\jdk1.8.0_77\jre\bin\verify.dll
0x0000000070360000 - 0x0000000070389000 	C:\Program Files\Java\jdk1.8.0_77\jre\bin\java.dll
0x0000000069010000 - 0x0000000069026000 	C:\Program Files\Java\jdk1.8.0_77\jre\bin\zip.dll
0x000007fefdfe0000 - 0x000007fefed66000 	C:\Windows\system32\SHELL32.dll
0x000007fefd2d0000 - 0x000007fefd2df000 	C:\Windows\system32\profapi.dll
0x000007fee83b0000 - 0x000007fee849f000 	C:\Program Files\Java\jdk1.8.0_77\jre\bin\msvcr120.dll
0x000007fee9750000 - 0x000007fee97f6000 	C:\Program Files\Java\jdk1.8.0_77\jre\bin\msvcp120.dll
0x00000000718f0000 - 0x0000000071913000 	C:\Program Files\Java\jdk1.8.0_77\jre\bin\prism_d3d.dll
0x000007fee7ad0000 - 0x000007fee7ccf000 	C:\Windows\system32\d3d9.dll
0x000007fef48b0000 - 0x000007fef48b7000 	C:\Windows\system32\d3d8thk.dll
0x000007fefb530000 - 0x000007fefb548000 	C:\Windows\system32\dwmapi.dll
0x000007fefb9a0000 - 0x000007fefb9f6000 	C:\Windows\system32\uxtheme.dll
0x000007fefa140000 - 0x000007fefa2ad000 	C:\Windows\system32\nvumdshimx.dll
0x000007fee61e0000 - 0x000007fee7ac1000 	C:\Windows\system32\igdumdim64.dll
0x000007fef7da0000 - 0x000007fef8200000 	C:\Windows\system32\igdusc64.dll
0x00000000718a0000 - 0x00000000718e3000 	C:\Program Files\Java\jdk1.8.0_77\jre\bin\glass.dll
0x000007fefd6a0000 - 0x000007fefd738000 	C:\Windows\system32\COMDLG32.dll
0x000007fefd1c0000 - 0x000007fefd1cf000 	C:\Windows\system32\CRYPTBASE.dll
0x000007feef450000 - 0x000007feef461000 	C:\Program Files (x86)\MPC Cleaner\MpcSafeDll64.dll
0x0000000071880000 - 0x0000000071894000 	C:\Program Files\Java\jdk1.8.0_77\jre\bin\javafx_font.dll
0x000007fee8040000 - 0x000007fee81bb000 	C:\Windows\system32\dwrite.dll
0x000007fefd9d0000 - 0x000007fefda69000 	C:\Windows\system32\CLBCatQ.DLL
0x000007fefb3c0000 - 0x000007fefb4ea000 	C:\Windows\system32\WindowsCodecs.dll
0x000007fefd160000 - 0x000007fefd1b7000 	C:\Windows\system32\apphelp.dll
0x000007fef7d00000 - 0x000007fef7d40000 	C:\Program Files (x86)\Dropbox\Client\DropboxExt64.34.dll
0x0000000072f40000 - 0x0000000072ff6000 	C:\Program Files\AVAST Software\Avast\ashShA64.dll
0x000007fef79e0000 - 0x000007fef7cf6000 	C:\Windows\system32\msi.dll
0x000007fef79a0000 - 0x000007fef79d5000 	C:\Windows\system32\EhStorShell.dll
0x000007fefbd90000 - 0x000007fefbebc000 	C:\Windows\system32\PROPSYS.dll
0x000007fef7320000 - 0x000007fef7992000 	C:\PROGRA~1\MICROS~2\Office14\GROOVEEX.DLL
0x0000000072ea0000 - 0x0000000072f3d000 	C:\Windows\WinSxS\amd64_microsoft.vc90.crt_1fc8b3b9a1e18e3b_9.0.30729.4926_none_08e1a05ba83fe554\MSVCR90.dll
0x0000000072dc0000 - 0x0000000072e93000 	C:\Windows\WinSxS\amd64_microsoft.vc90.crt_1fc8b3b9a1e18e3b_9.0.30729.4926_none_08e1a05ba83fe554\MSVCP90.dll
0x0000000072d90000 - 0x0000000072dbf000 	C:\Windows\WinSxS\amd64_microsoft.vc90.atl_1fc8b3b9a1e18e3b_9.0.30729.4148_none_0a1d2fcba76b3f00\ATL90.DLL
0x000007fef6f10000 - 0x000007fef731f000 	C:\PROGRA~1\COMMON~1\MICROS~1\OFFICE14\Cultures\office.odf
0x000007fef66a0000 - 0x000007fef6f04000 	C:\PROGRA~1\MICROS~2\Office14\1033\GrooveIntlResource.dll
0x000007fefb260000 - 0x000007fefb269000 	C:\Program Files (x86)\Internet Download Manager\IDMShellExt64.dll
0x000007fef3290000 - 0x000007fef3310000 	C:\Windows\system32\ntshrui.dll
0x000007fefcee0000 - 0x000007fefcf03000 	C:\Windows\system32\srvcli.dll
0x000007fef3bf0000 - 0x000007fef3bff000 	C:\Windows\system32\cscapi.dll
0x000007fefb240000 - 0x000007fefb24b000 	C:\Windows\system32\slc.dll
0x000007feea6e0000 - 0x000007feea70d000 	C:\Program Files\Common Files\Microsoft Shared\Ink\rtscom.dll
0x0000000002ed0000 - 0x0000000002ee1000 	C:\Program Files\Java\jdk1.8.0_77\jre\bin\prism_common.dll
0x000007feec460000 - 0x000007feec585000 	C:\Windows\system32\dbghelp.dll

VM Arguments:
jvm_args: -Dfile.encoding=UTF-8 
java_command: ProgramTiketing.MainTampilan
java_class_path (initial): C:\Users\U53R\Documents\NetBeansProjects\Projkt\build\classes
Launcher Type: SUN_STANDARD

Environment Variables:
PATH=C:\ProgramData\Oracle\Java\javapath;C:\Windows\system32;C:\Windows;C:\Windows\System32\Wbem;C:\Windows\System32\WindowsPowerShell\v1.0\;C:\Program Files (x86)\Java\jre7\bin
USERNAME=U53R
OS=Windows_NT
PROCESSOR_IDENTIFIER=Intel64 Family 6 Model 69 Stepping 1, GenuineIntel



---------------  S Y S T E M  ---------------

OS: Windows 7 , 64 bit Build 7600 (6.1.7600.16385)

CPU:total 4 (2 cores per cpu, 2 threads per core) family 6 model 69 stepping 1, cmov, cx8, fxsr, mmx, sse, sse2, sse3, ssse3, sse4.1, sse4.2, popcnt, aes, clmul, erms, lzcnt, ht, tsc, tscinvbit, bmi1, bmi2

Memory: 4k page, physical 4080780k(1198740k free), swap 8159664k(4737948k free)

vm_info: Java HotSpot(TM) 64-Bit Server VM (25.77-b03) for windows-amd64 JRE (1.8.0_77-b03), built on Mar 20 2016 22:01:33 by "java_re" with MS VC++ 10.0 (VS2010)

time: Thu Jun 09 21:14:32 2016
elapsed time: 6 seconds (0d 0h 0m 6s)

