#
# A fatal error has been detected by the Java Runtime Environment:
#
#  EXCEPTION_ILLEGAL_INSTRUCTION (0xc000001d) at pc=0x000007fee7e55c01, pid=6052, tid=6336
#
# JRE version: Java(TM) SE Runtime Environment (8.0_77-b03) (build 1.8.0_77-b03)
# Java VM: Java HotSpot(TM) 64-Bit Server VM (25.77-b03 mixed mode windows-amd64 compressed oops)
# Problematic frame:
# C  [msvcr120.dll+0x95c01]
#
# Failed to write core dump. Minidumps are not enabled by default on client versions of Windows
#
# If you would like to submit a bug report, please visit:
#   http://bugreport.java.com/bugreport/crash.jsp
# The crash happened outside the Java Virtual Machine in native code.
# See problematic frame for where to report the bug.
#

---------------  T H R E A D  ---------------

Current thread (0x00000000080b0800):  JavaThread "QuantumRenderer-0" daemon [_thread_in_native, id=6336, stack(0x00000000088d0000,0x00000000089d0000)]

siginfo: ExceptionCode=0xc000001d

Registers:
RAX=0x3fa0000000000000, RBX=0x0000000000000004, RCX=0x3fa0e05e721abad0, RDX=0x7ff0000000000000
RSP=0x00000000089cabe0, RBP=0x00000000089cb410, RSI=0x00000000089cb410, RDI=0x0000000000000004
R8 =0x8000000000000000, R9 =0x000000007029d1f0, R10=0x000000000000000c, R11=0x000000000000001e
R12=0x000000007029d1f0, R13=0x000000007029d050, R14=0x00000000eba470dc, R15=0x0000000000000004
RIP=0x000007fee7e55c01, EFLAGS=0x0000000000010202

Top of Stack: (sp=0x00000000089cabe0)
0x00000000089cabe0:   0000000000000000 0000000000304550
0x00000000089cabf0:   0000000000304550 000000005ffb0080
0x00000000089cac00:   000000000a24cfc2 0000000000000010
0x00000000089cac10:   0000000000000029 0000000000300158
0x00000000089cac20:   00000000776f7288 0000000000304550
0x00000000089cac30:   0000000000000060 0000000000300230
0x00000000089cac40:   0000000000000001 000000000a1b0000
0x00000000089cac50:   00000000089caf01 0000000000300230
0x00000000089cac60:   3fc73d280bfc767b 0000000000000000
0x00000000089cac70:   bee05c8a4573aff8 0000000000000000
0x00000000089cac80:   00000000003f5340 0000000000304550
0x00000000089cac90:   00000000080b0800 00000000000002a7
0x00000000089caca0:   000000007029c3f0 0000000070293318
0x00000000089cacb0:   3fa0e05e721abad0 3fa0e05e721abad0
0x00000000089cacc0:   3fc73d280bfc767b 000000000a286270
0x00000000089cacd0:   0000000000000000 00000000000003ff 

Instructions: (pc=0x000007fee7e55c01)
0x000007fee7e55be1:   0f 10 d0 f2 0f 10 44 24 10 f2 0f 10 4c 24 20 44
0x000007fee7e55bf1:   8b 0d 15 26 02 00 e8 34 c7 00 00 e9 72 f8 ff ff
0x000007fee7e55c01:   c5 fb 11 44 24 10 c5 fb 11 4c 24 20 48 8b 54 24
0x000007fee7e55c11:   10 4c 8b 44 24 20 4c 8b 15 4a 26 02 00 4d 23 d0 


Register to memory mapping:

RAX=0x3fa0000000000000 is an unknown value
RBX=0x0000000000000004 is an unknown value
RCX=0x3fa0e05e721abad0 is an unknown value
RDX=0x7ff0000000000000 is an unknown value
RSP=0x00000000089cabe0 is pointing into the stack for thread: 0x00000000080b0800
RBP=0x00000000089cb410 is pointing into the stack for thread: 0x00000000080b0800
RSI=0x00000000089cb410 is pointing into the stack for thread: 0x00000000080b0800
RDI=0x0000000000000004 is an unknown value
R8 =0x8000000000000000 is an unknown value
R9 =0x000000007029d1f0 is an unknown value
R10=0x000000000000000c is an unknown value
R11=0x000000000000001e is an unknown value
R12=0x000000007029d1f0 is an unknown value
R13=0x000000007029d050 is an unknown value
R14=0x00000000eba470dc is an unknown value
R15=0x0000000000000004 is an unknown value


Stack: [0x00000000088d0000,0x00000000089d0000],  sp=0x00000000089cabe0,  free space=1002k
Native frames: (J=compiled Java code, j=interpreted, Vv=VM code, C=native code)
C  [msvcr120.dll+0x95c01]
C  [prism_common.dll+0x3318]
C  [prism_common.dll+0x1abc]
C  [prism_common.dll+0x1128]
C  [prism_common.dll+0x8b7e]
C  [prism_common.dll+0x669e]
C  [prism_common.dll+0x49af]
C  [prism_common.dll+0x4649]
C  0x000000000f025854

Java frames: (J=compiled Java code, j=interpreted, Vv=VM code)
j  com.sun.prism.impl.shape.NativePiscesRasterizer.produceStrokeAlphas([F[BIFIIF[FFDDDDDD[I[B)V+0
j  com.sun.prism.impl.shape.NativePiscesRasterizer.getMaskData(Lcom/sun/javafx/geom/Shape;Lcom/sun/prism/BasicStroke;Lcom/sun/javafx/geom/RectBounds;Lcom/sun/javafx/geom/transform/BaseTransform;ZZ)Lcom/sun/prism/impl/shape/MaskData;+487
j  com.sun.prism.impl.shape.ShapeUtil.rasterizeShape(Lcom/sun/javafx/geom/Shape;Lcom/sun/prism/BasicStroke;Lcom/sun/javafx/geom/RectBounds;Lcom/sun/javafx/geom/transform/BaseTransform;ZZ)Lcom/sun/prism/impl/shape/MaskData;+11
j  com.sun.prism.impl.ps.BaseShaderGraphics.renderShape(Lcom/sun/javafx/geom/Shape;Lcom/sun/prism/BasicStroke;FFFF)V+40
j  com.sun.prism.impl.BaseGraphics.draw(Lcom/sun/javafx/geom/Shape;)V+136
j  com.sun.javafx.sg.prism.NGRegion.renderBorderRectangle(Lcom/sun/prism/Graphics;)V+1320
J 2390 C1 com.sun.javafx.sg.prism.NGRegion.renderContent(Lcom/sun/prism/Graphics;)V (115 bytes) @ 0x000000000f74d274 [0x000000000f74c680+0xbf4]
J 2048 C1 com.sun.javafx.sg.prism.NGNode.doRender(Lcom/sun/prism/Graphics;)V (473 bytes) @ 0x000000000f65f5a4 [0x000000000f65d760+0x1e44]
J 2027 C1 com.sun.javafx.sg.prism.NGNode.render(Lcom/sun/prism/Graphics;)V (38 bytes) @ 0x000000000f64bbb4 [0x000000000f64b940+0x274]
J 2458 C1 com.sun.javafx.sg.prism.NGGroup.renderContent(Lcom/sun/prism/Graphics;)V (436 bytes) @ 0x000000000f79477c [0x000000000f793420+0x135c]
J 2390 C1 com.sun.javafx.sg.prism.NGRegion.renderContent(Lcom/sun/prism/Graphics;)V (115 bytes) @ 0x000000000f74dbbc [0x000000000f74c680+0x153c]
J 2048 C1 com.sun.javafx.sg.prism.NGNode.doRender(Lcom/sun/prism/Graphics;)V (473 bytes) @ 0x000000000f65f5a4 [0x000000000f65d760+0x1e44]
J 2027 C1 com.sun.javafx.sg.prism.NGNode.render(Lcom/sun/prism/Graphics;)V (38 bytes) @ 0x000000000f64bbb4 [0x000000000f64b940+0x274]
J 2458 C1 com.sun.javafx.sg.prism.NGGroup.renderContent(Lcom/sun/prism/Graphics;)V (436 bytes) @ 0x000000000f79477c [0x000000000f793420+0x135c]
J 2390 C1 com.sun.javafx.sg.prism.NGRegion.renderContent(Lcom/sun/prism/Graphics;)V (115 bytes) @ 0x000000000f74dbbc [0x000000000f74c680+0x153c]
J 2048 C1 com.sun.javafx.sg.prism.NGNode.doRender(Lcom/sun/prism/Graphics;)V (473 bytes) @ 0x000000000f65f5a4 [0x000000000f65d760+0x1e44]
J 2027 C1 com.sun.javafx.sg.prism.NGNode.render(Lcom/sun/prism/Graphics;)V (38 bytes) @ 0x000000000f64bbb4 [0x000000000f64b940+0x274]
J 2458 C1 com.sun.javafx.sg.prism.NGGroup.renderContent(Lcom/sun/prism/Graphics;)V (436 bytes) @ 0x000000000f79477c [0x000000000f793420+0x135c]
J 2390 C1 com.sun.javafx.sg.prism.NGRegion.renderContent(Lcom/sun/prism/Graphics;)V (115 bytes) @ 0x000000000f74dbbc [0x000000000f74c680+0x153c]
j  com.sun.javafx.sg.prism.NGNode.renderForClip(Lcom/sun/prism/Graphics;)V+17
j  com.sun.javafx.sg.prism.NGNode.renderRectClip(Lcom/sun/prism/Graphics;Lcom/sun/javafx/sg/prism/NGRectangle;)V+106
j  com.sun.javafx.sg.prism.NGNode.renderClip(Lcom/sun/prism/Graphics;)V+83
j  com.sun.javafx.sg.prism.CacheFilter.impl_renderNodeToCache(Lcom/sun/scenario/effect/ImageData;Lcom/sun/javafx/geom/Rectangle;Lcom/sun/javafx/geom/transform/BaseTransform;Lcom/sun/javafx/geom/Rectangle;)V+150
j  com.sun.javafx.sg.prism.CacheFilter.render(Lcom/sun/prism/Graphics;)V+344
j  com.sun.javafx.sg.prism.NGNode.renderCached(Lcom/sun/prism/Graphics;)V+31
J 2048 C1 com.sun.javafx.sg.prism.NGNode.doRender(Lcom/sun/prism/Graphics;)V (473 bytes) @ 0x000000000f65eff4 [0x000000000f65d760+0x1894]
J 2027 C1 com.sun.javafx.sg.prism.NGNode.render(Lcom/sun/prism/Graphics;)V (38 bytes) @ 0x000000000f64bbb4 [0x000000000f64b940+0x274]
J 2458 C1 com.sun.javafx.sg.prism.NGGroup.renderContent(Lcom/sun/prism/Graphics;)V (436 bytes) @ 0x000000000f79477c [0x000000000f793420+0x135c]
J 2390 C1 com.sun.javafx.sg.prism.NGRegion.renderContent(Lcom/sun/prism/Graphics;)V (115 bytes) @ 0x000000000f74dbbc [0x000000000f74c680+0x153c]
J 2048 C1 com.sun.javafx.sg.prism.NGNode.doRender(Lcom/sun/prism/Graphics;)V (473 bytes) @ 0x000000000f65f5a4 [0x000000000f65d760+0x1e44]
J 2027 C1 com.sun.javafx.sg.prism.NGNode.render(Lcom/sun/prism/Graphics;)V (38 bytes) @ 0x000000000f64bbb4 [0x000000000f64b940+0x274]
J 2458 C1 com.sun.javafx.sg.prism.NGGroup.renderContent(Lcom/sun/prism/Graphics;)V (436 bytes) @ 0x000000000f79477c [0x000000000f793420+0x135c]
J 2390 C1 com.sun.javafx.sg.prism.NGRegion.renderContent(Lcom/sun/prism/Graphics;)V (115 bytes) @ 0x000000000f74dbbc [0x000000000f74c680+0x153c]
j  com.sun.javafx.sg.prism.NGNode.renderForClip(Lcom/sun/prism/Graphics;)V+17
j  com.sun.javafx.sg.prism.NGNode.renderRectClip(Lcom/sun/prism/Graphics;Lcom/sun/javafx/sg/prism/NGRectangle;)V+106
j  com.sun.javafx.sg.prism.NGNode.renderClip(Lcom/sun/prism/Graphics;)V+83
J 2048 C1 com.sun.javafx.sg.prism.NGNode.doRender(Lcom/sun/prism/Graphics;)V (473 bytes) @ 0x000000000f65f25c [0x000000000f65d760+0x1afc]
J 2027 C1 com.sun.javafx.sg.prism.NGNode.render(Lcom/sun/prism/Graphics;)V (38 bytes) @ 0x000000000f64bbb4 [0x000000000f64b940+0x274]
J 2458 C1 com.sun.javafx.sg.prism.NGGroup.renderContent(Lcom/sun/prism/Graphics;)V (436 bytes) @ 0x000000000f79477c [0x000000000f793420+0x135c]
J 2390 C1 com.sun.javafx.sg.prism.NGRegion.renderContent(Lcom/sun/prism/Graphics;)V (115 bytes) @ 0x000000000f74dbbc [0x000000000f74c680+0x153c]
j  com.sun.javafx.sg.prism.NGNode.renderForClip(Lcom/sun/prism/Graphics;)V+17
j  com.sun.javafx.sg.prism.NGNode.renderRectClip(Lcom/sun/prism/Graphics;Lcom/sun/javafx/sg/prism/NGRectangle;)V+106
j  com.sun.javafx.sg.prism.NGNode.renderClip(Lcom/sun/prism/Graphics;)V+83
J 2048 C1 com.sun.javafx.sg.prism.NGNode.doRender(Lcom/sun/prism/Graphics;)V (473 bytes) @ 0x000000000f65f25c [0x000000000f65d760+0x1afc]
J 2027 C1 com.sun.javafx.sg.prism.NGNode.render(Lcom/sun/prism/Graphics;)V (38 bytes) @ 0x000000000f64bbb4 [0x000000000f64b940+0x274]
J 2458 C1 com.sun.javafx.sg.prism.NGGroup.renderContent(Lcom/sun/prism/Graphics;)V (436 bytes) @ 0x000000000f79477c [0x000000000f793420+0x135c]
J 2390 C1 com.sun.javafx.sg.prism.NGRegion.renderContent(Lcom/sun/prism/Graphics;)V (115 bytes) @ 0x000000000f74dbbc [0x000000000f74c680+0x153c]
J 2048 C1 com.sun.javafx.sg.prism.NGNode.doRender(Lcom/sun/prism/Graphics;)V (473 bytes) @ 0x000000000f65f5a4 [0x000000000f65d760+0x1e44]
J 2027 C1 com.sun.javafx.sg.prism.NGNode.render(Lcom/sun/prism/Graphics;)V (38 bytes) @ 0x000000000f64bbb4 [0x000000000f64b940+0x274]
j  com.sun.javafx.tk.quantum.ViewPainter.doPaint(Lcom/sun/prism/Graphics;Lcom/sun/javafx/sg/prism/NodePath;)V+201
j  com.sun.javafx.tk.quantum.ViewPainter.paintImpl(Lcom/sun/prism/Graphics;)V+953
j  com.sun.javafx.tk.quantum.PresentingPainter.run()V+326
j  java.util.concurrent.Executors$RunnableAdapter.call()Ljava/lang/Object;+4
j  java.util.concurrent.FutureTask.runAndReset()Z+47
j  com.sun.javafx.tk.RenderJob.run()V+1
j  java.util.concurrent.ThreadPoolExecutor.runWorker(Ljava/util/concurrent/ThreadPoolExecutor$Worker;)V+95
j  java.util.concurrent.ThreadPoolExecutor$Worker.run()V+5
j  com.sun.javafx.tk.quantum.QuantumRenderer$PipelineRunnable.run()V+8
j  java.lang.Thread.run()V+11
v  ~StubRoutines::call_stub

---------------  P R O C E S S  ---------------

Java Threads: ( => current thread )
  0x000000000876d800 JavaThread "Prism Font Disposer" daemon [_thread_blocked, id=6604, stack(0x000000000eb80000,0x000000000ec80000)]
  0x00000000080e5000 JavaThread "JavaFX-Launcher" [_thread_blocked, id=4400, stack(0x000000000aa30000,0x000000000ab30000)]
  0x00000000080ee800 JavaThread "Thread-2" daemon [_thread_in_native, id=7052, stack(0x000000000a810000,0x000000000a910000)]
  0x0000000007e1a800 JavaThread "JavaFX Application Thread" [_thread_blocked, id=5904, stack(0x0000000008d10000,0x0000000008e10000)]
  0x0000000007e1a000 JavaThread "Thread-1" daemon [_thread_blocked, id=6328, stack(0x0000000008f20000,0x0000000009020000)]
=>0x00000000080b0800 JavaThread "QuantumRenderer-0" daemon [_thread_in_native, id=6336, stack(0x00000000088d0000,0x00000000089d0000)]
  0x0000000007abc800 JavaThread "Service Thread" daemon [_thread_blocked, id=5004, stack(0x0000000007e80000,0x0000000007f80000)]
  0x0000000005f96800 JavaThread "C1 CompilerThread2" daemon [_thread_blocked, id=6520, stack(0x00000000076a0000,0x00000000077a0000)]
  0x0000000005f95000 JavaThread "C2 CompilerThread1" daemon [_thread_in_native, id=4824, stack(0x0000000007930000,0x0000000007a30000)]
  0x0000000005f9f800 JavaThread "C2 CompilerThread0" daemon [_thread_in_native, id=7008, stack(0x0000000007830000,0x0000000007930000)]
  0x0000000005f9d000 JavaThread "Attach Listener" daemon [_thread_blocked, id=6348, stack(0x0000000007280000,0x0000000007380000)]
  0x0000000005f9b800 JavaThread "Signal Dispatcher" daemon [_thread_blocked, id=6792, stack(0x0000000007570000,0x0000000007670000)]
  0x0000000005f78800 JavaThread "Finalizer" daemon [_thread_blocked, id=3960, stack(0x0000000007390000,0x0000000007490000)]
  0x0000000005f31800 JavaThread "Reference Handler" daemon [_thread_blocked, id=6692, stack(0x0000000006fb0000,0x00000000070b0000)]
  0x00000000022cd800 JavaThread "main" [_thread_blocked, id=7016, stack(0x00000000024e0000,0x00000000025e0000)]

Other Threads:
  0x0000000005f2a000 VMThread [stack: 0x0000000007100000,0x0000000007200000] [id=5184]
  0x0000000007ad4000 WatcherThread [stack: 0x0000000007fb0000,0x00000000080b0000] [id=5172]

VM state:not at safepoint (normal execution)

VM Mutex/Monitor currently owned by a thread: None

Heap:
 PSYoungGen      total 68096K, used 7441K [0x00000000eb380000, 0x00000000ef880000, 0x0000000100000000)
  eden space 65536K, 11% used [0x00000000eb380000,0x00000000ebac4468,0x00000000ef380000)
  from space 2560K, 0% used [0x00000000ef600000,0x00000000ef600000,0x00000000ef880000)
  to   space 2560K, 0% used [0x00000000ef380000,0x00000000ef380000,0x00000000ef600000)
 ParOldGen       total 63488K, used 23012K [0x00000000c1a00000, 0x00000000c5800000, 0x00000000eb380000)
  object space 63488K, 36% used [0x00000000c1a00000,0x00000000c3079068,0x00000000c5800000)
 Metaspace       used 19871K, capacity 21398K, committed 21504K, reserved 1067008K
  class space    used 2969K, capacity 3245K, committed 3328K, reserved 1048576K

Card table byte_map: [0x0000000002c70000,0x0000000002e70000] byte_map_base: 0x0000000002663000

Marking Bits: (ParMarkBitMap*) 0x0000000063140600
 Begin Bits: [0x0000000003470000, 0x0000000004408000)
 End Bits:   [0x0000000004408000, 0x00000000053a0000)

Polling page: 0x0000000000130000

CodeCache: size=245760Kb used=8738Kb max_used=8738Kb free=237021Kb
 bounds [0x000000000f010000, 0x000000000f8a0000, 0x000000001e010000]
 total_blobs=3485 nmethods=2796 adapters=601
 compilation: enabled

Compilation events (10 events):
Event: 8.399 Thread 0x0000000005f96800 nmethod 2792 0x000000000f8867d0 code [0x000000000f886f20, 0x000000000f88d9a8]
Event: 8.399 Thread 0x0000000005f96800 2800       1       javafx.scene.layout.CornerRadii::getTopLeftHorizontalRadius (5 bytes)
Event: 8.400 Thread 0x0000000005f96800 nmethod 2800 0x000000000f88ff90 code [0x000000000f8900e0, 0x000000000f8901f0]
Event: 8.400 Thread 0x0000000005f96800 2793       3       com.sun.javafx.sg.prism.NGNode::setTransformedBounds (95 bytes)
Event: 8.400 Thread 0x0000000005f96800 nmethod 2793 0x000000000f890250 code [0x000000000f890440, 0x000000000f890e78]
Event: 8.401 Thread 0x0000000005f96800 2794       3       com.sun.javafx.geom.RectBounds::equals (82 bytes)
Event: 8.401 Thread 0x0000000005f96800 nmethod 2794 0x000000000f891110 code [0x000000000f8912c0, 0x000000000f891bf0]
Event: 8.401 Thread 0x0000000005f96800 2795       3       com.sun.javafx.sg.prism.NGNode::setContentBounds (13 bytes)
Event: 8.401 Thread 0x0000000005f96800 nmethod 2795 0x000000000f891d90 code [0x000000000f891f00, 0x000000000f892148]
Event: 8.401 Thread 0x0000000005f96800 2788       3       javafx.scene.layout.Region::impl_computeGeomBounds (343 bytes)

GC Heap History (10 events):
Event: 1.388 GC heap before
{Heap before GC invocations=1 (full 0):
 PSYoungGen      total 18944K, used 16384K [0x00000000eb380000, 0x00000000ec880000, 0x0000000100000000)
  eden space 16384K, 100% used [0x00000000eb380000,0x00000000ec380000,0x00000000ec380000)
  from space 2560K, 0% used [0x00000000ec600000,0x00000000ec600000,0x00000000ec880000)
  to   space 2560K, 0% used [0x00000000ec380000,0x00000000ec380000,0x00000000ec600000)
 ParOldGen       total 44032K, used 0K [0x00000000c1a00000, 0x00000000c4500000, 0x00000000eb380000)
  object space 44032K, 0% used [0x00000000c1a00000,0x00000000c1a00000,0x00000000c4500000)
 Metaspace       used 9614K, capacity 10108K, committed 10240K, reserved 1058816K
  class space    used 1333K, capacity 1462K, committed 1536K, reserved 1048576K
Event: 1.423 GC heap after
Heap after GC invocations=1 (full 0):
 PSYoungGen      total 18944K, used 2530K [0x00000000eb380000, 0x00000000ed880000, 0x0000000100000000)
  eden space 16384K, 0% used [0x00000000eb380000,0x00000000eb380000,0x00000000ec380000)
  from space 2560K, 98% used [0x00000000ec380000,0x00000000ec5f88e0,0x00000000ec600000)
  to   space 2560K, 0% used [0x00000000ed600000,0x00000000ed600000,0x00000000ed880000)
 ParOldGen       total 44032K, used 64K [0x00000000c1a00000, 0x00000000c4500000, 0x00000000eb380000)
  object space 44032K, 0% used [0x00000000c1a00000,0x00000000c1a10000,0x00000000c4500000)
 Metaspace       used 9614K, capacity 10108K, committed 10240K, reserved 1058816K
  class space    used 1333K, capacity 1462K, committed 1536K, reserved 1048576K
}
Event: 2.658 GC heap before
{Heap before GC invocations=2 (full 0):
 PSYoungGen      total 18944K, used 18914K [0x00000000eb380000, 0x00000000ed880000, 0x0000000100000000)
  eden space 16384K, 100% used [0x00000000eb380000,0x00000000ec380000,0x00000000ec380000)
  from space 2560K, 98% used [0x00000000ec380000,0x00000000ec5f88e0,0x00000000ec600000)
  to   space 2560K, 0% used [0x00000000ed600000,0x00000000ed600000,0x00000000ed880000)
 ParOldGen       total 44032K, used 64K [0x00000000c1a00000, 0x00000000c4500000, 0x00000000eb380000)
  object space 44032K, 0% used [0x00000000c1a00000,0x00000000c1a10000,0x00000000c4500000)
 Metaspace       used 15462K, capacity 16484K, committed 16640K, reserved 1062912K
  class space    used 2319K, capacity 2527K, committed 2560K, reserved 1048576K
Event: 2.706 GC heap after
Heap after GC invocations=2 (full 0):
 PSYoungGen      total 35328K, used 2546K [0x00000000eb380000, 0x00000000ed880000, 0x0000000100000000)
  eden space 32768K, 0% used [0x00000000eb380000,0x00000000eb380000,0x00000000ed380000)
  from space 2560K, 99% used [0x00000000ed600000,0x00000000ed87c8d0,0x00000000ed880000)
  to   space 2560K, 0% used [0x00000000ed380000,0x00000000ed380000,0x00000000ed600000)
 ParOldGen       total 44032K, used 2502K [0x00000000c1a00000, 0x00000000c4500000, 0x00000000eb380000)
  object space 44032K, 5% used [0x00000000c1a00000,0x00000000c1c71830,0x00000000c4500000)
 Metaspace       used 15462K, capacity 16484K, committed 16640K, reserved 1062912K
  class space    used 2319K, capacity 2527K, committed 2560K, reserved 1048576K
}
Event: 6.352 GC heap before
{Heap before GC invocations=3 (full 0):
 PSYoungGen      total 35328K, used 35011K [0x00000000eb380000, 0x00000000ed880000, 0x0000000100000000)
  eden space 32768K, 99% used [0x00000000eb380000,0x00000000ed3346d0,0x00000000ed380000)
  from space 2560K, 99% used [0x00000000ed600000,0x00000000ed87c8d0,0x00000000ed880000)
  to   space 2560K, 0% used [0x00000000ed380000,0x00000000ed380000,0x00000000ed600000)
 ParOldGen       total 44032K, used 2502K [0x00000000c1a00000, 0x00000000c4500000, 0x00000000eb380000)
  object space 44032K, 5% used [0x00000000c1a00000,0x00000000c1c71830,0x00000000c4500000)
 Metaspace       used 19258K, capacity 20704K, committed 20864K, reserved 1067008K
  class space    used 2917K, capacity 3196K, committed 3200K, reserved 1048576K
Event: 6.371 GC heap after
Heap after GC invocations=3 (full 0):
 PSYoungGen      total 35328K, used 2528K [0x00000000eb380000, 0x00000000ef880000, 0x0000000100000000)
  eden space 32768K, 0% used [0x00000000eb380000,0x00000000eb380000,0x00000000ed380000)
  from space 2560K, 98% used [0x00000000ed380000,0x00000000ed5f8030,0x00000000ed600000)
  to   space 2560K, 0% used [0x00000000ef600000,0x00000000ef600000,0x00000000ef880000)
 ParOldGen       total 44032K, used 20088K [0x00000000c1a00000, 0x00000000c4500000, 0x00000000eb380000)
  object space 44032K, 45% used [0x00000000c1a00000,0x00000000c2d9e100,0x00000000c4500000)
 Metaspace       used 19258K, capacity 20704K, committed 20864K, reserved 1067008K
  class space    used 2917K, capacity 3196K, committed 3200K, reserved 1048576K
}
Event: 8.056 GC heap before
{Heap before GC invocations=4 (full 0):
 PSYoungGen      total 35328K, used 7741K [0x00000000eb380000, 0x00000000ef880000, 0x0000000100000000)
  eden space 32768K, 15% used [0x00000000eb380000,0x00000000eb8976b8,0x00000000ed380000)
  from space 2560K, 98% used [0x00000000ed380000,0x00000000ed5f8030,0x00000000ed600000)
  to   space 2560K, 0% used [0x00000000ef600000,0x00000000ef600000,0x00000000ef880000)
 ParOldGen       total 44032K, used 20088K [0x00000000c1a00000, 0x00000000c4500000, 0x00000000eb380000)
  object space 44032K, 45% used [0x00000000c1a00000,0x00000000c2d9e100,0x00000000c4500000)
 Metaspace       used 19671K, capacity 21132K, committed 21248K, reserved 1067008K
  class space    used 2956K, capacity 3232K, committed 3328K, reserved 1048576K
Event: 8.068 GC heap after
Heap after GC invocations=4 (full 0):
 PSYoungGen      total 68096K, used 2416K [0x00000000eb380000, 0x00000000ef880000, 0x0000000100000000)
  eden space 65536K, 0% used [0x00000000eb380000,0x00000000eb380000,0x00000000ef380000)
  from space 2560K, 94% used [0x00000000ef600000,0x00000000ef85c030,0x00000000ef880000)
  to   space 2560K, 0% used [0x00000000ef380000,0x00000000ef380000,0x00000000ef600000)
 ParOldGen       total 44032K, used 22012K [0x00000000c1a00000, 0x00000000c4500000, 0x00000000eb380000)
  object space 44032K, 49% used [0x00000000c1a00000,0x00000000c2f7f330,0x00000000c4500000)
 Metaspace       used 19671K, capacity 21132K, committed 21248K, reserved 1067008K
  class space    used 2956K, capacity 3232K, committed 3328K, reserved 1048576K
}
Event: 8.068 GC heap before
{Heap before GC invocations=5 (full 1):
 PSYoungGen      total 68096K, used 2416K [0x00000000eb380000, 0x00000000ef880000, 0x0000000100000000)
  eden space 65536K, 0% used [0x00000000eb380000,0x00000000eb380000,0x00000000ef380000)
  from space 2560K, 94% used [0x00000000ef600000,0x00000000ef85c030,0x00000000ef880000)
  to   space 2560K, 0% used [0x00000000ef380000,0x00000000ef380000,0x00000000ef600000)
 ParOldGen       total 44032K, used 22012K [0x00000000c1a00000, 0x00000000c4500000, 0x00000000eb380000)
  object space 44032K, 49% used [0x00000000c1a00000,0x00000000c2f7f330,0x00000000c4500000)
 Metaspace       used 19671K, capacity 21132K, committed 21248K, reserved 1067008K
  class space    used 2956K, capacity 3232K, committed 3328K, reserved 1048576K
Event: 8.168 GC heap after
Heap after GC invocations=5 (full 1):
 PSYoungGen      total 68096K, used 0K [0x00000000eb380000, 0x00000000ef880000, 0x0000000100000000)
  eden space 65536K, 0% used [0x00000000eb380000,0x00000000eb380000,0x00000000ef380000)
  from space 2560K, 0% used [0x00000000ef600000,0x00000000ef600000,0x00000000ef880000)
  to   space 2560K, 0% used [0x00000000ef380000,0x00000000ef380000,0x00000000ef600000)
 ParOldGen       total 63488K, used 23012K [0x00000000c1a00000, 0x00000000c5800000, 0x00000000eb380000)
  object space 63488K, 36% used [0x00000000c1a00000,0x00000000c3079068,0x00000000c5800000)
 Metaspace       used 19671K, capacity 21132K, committed 21248K, reserved 1067008K
  class space    used 2956K, capacity 3232K, committed 3328K, reserved 1048576K
}

Deoptimization events (10 events):
Event: 6.186 Thread 0x0000000007e1a800 Uncommon trap: reason=bimorphic action=maybe_recompile pc=0x000000000f68ec98 method=javafx.beans.property.BooleanPropertyBase.get()Z @ 23
Event: 6.186 Thread 0x0000000007e1a800 Uncommon trap: reason=bimorphic action=maybe_recompile pc=0x000000000f68ec98 method=javafx.beans.property.BooleanPropertyBase.get()Z @ 23
Event: 6.186 Thread 0x0000000007e1a800 Uncommon trap: reason=bimorphic action=maybe_recompile pc=0x000000000f68ec98 method=javafx.beans.property.BooleanPropertyBase.get()Z @ 23
Event: 6.515 Thread 0x00000000080b0800 Uncommon trap: reason=class_check action=maybe_recompile pc=0x000000000f595c58 method=java.util.WeakHashMap.eq(Ljava/lang/Object;Ljava/lang/Object;)Z @ 7
Event: 6.515 Thread 0x00000000080b0800 Uncommon trap: reason=class_check action=maybe_recompile pc=0x000000000f595c58 method=java.util.WeakHashMap.eq(Ljava/lang/Object;Ljava/lang/Object;)Z @ 7
Event: 7.890 Thread 0x00000000080b0800 Uncommon trap: reason=class_check action=maybe_recompile pc=0x000000000f595c58 method=java.util.WeakHashMap.eq(Ljava/lang/Object;Ljava/lang/Object;)Z @ 7
Event: 8.034 Thread 0x0000000007e1a800 Uncommon trap: reason=unstable_if action=reinterpret pc=0x000000000f6f29a4 method=javafx.scene.Parent.impl_getAllParentStylesheets()Ljava/util/List; @ 32
Event: 8.041 Thread 0x0000000007e1a800 Uncommon trap: reason=unstable_if action=reinterpret pc=0x000000000f37d88c method=sun.security.provider.DigestBase.engineUpdate(B)V @ 4
Event: 8.173 Thread 0x0000000007e1a800 Uncommon trap: reason=unstable_if action=reinterpret pc=0x000000000f5b1448 method=java.util.WeakHashMap.expungeStaleEntries()V @ 9
Event: 8.236 Thread 0x0000000007e1a800 Uncommon trap: reason=unstable_if action=reinterpret pc=0x000000000f595c34 method=java.util.WeakHashMap.expungeStaleEntries()V @ 9

Internal exceptions (10 events):
Event: 0.821 Thread 0x0000000007e1a800 Exception <a 'java/lang/NullPointerException'> (0x00000000ebd655e8) thrown at [D:\re\workspace\8-2-build-windows-amd64-cygwin\jdk8u77\6540\hotspot\src\share\vm\prims\jvm.cpp, line 1390]
Event: 1.833 Thread 0x0000000007e1a800 Implicit null exception at 0x000000000f219a65 to 0x000000000f219c31
Event: 1.879 Thread 0x0000000007e1a800 Implicit null exception at 0x000000000f2e8b2b to 0x000000000f2e8e99
Event: 2.070 Thread 0x0000000007e1a800 Exception <a 'java/io/FileNotFoundException'> (0x00000000eba98738) thrown at [D:\re\workspace\8-2-build-windows-amd64-cygwin\jdk8u77\6540\hotspot\src\share\vm\prims\jni.cpp, line 709]
Event: 2.189 Thread 0x0000000007e1a800 Exception <a 'java/io/FileNotFoundException'> (0x00000000ebc32418) thrown at [D:\re\workspace\8-2-build-windows-amd64-cygwin\jdk8u77\6540\hotspot\src\share\vm\prims\jni.cpp, line 709]
Event: 2.580 Thread 0x0000000007e1a800 Implicit null exception at 0x000000000f4223a1 to 0x000000000f4228b9
Event: 3.428 Thread 0x0000000007e1a800 Implicit null exception at 0x000000000f314b0a to 0x000000000f315b5d
Event: 5.306 Thread 0x0000000007e1a800 Implicit null exception at 0x000000000f530020 to 0x000000000f5305d9
Event: 8.035 Thread 0x0000000007e1a800 Exception <a 'java/io/FileNotFoundException'> (0x00000000eb82aa38) thrown at [D:\re\workspace\8-2-build-windows-amd64-cygwin\jdk8u77\6540\hotspot\src\share\vm\prims\jni.cpp, line 709]
Event: 8.041 Thread 0x0000000007e1a800 Implicit null exception at 0x000000000f37d5ba to 0x000000000f37d879

Events (10 events):
Event: 8.236 Thread 0x0000000007e1a800 DEOPT PACKING pc=0x000000000f595c34 sp=0x0000000008e0cbd0
Event: 8.236 Thread 0x0000000007e1a800 DEOPT UNPACKING pc=0x000000000f05582a sp=0x0000000008e0cab0 mode 2
Event: 8.342 loading class com/sun/javafx/font/PrismFontUtils
Event: 8.342 loading class com/sun/javafx/font/PrismFontUtils done
Event: 8.343 loading class com/sun/javafx/tk/FontMetrics
Event: 8.343 loading class com/sun/javafx/tk/FontMetrics done
Event: 8.389 loading class com/sun/javafx/sg/prism/CacheFilter
Event: 8.389 loading class com/sun/javafx/sg/prism/CacheFilter done
Event: 8.391 loading class com/sun/javafx/sg/prism/CacheFilter$ScrollCacheState
Event: 8.391 loading class com/sun/javafx/sg/prism/CacheFilter$ScrollCacheState done


Dynamic libraries:
0x000000013fe70000 - 0x000000013fea7000 	C:\Program Files\Java\jdk1.8.0_77\bin\java.exe
0x00000000775e0000 - 0x000000007778b000 	C:\Windows\SYSTEM32\ntdll.dll
0x00000000773c0000 - 0x00000000774df000 	C:\Windows\system32\kernel32.dll
0x000007fefd760000 - 0x000007fefd7cb000 	C:\Windows\system32\KERNELBASE.dll
0x000007fefe1e0000 - 0x000007fefe2bb000 	C:\Windows\system32\ADVAPI32.dll
0x000007feff4e0000 - 0x000007feff57f000 	C:\Windows\system32\msvcrt.dll
0x000007feff8d0000 - 0x000007feff8ef000 	C:\Windows\SYSTEM32\sechost.dll
0x000007fefd910000 - 0x000007fefda3e000 	C:\Windows\system32\RPCRT4.dll
0x00000000774e0000 - 0x00000000775da000 	C:\Windows\system32\USER32.dll
0x000007fefe110000 - 0x000007fefe177000 	C:\Windows\system32\GDI32.dll
0x000007fefe2c0000 - 0x000007fefe2ce000 	C:\Windows\system32\LPK.dll
0x000007fefdd30000 - 0x000007fefddfa000 	C:\Windows\system32\USP10.dll
0x000007fefbd00000 - 0x000007fefbef4000 	C:\Windows\WinSxS\amd64_microsoft.windows.common-controls_6595b64144ccf1df_6.0.7600.16385_none_fa645303170382f6\COMCTL32.dll
0x000007fefe450000 - 0x000007fefe4c1000 	C:\Windows\system32\SHLWAPI.dll
0x000007fefe0e0000 - 0x000007fefe10e000 	C:\Windows\system32\IMM32.DLL
0x000007fefe2f0000 - 0x000007fefe3f9000 	C:\Windows\system32\MSCTF.dll
0x000007fefd500000 - 0x000007fefd531000 	C:\Windows\system32\nvinitx.dll
0x000000000f000000 - 0x000000000f006000 	C:\Program Files\NVIDIA Corporation\CoProcManager\_etoured.dll
0x000007fefac10000 - 0x000007fefac6f000 	C:\Program Files\NVIDIA Corporation\CoProcManager\nvd3d9wrapx.dll
0x000007fefe4d0000 - 0x000007fefe6a7000 	C:\Windows\system32\SETUPAPI.dll
0x000007fefd7d0000 - 0x000007fefd806000 	C:\Windows\system32\CFGMGR32.dll
0x000007fefda40000 - 0x000007fefdb17000 	C:\Windows\system32\OLEAUT32.dll
0x000007fefdb20000 - 0x000007fefdd21000 	C:\Windows\system32\ole32.dll
0x000007fefd8b0000 - 0x000007fefd8ca000 	C:\Windows\system32\DEVOBJ.dll
0x000007fefa850000 - 0x000007fefa896000 	C:\Program Files\NVIDIA Corporation\CoProcManager\nvdxgiwrapx.dll
0x0000000068ce0000 - 0x0000000068db2000 	C:\Program Files\Java\jdk1.8.0_77\jre\bin\msvcr100.dll
0x0000000062930000 - 0x00000000631c0000 	C:\Program Files\Java\jdk1.8.0_77\jre\bin\server\jvm.dll
0x000007feee470000 - 0x000007feee479000 	C:\Windows\system32\WSOCK32.dll
0x000007fefe180000 - 0x000007fefe1cd000 	C:\Windows\system32\WS2_32.dll
0x000007fefe1d0000 - 0x000007fefe1d8000 	C:\Windows\system32\NSI.dll
0x000007fefabd0000 - 0x000007fefac0b000 	C:\Windows\system32\WINMM.dll
0x000007fefc7e0000 - 0x000007fefc7ec000 	C:\Windows\system32\VERSION.dll
0x00000000777a0000 - 0x00000000777a7000 	C:\Windows\system32\PSAPI.DLL
0x0000000073ea0000 - 0x0000000073eaf000 	C:\Program Files\Java\jdk1.8.0_77\jre\bin\verify.dll
0x000000006b4f0000 - 0x000000006b519000 	C:\Program Files\Java\jdk1.8.0_77\jre\bin\java.dll
0x000000006ba70000 - 0x000000006ba86000 	C:\Program Files\Java\jdk1.8.0_77\jre\bin\zip.dll
0x000007fefe750000 - 0x000007feff4d6000 	C:\Windows\system32\SHELL32.dll
0x000007fefd540000 - 0x000007fefd54f000 	C:\Windows\system32\profapi.dll
0x000007fee7dc0000 - 0x000007fee7eaf000 	C:\Program Files\Java\jdk1.8.0_77\jre\bin\msvcr120.dll
0x000007fee79a0000 - 0x000007fee7a46000 	C:\Program Files\Java\jdk1.8.0_77\jre\bin\msvcp120.dll
0x00000000740f0000 - 0x0000000074113000 	C:\Program Files\Java\jdk1.8.0_77\jre\bin\prism_d3d.dll
0x000007fee77a0000 - 0x000007fee799f000 	C:\Windows\system32\d3d9.dll
0x000007fefbcf0000 - 0x000007fefbcf7000 	C:\Windows\system32\d3d8thk.dll
0x000007fefb7a0000 - 0x000007fefb7b8000 	C:\Windows\system32\dwmapi.dll
0x000007fefbc50000 - 0x000007fefbca6000 	C:\Windows\system32\uxtheme.dll
0x000007fefa3b0000 - 0x000007fefa51d000 	C:\Windows\system32\nvumdshimx.dll
0x000007fee3c50000 - 0x000007fee5531000 	C:\Windows\system32\igdumdim64.dll
0x000007fef7fd0000 - 0x000007fef8430000 	C:\Windows\system32\igdusc64.dll
0x00000000740a0000 - 0x00000000740e3000 	C:\Program Files\Java\jdk1.8.0_77\jre\bin\glass.dll
0x000007feff6b0000 - 0x000007feff748000 	C:\Windows\system32\COMDLG32.dll
0x000007fefd430000 - 0x000007fefd43f000 	C:\Windows\system32\CRYPTBASE.dll
0x0000000073f70000 - 0x0000000073f84000 	C:\Program Files\Java\jdk1.8.0_77\jre\bin\javafx_font.dll
0x000007fee3ad0000 - 0x000007fee3c4b000 	C:\Windows\system32\dwrite.dll
0x000007fefe6b0000 - 0x000007fefe749000 	C:\Windows\system32\CLBCatQ.DLL
0x000007fefb4f0000 - 0x000007fefb61a000 	C:\Windows\system32\WindowsCodecs.dll
0x000007fefd3d0000 - 0x000007fefd427000 	C:\Windows\system32\apphelp.dll
0x000007fef8430000 - 0x000007fef8470000 	C:\Program Files (x86)\Dropbox\Client\DropboxExt64.34.dll
0x0000000072fd0000 - 0x0000000073086000 	C:\Program Files\AVAST Software\Avast\ashShA64.dll
0x000007fef7c50000 - 0x000007fef7f66000 	C:\Windows\system32\msi.dll
0x000007fef7c10000 - 0x000007fef7c45000 	C:\Windows\system32\EhStorShell.dll
0x000007fefbf00000 - 0x000007fefc02c000 	C:\Windows\system32\PROPSYS.dll
0x000007fef7590000 - 0x000007fef7c02000 	C:\PROGRA~1\MICROS~2\Office14\GROOVEEX.DLL
0x0000000072f30000 - 0x0000000072fcd000 	C:\Windows\WinSxS\amd64_microsoft.vc90.crt_1fc8b3b9a1e18e3b_9.0.30729.4926_none_08e1a05ba83fe554\MSVCR90.dll
0x0000000072e50000 - 0x0000000072f23000 	C:\Windows\WinSxS\amd64_microsoft.vc90.crt_1fc8b3b9a1e18e3b_9.0.30729.4926_none_08e1a05ba83fe554\MSVCP90.dll
0x0000000072e20000 - 0x0000000072e4f000 	C:\Windows\WinSxS\amd64_microsoft.vc90.atl_1fc8b3b9a1e18e3b_9.0.30729.4148_none_0a1d2fcba76b3f00\ATL90.DLL
0x000007fef7180000 - 0x000007fef758f000 	C:\PROGRA~1\COMMON~1\MICROS~1\OFFICE14\Cultures\office.odf
0x000007fef6910000 - 0x000007fef7174000 	C:\PROGRA~1\MICROS~2\Office14\1033\GrooveIntlResource.dll
0x000007feefc10000 - 0x000007feefc19000 	C:\Program Files (x86)\Internet Download Manager\IDMShellExt64.dll
0x000007fef40e0000 - 0x000007fef4160000 	C:\Windows\system32\ntshrui.dll
0x000007fefd150000 - 0x000007fefd173000 	C:\Windows\system32\srvcli.dll
0x000007fef40d0000 - 0x000007fef40df000 	C:\Windows\system32\cscapi.dll
0x000007fefb6b0000 - 0x000007fefb6bb000 	C:\Windows\system32\slc.dll
0x000007feeb400000 - 0x000007feeb42d000 	C:\Program Files\Common Files\Microsoft Shared\Ink\rtscom.dll
0x0000000070290000 - 0x00000000702a1000 	C:\Program Files\Java\jdk1.8.0_77\jre\bin\prism_common.dll
0x000007feeb510000 - 0x000007feeb635000 	C:\Windows\system32\dbghelp.dll

VM Arguments:
jvm_args: -Dfile.encoding=UTF-8 
java_command: MainTompeloka.Main
java_class_path (initial): C:\Users\U53R\Documents\NetBeansProjects\KhususTugas - Copy\build\classes
Launcher Type: SUN_STANDARD

Environment Variables:
PATH=C:\ProgramData\Oracle\Java\javapath;C:\Windows\system32;C:\Windows;C:\Windows\System32\Wbem;C:\Windows\System32\WindowsPowerShell\v1.0\;C:\Program Files (x86)\Java\jre7\bin
USERNAME=U53R
OS=Windows_NT
PROCESSOR_IDENTIFIER=Intel64 Family 6 Model 69 Stepping 1, GenuineIntel



---------------  S Y S T E M  ---------------

OS: Windows 7 , 64 bit Build 7600 (6.1.7600.16385)

CPU:total 4 (2 cores per cpu, 2 threads per core) family 6 model 69 stepping 1, cmov, cx8, fxsr, mmx, sse, sse2, sse3, ssse3, sse4.1, sse4.2, popcnt, aes, clmul, erms, lzcnt, ht, tsc, tscinvbit, bmi1, bmi2

Memory: 4k page, physical 4080780k(921936k free), swap 8159664k(4389968k free)

vm_info: Java HotSpot(TM) 64-Bit Server VM (25.77-b03) for windows-amd64 JRE (1.8.0_77-b03), built on Mar 20 2016 22:01:33 by "java_re" with MS VC++ 10.0 (VS2010)

time: Thu Jun 16 15:02:15 2016
elapsed time: 8 seconds (0d 0h 0m 8s)

