#
# A fatal error has been detected by the Java Runtime Environment:
#
#  EXCEPTION_ILLEGAL_INSTRUCTION (0xc000001d) at pc=0x000007fee9945c01, pid=4848, tid=1440
#
# JRE version: Java(TM) SE Runtime Environment (8.0_77-b03) (build 1.8.0_77-b03)
# Java VM: Java HotSpot(TM) 64-Bit Server VM (25.77-b03 mixed mode windows-amd64 compressed oops)
# Problematic frame:
# C  [msvcr120.dll+0x95c01]
#
# Failed to write core dump. Minidumps are not enabled by default on client versions of Windows
#
# If you would like to submit a bug report, please visit:
#   http://bugreport.java.com/bugreport/crash.jsp
# The crash happened outside the Java Virtual Machine in native code.
# See problematic frame for where to report the bug.
#

---------------  T H R E A D  ---------------

Current thread (0x0000000007c97800):  JavaThread "QuantumRenderer-0" daemon [_thread_in_native, id=1440, stack(0x0000000008190000,0x0000000008290000)]

siginfo: ExceptionCode=0xc000001d

Registers:
RAX=0x3fa0000000000000, RBX=0x0000000000000004, RCX=0x3fa0e05e721abad0, RDX=0x7ff0000000000000
RSP=0x000000000828aec0, RBP=0x000000000828b6f0, RSI=0x000000000828b6f0, RDI=0x0000000000000004
R8 =0x8000000000000000, R9 =0x0000000073f6d1f0, R10=0x000000000000000c, R11=0x0000000000000006
R12=0x0000000073f6d1f0, R13=0x0000000073f6d050, R14=0x00000000eb41febc, R15=0x0000000000000004
RIP=0x000007fee9945c01, EFLAGS=0x0000000000010202

Top of Stack: (sp=0x000000000828aec0)
0x000000000828aec0:   0000000000000000 00000000002f0230
0x000000000828aed0:   00000000002f0230 0000000009e5cfc0
0x000000000828aee0:   0000000009e837e2 0000000000000010
0x000000000828aef0:   0000000000000000 00000000002f0158
0x000000000828af00:   00000000776f7288 00000000002f4550
0x000000000828af10:   0000000000000060 0000000002110000
0x000000000828af20:   0000000000000001 0000000009d90000
0x000000000828af30:   000000000828b101 00000000002f0230
0x000000000828af40:   3fc73d280bfc767b 0000000000000000
0x000000000828af50:   bee05c8a4573aff8 0000000000000000
0x000000000828af60:   00000000003dc0a0 00000000002f0230
0x000000000828af70:   000000000828b000 0000000000000007
0x000000000828af80:   0000000073f6c3f0 0000000073f63318
0x000000000828af90:   3fa0e05e721abad0 3fa0e05e721abad0
0x000000000828afa0:   3fc73d280bfc767b 0000000009e56f10
0x000000000828afb0:   0000000000000000 0000000000000030 

Instructions: (pc=0x000007fee9945c01)
0x000007fee9945be1:   0f 10 d0 f2 0f 10 44 24 10 f2 0f 10 4c 24 20 44
0x000007fee9945bf1:   8b 0d 15 26 02 00 e8 34 c7 00 00 e9 72 f8 ff ff
0x000007fee9945c01:   c5 fb 11 44 24 10 c5 fb 11 4c 24 20 48 8b 54 24
0x000007fee9945c11:   10 4c 8b 44 24 20 4c 8b 15 4a 26 02 00 4d 23 d0 


Register to memory mapping:

RAX=0x3fa0000000000000 is an unknown value
RBX=0x0000000000000004 is an unknown value
RCX=0x3fa0e05e721abad0 is an unknown value
RDX=0x7ff0000000000000 is an unknown value
RSP=0x000000000828aec0 is pointing into the stack for thread: 0x0000000007c97800
RBP=0x000000000828b6f0 is pointing into the stack for thread: 0x0000000007c97800
RSI=0x000000000828b6f0 is pointing into the stack for thread: 0x0000000007c97800
RDI=0x0000000000000004 is an unknown value
R8 =0x8000000000000000 is an unknown value
R9 =0x0000000073f6d1f0 is an unknown value
R10=0x000000000000000c is an unknown value
R11=0x0000000000000006 is an unknown value
R12=0x0000000073f6d1f0 is an unknown value
R13=0x0000000073f6d050 is an unknown value
R14=0x00000000eb41febc is an unknown value
R15=0x0000000000000004 is an unknown value


Stack: [0x0000000008190000,0x0000000008290000],  sp=0x000000000828aec0,  free space=1003k
Native frames: (J=compiled Java code, j=interpreted, Vv=VM code, C=native code)
C  [msvcr120.dll+0x95c01]
C  [prism_common.dll+0x3318]
C  [prism_common.dll+0x1abc]
C  [prism_common.dll+0x1128]
C  [prism_common.dll+0x8b7e]
C  [prism_common.dll+0x669e]
C  [prism_common.dll+0x49af]
C  [prism_common.dll+0x4649]
C  0x000000000f025854

Java frames: (J=compiled Java code, j=interpreted, Vv=VM code)
j  com.sun.prism.impl.shape.NativePiscesRasterizer.produceStrokeAlphas([F[BIFIIF[FFDDDDDD[I[B)V+0
j  com.sun.prism.impl.shape.NativePiscesRasterizer.getMaskData(Lcom/sun/javafx/geom/Shape;Lcom/sun/prism/BasicStroke;Lcom/sun/javafx/geom/RectBounds;Lcom/sun/javafx/geom/transform/BaseTransform;ZZ)Lcom/sun/prism/impl/shape/MaskData;+487
j  com.sun.prism.impl.shape.ShapeUtil.rasterizeShape(Lcom/sun/javafx/geom/Shape;Lcom/sun/prism/BasicStroke;Lcom/sun/javafx/geom/RectBounds;Lcom/sun/javafx/geom/transform/BaseTransform;ZZ)Lcom/sun/prism/impl/shape/MaskData;+11
j  com.sun.prism.impl.ps.BaseShaderGraphics.renderShape(Lcom/sun/javafx/geom/Shape;Lcom/sun/prism/BasicStroke;FFFF)V+40
j  com.sun.prism.impl.BaseGraphics.draw(Lcom/sun/javafx/geom/Shape;)V+136
j  com.sun.javafx.sg.prism.NGRegion.renderBorderRectangle(Lcom/sun/prism/Graphics;)V+1320
J 2421 C1 com.sun.javafx.sg.prism.NGRegion.renderAsRectangle(Lcom/sun/prism/Graphics;)V (31 bytes) @ 0x000000000f7ac1f4 [0x000000000f7abb60+0x694]
j  com.sun.javafx.sg.prism.NGRegion.renderContent(Lcom/sun/prism/Graphics;)V+106
J 2324 C1 com.sun.javafx.sg.prism.NGNode.doRender(Lcom/sun/prism/Graphics;)V (473 bytes) @ 0x000000000f7678e4 [0x000000000f765aa0+0x1e44]
J 1976 C1 com.sun.javafx.sg.prism.NGNode.render(Lcom/sun/prism/Graphics;)V (38 bytes) @ 0x000000000f647774 [0x000000000f647500+0x274]
J 2379 C1 com.sun.javafx.sg.prism.NGGroup.renderContent(Lcom/sun/prism/Graphics;)V (436 bytes) @ 0x000000000f78478c [0x000000000f783400+0x138c]
j  com.sun.javafx.sg.prism.NGRegion.renderContent(Lcom/sun/prism/Graphics;)V+111
J 2324 C1 com.sun.javafx.sg.prism.NGNode.doRender(Lcom/sun/prism/Graphics;)V (473 bytes) @ 0x000000000f7678e4 [0x000000000f765aa0+0x1e44]
J 1976 C1 com.sun.javafx.sg.prism.NGNode.render(Lcom/sun/prism/Graphics;)V (38 bytes) @ 0x000000000f647774 [0x000000000f647500+0x274]
J 2379 C1 com.sun.javafx.sg.prism.NGGroup.renderContent(Lcom/sun/prism/Graphics;)V (436 bytes) @ 0x000000000f78478c [0x000000000f783400+0x138c]
j  com.sun.javafx.sg.prism.NGRegion.renderContent(Lcom/sun/prism/Graphics;)V+111
J 2324 C1 com.sun.javafx.sg.prism.NGNode.doRender(Lcom/sun/prism/Graphics;)V (473 bytes) @ 0x000000000f7678e4 [0x000000000f765aa0+0x1e44]
J 1976 C1 com.sun.javafx.sg.prism.NGNode.render(Lcom/sun/prism/Graphics;)V (38 bytes) @ 0x000000000f647774 [0x000000000f647500+0x274]
J 2379 C1 com.sun.javafx.sg.prism.NGGroup.renderContent(Lcom/sun/prism/Graphics;)V (436 bytes) @ 0x000000000f78478c [0x000000000f783400+0x138c]
j  com.sun.javafx.sg.prism.NGRegion.renderContent(Lcom/sun/prism/Graphics;)V+111
j  com.sun.javafx.sg.prism.NGNode.renderForClip(Lcom/sun/prism/Graphics;)V+17
j  com.sun.javafx.sg.prism.NGNode.renderRectClip(Lcom/sun/prism/Graphics;Lcom/sun/javafx/sg/prism/NGRectangle;)V+106
j  com.sun.javafx.sg.prism.NGNode.renderClip(Lcom/sun/prism/Graphics;)V+83
j  com.sun.javafx.sg.prism.CacheFilter.impl_renderNodeToCache(Lcom/sun/scenario/effect/ImageData;Lcom/sun/javafx/geom/Rectangle;Lcom/sun/javafx/geom/transform/BaseTransform;Lcom/sun/javafx/geom/Rectangle;)V+150
j  com.sun.javafx.sg.prism.CacheFilter.render(Lcom/sun/prism/Graphics;)V+344
j  com.sun.javafx.sg.prism.NGNode.renderCached(Lcom/sun/prism/Graphics;)V+31
J 2324 C1 com.sun.javafx.sg.prism.NGNode.doRender(Lcom/sun/prism/Graphics;)V (473 bytes) @ 0x000000000f767334 [0x000000000f765aa0+0x1894]
J 1976 C1 com.sun.javafx.sg.prism.NGNode.render(Lcom/sun/prism/Graphics;)V (38 bytes) @ 0x000000000f647774 [0x000000000f647500+0x274]
J 2379 C1 com.sun.javafx.sg.prism.NGGroup.renderContent(Lcom/sun/prism/Graphics;)V (436 bytes) @ 0x000000000f78478c [0x000000000f783400+0x138c]
j  com.sun.javafx.sg.prism.NGRegion.renderContent(Lcom/sun/prism/Graphics;)V+111
J 2324 C1 com.sun.javafx.sg.prism.NGNode.doRender(Lcom/sun/prism/Graphics;)V (473 bytes) @ 0x000000000f7678e4 [0x000000000f765aa0+0x1e44]
J 1976 C1 com.sun.javafx.sg.prism.NGNode.render(Lcom/sun/prism/Graphics;)V (38 bytes) @ 0x000000000f647774 [0x000000000f647500+0x274]
J 2379 C1 com.sun.javafx.sg.prism.NGGroup.renderContent(Lcom/sun/prism/Graphics;)V (436 bytes) @ 0x000000000f78478c [0x000000000f783400+0x138c]
j  com.sun.javafx.sg.prism.NGRegion.renderContent(Lcom/sun/prism/Graphics;)V+111
j  com.sun.javafx.sg.prism.NGNode.renderForClip(Lcom/sun/prism/Graphics;)V+17
j  com.sun.javafx.sg.prism.NGNode.renderRectClip(Lcom/sun/prism/Graphics;Lcom/sun/javafx/sg/prism/NGRectangle;)V+106
j  com.sun.javafx.sg.prism.NGNode.renderClip(Lcom/sun/prism/Graphics;)V+83
J 2324 C1 com.sun.javafx.sg.prism.NGNode.doRender(Lcom/sun/prism/Graphics;)V (473 bytes) @ 0x000000000f76759c [0x000000000f765aa0+0x1afc]
J 1976 C1 com.sun.javafx.sg.prism.NGNode.render(Lcom/sun/prism/Graphics;)V (38 bytes) @ 0x000000000f647774 [0x000000000f647500+0x274]
J 2379 C1 com.sun.javafx.sg.prism.NGGroup.renderContent(Lcom/sun/prism/Graphics;)V (436 bytes) @ 0x000000000f78478c [0x000000000f783400+0x138c]
j  com.sun.javafx.sg.prism.NGRegion.renderContent(Lcom/sun/prism/Graphics;)V+111
j  com.sun.javafx.sg.prism.NGNode.renderForClip(Lcom/sun/prism/Graphics;)V+17
j  com.sun.javafx.sg.prism.NGNode.renderRectClip(Lcom/sun/prism/Graphics;Lcom/sun/javafx/sg/prism/NGRectangle;)V+106
j  com.sun.javafx.sg.prism.NGNode.renderClip(Lcom/sun/prism/Graphics;)V+83
J 2324 C1 com.sun.javafx.sg.prism.NGNode.doRender(Lcom/sun/prism/Graphics;)V (473 bytes) @ 0x000000000f76759c [0x000000000f765aa0+0x1afc]
J 1976 C1 com.sun.javafx.sg.prism.NGNode.render(Lcom/sun/prism/Graphics;)V (38 bytes) @ 0x000000000f647774 [0x000000000f647500+0x274]
J 2379 C1 com.sun.javafx.sg.prism.NGGroup.renderContent(Lcom/sun/prism/Graphics;)V (436 bytes) @ 0x000000000f78478c [0x000000000f783400+0x138c]
j  com.sun.javafx.sg.prism.NGRegion.renderContent(Lcom/sun/prism/Graphics;)V+111
J 2324 C1 com.sun.javafx.sg.prism.NGNode.doRender(Lcom/sun/prism/Graphics;)V (473 bytes) @ 0x000000000f7678e4 [0x000000000f765aa0+0x1e44]
J 1976 C1 com.sun.javafx.sg.prism.NGNode.render(Lcom/sun/prism/Graphics;)V (38 bytes) @ 0x000000000f647774 [0x000000000f647500+0x274]
j  com.sun.javafx.tk.quantum.ViewPainter.doPaint(Lcom/sun/prism/Graphics;Lcom/sun/javafx/sg/prism/NodePath;)V+201
j  com.sun.javafx.tk.quantum.ViewPainter.paintImpl(Lcom/sun/prism/Graphics;)V+953
j  com.sun.javafx.tk.quantum.PresentingPainter.run()V+326
j  java.util.concurrent.Executors$RunnableAdapter.call()Ljava/lang/Object;+4
j  java.util.concurrent.FutureTask.runAndReset()Z+47
j  com.sun.javafx.tk.RenderJob.run()V+1
j  java.util.concurrent.ThreadPoolExecutor.runWorker(Ljava/util/concurrent/ThreadPoolExecutor$Worker;)V+95
j  java.util.concurrent.ThreadPoolExecutor$Worker.run()V+5
j  com.sun.javafx.tk.quantum.QuantumRenderer$PipelineRunnable.run()V+8
j  java.lang.Thread.run()V+11
v  ~StubRoutines::call_stub

---------------  P R O C E S S  ---------------

Java Threads: ( => current thread )
  0x000000000a22a000 JavaThread "Prism Font Disposer" daemon [_thread_blocked, id=6960, stack(0x000000000ebb0000,0x000000000ecb0000)]
  0x0000000009fa1800 JavaThread "Thread-3" daemon [_thread_in_native, id=560, stack(0x000000000a8f0000,0x000000000a9f0000)]
  0x0000000007ce3000 JavaThread "JavaFX-Launcher" [_thread_blocked, id=2608, stack(0x000000000aac0000,0x000000000abc0000)]
  0x0000000007cb7800 JavaThread "JavaFX Application Thread" [_thread_blocked, id=6636, stack(0x00000000086d0000,0x00000000087d0000)]
  0x0000000007cbc000 JavaThread "Thread-1" daemon [_thread_blocked, id=6196, stack(0x0000000008350000,0x0000000008450000)]
=>0x0000000007c97800 JavaThread "QuantumRenderer-0" daemon [_thread_in_native, id=1440, stack(0x0000000008190000,0x0000000008290000)]
  0x0000000005ed5800 JavaThread "Service Thread" daemon [_thread_blocked, id=5716, stack(0x0000000007f60000,0x0000000008060000)]
  0x0000000007928800 JavaThread "C1 CompilerThread2" daemon [_thread_blocked, id=6000, stack(0x0000000007e00000,0x0000000007f00000)]
  0x0000000005ed3800 JavaThread "C2 CompilerThread1" daemon [_thread_blocked, id=1920, stack(0x0000000007810000,0x0000000007910000)]
  0x0000000005edf800 JavaThread "C2 CompilerThread0" daemon [_thread_in_native, id=988, stack(0x00000000075a0000,0x00000000076a0000)]
  0x0000000005edd000 JavaThread "Attach Listener" daemon [_thread_blocked, id=3556, stack(0x0000000007260000,0x0000000007360000)]
  0x0000000005edb800 JavaThread "Signal Dispatcher" daemon [_thread_blocked, id=6052, stack(0x0000000007360000,0x0000000007460000)]
  0x0000000005eb3000 JavaThread "Finalizer" daemon [_thread_blocked, id=4212, stack(0x0000000006dd0000,0x0000000006ed0000)]
  0x0000000005e71800 JavaThread "Reference Handler" daemon [_thread_blocked, id=3412, stack(0x0000000007020000,0x0000000007120000)]
  0x000000000211d800 JavaThread "main" [_thread_blocked, id=5720, stack(0x0000000002240000,0x0000000002340000)]

Other Threads:
  0x0000000005e6a000 VMThread [stack: 0x0000000006f20000,0x0000000007020000] [id=4976]
  0x00000000079a4000 WatcherThread [stack: 0x0000000007470000,0x0000000007570000] [id=4576]

VM state:not at safepoint (normal execution)

VM Mutex/Monitor currently owned by a thread: None

Heap:
 PSYoungGen      total 35328K, used 928K [0x00000000eb380000, 0x00000000f0f80000, 0x0000000100000000)
  eden space 32768K, 2% used [0x00000000eb380000,0x00000000eb468108,0x00000000ed380000)
  from space 2560K, 0% used [0x00000000ed380000,0x00000000ed380000,0x00000000ed600000)
  to   space 14336K, 0% used [0x00000000f0180000,0x00000000f0180000,0x00000000f0f80000)
 ParOldGen       total 65024K, used 24238K [0x00000000c1a00000, 0x00000000c5980000, 0x00000000eb380000)
  object space 65024K, 37% used [0x00000000c1a00000,0x00000000c31aba68,0x00000000c5980000)
 Metaspace       used 19713K, capacity 21278K, committed 21504K, reserved 1067008K
  class space    used 2963K, capacity 3245K, committed 3328K, reserved 1048576K

Card table byte_map: [0x00000000029d0000,0x0000000002bd0000] byte_map_base: 0x00000000023c3000

Marking Bits: (ParMarkBitMap*) 0x0000000063140600
 Begin Bits: [0x00000000033b0000, 0x0000000004348000)
 End Bits:   [0x0000000004348000, 0x00000000052e0000)

Polling page: 0x0000000000140000

CodeCache: size=245760Kb used=8782Kb max_used=8782Kb free=236977Kb
 bounds [0x000000000f010000, 0x000000000f8b0000, 0x000000001e010000]
 total_blobs=3315 nmethods=2633 adapters=594
 compilation: enabled

Compilation events (10 events):
Event: 4.765 Thread 0x0000000007928800 nmethod 2626 0x000000000f88f3d0 code [0x000000000f88f520, 0x000000000f88f630]
Event: 4.765 Thread 0x0000000007928800 2625       1       java.nio.Buffer::remaining (10 bytes)
Event: 4.765 Thread 0x0000000007928800 nmethod 2625 0x000000000f890310 code [0x000000000f890460, 0x000000000f890570]
Event: 4.765 Thread 0x0000000007928800 2633       1       com.sun.prism.d3d.D3DContext::getContextHandle (5 bytes)
Event: 4.766 Thread 0x0000000007928800 nmethod 2633 0x000000000f890050 code [0x000000000f8901a0, 0x000000000f8902b0]
Event: 4.766 Thread 0x0000000007928800 2629       3       com.sun.prism.d3d.D3DTexture::update (425 bytes)
Event: 4.768 Thread 0x0000000007928800 nmethod 2629 0x000000000f894210 code [0x000000000f894480, 0x000000000f895fb8]
Event: 4.768 Thread 0x0000000007928800 2630       3       com.sun.prism.impl.BaseTexture::checkUpdateParams (587 bytes)
Event: 4.770 Thread 0x0000000005ed3800 2634       4       java.util.ArrayList$Itr::hasNext (20 bytes)
Event: 4.771 Thread 0x0000000005ed3800 nmethod 2634 0x000000000f88fe10 code [0x000000000f88ff40, 0x000000000f88ffb8]

GC Heap History (10 events):
Event: 1.351 GC heap before
{Heap before GC invocations=2 (full 0):
 PSYoungGen      total 18944K, used 18930K [0x00000000eb380000, 0x00000000ec880000, 0x0000000100000000)
  eden space 16384K, 100% used [0x00000000eb380000,0x00000000ec380000,0x00000000ec380000)
  from space 2560K, 99% used [0x00000000ec380000,0x00000000ec5fc8d0,0x00000000ec600000)
  to   space 2560K, 0% used [0x00000000ec600000,0x00000000ec600000,0x00000000ec880000)
 ParOldGen       total 44032K, used 72K [0x00000000c1a00000, 0x00000000c4500000, 0x00000000eb380000)
  object space 44032K, 0% used [0x00000000c1a00000,0x00000000c1a12000,0x00000000c4500000)
 Metaspace       used 15488K, capacity 16528K, committed 16640K, reserved 1062912K
  class space    used 2323K, capacity 2559K, committed 2560K, reserved 1048576K
Event: 1.359 GC heap after
Heap after GC invocations=2 (full 0):
 PSYoungGen      total 18944K, used 2530K [0x00000000eb380000, 0x00000000ec880000, 0x0000000100000000)
  eden space 16384K, 0% used [0x00000000eb380000,0x00000000eb380000,0x00000000ec380000)
  from space 2560K, 98% used [0x00000000ec600000,0x00000000ec8788c0,0x00000000ec880000)
  to   space 2560K, 0% used [0x00000000ec380000,0x00000000ec380000,0x00000000ec600000)
 ParOldGen       total 44032K, used 2578K [0x00000000c1a00000, 0x00000000c4500000, 0x00000000eb380000)
  object space 44032K, 5% used [0x00000000c1a00000,0x00000000c1c84840,0x00000000c4500000)
 Metaspace       used 15488K, capacity 16528K, committed 16640K, reserved 1062912K
  class space    used 2323K, capacity 2559K, committed 2560K, reserved 1048576K
}
Event: 1.664 GC heap before
{Heap before GC invocations=3 (full 0):
 PSYoungGen      total 18944K, used 14721K [0x00000000eb380000, 0x00000000ec880000, 0x0000000100000000)
  eden space 16384K, 74% used [0x00000000eb380000,0x00000000ebf67ce8,0x00000000ec380000)
  from space 2560K, 98% used [0x00000000ec600000,0x00000000ec8788c0,0x00000000ec880000)
  to   space 2560K, 0% used [0x00000000ec380000,0x00000000ec380000,0x00000000ec600000)
 ParOldGen       total 44032K, used 2578K [0x00000000c1a00000, 0x00000000c4500000, 0x00000000eb380000)
  object space 44032K, 5% used [0x00000000c1a00000,0x00000000c1c84840,0x00000000c4500000)
 Metaspace       used 16948K, capacity 18184K, committed 18304K, reserved 1064960K
  class space    used 2647K, capacity 2907K, committed 2944K, reserved 1048576K
Event: 1.673 GC heap after
Heap after GC invocations=3 (full 0):
 PSYoungGen      total 18944K, used 2542K [0x00000000eb380000, 0x00000000ed880000, 0x0000000100000000)
  eden space 16384K, 0% used [0x00000000eb380000,0x00000000eb380000,0x00000000ec380000)
  from space 2560K, 99% used [0x00000000ec380000,0x00000000ec5fb9e0,0x00000000ec600000)
  to   space 2560K, 0% used [0x00000000ed600000,0x00000000ed600000,0x00000000ed880000)
 ParOldGen       total 44032K, used 9172K [0x00000000c1a00000, 0x00000000c4500000, 0x00000000eb380000)
  object space 44032K, 20% used [0x00000000c1a00000,0x00000000c22f52c8,0x00000000c4500000)
 Metaspace       used 16948K, capacity 18184K, committed 18304K, reserved 1064960K
  class space    used 2647K, capacity 2907K, committed 2944K, reserved 1048576K
}
Event: 3.064 GC heap before
{Heap before GC invocations=4 (full 0):
 PSYoungGen      total 18944K, used 18926K [0x00000000eb380000, 0x00000000ed880000, 0x0000000100000000)
  eden space 16384K, 100% used [0x00000000eb380000,0x00000000ec380000,0x00000000ec380000)
  from space 2560K, 99% used [0x00000000ec380000,0x00000000ec5fb9e0,0x00000000ec600000)
  to   space 2560K, 0% used [0x00000000ed600000,0x00000000ed600000,0x00000000ed880000)
 ParOldGen       total 44032K, used 9172K [0x00000000c1a00000, 0x00000000c4500000, 0x00000000eb380000)
  object space 44032K, 20% used [0x00000000c1a00000,0x00000000c22f52c8,0x00000000c4500000)
 Metaspace       used 19012K, capacity 20494K, committed 20608K, reserved 1067008K
  class space    used 2898K, capacity 3192K, committed 3200K, reserved 1048576K
Event: 3.078 GC heap after
Heap after GC invocations=4 (full 0):
 PSYoungGen      total 35328K, used 2530K [0x00000000eb380000, 0x00000000ed880000, 0x0000000100000000)
  eden space 32768K, 0% used [0x00000000eb380000,0x00000000eb380000,0x00000000ed380000)
  from space 2560K, 98% used [0x00000000ed600000,0x00000000ed8788c0,0x00000000ed880000)
  to   space 2560K, 0% used [0x00000000ed380000,0x00000000ed380000,0x00000000ed600000)
 ParOldGen       total 44032K, used 19689K [0x00000000c1a00000, 0x00000000c4500000, 0x00000000eb380000)
  object space 44032K, 44% used [0x00000000c1a00000,0x00000000c2d3a7b8,0x00000000c4500000)
 Metaspace       used 19012K, capacity 20494K, committed 20608K, reserved 1067008K
  class space    used 2898K, capacity 3192K, committed 3200K, reserved 1048576K
}
Event: 4.554 GC heap before
{Heap before GC invocations=5 (full 0):
 PSYoungGen      total 35328K, used 17137K [0x00000000eb380000, 0x00000000ed880000, 0x0000000100000000)
  eden space 32768K, 44% used [0x00000000eb380000,0x00000000ec1c3c48,0x00000000ed380000)
  from space 2560K, 98% used [0x00000000ed600000,0x00000000ed8788c0,0x00000000ed880000)
  to   space 2560K, 0% used [0x00000000ed380000,0x00000000ed380000,0x00000000ed600000)
 ParOldGen       total 44032K, used 19689K [0x00000000c1a00000, 0x00000000c4500000, 0x00000000eb380000)
  object space 44032K, 44% used [0x00000000c1a00000,0x00000000c2d3a7b8,0x00000000c4500000)
 Metaspace       used 19643K, capacity 21150K, committed 21248K, reserved 1067008K
  class space    used 2960K, capacity 3245K, committed 3328K, reserved 1048576K
Event: 4.566 GC heap after
Heap after GC invocations=5 (full 0):
 PSYoungGen      total 35328K, used 2530K [0x00000000eb380000, 0x00000000f0f80000, 0x0000000100000000)
  eden space 32768K, 0% used [0x00000000eb380000,0x00000000eb380000,0x00000000ed380000)
  from space 2560K, 98% used [0x00000000ed380000,0x00000000ed5f88b0,0x00000000ed600000)
  to   space 14336K, 0% used [0x00000000f0180000,0x00000000f0180000,0x00000000f0f80000)
 ParOldGen       total 44032K, used 22250K [0x00000000c1a00000, 0x00000000c4500000, 0x00000000eb380000)
  object space 44032K, 50% used [0x00000000c1a00000,0x00000000c2fba808,0x00000000c4500000)
 Metaspace       used 19643K, capacity 21150K, committed 21248K, reserved 1067008K
  class space    used 2960K, capacity 3245K, committed 3328K, reserved 1048576K
}
Event: 4.566 GC heap before
{Heap before GC invocations=6 (full 1):
 PSYoungGen      total 35328K, used 2530K [0x00000000eb380000, 0x00000000f0f80000, 0x0000000100000000)
  eden space 32768K, 0% used [0x00000000eb380000,0x00000000eb380000,0x00000000ed380000)
  from space 2560K, 98% used [0x00000000ed380000,0x00000000ed5f88b0,0x00000000ed600000)
  to   space 14336K, 0% used [0x00000000f0180000,0x00000000f0180000,0x00000000f0f80000)
 ParOldGen       total 44032K, used 22250K [0x00000000c1a00000, 0x00000000c4500000, 0x00000000eb380000)
  object space 44032K, 50% used [0x00000000c1a00000,0x00000000c2fba808,0x00000000c4500000)
 Metaspace       used 19643K, capacity 21150K, committed 21248K, reserved 1067008K
  class space    used 2960K, capacity 3245K, committed 3328K, reserved 1048576K
Event: 4.724 GC heap after
Heap after GC invocations=6 (full 1):
 PSYoungGen      total 35328K, used 0K [0x00000000eb380000, 0x00000000f0f80000, 0x0000000100000000)
  eden space 32768K, 0% used [0x00000000eb380000,0x00000000eb380000,0x00000000ed380000)
  from space 2560K, 0% used [0x00000000ed380000,0x00000000ed380000,0x00000000ed600000)
  to   space 14336K, 0% used [0x00000000f0180000,0x00000000f0180000,0x00000000f0f80000)
 ParOldGen       total 65024K, used 24238K [0x00000000c1a00000, 0x00000000c5980000, 0x00000000eb380000)
  object space 65024K, 37% used [0x00000000c1a00000,0x00000000c31aba68,0x00000000c5980000)
 Metaspace       used 19643K, capacity 21150K, committed 21248K, reserved 1067008K
  class space    used 2960K, capacity 3245K, committed 3328K, reserved 1048576K
}

Deoptimization events (10 events):
Event: 3.042 Thread 0x0000000007cb7800 Uncommon trap: reason=bimorphic action=maybe_recompile pc=0x000000000f5d0358 method=javafx.beans.property.BooleanPropertyBase.get()Z @ 23
Event: 3.042 Thread 0x0000000007cb7800 Uncommon trap: reason=bimorphic action=maybe_recompile pc=0x000000000f5d0358 method=javafx.beans.property.BooleanPropertyBase.get()Z @ 23
Event: 3.175 Thread 0x0000000007cb7800 Uncommon trap: reason=unstable_if action=reinterpret pc=0x000000000f704fbc method=com.sun.javafx.iio.common.SmoothMinifier.putSourceScanline([BI)Z @ 523
Event: 3.312 Thread 0x0000000007c97800 Uncommon trap: reason=class_check action=maybe_recompile pc=0x000000000f5a5dd0 method=java.util.WeakHashMap.eq(Ljava/lang/Object;Ljava/lang/Object;)Z @ 7
Event: 3.313 Thread 0x0000000007c97800 Uncommon trap: reason=class_check action=maybe_recompile pc=0x000000000f5a5dd0 method=java.util.WeakHashMap.eq(Ljava/lang/Object;Ljava/lang/Object;)Z @ 7
Event: 4.222 Thread 0x0000000007c97800 Uncommon trap: reason=class_check action=maybe_recompile pc=0x000000000f5a5dd0 method=java.util.WeakHashMap.eq(Ljava/lang/Object;Ljava/lang/Object;)Z @ 7
Event: 4.425 Thread 0x0000000007cb7800 Uncommon trap: reason=unstable_if action=reinterpret pc=0x000000000f5a33e4 method=javafx.scene.Parent.impl_getAllParentStylesheets()Ljava/util/List; @ 32
Event: 4.433 Thread 0x0000000007cb7800 Uncommon trap: reason=unstable_if action=reinterpret pc=0x000000000f372264 method=sun.security.provider.DigestBase.engineUpdate(B)V @ 4
Event: 4.727 Thread 0x0000000007cb7800 Uncommon trap: reason=unstable_if action=reinterpret pc=0x000000000f5d39b8 method=java.util.WeakHashMap.expungeStaleEntries()V @ 9
Event: 4.769 Thread 0x0000000007c97800 Uncommon trap: reason=unstable_if action=reinterpret pc=0x000000000f7c1df4 method=com.sun.javafx.geom.RectBounds.isEmpty()Z @ 21

Internal exceptions (10 events):
Event: 0.489 Thread 0x0000000007cb7800 Exception <a 'java/lang/NullPointerException'> (0x00000000ebd5a850) thrown at [D:\re\workspace\8-2-build-windows-amd64-cygwin\jdk8u77\6540\hotspot\src\share\vm\prims\jvm.cpp, line 1390]
Event: 0.815 Thread 0x0000000007cb7800 Implicit null exception at 0x000000000f247965 to 0x000000000f247b39
Event: 0.841 Thread 0x0000000007cb7800 Implicit null exception at 0x000000000f2e5fab to 0x000000000f2e6319
Event: 0.959 Thread 0x0000000007cb7800 Exception <a 'java/io/FileNotFoundException'> (0x00000000eba8be40) thrown at [D:\re\workspace\8-2-build-windows-amd64-cygwin\jdk8u77\6540\hotspot\src\share\vm\prims\jni.cpp, line 709]
Event: 1.010 Thread 0x0000000007cb7800 Exception <a 'java/io/FileNotFoundException'> (0x00000000ebc25838) thrown at [D:\re\workspace\8-2-build-windows-amd64-cygwin\jdk8u77\6540\hotspot\src\share\vm\prims\jni.cpp, line 709]
Event: 1.288 Thread 0x0000000007cb7800 Implicit null exception at 0x000000000f41a9a1 to 0x000000000f41aeb9
Event: 1.775 Thread 0x0000000007cb7800 Implicit null exception at 0x000000000f31278a to 0x000000000f3137dd
Event: 2.443 Thread 0x0000000007cb7800 Implicit null exception at 0x000000000f548e64 to 0x000000000f549419
Event: 4.426 Thread 0x0000000007cb7800 Exception <a 'java/io/FileNotFoundException'> (0x00000000ebafb2d8) thrown at [D:\re\workspace\8-2-build-windows-amd64-cygwin\jdk8u77\6540\hotspot\src\share\vm\prims\jni.cpp, line 709]
Event: 4.433 Thread 0x0000000007cb7800 Implicit null exception at 0x000000000f371c41 to 0x000000000f372249

Events (10 events):
Event: 4.730 Executing VM operation: RevokeBias done
Event: 4.730 Executing VM operation: RevokeBias
Event: 4.730 Executing VM operation: RevokeBias done
Event: 4.738 loading class com/sun/javafx/sg/prism/CacheFilter
Event: 4.738 loading class com/sun/javafx/sg/prism/CacheFilter done
Event: 4.739 loading class com/sun/javafx/sg/prism/CacheFilter$ScrollCacheState
Event: 4.739 loading class com/sun/javafx/sg/prism/CacheFilter$ScrollCacheState done
Event: 4.769 Thread 0x0000000007c97800 Uncommon trap: trap_request=0xffffff65 fr.pc=0x000000000f7c1df4
Event: 4.769 Thread 0x0000000007c97800 DEOPT PACKING pc=0x000000000f7c1df4 sp=0x000000000828a8d0
Event: 4.769 Thread 0x0000000007c97800 DEOPT UNPACKING pc=0x000000000f05582a sp=0x000000000828a868 mode 2


Dynamic libraries:
0x000000013f270000 - 0x000000013f2a7000 	C:\Program Files\Java\jdk1.8.0_77\bin\java.exe
0x00000000775e0000 - 0x000000007778b000 	C:\Windows\SYSTEM32\ntdll.dll
0x00000000773c0000 - 0x00000000774df000 	C:\Windows\system32\kernel32.dll
0x000007fefd760000 - 0x000007fefd7cb000 	C:\Windows\system32\KERNELBASE.dll
0x000007fefe1e0000 - 0x000007fefe2bb000 	C:\Windows\system32\ADVAPI32.dll
0x000007feff4e0000 - 0x000007feff57f000 	C:\Windows\system32\msvcrt.dll
0x000007feff8d0000 - 0x000007feff8ef000 	C:\Windows\SYSTEM32\sechost.dll
0x000007fefd910000 - 0x000007fefda3e000 	C:\Windows\system32\RPCRT4.dll
0x00000000774e0000 - 0x00000000775da000 	C:\Windows\system32\USER32.dll
0x000007fefe110000 - 0x000007fefe177000 	C:\Windows\system32\GDI32.dll
0x000007fefe2c0000 - 0x000007fefe2ce000 	C:\Windows\system32\LPK.dll
0x000007fefdd30000 - 0x000007fefddfa000 	C:\Windows\system32\USP10.dll
0x000007fefbd00000 - 0x000007fefbef4000 	C:\Windows\WinSxS\amd64_microsoft.windows.common-controls_6595b64144ccf1df_6.0.7600.16385_none_fa645303170382f6\COMCTL32.dll
0x000007fefe450000 - 0x000007fefe4c1000 	C:\Windows\system32\SHLWAPI.dll
0x000007fefe0e0000 - 0x000007fefe10e000 	C:\Windows\system32\IMM32.DLL
0x000007fefe2f0000 - 0x000007fefe3f9000 	C:\Windows\system32\MSCTF.dll
0x000007fefd500000 - 0x000007fefd531000 	C:\Windows\system32\nvinitx.dll
0x000000000f000000 - 0x000000000f006000 	C:\Program Files\NVIDIA Corporation\CoProcManager\_etoured.dll
0x000007fefac10000 - 0x000007fefac6f000 	C:\Program Files\NVIDIA Corporation\CoProcManager\nvd3d9wrapx.dll
0x000007fefe4d0000 - 0x000007fefe6a7000 	C:\Windows\system32\SETUPAPI.dll
0x000007fefd7d0000 - 0x000007fefd806000 	C:\Windows\system32\CFGMGR32.dll
0x000007fefda40000 - 0x000007fefdb17000 	C:\Windows\system32\OLEAUT32.dll
0x000007fefdb20000 - 0x000007fefdd21000 	C:\Windows\system32\ole32.dll
0x000007fefd8b0000 - 0x000007fefd8ca000 	C:\Windows\system32\DEVOBJ.dll
0x000007fefa850000 - 0x000007fefa896000 	C:\Program Files\NVIDIA Corporation\CoProcManager\nvdxgiwrapx.dll
0x0000000068ce0000 - 0x0000000068db2000 	C:\Program Files\Java\jdk1.8.0_77\jre\bin\msvcr100.dll
0x0000000062930000 - 0x00000000631c0000 	C:\Program Files\Java\jdk1.8.0_77\jre\bin\server\jvm.dll
0x000007feee470000 - 0x000007feee479000 	C:\Windows\system32\WSOCK32.dll
0x000007fefe180000 - 0x000007fefe1cd000 	C:\Windows\system32\WS2_32.dll
0x000007fefe1d0000 - 0x000007fefe1d8000 	C:\Windows\system32\NSI.dll
0x000007fefabd0000 - 0x000007fefac0b000 	C:\Windows\system32\WINMM.dll
0x000007fefc7e0000 - 0x000007fefc7ec000 	C:\Windows\system32\VERSION.dll
0x00000000777a0000 - 0x00000000777a7000 	C:\Windows\system32\PSAPI.DLL
0x0000000073ea0000 - 0x0000000073eaf000 	C:\Program Files\Java\jdk1.8.0_77\jre\bin\verify.dll
0x000000006b4f0000 - 0x000000006b519000 	C:\Program Files\Java\jdk1.8.0_77\jre\bin\java.dll
0x000000006ba70000 - 0x000000006ba86000 	C:\Program Files\Java\jdk1.8.0_77\jre\bin\zip.dll
0x000007fefe750000 - 0x000007feff4d6000 	C:\Windows\system32\SHELL32.dll
0x000007fefd540000 - 0x000007fefd54f000 	C:\Windows\system32\profapi.dll
0x000007fee98b0000 - 0x000007fee999f000 	C:\Program Files\Java\jdk1.8.0_77\jre\bin\msvcr120.dll
0x000007fee9b40000 - 0x000007fee9be6000 	C:\Program Files\Java\jdk1.8.0_77\jre\bin\msvcp120.dll
0x000000006b4a0000 - 0x000000006b4c3000 	C:\Program Files\Java\jdk1.8.0_77\jre\bin\prism_d3d.dll
0x000007fee7e30000 - 0x000007fee802f000 	C:\Windows\system32\d3d9.dll
0x000007fef3930000 - 0x000007fef3937000 	C:\Windows\system32\d3d8thk.dll
0x000007fefb7a0000 - 0x000007fefb7b8000 	C:\Windows\system32\dwmapi.dll
0x000007fefbc50000 - 0x000007fefbca6000 	C:\Windows\system32\uxtheme.dll
0x000007fefa3b0000 - 0x000007fefa51d000 	C:\Windows\system32\nvumdshimx.dll
0x000007fee3c50000 - 0x000007fee5531000 	C:\Windows\system32\igdumdim64.dll
0x000007fef7fd0000 - 0x000007fef8430000 	C:\Windows\system32\igdusc64.dll
0x000000006aca0000 - 0x000000006ace3000 	C:\Program Files\Java\jdk1.8.0_77\jre\bin\glass.dll
0x000007feff6b0000 - 0x000007feff748000 	C:\Windows\system32\COMDLG32.dll
0x000007fefd430000 - 0x000007fefd43f000 	C:\Windows\system32\CRYPTBASE.dll
0x0000000070050000 - 0x0000000070064000 	C:\Program Files\Java\jdk1.8.0_77\jre\bin\javafx_font.dll
0x000007fee8270000 - 0x000007fee83eb000 	C:\Windows\system32\dwrite.dll
0x000007fefe6b0000 - 0x000007fefe749000 	C:\Windows\system32\CLBCatQ.DLL
0x000007fefb4f0000 - 0x000007fefb61a000 	C:\Windows\system32\WindowsCodecs.dll
0x000007fefd3d0000 - 0x000007fefd427000 	C:\Windows\system32\apphelp.dll
0x000007fef8430000 - 0x000007fef8470000 	C:\Program Files (x86)\Dropbox\Client\DropboxExt64.34.dll
0x0000000072fd0000 - 0x0000000073086000 	C:\Program Files\AVAST Software\Avast\ashShA64.dll
0x000007fef7c50000 - 0x000007fef7f66000 	C:\Windows\system32\msi.dll
0x000007fef7c10000 - 0x000007fef7c45000 	C:\Windows\system32\EhStorShell.dll
0x000007fefbf00000 - 0x000007fefc02c000 	C:\Windows\system32\PROPSYS.dll
0x000007fef7590000 - 0x000007fef7c02000 	C:\PROGRA~1\MICROS~2\Office14\GROOVEEX.DLL
0x0000000072f30000 - 0x0000000072fcd000 	C:\Windows\WinSxS\amd64_microsoft.vc90.crt_1fc8b3b9a1e18e3b_9.0.30729.4926_none_08e1a05ba83fe554\MSVCR90.dll
0x0000000072e50000 - 0x0000000072f23000 	C:\Windows\WinSxS\amd64_microsoft.vc90.crt_1fc8b3b9a1e18e3b_9.0.30729.4926_none_08e1a05ba83fe554\MSVCP90.dll
0x0000000072e20000 - 0x0000000072e4f000 	C:\Windows\WinSxS\amd64_microsoft.vc90.atl_1fc8b3b9a1e18e3b_9.0.30729.4148_none_0a1d2fcba76b3f00\ATL90.DLL
0x000007fef7180000 - 0x000007fef758f000 	C:\PROGRA~1\COMMON~1\MICROS~1\OFFICE14\Cultures\office.odf
0x000007fef6910000 - 0x000007fef7174000 	C:\PROGRA~1\MICROS~2\Office14\1033\GrooveIntlResource.dll
0x000007feefc10000 - 0x000007feefc19000 	C:\Program Files (x86)\Internet Download Manager\IDMShellExt64.dll
0x000007fef40e0000 - 0x000007fef4160000 	C:\Windows\system32\ntshrui.dll
0x000007fefd150000 - 0x000007fefd173000 	C:\Windows\system32\srvcli.dll
0x000007fef40d0000 - 0x000007fef40df000 	C:\Windows\system32\cscapi.dll
0x000007fefb6b0000 - 0x000007fefb6bb000 	C:\Windows\system32\slc.dll
0x000007fef3900000 - 0x000007fef392d000 	C:\Program Files\Common Files\Microsoft Shared\Ink\rtscom.dll
0x0000000073f60000 - 0x0000000073f71000 	C:\Program Files\Java\jdk1.8.0_77\jre\bin\prism_common.dll
0x000007feeb510000 - 0x000007feeb635000 	C:\Windows\system32\dbghelp.dll

VM Arguments:
jvm_args: -Dfile.encoding=UTF-8 
java_command: MainTompeloka.Main
java_class_path (initial): C:\Users\U53R\Documents\NetBeansProjects\KhususTugas - Copy\build\classes
Launcher Type: SUN_STANDARD

Environment Variables:
PATH=C:\ProgramData\Oracle\Java\javapath;C:\Windows\system32;C:\Windows;C:\Windows\System32\Wbem;C:\Windows\System32\WindowsPowerShell\v1.0\;C:\Program Files (x86)\Java\jre7\bin
USERNAME=U53R
OS=Windows_NT
PROCESSOR_IDENTIFIER=Intel64 Family 6 Model 69 Stepping 1, GenuineIntel



---------------  S Y S T E M  ---------------

OS: Windows 7 , 64 bit Build 7600 (6.1.7600.16385)

CPU:total 4 (2 cores per cpu, 2 threads per core) family 6 model 69 stepping 1, cmov, cx8, fxsr, mmx, sse, sse2, sse3, ssse3, sse4.1, sse4.2, popcnt, aes, clmul, erms, lzcnt, ht, tsc, tscinvbit, bmi1, bmi2

Memory: 4k page, physical 4080780k(1155348k free), swap 8159664k(3252060k free)

vm_info: Java HotSpot(TM) 64-Bit Server VM (25.77-b03) for windows-amd64 JRE (1.8.0_77-b03), built on Mar 20 2016 22:01:33 by "java_re" with MS VC++ 10.0 (VS2010)

time: Thu Jun 16 21:16:18 2016
elapsed time: 4 seconds (0d 0h 0m 4s)

