#
# A fatal error has been detected by the Java Runtime Environment:
#
#  EXCEPTION_ILLEGAL_INSTRUCTION (0xc000001d) at pc=0x000007fee9945c01, pid=5624, tid=2588
#
# JRE version: Java(TM) SE Runtime Environment (8.0_77-b03) (build 1.8.0_77-b03)
# Java VM: Java HotSpot(TM) 64-Bit Server VM (25.77-b03 mixed mode windows-amd64 compressed oops)
# Problematic frame:
# C  [msvcr120.dll+0x95c01]
#
# Failed to write core dump. Minidumps are not enabled by default on client versions of Windows
#
# If you would like to submit a bug report, please visit:
#   http://bugreport.java.com/bugreport/crash.jsp
# The crash happened outside the Java Virtual Machine in native code.
# See problematic frame for where to report the bug.
#

---------------  T H R E A D  ---------------

Current thread (0x0000000007f5f000):  JavaThread "QuantumRenderer-0" daemon [_thread_in_native, id=2588, stack(0x0000000008dd0000,0x0000000008ed0000)]

siginfo: ExceptionCode=0xc000001d

Registers:
RAX=0x3fa0000000000000, RBX=0x0000000000000004, RCX=0x3fa0e05e721abad0, RDX=0x7ff0000000000000
RSP=0x0000000008ecb650, RBP=0x0000000008ecbe80, RSI=0x0000000008ecbe80, RDI=0x0000000000000004
R8 =0x8000000000000000, R9 =0x000000006b48d1f0, R10=0x000000000000000c, R11=0x0000000000000000
R12=0x000000006b48d1f0, R13=0x000000006b48d050, R14=0x00000000eb5c4db4, R15=0x0000000000000004
RIP=0x000007fee9945c01, EFLAGS=0x0000000000010202

Top of Stack: (sp=0x0000000008ecb650)
0x0000000008ecb650:   00000000073ce8a0 00000000002c4550
0x0000000008ecb660:   00000000002c4550 000000000aa83bd0
0x0000000008ecb670:   000000000aa0e262 0000000000000010
0x0000000008ecb680:   0000000000000029 00000000002c0158
0x0000000008ecb690:   00000000776f7288 00000000002c4550
0x0000000008ecb6a0:   0000000000000060 00000000002c0230
0x0000000008ecb6b0:   0000000000000001 000000000a990000
0x0000000008ecb6c0:   0000000008ecb901 00000000002c0230
0x0000000008ecb6d0:   3fc73d280bfc767b 0000000000000000
0x0000000008ecb6e0:   bee05c8a4573aff8 0000000000000000
0x0000000008ecb6f0:   00000000003b8680 00000000002c4550
0x0000000008ecb700:   00000000073ce700 00000000000001e7
0x0000000008ecb710:   000000006b48c3f0 000000006b483318
0x0000000008ecb720:   3fa0e05e721abad0 3fa0e05e721abad0
0x0000000008ecb730:   3fc73d280bfc767b 000000000aa41ba0
0x0000000008ecb740:   0000000000000000 00000000000003ff 

Instructions: (pc=0x000007fee9945c01)
0x000007fee9945be1:   0f 10 d0 f2 0f 10 44 24 10 f2 0f 10 4c 24 20 44
0x000007fee9945bf1:   8b 0d 15 26 02 00 e8 34 c7 00 00 e9 72 f8 ff ff
0x000007fee9945c01:   c5 fb 11 44 24 10 c5 fb 11 4c 24 20 48 8b 54 24
0x000007fee9945c11:   10 4c 8b 44 24 20 4c 8b 15 4a 26 02 00 4d 23 d0 


Register to memory mapping:

RAX=0x3fa0000000000000 is an unknown value
RBX=0x0000000000000004 is an unknown value
RCX=0x3fa0e05e721abad0 is an unknown value
RDX=0x7ff0000000000000 is an unknown value
RSP=0x0000000008ecb650 is pointing into the stack for thread: 0x0000000007f5f000
RBP=0x0000000008ecbe80 is pointing into the stack for thread: 0x0000000007f5f000
RSI=0x0000000008ecbe80 is pointing into the stack for thread: 0x0000000007f5f000
RDI=0x0000000000000004 is an unknown value
R8 =0x8000000000000000 is an unknown value
R9 =0x000000006b48d1f0 is an unknown value
R10=0x000000000000000c is an unknown value
R11=0x0000000000000000 is an unknown value
R12=0x000000006b48d1f0 is an unknown value
R13=0x000000006b48d050 is an unknown value
R14=0x00000000eb5c4db4 is an unknown value
R15=0x0000000000000004 is an unknown value


Stack: [0x0000000008dd0000,0x0000000008ed0000],  sp=0x0000000008ecb650,  free space=1005k
Native frames: (J=compiled Java code, j=interpreted, Vv=VM code, C=native code)
C  [msvcr120.dll+0x95c01]
C  [prism_common.dll+0x3318]
C  [prism_common.dll+0x1abc]
C  [prism_common.dll+0x1128]
C  [prism_common.dll+0x8b7e]
C  [prism_common.dll+0x669e]
C  [prism_common.dll+0x49af]
C  [prism_common.dll+0x4649]
C  0x000000000f025854

Java frames: (J=compiled Java code, j=interpreted, Vv=VM code)
j  com.sun.prism.impl.shape.NativePiscesRasterizer.produceStrokeAlphas([F[BIFIIF[FFDDDDDD[I[B)V+0
j  com.sun.prism.impl.shape.NativePiscesRasterizer.getMaskData(Lcom/sun/javafx/geom/Shape;Lcom/sun/prism/BasicStroke;Lcom/sun/javafx/geom/RectBounds;Lcom/sun/javafx/geom/transform/BaseTransform;ZZ)Lcom/sun/prism/impl/shape/MaskData;+487
j  com.sun.prism.impl.shape.ShapeUtil.rasterizeShape(Lcom/sun/javafx/geom/Shape;Lcom/sun/prism/BasicStroke;Lcom/sun/javafx/geom/RectBounds;Lcom/sun/javafx/geom/transform/BaseTransform;ZZ)Lcom/sun/prism/impl/shape/MaskData;+11
j  com.sun.prism.impl.ps.BaseShaderGraphics.renderShape(Lcom/sun/javafx/geom/Shape;Lcom/sun/prism/BasicStroke;FFFF)V+40
j  com.sun.prism.impl.BaseGraphics.draw(Lcom/sun/javafx/geom/Shape;)V+136
j  com.sun.javafx.sg.prism.NGRegion.renderBorderRectangle(Lcom/sun/prism/Graphics;)V+1320
J 2016 C1 com.sun.javafx.sg.prism.NGRegion.renderContent(Lcom/sun/prism/Graphics;)V (115 bytes) @ 0x000000000f64b374 [0x000000000f64a780+0xbf4]
J 2019 C1 com.sun.javafx.sg.prism.NGNode.doRender(Lcom/sun/prism/Graphics;)V (473 bytes) @ 0x000000000f64eca4 [0x000000000f64ce60+0x1e44]
J 2096 C1 com.sun.javafx.sg.prism.NGNode.render(Lcom/sun/prism/Graphics;)V (38 bytes) @ 0x000000000f67ea34 [0x000000000f67e7c0+0x274]
j  com.sun.javafx.sg.prism.NGGroup.renderContent(Lcom/sun/prism/Graphics;)V+160
J 2016 C1 com.sun.javafx.sg.prism.NGRegion.renderContent(Lcom/sun/prism/Graphics;)V (115 bytes) @ 0x000000000f64bcbc [0x000000000f64a780+0x153c]
J 2019 C1 com.sun.javafx.sg.prism.NGNode.doRender(Lcom/sun/prism/Graphics;)V (473 bytes) @ 0x000000000f64eca4 [0x000000000f64ce60+0x1e44]
J 2096 C1 com.sun.javafx.sg.prism.NGNode.render(Lcom/sun/prism/Graphics;)V (38 bytes) @ 0x000000000f67ea34 [0x000000000f67e7c0+0x274]
j  com.sun.javafx.sg.prism.NGGroup.renderContent(Lcom/sun/prism/Graphics;)V+160
J 2016 C1 com.sun.javafx.sg.prism.NGRegion.renderContent(Lcom/sun/prism/Graphics;)V (115 bytes) @ 0x000000000f64bcbc [0x000000000f64a780+0x153c]
J 2019 C1 com.sun.javafx.sg.prism.NGNode.doRender(Lcom/sun/prism/Graphics;)V (473 bytes) @ 0x000000000f64eca4 [0x000000000f64ce60+0x1e44]
J 2096 C1 com.sun.javafx.sg.prism.NGNode.render(Lcom/sun/prism/Graphics;)V (38 bytes) @ 0x000000000f67ea34 [0x000000000f67e7c0+0x274]
j  com.sun.javafx.sg.prism.NGGroup.renderContent(Lcom/sun/prism/Graphics;)V+160
J 2016 C1 com.sun.javafx.sg.prism.NGRegion.renderContent(Lcom/sun/prism/Graphics;)V (115 bytes) @ 0x000000000f64bcbc [0x000000000f64a780+0x153c]
j  com.sun.javafx.sg.prism.NGNode.renderForClip(Lcom/sun/prism/Graphics;)V+17
j  com.sun.javafx.sg.prism.NGNode.renderRectClip(Lcom/sun/prism/Graphics;Lcom/sun/javafx/sg/prism/NGRectangle;)V+106
j  com.sun.javafx.sg.prism.NGNode.renderClip(Lcom/sun/prism/Graphics;)V+83
j  com.sun.javafx.sg.prism.CacheFilter.impl_renderNodeToCache(Lcom/sun/scenario/effect/ImageData;Lcom/sun/javafx/geom/Rectangle;Lcom/sun/javafx/geom/transform/BaseTransform;Lcom/sun/javafx/geom/Rectangle;)V+150
j  com.sun.javafx.sg.prism.CacheFilter.render(Lcom/sun/prism/Graphics;)V+344
j  com.sun.javafx.sg.prism.NGNode.renderCached(Lcom/sun/prism/Graphics;)V+31
J 2019 C1 com.sun.javafx.sg.prism.NGNode.doRender(Lcom/sun/prism/Graphics;)V (473 bytes) @ 0x000000000f64e6f4 [0x000000000f64ce60+0x1894]
J 2096 C1 com.sun.javafx.sg.prism.NGNode.render(Lcom/sun/prism/Graphics;)V (38 bytes) @ 0x000000000f67ea34 [0x000000000f67e7c0+0x274]
j  com.sun.javafx.sg.prism.NGGroup.renderContent(Lcom/sun/prism/Graphics;)V+160
J 2016 C1 com.sun.javafx.sg.prism.NGRegion.renderContent(Lcom/sun/prism/Graphics;)V (115 bytes) @ 0x000000000f64bcbc [0x000000000f64a780+0x153c]
J 2019 C1 com.sun.javafx.sg.prism.NGNode.doRender(Lcom/sun/prism/Graphics;)V (473 bytes) @ 0x000000000f64eca4 [0x000000000f64ce60+0x1e44]
J 2096 C1 com.sun.javafx.sg.prism.NGNode.render(Lcom/sun/prism/Graphics;)V (38 bytes) @ 0x000000000f67ea34 [0x000000000f67e7c0+0x274]
j  com.sun.javafx.sg.prism.NGGroup.renderContent(Lcom/sun/prism/Graphics;)V+160
J 2016 C1 com.sun.javafx.sg.prism.NGRegion.renderContent(Lcom/sun/prism/Graphics;)V (115 bytes) @ 0x000000000f64bcbc [0x000000000f64a780+0x153c]
j  com.sun.javafx.sg.prism.NGNode.renderForClip(Lcom/sun/prism/Graphics;)V+17
j  com.sun.javafx.sg.prism.NGNode.renderRectClip(Lcom/sun/prism/Graphics;Lcom/sun/javafx/sg/prism/NGRectangle;)V+106
j  com.sun.javafx.sg.prism.NGNode.renderClip(Lcom/sun/prism/Graphics;)V+83
J 2019 C1 com.sun.javafx.sg.prism.NGNode.doRender(Lcom/sun/prism/Graphics;)V (473 bytes) @ 0x000000000f64e95c [0x000000000f64ce60+0x1afc]
J 2096 C1 com.sun.javafx.sg.prism.NGNode.render(Lcom/sun/prism/Graphics;)V (38 bytes) @ 0x000000000f67ea34 [0x000000000f67e7c0+0x274]
j  com.sun.javafx.sg.prism.NGGroup.renderContent(Lcom/sun/prism/Graphics;)V+160
J 2016 C1 com.sun.javafx.sg.prism.NGRegion.renderContent(Lcom/sun/prism/Graphics;)V (115 bytes) @ 0x000000000f64bcbc [0x000000000f64a780+0x153c]
j  com.sun.javafx.sg.prism.NGNode.renderForClip(Lcom/sun/prism/Graphics;)V+17
j  com.sun.javafx.sg.prism.NGNode.renderRectClip(Lcom/sun/prism/Graphics;Lcom/sun/javafx/sg/prism/NGRectangle;)V+106
j  com.sun.javafx.sg.prism.NGNode.renderClip(Lcom/sun/prism/Graphics;)V+83
J 2019 C1 com.sun.javafx.sg.prism.NGNode.doRender(Lcom/sun/prism/Graphics;)V (473 bytes) @ 0x000000000f64e95c [0x000000000f64ce60+0x1afc]
J 2096 C1 com.sun.javafx.sg.prism.NGNode.render(Lcom/sun/prism/Graphics;)V (38 bytes) @ 0x000000000f67ea34 [0x000000000f67e7c0+0x274]
j  com.sun.javafx.sg.prism.NGGroup.renderContent(Lcom/sun/prism/Graphics;)V+160
J 2016 C1 com.sun.javafx.sg.prism.NGRegion.renderContent(Lcom/sun/prism/Graphics;)V (115 bytes) @ 0x000000000f64bcbc [0x000000000f64a780+0x153c]
J 2019 C1 com.sun.javafx.sg.prism.NGNode.doRender(Lcom/sun/prism/Graphics;)V (473 bytes) @ 0x000000000f64eca4 [0x000000000f64ce60+0x1e44]
J 2096 C1 com.sun.javafx.sg.prism.NGNode.render(Lcom/sun/prism/Graphics;)V (38 bytes) @ 0x000000000f67ea34 [0x000000000f67e7c0+0x274]
j  com.sun.javafx.tk.quantum.ViewPainter.doPaint(Lcom/sun/prism/Graphics;Lcom/sun/javafx/sg/prism/NodePath;)V+201
j  com.sun.javafx.tk.quantum.ViewPainter.paintImpl(Lcom/sun/prism/Graphics;)V+953
j  com.sun.javafx.tk.quantum.PresentingPainter.run()V+326
j  java.util.concurrent.Executors$RunnableAdapter.call()Ljava/lang/Object;+4
j  java.util.concurrent.FutureTask.runAndReset()Z+47
j  com.sun.javafx.tk.RenderJob.run()V+1
j  java.util.concurrent.ThreadPoolExecutor.runWorker(Ljava/util/concurrent/ThreadPoolExecutor$Worker;)V+95
j  java.util.concurrent.ThreadPoolExecutor$Worker.run()V+5
j  com.sun.javafx.tk.quantum.QuantumRenderer$PipelineRunnable.run()V+8
j  java.lang.Thread.run()V+11
v  ~StubRoutines::call_stub

---------------  P R O C E S S  ---------------

Java Threads: ( => current thread )
  0x000000005e36a800 JavaThread "Prism Font Disposer" daemon [_thread_blocked, id=6332, stack(0x000000000ecc0000,0x000000000edc0000)]
  0x000000000855b800 JavaThread "JavaFX-Launcher" [_thread_blocked, id=420, stack(0x000000000ae10000,0x000000000af10000)]
  0x0000000008550000 JavaThread "Thread-2" daemon [_thread_in_native, id=6312, stack(0x000000000ac60000,0x000000000ad60000)]
  0x0000000008517800 JavaThread "JavaFX Application Thread" [_thread_blocked, id=5196, stack(0x00000000092f0000,0x00000000093f0000)]
  0x0000000008515800 JavaThread "Thread-1" daemon [_thread_blocked, id=3400, stack(0x0000000009160000,0x0000000009260000)]
=>0x0000000007f5f000 JavaThread "QuantumRenderer-0" daemon [_thread_in_native, id=2588, stack(0x0000000008dd0000,0x0000000008ed0000)]
  0x0000000007c2b000 JavaThread "Service Thread" daemon [_thread_blocked, id=4500, stack(0x0000000008260000,0x0000000008360000)]
  0x0000000007b81000 JavaThread "C1 CompilerThread2" daemon [_thread_blocked, id=3972, stack(0x0000000008000000,0x0000000008100000)]
  0x0000000006097800 JavaThread "C2 CompilerThread1" daemon [_thread_blocked, id=2964, stack(0x0000000007a80000,0x0000000007b80000)]
  0x0000000006095800 JavaThread "C2 CompilerThread0" daemon [_thread_blocked, id=7144, stack(0x00000000078f0000,0x00000000079f0000)]
  0x000000000608f000 JavaThread "Attach Listener" daemon [_thread_blocked, id=4364, stack(0x0000000007720000,0x0000000007820000)]
  0x000000000609f800 JavaThread "Signal Dispatcher" daemon [_thread_blocked, id=3864, stack(0x0000000007610000,0x0000000007710000)]
  0x000000000607a800 JavaThread "Finalizer" daemon [_thread_blocked, id=224, stack(0x0000000007430000,0x0000000007530000)]
  0x0000000006031800 JavaThread "Reference Handler" daemon [_thread_blocked, id=1852, stack(0x0000000007220000,0x0000000007320000)]
  0x000000000045d800 JavaThread "main" [_thread_blocked, id=2932, stack(0x00000000024d0000,0x00000000025d0000)]

Other Threads:
  0x000000000602a000 VMThread [stack: 0x0000000007070000,0x0000000007170000] [id=4884]
  0x0000000007c42000 WatcherThread [stack: 0x00000000083c0000,0x00000000084c0000] [id=7000]

VM state:not at safepoint (normal execution)

VM Mutex/Monitor currently owned by a thread: None

Heap:
 PSYoungGen      total 35328K, used 2556K [0x00000000eb380000, 0x00000000f0f80000, 0x0000000100000000)
  eden space 32768K, 7% used [0x00000000eb380000,0x00000000eb5ff298,0x00000000ed380000)
  from space 2560K, 0% used [0x00000000ed380000,0x00000000ed380000,0x00000000ed600000)
  to   space 14336K, 0% used [0x00000000f0180000,0x00000000f0180000,0x00000000f0f80000)
 ParOldGen       total 62464K, used 23756K [0x00000000c1a00000, 0x00000000c5700000, 0x00000000eb380000)
  object space 62464K, 38% used [0x00000000c1a00000,0x00000000c3133050,0x00000000c5700000)
 Metaspace       used 19837K, capacity 21398K, committed 21552K, reserved 1067008K
  class space    used 2968K, capacity 3245K, committed 3328K, reserved 1048576K

Card table byte_map: [0x0000000002c60000,0x0000000002e60000] byte_map_base: 0x0000000002653000

Marking Bits: (ParMarkBitMap*) 0x0000000063140600
 Begin Bits: [0x0000000003570000, 0x0000000004508000)
 End Bits:   [0x0000000004508000, 0x00000000054a0000)

Polling page: 0x0000000000230000

CodeCache: size=245760Kb used=8755Kb max_used=8755Kb free=237004Kb
 bounds [0x000000000f010000, 0x000000000f8b0000, 0x000000001e010000]
 total_blobs=3425 nmethods=2737 adapters=601
 compilation: enabled

Compilation events (10 events):
Event: 5.512 Thread 0x0000000007b81000 nmethod 2732 0x000000000f88a8d0 code [0x000000000f88ab00, 0x000000000f88bb28]
Event: 5.512 Thread 0x0000000007b81000 2733       1       com.sun.prism.d3d.D3DContext::getContextHandle (5 bytes)
Event: 5.512 Thread 0x0000000007b81000 nmethod 2733 0x000000000f88c150 code [0x000000000f88c2a0, 0x000000000f88c3b0]
Event: 5.516 Thread 0x0000000007b81000 2735       3       com.sun.prism.impl.packrect.Level::add (98 bytes)
Event: 5.516 Thread 0x0000000007b81000 nmethod 2735 0x000000000f88c790 code [0x000000000f88c900, 0x000000000f88cb70]
Event: 5.516 Thread 0x0000000007b81000 2736       3       com.sun.javafx.font.directwrite.DWGlyph::checkMetrics (136 bytes)
Event: 5.517 Thread 0x0000000007b81000 nmethod 2736 0x000000000f88cc50 code [0x000000000f88ce40, 0x000000000f88da38]
Event: 5.517 Thread 0x0000000007b81000 2737       1       java.nio.Buffer::remaining (10 bytes)
Event: 5.517 Thread 0x0000000007b81000 nmethod 2737 0x000000000f88e310 code [0x000000000f88e460, 0x000000000f88e570]
Event: 5.517 Thread 0x0000000007b81000 2738       3       com.sun.prism.d3d.D3DTexture::update (425 bytes)

GC Heap History (10 events):
Event: 1.586 GC heap before
{Heap before GC invocations=2 (full 0):
 PSYoungGen      total 18944K, used 18930K [0x00000000eb380000, 0x00000000ec880000, 0x0000000100000000)
  eden space 16384K, 100% used [0x00000000eb380000,0x00000000ec380000,0x00000000ec380000)
  from space 2560K, 99% used [0x00000000ec380000,0x00000000ec5fc8d0,0x00000000ec600000)
  to   space 2560K, 0% used [0x00000000ec600000,0x00000000ec600000,0x00000000ec880000)
 ParOldGen       total 44032K, used 72K [0x00000000c1a00000, 0x00000000c4500000, 0x00000000eb380000)
  object space 44032K, 0% used [0x00000000c1a00000,0x00000000c1a12000,0x00000000c4500000)
 Metaspace       used 15501K, capacity 16528K, committed 16640K, reserved 1062912K
  class space    used 2323K, capacity 2559K, committed 2560K, reserved 1048576K
Event: 1.607 GC heap after
Heap after GC invocations=2 (full 0):
 PSYoungGen      total 18944K, used 2530K [0x00000000eb380000, 0x00000000ed880000, 0x0000000100000000)
  eden space 16384K, 0% used [0x00000000eb380000,0x00000000eb380000,0x00000000ec380000)
  from space 2560K, 98% used [0x00000000ec600000,0x00000000ec8788c0,0x00000000ec880000)
  to   space 2560K, 0% used [0x00000000ec380000,0x00000000ec380000,0x00000000ec600000)
 ParOldGen       total 44032K, used 2536K [0x00000000c1a00000, 0x00000000c4500000, 0x00000000eb380000)
  object space 44032K, 5% used [0x00000000c1a00000,0x00000000c1c7a050,0x00000000c4500000)
 Metaspace       used 15501K, capacity 16528K, committed 16640K, reserved 1062912K
  class space    used 2323K, capacity 2559K, committed 2560K, reserved 1048576K
}
Event: 1.934 GC heap before
{Heap before GC invocations=3 (full 0):
 PSYoungGen      total 18944K, used 14435K [0x00000000eb380000, 0x00000000ed880000, 0x0000000100000000)
  eden space 16384K, 72% used [0x00000000eb380000,0x00000000ebf20428,0x00000000ec380000)
  from space 2560K, 98% used [0x00000000ec600000,0x00000000ec8788c0,0x00000000ec880000)
  to   space 2560K, 0% used [0x00000000ec380000,0x00000000ec380000,0x00000000ec600000)
 ParOldGen       total 44032K, used 2536K [0x00000000c1a00000, 0x00000000c4500000, 0x00000000eb380000)
  object space 44032K, 5% used [0x00000000c1a00000,0x00000000c1c7a050,0x00000000c4500000)
 Metaspace       used 16976K, capacity 18248K, committed 18304K, reserved 1064960K
  class space    used 2646K, capacity 2907K, committed 2944K, reserved 1048576K
Event: 1.942 GC heap after
Heap after GC invocations=3 (full 0):
 PSYoungGen      total 18944K, used 2530K [0x00000000eb380000, 0x00000000ed880000, 0x0000000100000000)
  eden space 16384K, 0% used [0x00000000eb380000,0x00000000eb380000,0x00000000ec380000)
  from space 2560K, 98% used [0x00000000ec380000,0x00000000ec5f88c0,0x00000000ec600000)
  to   space 2560K, 0% used [0x00000000ed600000,0x00000000ed600000,0x00000000ed880000)
 ParOldGen       total 44032K, used 9166K [0x00000000c1a00000, 0x00000000c4500000, 0x00000000eb380000)
  object space 44032K, 20% used [0x00000000c1a00000,0x00000000c22f3be8,0x00000000c4500000)
 Metaspace       used 16976K, capacity 18248K, committed 18304K, reserved 1064960K
  class space    used 2646K, capacity 2907K, committed 2944K, reserved 1048576K
}
Event: 3.814 GC heap before
{Heap before GC invocations=4 (full 0):
 PSYoungGen      total 18944K, used 18914K [0x00000000eb380000, 0x00000000ed880000, 0x0000000100000000)
  eden space 16384K, 100% used [0x00000000eb380000,0x00000000ec380000,0x00000000ec380000)
  from space 2560K, 98% used [0x00000000ec380000,0x00000000ec5f88c0,0x00000000ec600000)
  to   space 2560K, 0% used [0x00000000ed600000,0x00000000ed600000,0x00000000ed880000)
 ParOldGen       total 44032K, used 9166K [0x00000000c1a00000, 0x00000000c4500000, 0x00000000eb380000)
  object space 44032K, 20% used [0x00000000c1a00000,0x00000000c22f3be8,0x00000000c4500000)
 Metaspace       used 19020K, capacity 20414K, committed 20608K, reserved 1067008K
  class space    used 2888K, capacity 3178K, committed 3200K, reserved 1048576K
Event: 3.824 GC heap after
Heap after GC invocations=4 (full 0):
 PSYoungGen      total 35328K, used 2546K [0x00000000eb380000, 0x00000000ed880000, 0x0000000100000000)
  eden space 32768K, 0% used [0x00000000eb380000,0x00000000eb380000,0x00000000ed380000)
  from space 2560K, 99% used [0x00000000ed600000,0x00000000ed87c8d0,0x00000000ed880000)
  to   space 2560K, 0% used [0x00000000ed380000,0x00000000ed380000,0x00000000ed600000)
 ParOldGen       total 44032K, used 19508K [0x00000000c1a00000, 0x00000000c4500000, 0x00000000eb380000)
  object space 44032K, 44% used [0x00000000c1a00000,0x00000000c2d0d338,0x00000000c4500000)
 Metaspace       used 19020K, capacity 20414K, committed 20608K, reserved 1067008K
  class space    used 2888K, capacity 3178K, committed 3200K, reserved 1048576K
}
Event: 5.232 GC heap before
{Heap before GC invocations=5 (full 0):
 PSYoungGen      total 35328K, used 15510K [0x00000000eb380000, 0x00000000ed880000, 0x0000000100000000)
  eden space 32768K, 39% used [0x00000000eb380000,0x00000000ec029028,0x00000000ed380000)
  from space 2560K, 99% used [0x00000000ed600000,0x00000000ed87c8d0,0x00000000ed880000)
  to   space 2560K, 0% used [0x00000000ed380000,0x00000000ed380000,0x00000000ed600000)
 ParOldGen       total 44032K, used 19508K [0x00000000c1a00000, 0x00000000c4500000, 0x00000000eb380000)
  object space 44032K, 44% used [0x00000000c1a00000,0x00000000c2d0d338,0x00000000c4500000)
 Metaspace       used 19700K, capacity 21206K, committed 21296K, reserved 1067008K
  class space    used 2963K, capacity 3245K, committed 3328K, reserved 1048576K
Event: 5.261 GC heap after
Heap after GC invocations=5 (full 0):
 PSYoungGen      total 35328K, used 2546K [0x00000000eb380000, 0x00000000f0f80000, 0x0000000100000000)
  eden space 32768K, 0% used [0x00000000eb380000,0x00000000eb380000,0x00000000ed380000)
  from space 2560K, 99% used [0x00000000ed380000,0x00000000ed5fc8d0,0x00000000ed600000)
  to   space 14336K, 0% used [0x00000000f0180000,0x00000000f0180000,0x00000000f0f80000)
 ParOldGen       total 44032K, used 21791K [0x00000000c1a00000, 0x00000000c4500000, 0x00000000eb380000)
  object space 44032K, 49% used [0x00000000c1a00000,0x00000000c2f47fb8,0x00000000c4500000)
 Metaspace       used 19700K, capacity 21206K, committed 21296K, reserved 1067008K
  class space    used 2963K, capacity 3245K, committed 3328K, reserved 1048576K
}
Event: 5.261 GC heap before
{Heap before GC invocations=6 (full 1):
 PSYoungGen      total 35328K, used 2546K [0x00000000eb380000, 0x00000000f0f80000, 0x0000000100000000)
  eden space 32768K, 0% used [0x00000000eb380000,0x00000000eb380000,0x00000000ed380000)
  from space 2560K, 99% used [0x00000000ed380000,0x00000000ed5fc8d0,0x00000000ed600000)
  to   space 14336K, 0% used [0x00000000f0180000,0x00000000f0180000,0x00000000f0f80000)
 ParOldGen       total 44032K, used 21791K [0x00000000c1a00000, 0x00000000c4500000, 0x00000000eb380000)
  object space 44032K, 49% used [0x00000000c1a00000,0x00000000c2f47fb8,0x00000000c4500000)
 Metaspace       used 19700K, capacity 21206K, committed 21296K, reserved 1067008K
  class space    used 2963K, capacity 3245K, committed 3328K, reserved 1048576K
Event: 5.410 GC heap after
Heap after GC invocations=6 (full 1):
 PSYoungGen      total 35328K, used 0K [0x00000000eb380000, 0x00000000f0f80000, 0x0000000100000000)
  eden space 32768K, 0% used [0x00000000eb380000,0x00000000eb380000,0x00000000ed380000)
  from space 2560K, 0% used [0x00000000ed380000,0x00000000ed380000,0x00000000ed600000)
  to   space 14336K, 0% used [0x00000000f0180000,0x00000000f0180000,0x00000000f0f80000)
 ParOldGen       total 62464K, used 23756K [0x00000000c1a00000, 0x00000000c5700000, 0x00000000eb380000)
  object space 62464K, 38% used [0x00000000c1a00000,0x00000000c3133050,0x00000000c5700000)
 Metaspace       used 19700K, capacity 21206K, committed 21296K, reserved 1067008K
  class space    used 2963K, capacity 3245K, committed 3328K, reserved 1048576K
}

Deoptimization events (10 events):
Event: 3.832 Thread 0x0000000008517800 Uncommon trap: reason=bimorphic action=maybe_recompile pc=0x000000000f5e4658 method=javafx.beans.property.BooleanPropertyBase.get()Z @ 23
Event: 3.832 Thread 0x0000000008517800 Uncommon trap: reason=bimorphic action=maybe_recompile pc=0x000000000f5e4658 method=javafx.beans.property.BooleanPropertyBase.get()Z @ 23
Event: 3.832 Thread 0x0000000008517800 Uncommon trap: reason=bimorphic action=maybe_recompile pc=0x000000000f5e4658 method=javafx.beans.property.BooleanPropertyBase.get()Z @ 23
Event: 4.091 Thread 0x0000000007f5f000 Uncommon trap: reason=class_check action=maybe_recompile pc=0x000000000f6470f4 method=java.util.WeakHashMap.eq(Ljava/lang/Object;Ljava/lang/Object;)Z @ 7
Event: 4.092 Thread 0x0000000007f5f000 Uncommon trap: reason=class_check action=maybe_recompile pc=0x000000000f6470f4 method=java.util.WeakHashMap.eq(Ljava/lang/Object;Ljava/lang/Object;)Z @ 7
Event: 4.903 Thread 0x0000000008517800 Uncommon trap: reason=class_check action=maybe_recompile pc=0x000000000f7c51b0 method=com.sun.javafx.css.ParsedValueImpl.hashCode()I @ 226
Event: 4.903 Thread 0x0000000008517800 Uncommon trap: reason=class_check action=maybe_recompile pc=0x000000000f7c51b0 method=com.sun.javafx.css.ParsedValueImpl.hashCode()I @ 226
Event: 4.912 Thread 0x0000000007f5f000 Uncommon trap: reason=class_check action=maybe_recompile pc=0x000000000f6470f4 method=java.util.WeakHashMap.eq(Ljava/lang/Object;Ljava/lang/Object;)Z @ 7
Event: 5.132 Thread 0x0000000008517800 Uncommon trap: reason=unstable_if action=reinterpret pc=0x000000000f718324 method=javafx.scene.Parent.impl_getAllParentStylesheets()Ljava/util/List; @ 32
Event: 5.135 Thread 0x0000000008517800 Uncommon trap: reason=unstable_if action=reinterpret pc=0x000000000f388b64 method=sun.security.provider.DigestBase.engineUpdate(B)V @ 4

Internal exceptions (10 events):
Event: 0.191 Thread 0x000000000045d800 Exception <a 'java/lang/NullPointerException'> (0x00000000eb5e0368) thrown at [D:\re\workspace\8-2-build-windows-amd64-cygwin\jdk8u77\6540\hotspot\src\share\vm\interpreter\linkResolver.cpp, line 1178]
Event: 0.563 Thread 0x0000000008517800 Exception <a 'java/lang/NullPointerException'> (0x00000000ebd5a848) thrown at [D:\re\workspace\8-2-build-windows-amd64-cygwin\jdk8u77\6540\hotspot\src\share\vm\interpreter\linkResolver.cpp, line 1178]
Event: 0.563 Thread 0x0000000008517800 Exception <a 'java/lang/NullPointerException'> (0x00000000ebd5a848) thrown at [D:\re\workspace\8-2-build-windows-amd64-cygwin\jdk8u77\6540\hotspot\src\share\vm\prims\jvm.cpp, line 1390]
Event: 0.987 Thread 0x0000000008517800 Implicit null exception at 0x000000000f256e65 to 0x000000000f257031
Event: 1.022 Thread 0x0000000008517800 Implicit null exception at 0x000000000f2eac2b to 0x000000000f2eaf99
Event: 1.153 Thread 0x0000000008517800 Exception <a 'java/io/FileNotFoundException'> (0x00000000eba8d688) thrown at [D:\re\workspace\8-2-build-windows-amd64-cygwin\jdk8u77\6540\hotspot\src\share\vm\prims\jni.cpp, line 709]
Event: 1.217 Thread 0x0000000008517800 Exception <a 'java/io/FileNotFoundException'> (0x00000000ebc272c8) thrown at [D:\re\workspace\8-2-build-windows-amd64-cygwin\jdk8u77\6540\hotspot\src\share\vm\prims\jni.cpp, line 709]
Event: 2.039 Thread 0x0000000008517800 Implicit null exception at 0x000000000f31a80a to 0x000000000f31b85d
Event: 5.132 Thread 0x0000000008517800 Exception <a 'java/io/FileNotFoundException'> (0x00000000ebba6350) thrown at [D:\re\workspace\8-2-build-windows-amd64-cygwin\jdk8u77\6540\hotspot\src\share\vm\prims\jni.cpp, line 709]
Event: 5.135 Thread 0x0000000008517800 Implicit null exception at 0x000000000f388541 to 0x000000000f388b49

Events (10 events):
Event: 5.412 Executing VM operation: RevokeBias
Event: 5.412 Executing VM operation: RevokeBias done
Event: 5.442 loading class com/sun/javafx/font/PrismFontUtils
Event: 5.442 loading class com/sun/javafx/font/PrismFontUtils done
Event: 5.442 loading class com/sun/javafx/tk/FontMetrics
Event: 5.442 loading class com/sun/javafx/tk/FontMetrics done
Event: 5.464 loading class com/sun/javafx/sg/prism/CacheFilter
Event: 5.464 loading class com/sun/javafx/sg/prism/CacheFilter done
Event: 5.466 loading class com/sun/javafx/sg/prism/CacheFilter$ScrollCacheState
Event: 5.466 loading class com/sun/javafx/sg/prism/CacheFilter$ScrollCacheState done


Dynamic libraries:
0x000000013fc10000 - 0x000000013fc47000 	C:\Program Files\Java\jdk1.8.0_77\bin\java.exe
0x00000000775e0000 - 0x000000007778b000 	C:\Windows\SYSTEM32\ntdll.dll
0x00000000773c0000 - 0x00000000774df000 	C:\Windows\system32\kernel32.dll
0x000007fefd760000 - 0x000007fefd7cb000 	C:\Windows\system32\KERNELBASE.dll
0x000007fefe1e0000 - 0x000007fefe2bb000 	C:\Windows\system32\ADVAPI32.dll
0x000007feff4e0000 - 0x000007feff57f000 	C:\Windows\system32\msvcrt.dll
0x000007feff8d0000 - 0x000007feff8ef000 	C:\Windows\SYSTEM32\sechost.dll
0x000007fefd910000 - 0x000007fefda3e000 	C:\Windows\system32\RPCRT4.dll
0x00000000774e0000 - 0x00000000775da000 	C:\Windows\system32\USER32.dll
0x000007fefe110000 - 0x000007fefe177000 	C:\Windows\system32\GDI32.dll
0x000007fefe2c0000 - 0x000007fefe2ce000 	C:\Windows\system32\LPK.dll
0x000007fefdd30000 - 0x000007fefddfa000 	C:\Windows\system32\USP10.dll
0x000007fefbd00000 - 0x000007fefbef4000 	C:\Windows\WinSxS\amd64_microsoft.windows.common-controls_6595b64144ccf1df_6.0.7600.16385_none_fa645303170382f6\COMCTL32.dll
0x000007fefe450000 - 0x000007fefe4c1000 	C:\Windows\system32\SHLWAPI.dll
0x000007fefe0e0000 - 0x000007fefe10e000 	C:\Windows\system32\IMM32.DLL
0x000007fefe2f0000 - 0x000007fefe3f9000 	C:\Windows\system32\MSCTF.dll
0x000007fefd500000 - 0x000007fefd531000 	C:\Windows\system32\nvinitx.dll
0x000000000f000000 - 0x000000000f006000 	C:\Program Files\NVIDIA Corporation\CoProcManager\_etoured.dll
0x000007fefac10000 - 0x000007fefac6f000 	C:\Program Files\NVIDIA Corporation\CoProcManager\nvd3d9wrapx.dll
0x000007fefe4d0000 - 0x000007fefe6a7000 	C:\Windows\system32\SETUPAPI.dll
0x000007fefd7d0000 - 0x000007fefd806000 	C:\Windows\system32\CFGMGR32.dll
0x000007fefda40000 - 0x000007fefdb17000 	C:\Windows\system32\OLEAUT32.dll
0x000007fefdb20000 - 0x000007fefdd21000 	C:\Windows\system32\ole32.dll
0x000007fefd8b0000 - 0x000007fefd8ca000 	C:\Windows\system32\DEVOBJ.dll
0x000007fefa850000 - 0x000007fefa896000 	C:\Program Files\NVIDIA Corporation\CoProcManager\nvdxgiwrapx.dll
0x0000000068ce0000 - 0x0000000068db2000 	C:\Program Files\Java\jdk1.8.0_77\jre\bin\msvcr100.dll
0x0000000062930000 - 0x00000000631c0000 	C:\Program Files\Java\jdk1.8.0_77\jre\bin\server\jvm.dll
0x000007feee470000 - 0x000007feee479000 	C:\Windows\system32\WSOCK32.dll
0x000007fefe180000 - 0x000007fefe1cd000 	C:\Windows\system32\WS2_32.dll
0x000007fefe1d0000 - 0x000007fefe1d8000 	C:\Windows\system32\NSI.dll
0x000007fefabd0000 - 0x000007fefac0b000 	C:\Windows\system32\WINMM.dll
0x000007fefc7e0000 - 0x000007fefc7ec000 	C:\Windows\system32\VERSION.dll
0x00000000777a0000 - 0x00000000777a7000 	C:\Windows\system32\PSAPI.DLL
0x0000000073ea0000 - 0x0000000073eaf000 	C:\Program Files\Java\jdk1.8.0_77\jre\bin\verify.dll
0x000000006b4f0000 - 0x000000006b519000 	C:\Program Files\Java\jdk1.8.0_77\jre\bin\java.dll
0x000000006ba70000 - 0x000000006ba86000 	C:\Program Files\Java\jdk1.8.0_77\jre\bin\zip.dll
0x000007fefe750000 - 0x000007feff4d6000 	C:\Windows\system32\SHELL32.dll
0x000007fefd540000 - 0x000007fefd54f000 	C:\Windows\system32\profapi.dll
0x000007fee98b0000 - 0x000007fee999f000 	C:\Program Files\Java\jdk1.8.0_77\jre\bin\msvcr120.dll
0x000007fee9b40000 - 0x000007fee9be6000 	C:\Program Files\Java\jdk1.8.0_77\jre\bin\msvcp120.dll
0x000000006b4a0000 - 0x000000006b4c3000 	C:\Program Files\Java\jdk1.8.0_77\jre\bin\prism_d3d.dll
0x000007fee7e30000 - 0x000007fee802f000 	C:\Windows\system32\d3d9.dll
0x000007fef3930000 - 0x000007fef3937000 	C:\Windows\system32\d3d8thk.dll
0x000007fefb7a0000 - 0x000007fefb7b8000 	C:\Windows\system32\dwmapi.dll
0x000007fefbc50000 - 0x000007fefbca6000 	C:\Windows\system32\uxtheme.dll
0x000007fefa3b0000 - 0x000007fefa51d000 	C:\Windows\system32\nvumdshimx.dll
0x000007fee3c50000 - 0x000007fee5531000 	C:\Windows\system32\igdumdim64.dll
0x000007fef7fd0000 - 0x000007fef8430000 	C:\Windows\system32\igdusc64.dll
0x000000006aca0000 - 0x000000006ace3000 	C:\Program Files\Java\jdk1.8.0_77\jre\bin\glass.dll
0x000007feff6b0000 - 0x000007feff748000 	C:\Windows\system32\COMDLG32.dll
0x000007fefd430000 - 0x000007fefd43f000 	C:\Windows\system32\CRYPTBASE.dll
0x0000000070050000 - 0x0000000070064000 	C:\Program Files\Java\jdk1.8.0_77\jre\bin\javafx_font.dll
0x000007fee8270000 - 0x000007fee83eb000 	C:\Windows\system32\dwrite.dll
0x000007fefe6b0000 - 0x000007fefe749000 	C:\Windows\system32\CLBCatQ.DLL
0x000007fefb4f0000 - 0x000007fefb61a000 	C:\Windows\system32\WindowsCodecs.dll
0x000007fefd3d0000 - 0x000007fefd427000 	C:\Windows\system32\apphelp.dll
0x000007fef8430000 - 0x000007fef8470000 	C:\Program Files (x86)\Dropbox\Client\DropboxExt64.34.dll
0x0000000072fd0000 - 0x0000000073086000 	C:\Program Files\AVAST Software\Avast\ashShA64.dll
0x000007fef7c50000 - 0x000007fef7f66000 	C:\Windows\system32\msi.dll
0x000007fef7c10000 - 0x000007fef7c45000 	C:\Windows\system32\EhStorShell.dll
0x000007fefbf00000 - 0x000007fefc02c000 	C:\Windows\system32\PROPSYS.dll
0x000007fef7590000 - 0x000007fef7c02000 	C:\PROGRA~1\MICROS~2\Office14\GROOVEEX.DLL
0x0000000072f30000 - 0x0000000072fcd000 	C:\Windows\WinSxS\amd64_microsoft.vc90.crt_1fc8b3b9a1e18e3b_9.0.30729.4926_none_08e1a05ba83fe554\MSVCR90.dll
0x0000000072e50000 - 0x0000000072f23000 	C:\Windows\WinSxS\amd64_microsoft.vc90.crt_1fc8b3b9a1e18e3b_9.0.30729.4926_none_08e1a05ba83fe554\MSVCP90.dll
0x0000000072e20000 - 0x0000000072e4f000 	C:\Windows\WinSxS\amd64_microsoft.vc90.atl_1fc8b3b9a1e18e3b_9.0.30729.4148_none_0a1d2fcba76b3f00\ATL90.DLL
0x000007fef7180000 - 0x000007fef758f000 	C:\PROGRA~1\COMMON~1\MICROS~1\OFFICE14\Cultures\office.odf
0x000007fef6910000 - 0x000007fef7174000 	C:\PROGRA~1\MICROS~2\Office14\1033\GrooveIntlResource.dll
0x000007feefc10000 - 0x000007feefc19000 	C:\Program Files (x86)\Internet Download Manager\IDMShellExt64.dll
0x000007fef40e0000 - 0x000007fef4160000 	C:\Windows\system32\ntshrui.dll
0x000007fefd150000 - 0x000007fefd173000 	C:\Windows\system32\srvcli.dll
0x000007fef40d0000 - 0x000007fef40df000 	C:\Windows\system32\cscapi.dll
0x000007fefb6b0000 - 0x000007fefb6bb000 	C:\Windows\system32\slc.dll
0x000007fef3900000 - 0x000007fef392d000 	C:\Program Files\Common Files\Microsoft Shared\Ink\rtscom.dll
0x000000006b480000 - 0x000000006b491000 	C:\Program Files\Java\jdk1.8.0_77\jre\bin\prism_common.dll
0x000007feeb510000 - 0x000007feeb635000 	C:\Windows\system32\dbghelp.dll

VM Arguments:
jvm_args: -Dfile.encoding=UTF-8 
java_command: MainTompeloka.Main
java_class_path (initial): C:\Users\U53R\Documents\NetBeansProjects\KhususTugas - Copy\build\classes
Launcher Type: SUN_STANDARD

Environment Variables:
PATH=C:\ProgramData\Oracle\Java\javapath;C:\Windows\system32;C:\Windows;C:\Windows\System32\Wbem;C:\Windows\System32\WindowsPowerShell\v1.0\;C:\Program Files (x86)\Java\jre7\bin
USERNAME=U53R
OS=Windows_NT
PROCESSOR_IDENTIFIER=Intel64 Family 6 Model 69 Stepping 1, GenuineIntel



---------------  S Y S T E M  ---------------

OS: Windows 7 , 64 bit Build 7600 (6.1.7600.16385)

CPU:total 4 (2 cores per cpu, 2 threads per core) family 6 model 69 stepping 1, cmov, cx8, fxsr, mmx, sse, sse2, sse3, ssse3, sse4.1, sse4.2, popcnt, aes, clmul, erms, lzcnt, ht, tsc, tscinvbit, bmi1, bmi2

Memory: 4k page, physical 4080780k(1245684k free), swap 8159664k(3333096k free)

vm_info: Java HotSpot(TM) 64-Bit Server VM (25.77-b03) for windows-amd64 JRE (1.8.0_77-b03), built on Mar 20 2016 22:01:33 by "java_re" with MS VC++ 10.0 (VS2010)

time: Thu Jun 16 21:15:51 2016
elapsed time: 5 seconds (0d 0h 0m 5s)

