#
# A fatal error has been detected by the Java Runtime Environment:
#
#  EXCEPTION_ILLEGAL_INSTRUCTION (0xc000001d) at pc=0x000007fee79f5c01, pid=6756, tid=3876
#
# JRE version: Java(TM) SE Runtime Environment (8.0_77-b03) (build 1.8.0_77-b03)
# Java VM: Java HotSpot(TM) 64-Bit Server VM (25.77-b03 mixed mode windows-amd64 compressed oops)
# Problematic frame:
# C  [msvcr120.dll+0x95c01]
#
# Failed to write core dump. Minidumps are not enabled by default on client versions of Windows
#
# If you would like to submit a bug report, please visit:
#   http://bugreport.java.com/bugreport/crash.jsp
# The crash happened outside the Java Virtual Machine in native code.
# See problematic frame for where to report the bug.
#

---------------  T H R E A D  ---------------

Current thread (0x0000000007a80000):  JavaThread "QuantumRenderer-0" daemon [_thread_in_native, id=3876, stack(0x00000000089e0000,0x0000000008ae0000)]

siginfo: ExceptionCode=0xc000001d

Registers:
RAX=0x3fa0000000000000, RBX=0x0000000000000004, RCX=0x3fa0e05e721abad0, RDX=0x7ff0000000000000
RSP=0x0000000008adafa0, RBP=0x0000000008adb7d0, RSI=0x0000000008adb7d0, RDI=0x0000000000000004
R8 =0x8000000000000000, R9 =0x00000000740ad1f0, R10=0x000000000000000c, R11=0x0000000000000004
R12=0x00000000740ad1f0, R13=0x00000000740ad050, R14=0x00000000eb6c50ec, R15=0x0000000000000004
RIP=0x000007fee79f5c01, EFLAGS=0x0000000000010202

Top of Stack: (sp=0x0000000008adafa0)
0x0000000008adafa0:   0000000007a80000 0000000000350230
0x0000000008adafb0:   0000000000350230 000000005f1e0080
0x0000000008adafc0:   000000000a454c12 0000000000000010
0x0000000008adafd0:   0000000000000000 0000000000350158
0x0000000008adafe0:   00000000776f7288 0000000000350230
0x0000000008adaff0:   0000000000000060 0000000001ff0000
0x0000000008adb000:   0000000000000001 000000000a3d0000
0x0000000008adb010:   0000000008adb201 0000000000350230
0x0000000008adb020:   3fc73d280bfc767b 0000000000000000
0x0000000008adb030:   bee05c8a4573aff8 0000000000000000
0x0000000008adb040:   000000000043afc0 0000000000350230
0x0000000008adb050:   000000b70f000100 0000000000000004
0x0000000008adb060:   00000000740ac3f0 00000000740a3318
0x0000000008adb070:   3fa0e05e721abad0 3fa0e05e721abad0
0x0000000008adb080:   3fc73d280bfc767b 000000000a4415a0
0x0000000008adb090:   0000000000000000 000000000000002d 

Instructions: (pc=0x000007fee79f5c01)
0x000007fee79f5be1:   0f 10 d0 f2 0f 10 44 24 10 f2 0f 10 4c 24 20 44
0x000007fee79f5bf1:   8b 0d 15 26 02 00 e8 34 c7 00 00 e9 72 f8 ff ff
0x000007fee79f5c01:   c5 fb 11 44 24 10 c5 fb 11 4c 24 20 48 8b 54 24
0x000007fee79f5c11:   10 4c 8b 44 24 20 4c 8b 15 4a 26 02 00 4d 23 d0 


Register to memory mapping:

RAX=0x3fa0000000000000 is an unknown value
RBX=0x0000000000000004 is an unknown value
RCX=0x3fa0e05e721abad0 is an unknown value
RDX=0x7ff0000000000000 is an unknown value
RSP=0x0000000008adafa0 is pointing into the stack for thread: 0x0000000007a80000
RBP=0x0000000008adb7d0 is pointing into the stack for thread: 0x0000000007a80000
RSI=0x0000000008adb7d0 is pointing into the stack for thread: 0x0000000007a80000
RDI=0x0000000000000004 is an unknown value
R8 =0x8000000000000000 is an unknown value
R9 =0x00000000740ad1f0 is an unknown value
R10=0x000000000000000c is an unknown value
R11=0x0000000000000004 is an unknown value
R12=0x00000000740ad1f0 is an unknown value
R13=0x00000000740ad050 is an unknown value
R14=0x00000000eb6c50ec is an unknown value
R15=0x0000000000000004 is an unknown value


Stack: [0x00000000089e0000,0x0000000008ae0000],  sp=0x0000000008adafa0,  free space=1003k
Native frames: (J=compiled Java code, j=interpreted, Vv=VM code, C=native code)
C  [msvcr120.dll+0x95c01]
C  [prism_common.dll+0x3318]
C  [prism_common.dll+0x1abc]
C  [prism_common.dll+0x1128]
C  [prism_common.dll+0x8b7e]
C  [prism_common.dll+0x669e]
C  [prism_common.dll+0x49af]
C  [prism_common.dll+0x4649]
C  0x000000000f025854

Java frames: (J=compiled Java code, j=interpreted, Vv=VM code)
j  com.sun.prism.impl.shape.NativePiscesRasterizer.produceStrokeAlphas([F[BIFIIF[FFDDDDDD[I[B)V+0
j  com.sun.prism.impl.shape.NativePiscesRasterizer.getMaskData(Lcom/sun/javafx/geom/Shape;Lcom/sun/prism/BasicStroke;Lcom/sun/javafx/geom/RectBounds;Lcom/sun/javafx/geom/transform/BaseTransform;ZZ)Lcom/sun/prism/impl/shape/MaskData;+487
j  com.sun.prism.impl.shape.ShapeUtil.rasterizeShape(Lcom/sun/javafx/geom/Shape;Lcom/sun/prism/BasicStroke;Lcom/sun/javafx/geom/RectBounds;Lcom/sun/javafx/geom/transform/BaseTransform;ZZ)Lcom/sun/prism/impl/shape/MaskData;+11
j  com.sun.prism.impl.ps.BaseShaderGraphics.renderShape(Lcom/sun/javafx/geom/Shape;Lcom/sun/prism/BasicStroke;FFFF)V+40
j  com.sun.prism.impl.BaseGraphics.draw(Lcom/sun/javafx/geom/Shape;)V+136
j  com.sun.javafx.sg.prism.NGRegion.renderBorderRectangle(Lcom/sun/prism/Graphics;)V+1320
J 2486 C1 com.sun.javafx.sg.prism.NGRegion.renderContent(Lcom/sun/prism/Graphics;)V (115 bytes) @ 0x000000000f78c934 [0x000000000f78bd40+0xbf4]
J 2357 C1 com.sun.javafx.sg.prism.NGNode.doRender(Lcom/sun/prism/Graphics;)V (473 bytes) @ 0x000000000f72454c [0x000000000f722780+0x1dcc]
J 1978 C1 com.sun.javafx.sg.prism.NGNode.render(Lcom/sun/prism/Graphics;)V (38 bytes) @ 0x000000000f615c34 [0x000000000f6159c0+0x274]
J 2052 C1 com.sun.javafx.sg.prism.NGGroup.renderContent(Lcom/sun/prism/Graphics;)V (436 bytes) @ 0x000000000f63940c [0x000000000f638080+0x138c]
J 2486 C1 com.sun.javafx.sg.prism.NGRegion.renderContent(Lcom/sun/prism/Graphics;)V (115 bytes) @ 0x000000000f78d19c [0x000000000f78bd40+0x145c]
J 2357 C1 com.sun.javafx.sg.prism.NGNode.doRender(Lcom/sun/prism/Graphics;)V (473 bytes) @ 0x000000000f72454c [0x000000000f722780+0x1dcc]
J 1978 C1 com.sun.javafx.sg.prism.NGNode.render(Lcom/sun/prism/Graphics;)V (38 bytes) @ 0x000000000f615c34 [0x000000000f6159c0+0x274]
J 2052 C1 com.sun.javafx.sg.prism.NGGroup.renderContent(Lcom/sun/prism/Graphics;)V (436 bytes) @ 0x000000000f63940c [0x000000000f638080+0x138c]
J 2486 C1 com.sun.javafx.sg.prism.NGRegion.renderContent(Lcom/sun/prism/Graphics;)V (115 bytes) @ 0x000000000f78d19c [0x000000000f78bd40+0x145c]
J 2357 C1 com.sun.javafx.sg.prism.NGNode.doRender(Lcom/sun/prism/Graphics;)V (473 bytes) @ 0x000000000f72454c [0x000000000f722780+0x1dcc]
J 1978 C1 com.sun.javafx.sg.prism.NGNode.render(Lcom/sun/prism/Graphics;)V (38 bytes) @ 0x000000000f615c34 [0x000000000f6159c0+0x274]
J 2052 C1 com.sun.javafx.sg.prism.NGGroup.renderContent(Lcom/sun/prism/Graphics;)V (436 bytes) @ 0x000000000f63940c [0x000000000f638080+0x138c]
J 2486 C1 com.sun.javafx.sg.prism.NGRegion.renderContent(Lcom/sun/prism/Graphics;)V (115 bytes) @ 0x000000000f78d19c [0x000000000f78bd40+0x145c]
j  com.sun.javafx.sg.prism.NGNode.renderForClip(Lcom/sun/prism/Graphics;)V+17
j  com.sun.javafx.sg.prism.NGNode.renderRectClip(Lcom/sun/prism/Graphics;Lcom/sun/javafx/sg/prism/NGRectangle;)V+106
j  com.sun.javafx.sg.prism.NGNode.renderClip(Lcom/sun/prism/Graphics;)V+83
j  com.sun.javafx.sg.prism.CacheFilter.impl_renderNodeToCache(Lcom/sun/scenario/effect/ImageData;Lcom/sun/javafx/geom/Rectangle;Lcom/sun/javafx/geom/transform/BaseTransform;Lcom/sun/javafx/geom/Rectangle;)V+150
j  com.sun.javafx.sg.prism.CacheFilter.render(Lcom/sun/prism/Graphics;)V+344
j  com.sun.javafx.sg.prism.NGNode.renderCached(Lcom/sun/prism/Graphics;)V+31
J 2357 C1 com.sun.javafx.sg.prism.NGNode.doRender(Lcom/sun/prism/Graphics;)V (473 bytes) @ 0x000000000f723f9c [0x000000000f722780+0x181c]
J 1978 C1 com.sun.javafx.sg.prism.NGNode.render(Lcom/sun/prism/Graphics;)V (38 bytes) @ 0x000000000f615c34 [0x000000000f6159c0+0x274]
J 2052 C1 com.sun.javafx.sg.prism.NGGroup.renderContent(Lcom/sun/prism/Graphics;)V (436 bytes) @ 0x000000000f63940c [0x000000000f638080+0x138c]
J 2486 C1 com.sun.javafx.sg.prism.NGRegion.renderContent(Lcom/sun/prism/Graphics;)V (115 bytes) @ 0x000000000f78d19c [0x000000000f78bd40+0x145c]
J 2357 C1 com.sun.javafx.sg.prism.NGNode.doRender(Lcom/sun/prism/Graphics;)V (473 bytes) @ 0x000000000f72454c [0x000000000f722780+0x1dcc]
J 1978 C1 com.sun.javafx.sg.prism.NGNode.render(Lcom/sun/prism/Graphics;)V (38 bytes) @ 0x000000000f615c34 [0x000000000f6159c0+0x274]
J 2052 C1 com.sun.javafx.sg.prism.NGGroup.renderContent(Lcom/sun/prism/Graphics;)V (436 bytes) @ 0x000000000f63940c [0x000000000f638080+0x138c]
J 2486 C1 com.sun.javafx.sg.prism.NGRegion.renderContent(Lcom/sun/prism/Graphics;)V (115 bytes) @ 0x000000000f78d19c [0x000000000f78bd40+0x145c]
j  com.sun.javafx.sg.prism.NGNode.renderForClip(Lcom/sun/prism/Graphics;)V+17
j  com.sun.javafx.sg.prism.NGNode.renderRectClip(Lcom/sun/prism/Graphics;Lcom/sun/javafx/sg/prism/NGRectangle;)V+106
j  com.sun.javafx.sg.prism.NGNode.renderClip(Lcom/sun/prism/Graphics;)V+83
J 2357 C1 com.sun.javafx.sg.prism.NGNode.doRender(Lcom/sun/prism/Graphics;)V (473 bytes) @ 0x000000000f724204 [0x000000000f722780+0x1a84]
J 1978 C1 com.sun.javafx.sg.prism.NGNode.render(Lcom/sun/prism/Graphics;)V (38 bytes) @ 0x000000000f615c34 [0x000000000f6159c0+0x274]
J 2052 C1 com.sun.javafx.sg.prism.NGGroup.renderContent(Lcom/sun/prism/Graphics;)V (436 bytes) @ 0x000000000f63940c [0x000000000f638080+0x138c]
J 2486 C1 com.sun.javafx.sg.prism.NGRegion.renderContent(Lcom/sun/prism/Graphics;)V (115 bytes) @ 0x000000000f78d19c [0x000000000f78bd40+0x145c]
j  com.sun.javafx.sg.prism.NGNode.renderForClip(Lcom/sun/prism/Graphics;)V+17
j  com.sun.javafx.sg.prism.NGNode.renderRectClip(Lcom/sun/prism/Graphics;Lcom/sun/javafx/sg/prism/NGRectangle;)V+106
j  com.sun.javafx.sg.prism.NGNode.renderClip(Lcom/sun/prism/Graphics;)V+83
J 2357 C1 com.sun.javafx.sg.prism.NGNode.doRender(Lcom/sun/prism/Graphics;)V (473 bytes) @ 0x000000000f724204 [0x000000000f722780+0x1a84]
J 1978 C1 com.sun.javafx.sg.prism.NGNode.render(Lcom/sun/prism/Graphics;)V (38 bytes) @ 0x000000000f615c34 [0x000000000f6159c0+0x274]
J 2052 C1 com.sun.javafx.sg.prism.NGGroup.renderContent(Lcom/sun/prism/Graphics;)V (436 bytes) @ 0x000000000f63940c [0x000000000f638080+0x138c]
J 2486 C1 com.sun.javafx.sg.prism.NGRegion.renderContent(Lcom/sun/prism/Graphics;)V (115 bytes) @ 0x000000000f78d19c [0x000000000f78bd40+0x145c]
J 2357 C1 com.sun.javafx.sg.prism.NGNode.doRender(Lcom/sun/prism/Graphics;)V (473 bytes) @ 0x000000000f72454c [0x000000000f722780+0x1dcc]
J 1978 C1 com.sun.javafx.sg.prism.NGNode.render(Lcom/sun/prism/Graphics;)V (38 bytes) @ 0x000000000f615c34 [0x000000000f6159c0+0x274]
j  com.sun.javafx.tk.quantum.ViewPainter.doPaint(Lcom/sun/prism/Graphics;Lcom/sun/javafx/sg/prism/NodePath;)V+201
j  com.sun.javafx.tk.quantum.ViewPainter.paintImpl(Lcom/sun/prism/Graphics;)V+953
j  com.sun.javafx.tk.quantum.PresentingPainter.run()V+326
j  java.util.concurrent.Executors$RunnableAdapter.call()Ljava/lang/Object;+4
j  java.util.concurrent.FutureTask.runAndReset()Z+47
j  com.sun.javafx.tk.RenderJob.run()V+1
j  java.util.concurrent.ThreadPoolExecutor.runWorker(Ljava/util/concurrent/ThreadPoolExecutor$Worker;)V+95
j  java.util.concurrent.ThreadPoolExecutor$Worker.run()V+5
j  com.sun.javafx.tk.quantum.QuantumRenderer$PipelineRunnable.run()V+8
j  java.lang.Thread.run()V+11
v  ~StubRoutines::call_stub

---------------  P R O C E S S  ---------------

Java Threads: ( => current thread )
  0x00000000085f9800 JavaThread "Prism Font Disposer" daemon [_thread_blocked, id=6812, stack(0x000000000ed60000,0x000000000ee60000)]
  0x0000000008242000 JavaThread "Thread-3" daemon [_thread_in_native, id=6904, stack(0x000000000a910000,0x000000000aa10000)]
  0x0000000008241000 JavaThread "JavaFX-Launcher" [_thread_blocked, id=5436, stack(0x000000000ab00000,0x000000000ac00000)]
  0x0000000008198800 JavaThread "JavaFX Application Thread" [_thread_blocked, id=6760, stack(0x0000000008f40000,0x0000000009040000)]
  0x000000000818f800 JavaThread "Thread-1" daemon [_thread_blocked, id=3084, stack(0x0000000008ca0000,0x0000000008da0000)]
=>0x0000000007a80000 JavaThread "QuantumRenderer-0" daemon [_thread_in_native, id=3876, stack(0x00000000089e0000,0x0000000008ae0000)]
  0x000000000771d000 JavaThread "Service Thread" daemon [_thread_blocked, id=6216, stack(0x0000000007ec0000,0x0000000007fc0000)]
  0x0000000007691800 JavaThread "C1 CompilerThread2" daemon [_thread_blocked, id=2484, stack(0x0000000007cd0000,0x0000000007dd0000)]
  0x0000000007690800 JavaThread "C2 CompilerThread1" daemon [_thread_in_native, id=7148, stack(0x0000000007b10000,0x0000000007c10000)]
  0x0000000005fb4000 JavaThread "C2 CompilerThread0" daemon [_thread_blocked, id=5720, stack(0x0000000007590000,0x0000000007690000)]
  0x0000000005fae000 JavaThread "Attach Listener" daemon [_thread_blocked, id=6664, stack(0x0000000006f20000,0x0000000007020000)]
  0x0000000005fbf000 JavaThread "Signal Dispatcher" daemon [_thread_blocked, id=6828, stack(0x0000000007490000,0x0000000007590000)]
  0x0000000005f9c000 JavaThread "Finalizer" daemon [_thread_blocked, id=5080, stack(0x0000000007330000,0x0000000007430000)]
  0x0000000005f55800 JavaThread "Reference Handler" daemon [_thread_blocked, id=3736, stack(0x00000000071d0000,0x00000000072d0000)]
  0x0000000001ffd800 JavaThread "main" [_thread_blocked, id=1180, stack(0x00000000022c0000,0x00000000023c0000)]

Other Threads:
  0x0000000005f4e000 VMThread [stack: 0x0000000007070000,0x0000000007170000] [id=6596]
  0x0000000007744000 WatcherThread [stack: 0x0000000008080000,0x0000000008180000] [id=7160]

VM state:not at safepoint (normal execution)

VM Mutex/Monitor currently owned by a thread: None

Heap:
 PSYoungGen      total 35328K, used 4161K [0x00000000eb380000, 0x00000000f1080000, 0x0000000100000000)
  eden space 32768K, 12% used [0x00000000eb380000,0x00000000eb790628,0x00000000ed380000)
  from space 2560K, 0% used [0x00000000ed380000,0x00000000ed380000,0x00000000ed600000)
  to   space 14848K, 0% used [0x00000000f0200000,0x00000000f0200000,0x00000000f1080000)
 ParOldGen       total 65024K, used 23443K [0x00000000c1a00000, 0x00000000c5980000, 0x00000000eb380000)
  object space 65024K, 36% used [0x00000000c1a00000,0x00000000c30e4cf0,0x00000000c5980000)
 Metaspace       used 19763K, capacity 21334K, committed 21504K, reserved 1067008K
  class space    used 2963K, capacity 3245K, committed 3328K, reserved 1048576K

Card table byte_map: [0x0000000002a50000,0x0000000002c50000] byte_map_base: 0x0000000002443000

Marking Bits: (ParMarkBitMap*) 0x0000000063140600
 Begin Bits: [0x0000000003490000, 0x0000000004428000)
 End Bits:   [0x0000000004428000, 0x00000000053c0000)

Polling page: 0x0000000000340000

CodeCache: size=245760Kb used=8516Kb max_used=8556Kb free=237243Kb
 bounds [0x000000000f010000, 0x000000000f880000, 0x000000001e010000]
 total_blobs=3428 nmethods=2746 adapters=594
 compilation: enabled

Compilation events (10 events):
Event: 6.374 Thread 0x0000000007691800 nmethod 2749 0x000000000f847e90 code [0x000000000f847fe0, 0x000000000f8480f0]
Event: 6.374 Thread 0x0000000007691800 2720       1       javafx.scene.Node::getContentBias (2 bytes)
Event: 6.374 Thread 0x0000000007691800 nmethod 2720 0x000000000f848150 code [0x000000000f8482a0, 0x000000000f8483b0]
Event: 6.374 Thread 0x0000000007691800 2719       1       javafx.scene.layout.Region::computeMaxHeight (4 bytes)
Event: 6.374 Thread 0x0000000007691800 nmethod 2719 0x000000000f848410 code [0x000000000f848580, 0x000000000f848690]
Event: 6.374 Thread 0x0000000007691800 2747       1       java.util.concurrent.CopyOnWriteArrayList::getArray (5 bytes)
Event: 6.374 Thread 0x0000000007691800 nmethod 2747 0x000000000f848c10 code [0x000000000f848d60, 0x000000000f848e70]
Event: 6.374 Thread 0x0000000007691800 2732       1       com.sun.javafx.geom.transform.Identity::getType (2 bytes)
Event: 6.374 Thread 0x0000000007691800 nmethod 2732 0x000000000f848ed0 code [0x000000000f849020, 0x000000000f849130]
Event: 6.374 Thread 0x0000000007691800 2744       1       javafx.scene.input.MouseEvent::getButton (5 bytes)

GC Heap History (10 events):
Event: 1.677 GC heap before
{Heap before GC invocations=2 (full 0):
 PSYoungGen      total 18944K, used 18930K [0x00000000eb380000, 0x00000000ec880000, 0x0000000100000000)
  eden space 16384K, 100% used [0x00000000eb380000,0x00000000ec380000,0x00000000ec380000)
  from space 2560K, 99% used [0x00000000ec380000,0x00000000ec5fc8d0,0x00000000ec600000)
  to   space 2560K, 0% used [0x00000000ec600000,0x00000000ec600000,0x00000000ec880000)
 ParOldGen       total 44032K, used 72K [0x00000000c1a00000, 0x00000000c4500000, 0x00000000eb380000)
  object space 44032K, 0% used [0x00000000c1a00000,0x00000000c1a12000,0x00000000c4500000)
 Metaspace       used 15480K, capacity 16528K, committed 16640K, reserved 1062912K
  class space    used 2323K, capacity 2559K, committed 2560K, reserved 1048576K
Event: 1.687 GC heap after
Heap after GC invocations=2 (full 0):
 PSYoungGen      total 18944K, used 2546K [0x00000000eb380000, 0x00000000ec880000, 0x0000000100000000)
  eden space 16384K, 0% used [0x00000000eb380000,0x00000000eb380000,0x00000000ec380000)
  from space 2560K, 99% used [0x00000000ec600000,0x00000000ec87c8d0,0x00000000ec880000)
  to   space 2560K, 0% used [0x00000000ec380000,0x00000000ec380000,0x00000000ec600000)
 ParOldGen       total 44032K, used 2490K [0x00000000c1a00000, 0x00000000c4500000, 0x00000000eb380000)
  object space 44032K, 5% used [0x00000000c1a00000,0x00000000c1c6e820,0x00000000c4500000)
 Metaspace       used 15480K, capacity 16528K, committed 16640K, reserved 1062912K
  class space    used 2323K, capacity 2559K, committed 2560K, reserved 1048576K
}
Event: 2.068 GC heap before
{Heap before GC invocations=3 (full 0):
 PSYoungGen      total 18944K, used 14776K [0x00000000eb380000, 0x00000000ec880000, 0x0000000100000000)
  eden space 16384K, 74% used [0x00000000eb380000,0x00000000ebf71a40,0x00000000ec380000)
  from space 2560K, 99% used [0x00000000ec600000,0x00000000ec87c8d0,0x00000000ec880000)
  to   space 2560K, 0% used [0x00000000ec380000,0x00000000ec380000,0x00000000ec600000)
 ParOldGen       total 44032K, used 2490K [0x00000000c1a00000, 0x00000000c4500000, 0x00000000eb380000)
  object space 44032K, 5% used [0x00000000c1a00000,0x00000000c1c6e820,0x00000000c4500000)
 Metaspace       used 16952K, capacity 18248K, committed 18304K, reserved 1064960K
  class space    used 2646K, capacity 2907K, committed 2944K, reserved 1048576K
Event: 2.080 GC heap after
Heap after GC invocations=3 (full 0):
 PSYoungGen      total 18944K, used 2547K [0x00000000eb380000, 0x00000000ed880000, 0x0000000100000000)
  eden space 16384K, 0% used [0x00000000eb380000,0x00000000eb380000,0x00000000ec380000)
  from space 2560K, 99% used [0x00000000ec380000,0x00000000ec5fcc70,0x00000000ec600000)
  to   space 2560K, 0% used [0x00000000ed600000,0x00000000ed600000,0x00000000ed880000)
 ParOldGen       total 44032K, used 9148K [0x00000000c1a00000, 0x00000000c4500000, 0x00000000eb380000)
  object space 44032K, 20% used [0x00000000c1a00000,0x00000000c22ef068,0x00000000c4500000)
 Metaspace       used 16952K, capacity 18248K, committed 18304K, reserved 1064960K
  class space    used 2646K, capacity 2907K, committed 2944K, reserved 1048576K
}
Event: 4.214 GC heap before
{Heap before GC invocations=4 (full 0):
 PSYoungGen      total 18944K, used 18931K [0x00000000eb380000, 0x00000000ed880000, 0x0000000100000000)
  eden space 16384K, 100% used [0x00000000eb380000,0x00000000ec380000,0x00000000ec380000)
  from space 2560K, 99% used [0x00000000ec380000,0x00000000ec5fcc70,0x00000000ec600000)
  to   space 2560K, 0% used [0x00000000ed600000,0x00000000ed600000,0x00000000ed880000)
 ParOldGen       total 44032K, used 9148K [0x00000000c1a00000, 0x00000000c4500000, 0x00000000eb380000)
  object space 44032K, 20% used [0x00000000c1a00000,0x00000000c22ef068,0x00000000c4500000)
 Metaspace       used 18968K, capacity 20430K, committed 20608K, reserved 1067008K
  class space    used 2897K, capacity 3192K, committed 3200K, reserved 1048576K
Event: 4.229 GC heap after
Heap after GC invocations=4 (full 0):
 PSYoungGen      total 35328K, used 2547K [0x00000000eb380000, 0x00000000ed880000, 0x0000000100000000)
  eden space 32768K, 0% used [0x00000000eb380000,0x00000000eb380000,0x00000000ed380000)
  from space 2560K, 99% used [0x00000000ed600000,0x00000000ed87cc70,0x00000000ed880000)
  to   space 2560K, 0% used [0x00000000ed380000,0x00000000ed380000,0x00000000ed600000)
 ParOldGen       total 44032K, used 19660K [0x00000000c1a00000, 0x00000000c4500000, 0x00000000eb380000)
  object space 44032K, 44% used [0x00000000c1a00000,0x00000000c2d333d8,0x00000000c4500000)
 Metaspace       used 18968K, capacity 20430K, committed 20608K, reserved 1067008K
  class space    used 2897K, capacity 3192K, committed 3200K, reserved 1048576K
}
Event: 5.998 GC heap before
{Heap before GC invocations=5 (full 0):
 PSYoungGen      total 35328K, used 14377K [0x00000000eb380000, 0x00000000ed880000, 0x0000000100000000)
  eden space 32768K, 36% used [0x00000000eb380000,0x00000000ebf0db78,0x00000000ed380000)
  from space 2560K, 99% used [0x00000000ed600000,0x00000000ed87cc70,0x00000000ed880000)
  to   space 2560K, 0% used [0x00000000ed380000,0x00000000ed380000,0x00000000ed600000)
 ParOldGen       total 44032K, used 19660K [0x00000000c1a00000, 0x00000000c4500000, 0x00000000eb380000)
  object space 44032K, 44% used [0x00000000c1a00000,0x00000000c2d333d8,0x00000000c4500000)
 Metaspace       used 19626K, capacity 21142K, committed 21248K, reserved 1067008K
  class space    used 2959K, capacity 3245K, committed 3328K, reserved 1048576K
Event: 6.016 GC heap after
Heap after GC invocations=5 (full 0):
 PSYoungGen      total 35328K, used 2547K [0x00000000eb380000, 0x00000000f1080000, 0x0000000100000000)
  eden space 32768K, 0% used [0x00000000eb380000,0x00000000eb380000,0x00000000ed380000)
  from space 2560K, 99% used [0x00000000ed380000,0x00000000ed5fcc70,0x00000000ed600000)
  to   space 14848K, 0% used [0x00000000f0200000,0x00000000f0200000,0x00000000f1080000)
 ParOldGen       total 44032K, used 21469K [0x00000000c1a00000, 0x00000000c4500000, 0x00000000eb380000)
  object space 44032K, 48% used [0x00000000c1a00000,0x00000000c2ef7408,0x00000000c4500000)
 Metaspace       used 19626K, capacity 21142K, committed 21248K, reserved 1067008K
  class space    used 2959K, capacity 3245K, committed 3328K, reserved 1048576K
}
Event: 6.016 GC heap before
{Heap before GC invocations=6 (full 1):
 PSYoungGen      total 35328K, used 2547K [0x00000000eb380000, 0x00000000f1080000, 0x0000000100000000)
  eden space 32768K, 0% used [0x00000000eb380000,0x00000000eb380000,0x00000000ed380000)
  from space 2560K, 99% used [0x00000000ed380000,0x00000000ed5fcc70,0x00000000ed600000)
  to   space 14848K, 0% used [0x00000000f0200000,0x00000000f0200000,0x00000000f1080000)
 ParOldGen       total 44032K, used 21469K [0x00000000c1a00000, 0x00000000c4500000, 0x00000000eb380000)
  object space 44032K, 48% used [0x00000000c1a00000,0x00000000c2ef7408,0x00000000c4500000)
 Metaspace       used 19626K, capacity 21142K, committed 21248K, reserved 1067008K
  class space    used 2959K, capacity 3245K, committed 3328K, reserved 1048576K
Event: 6.241 GC heap after
Heap after GC invocations=6 (full 1):
 PSYoungGen      total 35328K, used 0K [0x00000000eb380000, 0x00000000f1080000, 0x0000000100000000)
  eden space 32768K, 0% used [0x00000000eb380000,0x00000000eb380000,0x00000000ed380000)
  from space 2560K, 0% used [0x00000000ed380000,0x00000000ed380000,0x00000000ed600000)
  to   space 14848K, 0% used [0x00000000f0200000,0x00000000f0200000,0x00000000f1080000)
 ParOldGen       total 65024K, used 23443K [0x00000000c1a00000, 0x00000000c5980000, 0x00000000eb380000)
  object space 65024K, 36% used [0x00000000c1a00000,0x00000000c30e4cf0,0x00000000c5980000)
 Metaspace       used 19626K, capacity 21142K, committed 21248K, reserved 1067008K
  class space    used 2959K, capacity 3245K, committed 3328K, reserved 1048576K
}

Deoptimization events (10 events):
Event: 4.187 Thread 0x0000000008198800 Uncommon trap: reason=bimorphic action=maybe_recompile pc=0x000000000f5a3e58 method=javafx.beans.property.BooleanPropertyBase.get()Z @ 23
Event: 4.493 Thread 0x0000000007a80000 Uncommon trap: reason=class_check action=maybe_recompile pc=0x000000000f58d198 method=java.util.WeakHashMap.eq(Ljava/lang/Object;Ljava/lang/Object;)Z @ 7
Event: 4.494 Thread 0x0000000007a80000 Uncommon trap: reason=class_check action=maybe_recompile pc=0x000000000f58d198 method=java.util.WeakHashMap.eq(Ljava/lang/Object;Ljava/lang/Object;)Z @ 7
Event: 5.695 Thread 0x0000000008198800 Uncommon trap: reason=class_check action=maybe_recompile pc=0x000000000f75fdf4 method=com.sun.javafx.css.ParsedValueImpl.hashCode()I @ 226
Event: 5.695 Thread 0x0000000008198800 Uncommon trap: reason=class_check action=maybe_recompile pc=0x000000000f75fdf4 method=com.sun.javafx.css.ParsedValueImpl.hashCode()I @ 226
Event: 5.728 Thread 0x0000000007a80000 Uncommon trap: reason=class_check action=maybe_recompile pc=0x000000000f58d198 method=java.util.WeakHashMap.eq(Ljava/lang/Object;Ljava/lang/Object;)Z @ 7
Event: 5.906 Thread 0x0000000008198800 Uncommon trap: reason=unstable_if action=reinterpret pc=0x000000000f65f124 method=javafx.scene.Parent.impl_getAllParentStylesheets()Ljava/util/List; @ 32
Event: 5.910 Thread 0x0000000008198800 Uncommon trap: reason=unstable_if action=reinterpret pc=0x000000000f3918e4 method=sun.security.provider.DigestBase.engineUpdate(B)V @ 4
Event: 6.243 Thread 0x0000000008198800 Uncommon trap: reason=unstable_if action=reinterpret pc=0x000000000f597cc8 method=java.util.WeakHashMap.expungeStaleEntries()V @ 9
Event: 6.271 Thread 0x0000000008198800 Uncommon trap: reason=unstable_if action=reinterpret pc=0x000000000f58d174 method=java.util.WeakHashMap.expungeStaleEntries()V @ 9

Internal exceptions (10 events):
Event: 0.507 Thread 0x0000000008198800 Exception <a 'java/lang/NullPointerException'> (0x00000000ebd63328) thrown at [D:\re\workspace\8-2-build-windows-amd64-cygwin\jdk8u77\6540\hotspot\src\share\vm\interpreter\linkResolver.cpp, line 1178]
Event: 0.507 Thread 0x0000000008198800 Exception <a 'java/lang/NullPointerException'> (0x00000000ebd63328) thrown at [D:\re\workspace\8-2-build-windows-amd64-cygwin\jdk8u77\6540\hotspot\src\share\vm\prims\jvm.cpp, line 1390]
Event: 0.934 Thread 0x0000000008198800 Implicit null exception at 0x000000000f24c2a5 to 0x000000000f24c471
Event: 0.968 Thread 0x0000000008198800 Implicit null exception at 0x000000000f2f4e2b to 0x000000000f2f5199
Event: 1.125 Thread 0x0000000008198800 Exception <a 'java/io/FileNotFoundException'> (0x00000000eba966b0) thrown at [D:\re\workspace\8-2-build-windows-amd64-cygwin\jdk8u77\6540\hotspot\src\share\vm\prims\jni.cpp, line 709]
Event: 1.200 Thread 0x0000000008198800 Exception <a 'java/io/FileNotFoundException'> (0x00000000ebc30038) thrown at [D:\re\workspace\8-2-build-windows-amd64-cygwin\jdk8u77\6540\hotspot\src\share\vm\prims\jni.cpp, line 709]
Event: 2.191 Thread 0x0000000008198800 Implicit null exception at 0x000000000f31bc0a to 0x000000000f31cc5d
Event: 3.385 Thread 0x0000000008198800 Implicit null exception at 0x000000000f50c0e4 to 0x000000000f50c695
Event: 5.906 Thread 0x0000000008198800 Exception <a 'java/io/FileNotFoundException'> (0x00000000ebb08090) thrown at [D:\re\workspace\8-2-build-windows-amd64-cygwin\jdk8u77\6540\hotspot\src\share\vm\prims\jni.cpp, line 709]
Event: 5.910 Thread 0x0000000008198800 Implicit null exception at 0x000000000f3912c1 to 0x000000000f3918c9

Events (10 events):
Event: 6.271 Thread 0x0000000008198800 DEOPT PACKING pc=0x000000000f58d174 sp=0x000000000903c550
Event: 6.271 Thread 0x0000000008198800 DEOPT UNPACKING pc=0x000000000f05582a sp=0x000000000903c430 mode 2
Event: 6.319 loading class com/sun/javafx/font/PrismFontUtils
Event: 6.319 loading class com/sun/javafx/font/PrismFontUtils done
Event: 6.319 loading class com/sun/javafx/tk/FontMetrics
Event: 6.319 loading class com/sun/javafx/tk/FontMetrics done
Event: 6.359 loading class com/sun/javafx/sg/prism/CacheFilter
Event: 6.359 loading class com/sun/javafx/sg/prism/CacheFilter done
Event: 6.361 loading class com/sun/javafx/sg/prism/CacheFilter$ScrollCacheState
Event: 6.361 loading class com/sun/javafx/sg/prism/CacheFilter$ScrollCacheState done


Dynamic libraries:
0x000000013f660000 - 0x000000013f697000 	C:\Program Files\Java\jdk1.8.0_77\bin\java.exe
0x00000000775e0000 - 0x000000007778b000 	C:\Windows\SYSTEM32\ntdll.dll
0x00000000773c0000 - 0x00000000774df000 	C:\Windows\system32\kernel32.dll
0x000007fefd760000 - 0x000007fefd7cb000 	C:\Windows\system32\KERNELBASE.dll
0x000007fefe1e0000 - 0x000007fefe2bb000 	C:\Windows\system32\ADVAPI32.dll
0x000007feff4e0000 - 0x000007feff57f000 	C:\Windows\system32\msvcrt.dll
0x000007feff8d0000 - 0x000007feff8ef000 	C:\Windows\SYSTEM32\sechost.dll
0x000007fefd910000 - 0x000007fefda3e000 	C:\Windows\system32\RPCRT4.dll
0x00000000774e0000 - 0x00000000775da000 	C:\Windows\system32\USER32.dll
0x000007fefe110000 - 0x000007fefe177000 	C:\Windows\system32\GDI32.dll
0x000007fefe2c0000 - 0x000007fefe2ce000 	C:\Windows\system32\LPK.dll
0x000007fefdd30000 - 0x000007fefddfa000 	C:\Windows\system32\USP10.dll
0x000007fefbd00000 - 0x000007fefbef4000 	C:\Windows\WinSxS\amd64_microsoft.windows.common-controls_6595b64144ccf1df_6.0.7600.16385_none_fa645303170382f6\COMCTL32.dll
0x000007fefe450000 - 0x000007fefe4c1000 	C:\Windows\system32\SHLWAPI.dll
0x000007fefe0e0000 - 0x000007fefe10e000 	C:\Windows\system32\IMM32.DLL
0x000007fefe2f0000 - 0x000007fefe3f9000 	C:\Windows\system32\MSCTF.dll
0x000007fefd500000 - 0x000007fefd531000 	C:\Windows\system32\nvinitx.dll
0x000000000f000000 - 0x000000000f006000 	C:\Program Files\NVIDIA Corporation\CoProcManager\_etoured.dll
0x000007fefac10000 - 0x000007fefac6f000 	C:\Program Files\NVIDIA Corporation\CoProcManager\nvd3d9wrapx.dll
0x000007fefe4d0000 - 0x000007fefe6a7000 	C:\Windows\system32\SETUPAPI.dll
0x000007fefd7d0000 - 0x000007fefd806000 	C:\Windows\system32\CFGMGR32.dll
0x000007fefda40000 - 0x000007fefdb17000 	C:\Windows\system32\OLEAUT32.dll
0x000007fefdb20000 - 0x000007fefdd21000 	C:\Windows\system32\ole32.dll
0x000007fefd8b0000 - 0x000007fefd8ca000 	C:\Windows\system32\DEVOBJ.dll
0x000007fefa850000 - 0x000007fefa896000 	C:\Program Files\NVIDIA Corporation\CoProcManager\nvdxgiwrapx.dll
0x0000000068ce0000 - 0x0000000068db2000 	C:\Program Files\Java\jdk1.8.0_77\jre\bin\msvcr100.dll
0x0000000062930000 - 0x00000000631c0000 	C:\Program Files\Java\jdk1.8.0_77\jre\bin\server\jvm.dll
0x000007feee470000 - 0x000007feee479000 	C:\Windows\system32\WSOCK32.dll
0x000007fefe180000 - 0x000007fefe1cd000 	C:\Windows\system32\WS2_32.dll
0x000007fefe1d0000 - 0x000007fefe1d8000 	C:\Windows\system32\NSI.dll
0x000007fefabd0000 - 0x000007fefac0b000 	C:\Windows\system32\WINMM.dll
0x000007fefc7e0000 - 0x000007fefc7ec000 	C:\Windows\system32\VERSION.dll
0x00000000777a0000 - 0x00000000777a7000 	C:\Windows\system32\PSAPI.DLL
0x0000000073ea0000 - 0x0000000073eaf000 	C:\Program Files\Java\jdk1.8.0_77\jre\bin\verify.dll
0x000000006b4f0000 - 0x000000006b519000 	C:\Program Files\Java\jdk1.8.0_77\jre\bin\java.dll
0x000000006ba70000 - 0x000000006ba86000 	C:\Program Files\Java\jdk1.8.0_77\jre\bin\zip.dll
0x000007fefe750000 - 0x000007feff4d6000 	C:\Windows\system32\SHELL32.dll
0x000007fefd540000 - 0x000007fefd54f000 	C:\Windows\system32\profapi.dll
0x000007fee7960000 - 0x000007fee7a4f000 	C:\Program Files\Java\jdk1.8.0_77\jre\bin\msvcr120.dll
0x000007fee7e00000 - 0x000007fee7ea6000 	C:\Program Files\Java\jdk1.8.0_77\jre\bin\msvcp120.dll
0x00000000740c0000 - 0x00000000740e3000 	C:\Program Files\Java\jdk1.8.0_77\jre\bin\prism_d3d.dll
0x000007fee7760000 - 0x000007fee795f000 	C:\Windows\system32\d3d9.dll
0x000007fefbcd0000 - 0x000007fefbcd7000 	C:\Windows\system32\d3d8thk.dll
0x000007fefb7a0000 - 0x000007fefb7b8000 	C:\Windows\system32\dwmapi.dll
0x000007fefbc50000 - 0x000007fefbca6000 	C:\Windows\system32\uxtheme.dll
0x000007fefa3b0000 - 0x000007fefa51d000 	C:\Windows\system32\nvumdshimx.dll
0x000007fee2360000 - 0x000007fee3c41000 	C:\Windows\system32\igdumdim64.dll
0x000007fef7fd0000 - 0x000007fef8430000 	C:\Windows\system32\igdusc64.dll
0x0000000070260000 - 0x00000000702a3000 	C:\Program Files\Java\jdk1.8.0_77\jre\bin\glass.dll
0x000007feff6b0000 - 0x000007feff748000 	C:\Windows\system32\COMDLG32.dll
0x000007fefd430000 - 0x000007fefd43f000 	C:\Windows\system32\CRYPTBASE.dll
0x0000000074100000 - 0x0000000074114000 	C:\Program Files\Java\jdk1.8.0_77\jre\bin\javafx_font.dll
0x000007fee53c0000 - 0x000007fee553b000 	C:\Windows\system32\dwrite.dll
0x000007fefe6b0000 - 0x000007fefe749000 	C:\Windows\system32\CLBCatQ.DLL
0x000007fefb4f0000 - 0x000007fefb61a000 	C:\Windows\system32\WindowsCodecs.dll
0x000007fefd3d0000 - 0x000007fefd427000 	C:\Windows\system32\apphelp.dll
0x000007fef8430000 - 0x000007fef8470000 	C:\Program Files (x86)\Dropbox\Client\DropboxExt64.34.dll
0x0000000072fd0000 - 0x0000000073086000 	C:\Program Files\AVAST Software\Avast\ashShA64.dll
0x000007fef7c50000 - 0x000007fef7f66000 	C:\Windows\system32\msi.dll
0x000007fef7c10000 - 0x000007fef7c45000 	C:\Windows\system32\EhStorShell.dll
0x000007fefbf00000 - 0x000007fefc02c000 	C:\Windows\system32\PROPSYS.dll
0x000007fef7590000 - 0x000007fef7c02000 	C:\PROGRA~1\MICROS~2\Office14\GROOVEEX.DLL
0x0000000072f30000 - 0x0000000072fcd000 	C:\Windows\WinSxS\amd64_microsoft.vc90.crt_1fc8b3b9a1e18e3b_9.0.30729.4926_none_08e1a05ba83fe554\MSVCR90.dll
0x0000000072e50000 - 0x0000000072f23000 	C:\Windows\WinSxS\amd64_microsoft.vc90.crt_1fc8b3b9a1e18e3b_9.0.30729.4926_none_08e1a05ba83fe554\MSVCP90.dll
0x0000000072e20000 - 0x0000000072e4f000 	C:\Windows\WinSxS\amd64_microsoft.vc90.atl_1fc8b3b9a1e18e3b_9.0.30729.4148_none_0a1d2fcba76b3f00\ATL90.DLL
0x000007fef7180000 - 0x000007fef758f000 	C:\PROGRA~1\COMMON~1\MICROS~1\OFFICE14\Cultures\office.odf
0x000007fef6910000 - 0x000007fef7174000 	C:\PROGRA~1\MICROS~2\Office14\1033\GrooveIntlResource.dll
0x000007feefc10000 - 0x000007feefc19000 	C:\Program Files (x86)\Internet Download Manager\IDMShellExt64.dll
0x000007fef40e0000 - 0x000007fef4160000 	C:\Windows\system32\ntshrui.dll
0x000007fefd150000 - 0x000007fefd173000 	C:\Windows\system32\srvcli.dll
0x000007fef40d0000 - 0x000007fef40df000 	C:\Windows\system32\cscapi.dll
0x000007fefb6b0000 - 0x000007fefb6bb000 	C:\Windows\system32\slc.dll
0x000007feeb3d0000 - 0x000007feeb3fd000 	C:\Program Files\Common Files\Microsoft Shared\Ink\rtscom.dll
0x00000000740a0000 - 0x00000000740b1000 	C:\Program Files\Java\jdk1.8.0_77\jre\bin\prism_common.dll
0x000007feeb510000 - 0x000007feeb635000 	C:\Windows\system32\dbghelp.dll

VM Arguments:
jvm_args: -Dfile.encoding=UTF-8 
java_command: MainTompeloka.Main
java_class_path (initial): C:\Users\U53R\Documents\NetBeansProjects\KhususTugas - Copy\build\classes
Launcher Type: SUN_STANDARD

Environment Variables:
PATH=C:\ProgramData\Oracle\Java\javapath;C:\Windows\system32;C:\Windows;C:\Windows\System32\Wbem;C:\Windows\System32\WindowsPowerShell\v1.0\;C:\Program Files (x86)\Java\jre7\bin
USERNAME=U53R
OS=Windows_NT
PROCESSOR_IDENTIFIER=Intel64 Family 6 Model 69 Stepping 1, GenuineIntel



---------------  S Y S T E M  ---------------

OS: Windows 7 , 64 bit Build 7600 (6.1.7600.16385)

CPU:total 4 (2 cores per cpu, 2 threads per core) family 6 model 69 stepping 1, cmov, cx8, fxsr, mmx, sse, sse2, sse3, ssse3, sse4.1, sse4.2, popcnt, aes, clmul, erms, lzcnt, ht, tsc, tscinvbit, bmi1, bmi2

Memory: 4k page, physical 4080780k(964200k free), swap 8159664k(4331668k free)

vm_info: Java HotSpot(TM) 64-Bit Server VM (25.77-b03) for windows-amd64 JRE (1.8.0_77-b03), built on Mar 20 2016 22:01:33 by "java_re" with MS VC++ 10.0 (VS2010)

time: Thu Jun 16 15:03:23 2016
elapsed time: 6 seconds (0d 0h 0m 6s)

